Log file open, 12/03/18 01:08:52
LogWindows: Failed to load 'aqProf.dll' (GetLastError=126)
LogWindows: File 'aqProf.dll' does not exist
LogWindows: Failed to load 'VSPerf140.dll' (GetLastError=126)
LogWindows: File 'VSPerf140.dll' does not exist
LogWindows: Failed to load 'VtuneApi.dll' (GetLastError=126)
LogWindows: File 'VtuneApi.dll' does not exist
LogWindows: Failed to load 'VtuneApi32e.dll' (GetLastError=126)
LogWindows: File 'VtuneApi32e.dll' does not exist
LogInit: Display: Running engine for game: Violence_Project
LogPlatformFile: Not using cached read wrapper
LogTaskGraph: Started task graph with 5 named threads and 35 total threads with 3 sets of task threads.
LogStats: Stats thread started at 0.817596
LogD3D11RHI: Loaded GFSDK_Aftermath_Lib.x64.dll
LogICUInternationalization: Display: ICU TimeZone Detection - Raw Offset: +0:00, Platform Override: ''
LogPluginManager: Mounting plugin Paper2D
LogPluginManager: Mounting plugin AISupport
LogPluginManager: Mounting plugin LightPropagationVolume
LogPluginManager: Mounting plugin CLionSourceCodeAccess
LogPluginManager: Mounting plugin CodeLiteSourceCodeAccess
LogPluginManager: Mounting plugin GitSourceControl
LogPluginManager: Mounting plugin KDevelopSourceCodeAccess
LogPluginManager: Mounting plugin NullSourceCodeAccess
LogPluginManager: Mounting plugin PerforceSourceControl
LogPluginManager: Mounting plugin SubversionSourceControl
LogPluginManager: Mounting plugin UObjectPlugin
LogPluginManager: Mounting plugin VisualStudioCodeSourceCodeAccess
LogPluginManager: Mounting plugin VisualStudioSourceCodeAccess
LogPluginManager: Mounting plugin XCodeSourceCodeAccess
LogPluginManager: Mounting plugin AssetManagerEditor
LogPluginManager: Mounting plugin CryptoKeys
LogPluginManager: Mounting plugin DataValidation
LogPluginManager: Mounting plugin FacialAnimation
LogPluginManager: Mounting plugin GameplayTagsEditor
LogPluginManager: Mounting plugin MacGraphicsSwitching
LogPluginManager: Mounting plugin MeshEditor
LogPluginManager: Mounting plugin MobileLauncherProfileWizard
LogPluginManager: Mounting plugin PluginBrowser
LogPluginManager: Mounting plugin SpeedTreeImporter
LogPluginManager: Mounting plugin DatasmithContent
LogPluginManager: Mounting plugin AlembicImporter
LogPluginManager: Mounting plugin AppleImageUtils
LogPluginManager: Mounting plugin AppleVision
LogPluginManager: Mounting plugin BackChannel
LogPluginManager: Mounting plugin CharacterAI
LogPluginManager: Mounting plugin GeometryCache
LogPluginManager: Mounting plugin HTML5Networking
LogPluginManager: Mounting plugin ProxyLODPlugin
LogPluginManager: Mounting plugin MagicLeap
LogPluginManager: Mounting plugin MagicLeapEmulator
LogPluginManager: Mounting plugin MagicLeapMedia
LogPluginManager: Mounting plugin AndroidMedia
LogPluginManager: Mounting plugin AvfMedia
LogPluginManager: Mounting plugin ImgMedia
LogPluginManager: Mounting plugin LinearTimecode
LogPluginManager: Mounting plugin MediaCompositing
LogPluginManager: Mounting plugin MediaPlayerEditor
LogPluginManager: Mounting plugin WmfMedia
LogPluginManager: Mounting plugin TcpMessaging
LogPluginManager: Mounting plugin UdpMessaging
LogPluginManager: Mounting plugin ActorSequence
LogPluginManager: Mounting plugin LevelSequenceEditor
LogPluginManager: Mounting plugin MatineeToLevelSequence
LogPluginManager: Mounting plugin NetcodeUnitTest
LogPluginManager: Mounting plugin NUTUnrealEngine4
LogPluginManager: Mounting plugin OnlineSubsystemGooglePlay
LogPluginManager: Mounting plugin OnlineSubsystemIOS
LogPluginManager: Mounting plugin OnlineSubsystem
LogPluginManager: Mounting plugin OnlineSubsystemNull
LogPluginManager: Mounting plugin OnlineSubsystemUtils
LogPluginManager: Mounting plugin LauncherChunkInstaller
LogPluginManager: Mounting plugin AndroidDeviceProfileSelector
LogPluginManager: Mounting plugin AndroidMoviePlayer
LogPluginManager: Mounting plugin AndroidPermission
LogPluginManager: Mounting plugin AppleMoviePlayer
LogPluginManager: Mounting plugin ArchVisCharacter
LogPluginManager: Mounting plugin AudioCapture
LogPluginManager: Mounting plugin CableComponent
LogPluginManager: Mounting plugin CustomMeshComponent
LogPluginManager: Mounting plugin EditableMesh
LogPluginManager: Mounting plugin ExampleDeviceProfileSelector
LogPluginManager: Mounting plugin GoogleCloudMessaging
LogPluginManager: Mounting plugin ImmediatePhysics
LogPluginManager: Mounting plugin IOSDeviceProfileSelector
LogPluginManager: Mounting plugin LinuxDeviceProfileSelector
LogPluginManager: Mounting plugin LocationServicesBPLibrary
LogPluginManager: Mounting plugin MobilePatchingUtils
LogPluginManager: Mounting plugin OculusVR
LogPluginManager: Plugin shader directory ../../../Engine/Plugins/Runtime/Oculus/OculusVR/Shaders found
LogPluginManager: Mapping shader source directory ../../../Engine/Plugins/Runtime/Oculus/OculusVR/Shaders to virtual directory /Plugin/OculusVR
LogPluginManager: Mounting plugin PhysXVehicles
LogPluginManager: Mounting plugin ProceduralMeshComponent
LogPluginManager: Mounting plugin RuntimePhysXCooking
LogPluginManager: Mounting plugin SteamVR
LogPluginManager: Mounting plugin WindowsMoviePlayer
LogStreaming: Display: Took  0.105s to configure plugins.
LogInit: Using libcurl 7.55.1-DEV
LogInit:  - built for x86_64-pc-win32
LogInit:  - supports SSL with OpenSSL/1.0.2h
LogInit:  - supports HTTP deflate (compression) using libz 1.2.8
LogInit:  - other features:
LogInit:      CURL_VERSION_SSL
LogInit:      CURL_VERSION_LIBZ
LogInit:      CURL_VERSION_IPV6
LogInit:      CURL_VERSION_ASYNCHDNS
LogInit:      CURL_VERSION_LARGEFILE
LogInit:      CURL_VERSION_IDN
LogInit:  CurlRequestOptions (configurable via config and command line):
LogInit:  - bVerifyPeer = false  - Libcurl will NOT verify peer certificate
LogInit:  - bUseHttpProxy = false  - Libcurl will NOT use HTTP proxy
LogInit:  - bDontReuseConnections = false  - Libcurl will reuse connections
LogInit:  - CertBundlePath = nullptr  - Libcurl will use whatever was configured at build time.
LogInit:  - MaxHostConnections = 16  - Libcurl will limit the number of connections to a host
LogInit:  - LocalHostAddr = Default
LogInit:  - BufferSize = 65536
LogInit: WinSock: version 1.1 (2.2), MaxSocks=32767, MaxUdp=65467
LogInit: Build: ++UE4+Release-4.20-CL-4369336
LogInit: Engine Version: 4.20.3-4369336+++UE4+Release-4.20
LogInit: Compatible Engine Version: 4.20.0-4212847+++UE4+Release-4.20
LogInit: Net CL: 4212847
LogInit: OS: Windows 10 (), CPU: Intel(R) Core(TM) i7-8086K CPU @ 4.00GHz, GPU: NVIDIA GeForce GTX 1080 Ti
LogInit: Compiled (64-bit): Sep 17 2018 12:26:19
LogInit: Compiled with Visual C++: 19.13.26129.00
LogInit: Build Configuration: Development
LogInit: Branch Name: ++UE4+Release-4.20
LogInit: Command Line:  
LogInit: Base Directory: C:/Program Files/Epic Games/UE_4.20/Engine/Binaries/Win64/
LogInit: Installed Engine Build: 1
LogDevObjectVersion: Number of dev versions registered: 20
LogDevObjectVersion:   Dev-Blueprints (B0D832E4-1F89-4F0D-ACCF-7EB736FD4AA2): 10
LogDevObjectVersion:   Dev-Build (E1C64328-A22C-4D53-A36C-8E866417BD8C): 0
LogDevObjectVersion:   Dev-Core (375EC13C-06E4-48FB-B500-84F0262A717E): 2
LogDevObjectVersion:   Dev-Editor (E4B068ED-F494-42E9-A231-DA0B2E46BB41): 24
LogDevObjectVersion:   Dev-Framework (CFFC743F-43B0-4480-9391-14DF171D2073): 34
LogDevObjectVersion:   Dev-Mobile (B02B49B5-BB20-44E9-A304-32B752E40360): 2
LogDevObjectVersion:   Dev-Networking (A4E4105C-59A1-49B5-A7C5-40C4547EDFEE): 0
LogDevObjectVersion:   Dev-Online (39C831C9-5AE6-47DC-9A44-9C173E1C8E7C): 0
LogDevObjectVersion:   Dev-Physics (78F01B33-EBEA-4F98-B9B4-84EACCB95AA2): 0
LogDevObjectVersion:   Dev-Platform (6631380F-2D4D-43E0-8009-CF276956A95A): 0
LogDevObjectVersion:   Dev-Rendering (12F88B9F-8875-4AFC-A67C-D90C383ABD29): 26
LogDevObjectVersion:   Dev-Sequencer (7B5AE74C-D270-4C10-A958-57980B212A5A): 9
LogDevObjectVersion:   Dev-VR (D7296918-1DD6-4BDD-9DE2-64A83CC13884): 2
LogDevObjectVersion:   Dev-LoadTimes (C2A15278-BFE7-4AFE-6C17-90FF531DF755): 1
LogDevObjectVersion:   Private-Geometry (6EACA3D4-40EC-4CC1-B786-8BED09428FC5): 3
LogDevObjectVersion:   Dev-AnimPhys (29E575DD-E0A3-4627-9D10-D276232CDCEA): 17
LogDevObjectVersion:   Dev-ReflectionCapture (6B266CEC-1EC7-4B8F-A30B-E4D90942FC07): 1
LogDevObjectVersion:   Dev-Automation (0DF73D61-A23F-47EA-B727-89E90C41499A): 1
LogDevObjectVersion:   FortniteMain (601D1886-AC64-4F84-AA16-D3DE0DEAC7D6): 12
LogDevObjectVersion:   Dev-Enterprise (9DFFBCD6-494F-0158-E221-12823C92A888): 1
LogStreaming: Display: Took  0.001s to delete old logs.
LogInit: Presizing for max 8388607 objects, including 0 objects not considered by GC, pre-allocating 0 bytes for permanent pool.
LogInit: Object subsystem initialized
[2018.12.03-01.08.52:569][  0]LogInit: Selected Device Profile: [Windows]
[2018.12.03-01.08.52:569][  0]LogInit: Applying CVar settings loaded from the selected device profile: [Windows]
[2018.12.03-01.08.52:586][  0]LogHAL: Display: Platform has ~ 32 GB [34291802112 / 34359738368 / 32], which maps to Largest [LargestMinGB=32, LargerMinGB=12, DefaultMinGB=8, SmallerMinGB=6, SmallestMinGB=0)
[2018.12.03-01.08.52:587][  0]LogInit: Setting Device Profile CVar: [[r.Vulkan.UseRealUBs:1]]
[2018.12.03-01.08.52:587][  0]LogInit: Going up to parent DeviceProfile []
[2018.12.03-01.08.52:591][  0]LogInit: Computer: WINDOWS-SA1OMO4
[2018.12.03-01.08.52:591][  0]LogInit: User: maxc
[2018.12.03-01.08.52:591][  0]LogInit: CPU Page size=4096, Cores=6
[2018.12.03-01.08.52:591][  0]LogInit: High frequency timer resolution =3.914057 MHz
[2018.12.03-01.08.52:591][  0]LogMemory: Memory total: Physical=31.9GB (32GB approx)
[2018.12.03-01.08.52:591][  0]LogMemory: Platform Memory Stats for Windows
[2018.12.03-01.08.52:591][  0]LogMemory: Process Physical Memory: 101.38 MB used, 101.38 MB peak
[2018.12.03-01.08.52:591][  0]LogMemory: Process Virtual Memory: 86.12 MB used, 86.12 MB peak
[2018.12.03-01.08.52:591][  0]LogMemory: Physical Memory: 5080.99 MB used,  27622.22 MB free, 32703.21 MB total
[2018.12.03-01.08.52:591][  0]LogMemory: Virtual Memory: 4657.16 MB used,  27622.22 MB free, 134217728.00 MB total
[2018.12.03-01.08.52:753][  0]LogInit: Using OS detected language (en-US).
[2018.12.03-01.08.52:753][  0]LogInit: Using OS detected locale (en-GB).
[2018.12.03-01.08.52:754][  0]LogTextLocalizationManager: No specific localization for 'en-US' exists, so the 'en' localization will be used.
[2018.12.03-01.08.53:080][  0]LogStreaming: Display: Took  0.327s to InitEngineTextLocalization.
[2018.12.03-01.08.53:080][  0]LogInit: Setting process to per monitor DPI aware
[2018.12.03-01.08.53:151][  0]LogSlate: New Slate User Created.  User Index 0, Is Virtual User: 0
[2018.12.03-01.08.53:151][  0]LogSlate: Slate User Registered.  User Index 0, Is Virtual User: 0
[2018.12.03-01.08.54:560][  0]LogHMD: Failed to initialize OpenVR with code 110
[2018.12.03-01.08.54:560][  0]LogD3D11RHI: D3D11 adapters:
[2018.12.03-01.08.54:603][  0]LogD3D11RHI:    0. 'NVIDIA GeForce GTX 1080 Ti' (Feature Level 11_0)
[2018.12.03-01.08.54:603][  0]LogD3D11RHI:       11127/0/16351 MB DedicatedVideo/DedicatedSystem/SharedSystem, Outputs:2, VendorId:0x10de
[2018.12.03-01.08.54:604][  0]LogD3D11RHI:    1. 'Microsoft Basic Render Driver' (Feature Level 11_0)
[2018.12.03-01.08.54:604][  0]LogD3D11RHI:       0/0/16351 MB DedicatedVideo/DedicatedSystem/SharedSystem, Outputs:0, VendorId:0x1414
[2018.12.03-01.08.54:604][  0]LogD3D11RHI: Chosen D3D11 Adapter: 0
[2018.12.03-01.08.54:610][  0]LogD3D11RHI: Creating new Direct3DDevice
[2018.12.03-01.08.54:610][  0]LogD3D11RHI:     GPU DeviceId: 0x1b06 (for the marketing name, search the web for "GPU Device Id")
[2018.12.03-01.08.54:610][  0]LogWindows: EnumDisplayDevices:
[2018.12.03-01.08.54:610][  0]LogWindows:    0. 'NVIDIA GeForce GTX 1080 Ti' (P:0 D:1)
[2018.12.03-01.08.54:610][  0]LogWindows:    1. 'NVIDIA GeForce GTX 1080 Ti' (P:1 D:1)
[2018.12.03-01.08.54:610][  0]LogWindows:    2. 'NVIDIA GeForce GTX 1080 Ti' (P:0 D:0)
[2018.12.03-01.08.54:610][  0]LogWindows:    3. 'NVIDIA GeForce GTX 1080 Ti' (P:0 D:0)
[2018.12.03-01.08.54:610][  0]LogWindows: DebugString: FoundDriverCount:4 
[2018.12.03-01.08.54:610][  0]LogD3D11RHI:     Adapter Name: NVIDIA GeForce GTX 1080 Ti
[2018.12.03-01.08.54:611][  0]LogD3D11RHI:   Driver Version: 416.81 (internal:25.21.14.1681, unified:416.81)
[2018.12.03-01.08.54:611][  0]LogD3D11RHI:      Driver Date: 11-2-2018
[2018.12.03-01.08.54:611][  0]LogRHI: Texture pool is 7788 MB (70% of 11127 MB)
[2018.12.03-01.08.54:642][  0]LogD3D11RHI: Async texture creation enabled
[2018.12.03-01.08.54:680][  0]LogD3D11RHI: GPU Timing Frequency: 1000.000000 (Debug: 2 2)
[2018.12.03-01.08.54:772][  0]LogShaderCompilers: Guid format shader working directory is -35 characters bigger than the processId version (../../../../../../Users/max-c/Documents/GitHub/Violence_Project/Violence_Project/Intermediate/Shaders/WorkingDirectory/13868/).
[2018.12.03-01.08.54:772][  0]LogShaderCompilers: Cleaned the shader compiler working directory 'C:/Users/max-c/AppData/Local/Temp/UnrealShaderWorkingDir/6F894E084DC0C543B23474A400CF970F/'.
[2018.12.03-01.08.55:066][  0]LogTemp: Display: Loaded TP AllDesktopTargetPlatform
[2018.12.03-01.08.55:077][  0]LogTemp: Display: Loaded TP MacClientTargetPlatform
[2018.12.03-01.08.55:089][  0]LogTemp: Display: Loaded TP MacNoEditorTargetPlatform
[2018.12.03-01.08.55:100][  0]LogTemp: Display: Loaded TP MacServerTargetPlatform
[2018.12.03-01.08.55:117][  0]LogTemp: Display: Loaded TP MacTargetPlatform
[2018.12.03-01.08.55:129][  0]LogTemp: Display: Loaded TP WindowsClientTargetPlatform
[2018.12.03-01.08.55:142][  0]LogTemp: Display: Loaded TP WindowsNoEditorTargetPlatform
[2018.12.03-01.08.55:153][  0]LogTemp: Display: Loaded TP WindowsServerTargetPlatform
[2018.12.03-01.08.55:160][  0]LogTemp: Display: Loaded TP WindowsTargetPlatform
[2018.12.03-01.08.55:231][  0]LogTemp: Display: Loaded TP AndroidTargetPlatform
[2018.12.03-01.08.55:231][  0]LogTemp: Display: Loaded TP AndroidTargetPlatform
[2018.12.03-01.08.55:232][  0]LogTemp: Display: Loaded TP AndroidTargetPlatform
[2018.12.03-01.08.55:232][  0]LogTemp: Display: Loaded TP AndroidTargetPlatform
[2018.12.03-01.08.55:232][  0]LogTemp: Display: Loaded TP AndroidTargetPlatform
[2018.12.03-01.08.55:232][  0]LogTemp: Display: Loaded TP AndroidTargetPlatform
[2018.12.03-01.08.55:232][  0]LogTemp: Display: Loaded TP AndroidTargetPlatform
[2018.12.03-01.08.55:232][  0]LogTemp: Display: Loaded TP AndroidTargetPlatform
[2018.12.03-01.08.55:232][  0]LogTemp: Display: Loaded TP AndroidTargetPlatform
[2018.12.03-01.08.55:232][  0]LogTemp: Display: Loaded TP AndroidTargetPlatform
[2018.12.03-01.08.55:232][  0]LogTemp: Display: Loaded TP AndroidTargetPlatform
[2018.12.03-01.08.55:232][  0]LogTemp: Display: Loaded TP AndroidTargetPlatform
[2018.12.03-01.08.55:232][  0]LogTemp: Display: Loaded TP AndroidTargetPlatform
[2018.12.03-01.08.55:232][  0]LogTemp: Display: Loaded TP AndroidTargetPlatform
[2018.12.03-01.08.55:232][  0]LogTemp: Display: Loaded TP AndroidTargetPlatform
[2018.12.03-01.08.55:232][  0]LogTemp: Display: Loaded TP AndroidTargetPlatform
[2018.12.03-01.08.55:232][  0]LogTemp: Display: Loaded TP AndroidTargetPlatform
[2018.12.03-01.08.55:232][  0]LogTemp: Display: Loaded TP AndroidTargetPlatform
[2018.12.03-01.08.55:234][  0]LogTemp: Display: Loaded TP HTML5TargetPlatform
[2018.12.03-01.08.55:298][  0]LogTemp: Display: Loaded TP IOSTargetPlatform
[2018.12.03-01.08.55:298][  0]LogTemp: Display: Loaded TP IOSTargetPlatform
[2018.12.03-01.08.55:317][  0]LogTemp: Display: Loaded TP TVOSTargetPlatform
[2018.12.03-01.08.55:317][  0]LogTemp: Display: Loaded TP TVOSTargetPlatform
[2018.12.03-01.08.55:328][  0]LogTemp: Display: Loaded TP LinuxClientTargetPlatform
[2018.12.03-01.08.55:337][  0]LogTemp: Display: Loaded TP LinuxNoEditorTargetPlatform
[2018.12.03-01.08.55:348][  0]LogTemp: Display: Loaded TP LinuxServerTargetPlatform
[2018.12.03-01.08.55:365][  0]LogTemp: Display: Loaded TP LinuxTargetPlatform
[2018.12.03-01.08.55:373][  0]LogTemp: Display: Loaded TP LuminTargetPlatform
[2018.12.03-01.08.55:373][  0]LogTargetPlatformManager: Display: Building Assets For Windows
[2018.12.03-01.08.55:493][  0]LogXGEController: Cleaning working directory: C:/Users/max-c/AppData/Local/Temp/UnrealXGEWorkingDir/
[2018.12.03-01.08.55:493][  0]LogXGEController: Cannot use XGE Controller as Incredibuild is not installed on this machine.
[2018.12.03-01.08.55:493][  0]LogShaderCompilers: Cannot use XGE Shader Compiler as Incredibuild is not installed on this machine.
[2018.12.03-01.08.55:493][  0]LogShaderCompilers: Display: Using Local Shader Compiler.
[2018.12.03-01.08.56:890][  0]LogDerivedDataCache: Display: Max Cache Size: 512 MB
[2018.12.03-01.08.57:009][  0]LogDerivedDataCache: Loaded boot cache 0.12s 71MB C:/Users/max-c/AppData/Local/UnrealEngine/4.20/DerivedDataCache/Boot.ddc.
[2018.12.03-01.08.57:009][  0]LogDerivedDataCache: Display: Loaded Boot cache: C:/Users/max-c/AppData/Local/UnrealEngine/4.20/DerivedDataCache/Boot.ddc
[2018.12.03-01.08.57:009][  0]LogDerivedDataCache: FDerivedDataBackendGraph:  Pak pak cache file ../../../../../../Users/max-c/Documents/GitHub/Violence_Project/Violence_Project/DerivedDataCache/DDC.ddp not found, will not use a pak cache.
[2018.12.03-01.08.57:009][  0]LogDerivedDataCache: Unable to find inner node Pak for hierarchical cache Hierarchy.
[2018.12.03-01.08.57:009][  0]LogDerivedDataCache: FDerivedDataBackendGraph:  CompressedPak pak cache file ../../../../../../Users/max-c/Documents/GitHub/Violence_Project/Violence_Project/DerivedDataCache/Compressed.ddp not found, will not use a pak cache.
[2018.12.03-01.08.57:009][  0]LogDerivedDataCache: Unable to find inner node CompressedPak for hierarchical cache Hierarchy.
[2018.12.03-01.08.57:027][  0]LogDerivedDataCache: Display: Pak cache opened for reading ../../../Engine/DerivedDataCache/Compressed.ddp.
[2018.12.03-01.08.57:039][  0]LogDerivedDataCache: Using Local data cache path C:/Users/max-c/AppData/Local/UnrealEngine/Common/DerivedDataCache: Writable
[2018.12.03-01.08.57:039][  0]LogDerivedDataCache: Shared data cache path not found in *engine.ini, will not use an Shared cache.
[2018.12.03-01.08.57:039][  0]LogDerivedDataCache: Unable to find inner node Shared for hierarchical cache Hierarchy.
[2018.12.03-01.08.57:054][  0]LogMaterial: Verifying Global Shaders for PCD3D_SM5
[2018.12.03-01.08.57:058][  0]LogSlate: Using FreeType 2.6.0
[2018.12.03-01.08.57:070][  0]LogSlate: SlateFontServices - WITH_FREETYPE: 1, WITH_HARFBUZZ: 1
[2018.12.03-01.08.57:256][  0]LogAssetRegistry: FAssetRegistry took 0.0270 seconds to start up
[2018.12.03-01.08.57:550][  0]LogInit: Selected Device Profile: [Windows]
[2018.12.03-01.08.57:793][  0]LogSimplygon: Simplygon DLL not present - disabling.
[2018.12.03-01.08.57:808][  0]LogMeshReduction: Using SimplygonSwarm for distributed automatic mesh merging
[2018.12.03-01.08.57:808][  0]LogMeshReduction: Using ProxyLODMeshReduction for automatic mesh merging
[2018.12.03-01.08.57:808][  0]LogMeshReduction: Using QuadricMeshReduction for automatic static mesh reduction
[2018.12.03-01.08.57:808][  0]LogMeshReduction: No automatic skeletal mesh reduction module available
[2018.12.03-01.08.57:856][  0]LogNetVersion: Violence_Project 1.0.0, NetCL: 4212847, EngineNetVer: 5, GameNetVer: 0 (Checksum: 168441638)
[2018.12.03-01.08.58:820][  0]LogPackageLocalizationCache: Processed 11 localized package path(s) for 2 prioritized culture(s) in 0.112437 seconds
[2018.12.03-01.08.58:828][  0]LogUObjectArray: 38425 objects as part of root set at end of initial load.
[2018.12.03-01.08.58:828][  0]LogUObjectAllocator: 6690864 out of 0 bytes used by permanent object pool.
[2018.12.03-01.08.58:828][  0]LogUObjectArray: CloseDisregardForGC: 0/0 objects in disregard for GC pool
[2018.12.03-01.09.01:434][  0]LogTcpMessaging: Initializing TcpMessaging bridge
[2018.12.03-01.09.01:449][  0]LogUdpMessaging: Initializing bridge on interface 0.0.0.0:0 to multicast group 230.0.0.1:6666.
[2018.12.03-01.09.01:721][  0]SourceControl: Source control is disabled
[2018.12.03-01.09.01:721][  0]SourceControl: Source control is disabled
[2018.12.03-01.09.01:730][  0]SourceControl: Source control is disabled
[2018.12.03-01.09.01:734][  0]SourceControl: Source control is disabled
[2018.12.03-01.09.02:007][  0]LogAndroidPermission: UAndroidPermissionCallbackProxy::GetInstance
[2018.12.03-01.09.02:094][  0]LogOcInput: OculusInput pre-init called
[2018.12.03-01.09.02:188][  0]LogEngine: Initializing Engine...
[2018.12.03-01.09.02:189][  0]LogHMD: Failed to initialize OpenVR with code 110
[2018.12.03-01.09.02:191][  0]LogStats: UGameplayTagsManager::ConstructGameplayTagTree: ImportINI prefixes -  0.000 s
[2018.12.03-01.09.02:191][  0]LogStats: UGameplayTagsManager::ConstructGameplayTagTree: Construct from data asset -  0.000 s
[2018.12.03-01.09.02:191][  0]LogStats: UGameplayTagsManager::ConstructGameplayTagTree: ImportINI -  0.000 s
[2018.12.03-01.09.02:191][  0]LogStats: UGameplayTagsManager::ConstructGameplayTagTree: GameplayTagTreeChangedEvent.Broadcast -  0.000 s
[2018.12.03-01.09.02:508][  0]LogInit: Initializing FReadOnlyCVARCache
[2018.12.03-01.09.02:543][  0]LogAIModule: Creating AISystem for world Untitled
[2018.12.03-01.09.02:574][  0]LogInit: XAudio2 using 'Speakers (2- USB Audio Device)' : 2 channels at 48 kHz using 16 bits per sample (channel mask 0x3)
[2018.12.03-01.09.02:588][  0]LogInit: FAudioDevice initialized.
[2018.12.03-01.09.02:588][  0]LogNetVersion: Set ProjectVersion to 1.0.0.0. Version Checksum will be recalculated on next use.
[2018.12.03-01.09.02:626][  0]LogDerivedDataCache: Saved boot cache 0.04s 71MB C:/Users/max-c/AppData/Local/UnrealEngine/4.20/DerivedDataCache/Boot.ddc.
[2018.12.03-01.09.02:638][  0]LogInit: Texture streaming: Enabled
[2018.12.03-01.09.02:663][  0]LogEngineSessionManager: EngineSessionManager initialized
[2018.12.03-01.09.02:684][  0]LogInit: Transaction tracking system initialized
[2018.12.03-01.09.02:733][  0]BlueprintLog: New page: Editor Load
[2018.12.03-01.09.02:887][  0]LocalizationService: Localization service is disabled
[2018.12.03-01.09.03:414][  0]LogCook: Display: Max memory allowance for cook 16384mb min free memory 0mb
[2018.12.03-01.09.03:414][  0]LogCook: Display: Mobile HDR setting 1
[2018.12.03-01.09.03:415][  0]LogGameplayTags: Display: UGameplayTagsManager::DoneAddingNativeTags. DelegateIsBound: 0
[2018.12.03-01.09.03:415][  0]LogStats: UGameplayTagsManager::ConstructGameplayTagTree: ImportINI prefixes -  0.000 s
[2018.12.03-01.09.03:415][  0]LogStats: UGameplayTagsManager::ConstructGameplayTagTree: Construct from data asset -  0.000 s
[2018.12.03-01.09.03:415][  0]LogStats: UGameplayTagsManager::ConstructGameplayTagTree: ImportINI -  0.000 s
[2018.12.03-01.09.03:415][  0]LogStats: UGameplayTagsManager::ConstructGameplayTagTree: GameplayTagTreeChangedEvent.Broadcast -  0.000 s
[2018.12.03-01.09.03:661][  0]LogFileCache: Scanning file cache for directory 'C:/Users/max-c/Documents/GitHub/Violence_Project/Violence_Project/Content/' took 0.02s
[2018.12.03-01.09.03:661][  0]SourceControl: Source control is disabled
[2018.12.03-01.09.03:661][  0]Cmd: MAP LOAD FILE="../../../../../../Users/max-c/Documents/GitHub/Violence_Project/Violence_Project/Content/ThirdPersonBP/Maps/ThirdPersonExampleMap.umap" TEMPLATE=0 SHOWPROGRESS=1 FEATURELEVEL=3
[2018.12.03-01.09.03:662][  0]LightingResults: New page: Lighting Build
[2018.12.03-01.09.03:670][  0]MapCheck: New page: Map Check
[2018.12.03-01.09.03:670][  0]LightingResults: New page: Lighting Build
[2018.12.03-01.09.04:380][  0]LogAIModule: Creating AISystem for world ThirdPersonExampleMap
[2018.12.03-01.09.04:403][  0]LogEditorServer: Finished looking for orphan Actors (0.000 secs)
[2018.12.03-01.09.04:427][  0]Cmd: MAP CHECKDEP NOCLEARLOG
[2018.12.03-01.09.04:487][  0]MapCheck: Map check complete: 0 Error(s), 0 Warning(s), took 59.868ms to complete.
[2018.12.03-01.09.04:487][  0]LogFileHelpers: Loading map 'ThirdPersonExampleMap' took 0.826
[2018.12.03-01.09.05:463][  0]LogSlate: Only BGRA pngs, bmps or icos are supported in by External Image Picker
[2018.12.03-01.09.05:537][  0]LogTemp: Executing iPhonePackager certificates Engine -bundlename com.YourCompany.ViolenceProject
[2018.12.03-01.09.05:537][  0]LogTemp: CWD: C:\Program Files\Epic Games\UE_4.20\Engine\Binaries\DotNET\IOS
[2018.12.03-01.09.05:537][  0]LogTemp: Initial Dir: C:\Program Files\Epic Games\UE_4.20
[2018.12.03-01.09.05:537][  0]LogTemp: Env CWD: C:\Program Files\Epic Games\UE_4.20\Engine\Binaries\DotNET\IOS
[2018.12.03-01.09.05:537][  0]LogTemp: BranchPath = WINDOWS-SA1OMO4/C/Program Files/Epic Games/UE_4.20/Engine/Binaries --- GameBranchPath = WINDOWS-SA1OMO4/C/Program Files/Epic Games/UE_4.20/Engine/Binaries
[2018.12.03-01.09.05:537][  0]LogTemp: IPP ERROR: Could not find provision directory 'C:\Users\max-c\AppData\Local/Apple Computer/MobileDevice/Provisioning Profiles/'.
[2018.12.03-01.09.05:537][  0]LogSlate: Updating window title bar state: overlay mode, drag disabled, window buttons hidden, title bar hidden
[2018.12.03-01.09.05:544][  0]LogSlate: Updating window title bar state: overlay mode, drag disabled, window buttons hidden, title bar hidden
[2018.12.03-01.09.05:550][  0]LogSlate: Updating window title bar state: overlay mode, drag disabled, window buttons hidden, title bar hidden
[2018.12.03-01.09.05:555][  0]LogSlate: Updating window title bar state: overlay mode, drag disabled, window buttons hidden, title bar hidden
[2018.12.03-01.09.05:570][  0]LogCollectionManager: Loaded 0 collections in 0.001564 seconds
[2018.12.03-01.09.05:638][  0]LogFileCache: Scanning file cache for directory 'C:/Users/max-c/Documents/GitHub/Violence_Project/Violence_Project/Saved/Collections/' took 0.01s
[2018.12.03-01.09.05:638][  0]LogFileCache: Scanning file cache for directory 'C:/Users/max-c/Documents/GitHub/Violence_Project/Violence_Project/Content/Developers/maxc/Collections/' took 0.01s
[2018.12.03-01.09.05:638][  0]LogFileCache: Scanning file cache for directory 'C:/Users/max-c/Documents/GitHub/Violence_Project/Violence_Project/Content/Collections/' took 0.01s
[2018.12.03-01.09.05:638][  0]LogCollectionManager: Rebuilt the GUID cache for 0 collections in 0.000000 seconds
[2018.12.03-01.09.05:649][  0]LogContentBrowser: Native class hierarchy populated in 0.0096 seconds. Added 2572 classes and 603 folders.
[2018.12.03-01.09.05:660][  0]LogContentBrowser: Native class hierarchy updated for 'WidgetCarousel' in 0.0003 seconds. Added 0 classes and 0 folders.
[2018.12.03-01.09.05:935][  0]LogContentBrowser: Native class hierarchy updated for 'AddContentDialog' in 0.0003 seconds. Added 0 classes and 0 folders.
[2018.12.03-01.09.05:945][  0]LogContentBrowser: Native class hierarchy updated for 'SceneOutliner' in 0.0003 seconds. Added 1 classes and 2 folders.
[2018.12.03-01.09.05:978][  0]LogSlate: Took 0.005049 seconds to synchronously load lazily loaded font '../../../Engine/Content/Slate/Fonts/Roboto-Regular.ttf' (155K)
[2018.12.03-01.09.05:984][  0]LogSlate: Took 0.003863 seconds to synchronously load lazily loaded font '../../../Engine/Content/Slate/Fonts/Roboto-Bold.ttf' (160K)
[2018.12.03-01.09.05:991][  0]LogSlate: Took 0.003512 seconds to synchronously load lazily loaded font '../../../Engine/Content/Editor/Slate/Fonts/FontAwesome.ttf' (139K)
[2018.12.03-01.09.06:094][  0]LogRenderer: Reallocating scene render targets to support 1616x808 Format 10 NumSamples 1 (Frame:1).
[2018.12.03-01.09.06:206][  0]LogContentBrowser: Native class hierarchy updated for 'HierarchicalLODOutliner' in 0.0003 seconds. Added 0 classes and 0 folders.
[2018.12.03-01.09.06:206][  0]LogLoad: (Engine Initialization) Total time: 17.57 seconds
[2018.12.03-01.09.06:206][  0]LogLoad: (Engine Initialization) Total Blueprint compile time: 0.00 seconds
[2018.12.03-01.09.06:245][  0]LogContentStreaming: Texture pool size now 1000 MB
[2018.12.03-01.09.06:303][  1]LogAssetRegistry: Asset discovery search completed in 9.0698 seconds
[2018.12.03-01.09.06:304][  1]LogCollectionManager: Rebuilt the object cache for 0 collections in 0.000000 seconds (found 0 objects)
[2018.12.03-01.09.06:304][  1]LogCollectionManager: Fixed up redirectors for 0 collections in 0.000036 seconds (updated 0 objects)
[2018.12.03-01.10.33:555][167]LogSlate: FSceneViewport::OnFocusLost() reason 0
[2018.12.03-01.10.33:652][174]LogTemp: Repeating last play command: Selected Viewport
[2018.12.03-01.10.33:665][174]LogBlueprintUserMessages: Early PlayInEditor Detection: Level '/Game/ThirdPersonBP/Maps/ThirdPersonExampleMap.ThirdPersonExampleMap:PersistentLevel' has LevelScriptBlueprint '/Game/ThirdPersonBP/Maps/ThirdPersonExampleMap.ThirdPersonExampleMap:PersistentLevel.ThirdPersonExampleMap' with GeneratedClass '/Game/ThirdPersonBP/Maps/ThirdPersonExampleMap.ThirdPersonExampleMap_C' with ClassGeneratedBy '/Game/ThirdPersonBP/Maps/ThirdPersonExampleMap.ThirdPersonExampleMap:PersistentLevel.ThirdPersonExampleMap'
[2018.12.03-01.10.33:666][174]LogPlayLevel: PlayLevel: No blueprints needed recompiling
[2018.12.03-01.10.33:680][174]PIE: New page: PIE session: ThirdPersonExampleMap (3 Dec 2018 01:10:33)
[2018.12.03-01.10.33:680][174]LogPlayLevel: Creating play world package: /Game/ThirdPersonBP/Maps/UEDPIE_0_ThirdPersonExampleMap
[2018.12.03-01.10.33:695][174]LogPlayLevel: PIE: StaticDuplicateObject took: (0.014638s)
[2018.12.03-01.10.33:696][174]LogAIModule: Creating AISystem for world ThirdPersonExampleMap
[2018.12.03-01.10.33:696][174]LogPlayLevel: PIE: World Init took: (0.000645s)
[2018.12.03-01.10.33:696][174]LogPlayLevel: PIE: Created PIE world by copying editor world from /Game/ThirdPersonBP/Maps/ThirdPersonExampleMap.ThirdPersonExampleMap to /Game/ThirdPersonBP/Maps/UEDPIE_0_ThirdPersonExampleMap.ThirdPersonExampleMap (0.015409s)
[2018.12.03-01.10.33:730][174]LogInit: XAudio2 using 'Speakers (2- USB Audio Device)' : 2 channels at 48 kHz using 16 bits per sample (channel mask 0x3)
[2018.12.03-01.10.33:737][174]LogInit: FAudioDevice initialized.
[2018.12.03-01.10.33:795][174]LogLoad: Game class is 'ThirdPersonGameMode_C'
[2018.12.03-01.10.33:798][174]LogWorld: Bringing World /Game/ThirdPersonBP/Maps/UEDPIE_0_ThirdPersonExampleMap.ThirdPersonExampleMap up for play (max tick rate 0) at 2018.12.03-01.10.33
[2018.12.03-01.10.33:799][174]LogWorld: Bringing up level for play took: 0.002059
[2018.12.03-01.10.33:822][174]LogContentBrowser: Native class hierarchy updated for 'MovieSceneCapture' in 0.0004 seconds. Added 10 classes and 0 folders.
[2018.12.03-01.10.33:826][174]PIE: Play in editor start time for /Game/ThirdPersonBP/Maps/UEDPIE_0_ThirdPersonExampleMap 0.698
[2018.12.03-01.10.33:827][174]LogBlueprintUserMessages: Late PlayInEditor Detection: Level '/Game/ThirdPersonBP/Maps/ThirdPersonExampleMap.ThirdPersonExampleMap:PersistentLevel' has LevelScriptBlueprint '/Game/ThirdPersonBP/Maps/ThirdPersonExampleMap.ThirdPersonExampleMap:PersistentLevel.ThirdPersonExampleMap' with GeneratedClass '/Game/ThirdPersonBP/Maps/ThirdPersonExampleMap.ThirdPersonExampleMap_C' with ClassGeneratedBy '/Game/ThirdPersonBP/Maps/ThirdPersonExampleMap.ThirdPersonExampleMap:PersistentLevel.ThirdPersonExampleMap'
[2018.12.03-01.11.00:431][154]LogSlate: FSceneViewport::OnFocusLost() reason 0
[2018.12.03-01.11.05:919][723]LogBlueprintUserMessages: Early EndPlayMap Detection: Level '/Game/ThirdPersonBP/Maps/ThirdPersonExampleMap.ThirdPersonExampleMap:PersistentLevel' has LevelScriptBlueprint '/Game/ThirdPersonBP/Maps/ThirdPersonExampleMap.ThirdPersonExampleMap:PersistentLevel.ThirdPersonExampleMap' with GeneratedClass '/Game/ThirdPersonBP/Maps/ThirdPersonExampleMap.ThirdPersonExampleMap_C' with ClassGeneratedBy '/Game/ThirdPersonBP/Maps/ThirdPersonExampleMap.ThirdPersonExampleMap:PersistentLevel.ThirdPersonExampleMap'
[2018.12.03-01.11.05:923][723]LogSlate: Updating window title bar state: overlay mode, drag disabled, window buttons hidden, title bar hidden
[2018.12.03-01.11.05:964][723]LogPlayLevel: Display: Shutting down PIE online subsystems
[2018.12.03-01.11.05:965][723]LogBlueprintUserMessages: Late EndPlayMap Detection: Level '/Game/ThirdPersonBP/Maps/ThirdPersonExampleMap.ThirdPersonExampleMap:PersistentLevel' has LevelScriptBlueprint '/Game/ThirdPersonBP/Maps/ThirdPersonExampleMap.ThirdPersonExampleMap:PersistentLevel.ThirdPersonExampleMap' with GeneratedClass '/Game/ThirdPersonBP/Maps/ThirdPersonExampleMap.ThirdPersonExampleMap_C' with ClassGeneratedBy '/Game/ThirdPersonBP/Maps/ThirdPersonExampleMap.ThirdPersonExampleMap:PersistentLevel.ThirdPersonExampleMap'
[2018.12.03-01.11.05:985][723]LogSlate: Updating window title bar state: overlay mode, drag disabled, window buttons hidden, title bar hidden
[2018.12.03-01.11.06:021][726]LogPlayLevel: Display: Destroying online subsystem :Context_6
[2018.12.03-01.11.07:190][830]LogSlate: FSceneViewport::OnFocusLost() reason 0
[2018.12.03-01.11.07:362][841]LogSlate: Took 0.004698 seconds to synchronously load lazily loaded font '../../../Engine/Content/Slate/Fonts/Roboto-Light.ttf' (167K)
[2018.12.03-01.11.07:368][841]LogAssetEditorManager: Opening Asset editor for AnimBlueprint /Game/Assets/Character/BP_CharacterAnim.BP_CharacterAnim
[2018.12.03-01.11.07:484][841]LogContentBrowser: Native class hierarchy updated for 'SkeletonEditor' in 0.0004 seconds. Added 1 classes and 2 folders.
[2018.12.03-01.11.07:691][841]LogActorComponent: RegisterComponentWithWorld: (/Engine/Transient.World_6:PersistentLevel.AnimationEditorPreviewActor_0.DebugSkelMeshComponent_0) Already registered. Aborting.
[2018.12.03-01.11.07:698][841]LogContentBrowser: Native class hierarchy updated for 'PinnedCommandList' in 0.0003 seconds. Added 1 classes and 0 folders.
[2018.12.03-01.11.08:155][841]LogContentBrowser: Native class hierarchy updated for 'BlueprintGraph' in 0.0006 seconds. Added 116 classes and 0 folders.
[2018.12.03-01.11.08:709][841]LogSkeletalMesh: USkeletalMeshComponent::InitArticulated : Bodies already created (/Engine/Transient.World_6:PersistentLevel.AnimationEditorPreviewActor_0.DebugSkelMeshComponent_0) - call TermArticulated first.
[2018.12.03-01.11.08:945][841]LogSlate: Took 0.003183 seconds to synchronously load lazily loaded font '../../../Engine/Content/Slate/Fonts/Roboto-BoldCondensed.ttf' (158K)
[2018.12.03-01.11.08:990][841]LogContentBrowser: Native class hierarchy updated for 'ClothingSystemEditorInterface' in 0.0003 seconds. Added 1 classes and 0 folders.
[2018.12.03-01.11.28:475][849]LogSlate: Window 'BP_CharacterAnim' being destroyed
[2018.12.03-01.11.28:477][849]LogSlate: Window 'BP_CharacterAnim' being destroyed
[2018.12.03-01.11.29:447][861]LogAssetEditorManager: Opening Asset editor for AnimBlueprint /Game/Assets/Character/BP_CharacterAnim.BP_CharacterAnim
[2018.12.03-01.11.29:550][861]LogActorComponent: RegisterComponentWithWorld: (/Engine/Transient.World_9:PersistentLevel.AnimationEditorPreviewActor_0.DebugSkelMeshComponent_0) Already registered. Aborting.
[2018.12.03-01.11.29:744][861]LogSkeletalMesh: USkeletalMeshComponent::InitArticulated : Bodies already created (/Engine/Transient.World_9:PersistentLevel.AnimationEditorPreviewActor_0.DebugSkelMeshComponent_0) - call TermArticulated first.
[2018.12.03-01.12.26:211][332]LogSlate: Window 'BP_CharacterAnim' being destroyed
[2018.12.03-01.12.26:237][332]LogSlate: Window 'BP_CharacterAnim' being destroyed
[2018.12.03-01.12.49:356][149]LogSlate: Window 'Pick Skeleton' being destroyed
[2018.12.03-01.12.56:648][995]LogAssetEditorManager: Opening Asset editor for BlendSpace /Game/Assets/Character/Crouch_BS.Crouch_BS
[2018.12.03-01.12.56:731][995]LogActorComponent: RegisterComponentWithWorld: (/Engine/Transient.World_11:PersistentLevel.AnimationEditorPreviewActor_0.DebugSkelMeshComponent_0) Already registered. Aborting.
[2018.12.03-01.12.56:770][995]LogSkeletalMesh: USkeletalMeshComponent::InitArticulated : Bodies already created (/Engine/Transient.World_11:PersistentLevel.AnimationEditorPreviewActor_0.DebugSkelMeshComponent_0) - call TermArticulated first.
[2018.12.03-01.12.57:044][995]LogContentBrowser: Verbose: The majority of assets in the view are of type: AnimSequence
[2018.12.03-01.18.35:452][606]LogSavePackage: Moving '../../../../../../Users/max-c/Documents/GitHub/Violence_Project/Violence_Project/Saved/Crouch_BS79065B084FCF850E89AA4CAD6EFC9CDF.tmp' to '../../../../../../Users/max-c/Documents/GitHub/Violence_Project/Violence_Project/Content/Assets/Character/Crouch_BS.uasset'
[2018.12.03-01.18.37:462][720]LogSlate: Window 'Crouch_BS' being destroyed
[2018.12.03-01.18.37:477][720]LogSlate: Window 'Crouch_BS' being destroyed
[2018.12.03-01.18.43:551][271]LogAssetEditorManager: Opening Asset editor for AnimBlueprint /Game/Assets/Character/BP_CharacterAnim.BP_CharacterAnim
[2018.12.03-01.18.43:664][271]LogActorComponent: RegisterComponentWithWorld: (/Engine/Transient.World_15:PersistentLevel.AnimationEditorPreviewActor_0.DebugSkelMeshComponent_0) Already registered. Aborting.
[2018.12.03-01.18.43:866][271]LogSkeletalMesh: USkeletalMeshComponent::InitArticulated : Bodies already created (/Engine/Transient.World_15:PersistentLevel.AnimationEditorPreviewActor_0.DebugSkelMeshComponent_0) - call TermArticulated first.
[2018.12.03-01.19.09:480][645]LogSlate: Took 0.004680 seconds to synchronously load lazily loaded font '../../../Engine/Content/Slate/Fonts/Roboto-Italic.ttf' (157K)
[2018.12.03-01.19.46:870][548]LogContentBrowser: Verbose: The majority of assets in the view are of type: AnimSequence
[2018.12.03-01.20.18:201][998]BlueprintLog: New page: Compile BP_CharacterAnim
[2018.12.03-01.20.18:216][998]LogBlueprint: Warning: [Compiler BP_CharacterAnim] Idle to Crouch  will never be taken, please connect something to  Can Enter Transition
[2018.12.03-01.20.18:216][998]LogBlueprint: Warning: [Compiler BP_CharacterAnim] Walk/Run to Crouch  will never be taken, please connect something to  Can Enter Transition
[2018.12.03-01.20.18:216][998]LogBlueprint: Warning: [Compiler BP_CharacterAnim] Crouch to Idle  will never be taken, please connect something to  Can Enter Transition
[2018.12.03-01.20.18:216][998]LogBlueprint: Warning: [Compiler BP_CharacterAnim] Crouch to Walk/Run  will never be taken, please connect something to  Can Enter Transition
[2018.12.03-01.20.18:353][998]LogBlueprint: Warning: [Compiler BP_CharacterAnim] [0689.72] Compile of BP_CharacterAnim successful, but with 4 Warning(s) [in 151 ms] (/Game/Assets/Character/BP_CharacterAnim.BP_CharacterAnim)
[2018.12.03-01.20.19:013][ 18]LogSavePackage: Moving '../../../../../../Users/max-c/Documents/GitHub/Violence_Project/Violence_Project/Saved/BP_CharacterAnimB87B75FA4EA14F25BA986BB15A5809D0.tmp' to '../../../../../../Users/max-c/Documents/GitHub/Violence_Project/Violence_Project/Content/Assets/Character/BP_CharacterAnim.uasset'
[2018.12.03-01.20.34:397][ 31]LogSlate: Window 'BP_CharacterAnim' being destroyed
[2018.12.03-01.20.34:414][ 31]LogSlate: Window 'BP_CharacterAnim' being destroyed
[2018.12.03-01.20.41:221][550]LogAssetEditorManager: Opening Asset editor for Blueprint /Game/ThirdPersonBP/Blueprints/ThirdPersonCharacter.ThirdPersonCharacter
[2018.12.03-01.20.59:035][443]LogK2Compiler: Warning: ValidateVariableNames name Crouch (used in /Game/ThirdPersonBP/Blueprints/ThirdPersonCharacter.ThirdPersonCharacter) is already taken by /Script/Engine.Character:Crouch
[2018.12.03-01.21.03:065][633]LogK2Compiler: Warning: ValidateVariableNames name Crouch (used in /Game/ThirdPersonBP/Blueprints/ThirdPersonCharacter.ThirdPersonCharacter) is already taken by /Script/Engine.Character:Crouch
[2018.12.03-01.21.11:955][827]LogK2Compiler: Warning: ValidateVariableNames name Crouch (used in /Game/ThirdPersonBP/Blueprints/ThirdPersonCharacter.ThirdPersonCharacter) is already taken by /Script/Engine.Character:Crouch
[2018.12.03-01.21.21:447][277]LogK2Compiler: Warning: ValidateVariableNames name Crouch (used in /Game/ThirdPersonBP/Blueprints/ThirdPersonCharacter.ThirdPersonCharacter) is already taken by /Script/Engine.Character:Crouch
[2018.12.03-01.21.31:565][746]LogK2Compiler: Warning: ValidateVariableNames name Crouch (used in /Game/ThirdPersonBP/Blueprints/ThirdPersonCharacter.ThirdPersonCharacter) is already taken by /Script/Engine.Character:Crouch
[2018.12.03-01.22.04:684][911]LogSlate: Took 0.003670 seconds to synchronously load lazily loaded font '../../../Engine/Content/Slate/Fonts/Roboto-BoldCondensedItalic.ttf' (160K)
[2018.12.03-01.22.34:066][520]BlueprintLog: New page: Compile ThirdPersonCharacter
[2018.12.03-01.22.35:171][575]LogSavePackage: Moving '../../../../../../Users/max-c/Documents/GitHub/Violence_Project/Violence_Project/Saved/ThirdPersonCharacterAEE7927F400993AE1E417391652D4024.tmp' to '../../../../../../Users/max-c/Documents/GitHub/Violence_Project/Violence_Project/Content/ThirdPersonBP/Blueprints/ThirdPersonCharacter.uasset'
[2018.12.03-01.26.41:278][967]BlueprintLog: New page: Compile ThirdPersonCharacter
[2018.12.03-01.26.42:022][986]LogSavePackage: Moving '../../../../../../Users/max-c/Documents/GitHub/Violence_Project/Violence_Project/Saved/ThirdPersonCharacter83747F344249A207A193C58433538498.tmp' to '../../../../../../Users/max-c/Documents/GitHub/Violence_Project/Violence_Project/Content/ThirdPersonBP/Blueprints/ThirdPersonCharacter.uasset'
[2018.12.03-01.26.43:490][ 80]LogSlate: Window 'ThirdPersonCharacter' being destroyed
[2018.12.03-01.26.43:506][ 80]LogSlate: Window 'ThirdPersonCharacter' being destroyed
[2018.12.03-01.26.59:136][179]LogAssetEditorManager: Opening Asset editor for AnimBlueprint /Game/Assets/Character/BP_CharacterAnim.BP_CharacterAnim
[2018.12.03-01.26.59:241][179]LogActorComponent: RegisterComponentWithWorld: (/Engine/Transient.World_20:PersistentLevel.AnimationEditorPreviewActor_0.DebugSkelMeshComponent_0) Already registered. Aborting.
[2018.12.03-01.26.59:442][179]LogSkeletalMesh: USkeletalMeshComponent::InitArticulated : Bodies already created (/Engine/Transient.World_20:PersistentLevel.AnimationEditorPreviewActor_0.DebugSkelMeshComponent_0) - call TermArticulated first.
[2018.12.03-01.26.59:705][179]LogContentBrowser: Verbose: The majority of assets in the view are of type: AnimSequence
[2018.12.03-01.32.07:914][157]LogEditorTransaction: Undo Paste clipboard contents
[2018.12.03-01.32.07:996][157]LogActorComponent: RegisterComponentWithWorld: (/Engine/Transient.World_20:PersistentLevel.AnimationEditorPreviewActor_0.DebugSkelMeshComponent_0) Already registered. Aborting.
[2018.12.03-01.32.38:425][622]BlueprintLog: New page: Compile BP_CharacterAnim
[2018.12.03-01.32.39:296][647]LogSavePackage: Moving '../../../../../../Users/max-c/Documents/GitHub/Violence_Project/Violence_Project/Saved/BP_CharacterAnim9413A5A64211A46C86DD9EBDC8637F8E.tmp' to '../../../../../../Users/max-c/Documents/GitHub/Violence_Project/Violence_Project/Content/Assets/Character/BP_CharacterAnim.uasset'
[2018.12.03-01.32.41:332][787]LogTemp: Repeating last play command: Selected Viewport
[2018.12.03-01.32.41:345][787]LogBlueprintUserMessages: Early PlayInEditor Detection: Level '/Game/ThirdPersonBP/Maps/ThirdPersonExampleMap.ThirdPersonExampleMap:PersistentLevel' has LevelScriptBlueprint '/Game/ThirdPersonBP/Maps/ThirdPersonExampleMap.ThirdPersonExampleMap:PersistentLevel.ThirdPersonExampleMap' with GeneratedClass '/Game/ThirdPersonBP/Maps/ThirdPersonExampleMap.ThirdPersonExampleMap_C' with ClassGeneratedBy '/Game/ThirdPersonBP/Maps/ThirdPersonExampleMap.ThirdPersonExampleMap:PersistentLevel.ThirdPersonExampleMap'
[2018.12.03-01.32.41:345][787]LogPlayLevel: PlayLevel: No blueprints needed recompiling
[2018.12.03-01.32.41:346][787]PIE: New page: PIE session: ThirdPersonExampleMap (3 Dec 2018 01:32:41)
[2018.12.03-01.32.41:346][787]LogPlayLevel: Creating play world package: /Game/ThirdPersonBP/Maps/UEDPIE_0_ThirdPersonExampleMap
[2018.12.03-01.32.41:354][787]LogPlayLevel: PIE: StaticDuplicateObject took: (0.008491s)
[2018.12.03-01.32.41:355][787]LogAIModule: Creating AISystem for world ThirdPersonExampleMap
[2018.12.03-01.32.41:355][787]LogPlayLevel: PIE: World Init took: (0.000560s)
[2018.12.03-01.32.41:355][787]LogPlayLevel: PIE: Created PIE world by copying editor world from /Game/ThirdPersonBP/Maps/ThirdPersonExampleMap.ThirdPersonExampleMap to /Game/ThirdPersonBP/Maps/UEDPIE_0_ThirdPersonExampleMap.ThirdPersonExampleMap (0.009146s)
[2018.12.03-01.32.41:390][787]LogInit: XAudio2 using 'Speakers (2- USB Audio Device)' : 2 channels at 48 kHz using 16 bits per sample (channel mask 0x3)
[2018.12.03-01.32.41:397][787]LogInit: FAudioDevice initialized.
[2018.12.03-01.32.41:445][787]LogLoad: Game class is 'ThirdPersonGameMode_C'
[2018.12.03-01.32.41:446][787]LogWorld: Bringing World /Game/ThirdPersonBP/Maps/UEDPIE_0_ThirdPersonExampleMap.ThirdPersonExampleMap up for play (max tick rate 0) at 2018.12.03-01.32.41
[2018.12.03-01.32.41:446][787]LogWorld: Bringing up level for play took: 0.001016
[2018.12.03-01.32.41:463][787]PIE: Play in editor start time for /Game/ThirdPersonBP/Maps/UEDPIE_0_ThirdPersonExampleMap 0.334
[2018.12.03-01.32.41:463][787]LogBlueprintUserMessages: Late PlayInEditor Detection: Level '/Game/ThirdPersonBP/Maps/ThirdPersonExampleMap.ThirdPersonExampleMap:PersistentLevel' has LevelScriptBlueprint '/Game/ThirdPersonBP/Maps/ThirdPersonExampleMap.ThirdPersonExampleMap:PersistentLevel.ThirdPersonExampleMap' with GeneratedClass '/Game/ThirdPersonBP/Maps/ThirdPersonExampleMap.ThirdPersonExampleMap_C' with ClassGeneratedBy '/Game/ThirdPersonBP/Maps/ThirdPersonExampleMap.ThirdPersonExampleMap:PersistentLevel.ThirdPersonExampleMap'
[2018.12.03-01.33.01:122][ 78]LogSlate: FSceneViewport::OnFocusLost() reason 2
[2018.12.03-01.33.13:649][201]LogBlueprintUserMessages: Early EndPlayMap Detection: Level '/Game/ThirdPersonBP/Maps/ThirdPersonExampleMap.ThirdPersonExampleMap:PersistentLevel' has LevelScriptBlueprint '/Game/ThirdPersonBP/Maps/ThirdPersonExampleMap.ThirdPersonExampleMap:PersistentLevel.ThirdPersonExampleMap' with GeneratedClass '/Game/ThirdPersonBP/Maps/ThirdPersonExampleMap.ThirdPersonExampleMap_C' with ClassGeneratedBy '/Game/ThirdPersonBP/Maps/ThirdPersonExampleMap.ThirdPersonExampleMap:PersistentLevel.ThirdPersonExampleMap'
[2018.12.03-01.33.13:649][201]LogSlate: Updating window title bar state: overlay mode, drag disabled, window buttons hidden, title bar hidden
[2018.12.03-01.33.13:677][201]LogPlayLevel: Display: Shutting down PIE online subsystems
[2018.12.03-01.33.13:677][201]LogBlueprintUserMessages: Late EndPlayMap Detection: Level '/Game/ThirdPersonBP/Maps/ThirdPersonExampleMap.ThirdPersonExampleMap:PersistentLevel' has LevelScriptBlueprint '/Game/ThirdPersonBP/Maps/ThirdPersonExampleMap.ThirdPersonExampleMap:PersistentLevel.ThirdPersonExampleMap' with GeneratedClass '/Game/ThirdPersonBP/Maps/ThirdPersonExampleMap.ThirdPersonExampleMap_C' with ClassGeneratedBy '/Game/ThirdPersonBP/Maps/ThirdPersonExampleMap.ThirdPersonExampleMap:PersistentLevel.ThirdPersonExampleMap'
[2018.12.03-01.33.13:700][201]LogSlate: Updating window title bar state: overlay mode, drag disabled, window buttons hidden, title bar hidden
[2018.12.03-01.33.13:816][204]LogPlayLevel: Display: Destroying online subsystem :Context_24
[2018.12.03-01.33.18:375][522]LogTemp: Repeating last play command: Selected Viewport
[2018.12.03-01.33.18:389][522]LogBlueprintUserMessages: Early PlayInEditor Detection: Level '/Game/ThirdPersonBP/Maps/ThirdPersonExampleMap.ThirdPersonExampleMap:PersistentLevel' has LevelScriptBlueprint '/Game/ThirdPersonBP/Maps/ThirdPersonExampleMap.ThirdPersonExampleMap:PersistentLevel.ThirdPersonExampleMap' with GeneratedClass '/Game/ThirdPersonBP/Maps/ThirdPersonExampleMap.ThirdPersonExampleMap_C' with ClassGeneratedBy '/Game/ThirdPersonBP/Maps/ThirdPersonExampleMap.ThirdPersonExampleMap:PersistentLevel.ThirdPersonExampleMap'
[2018.12.03-01.33.18:389][522]LogPlayLevel: PlayLevel: No blueprints needed recompiling
[2018.12.03-01.33.18:389][522]PIE: New page: PIE session: ThirdPersonExampleMap (3 Dec 2018 01:33:18)
[2018.12.03-01.33.18:389][522]LogPlayLevel: Creating play world package: /Game/ThirdPersonBP/Maps/UEDPIE_0_ThirdPersonExampleMap
[2018.12.03-01.33.18:396][522]LogPlayLevel: PIE: StaticDuplicateObject took: (0.007513s)
[2018.12.03-01.33.18:397][522]LogAIModule: Creating AISystem for world ThirdPersonExampleMap
[2018.12.03-01.33.18:397][522]LogPlayLevel: PIE: World Init took: (0.000528s)
[2018.12.03-01.33.18:397][522]LogPlayLevel: PIE: Created PIE world by copying editor world from /Game/ThirdPersonBP/Maps/ThirdPersonExampleMap.ThirdPersonExampleMap to /Game/ThirdPersonBP/Maps/UEDPIE_0_ThirdPersonExampleMap.ThirdPersonExampleMap (0.008139s)
[2018.12.03-01.33.18:433][522]LogInit: XAudio2 using 'Speakers (2- USB Audio Device)' : 2 channels at 48 kHz using 16 bits per sample (channel mask 0x3)
[2018.12.03-01.33.18:440][522]LogInit: FAudioDevice initialized.
[2018.12.03-01.33.18:473][522]LogLoad: Game class is 'ThirdPersonGameMode_C'
[2018.12.03-01.33.18:475][522]LogWorld: Bringing World /Game/ThirdPersonBP/Maps/UEDPIE_0_ThirdPersonExampleMap.ThirdPersonExampleMap up for play (max tick rate 0) at 2018.12.03-01.33.18
[2018.12.03-01.33.18:475][522]LogWorld: Bringing up level for play took: 0.000971
[2018.12.03-01.33.18:487][522]PIE: Play in editor start time for /Game/ThirdPersonBP/Maps/UEDPIE_0_ThirdPersonExampleMap -0.641
[2018.12.03-01.33.18:487][522]LogBlueprintUserMessages: Late PlayInEditor Detection: Level '/Game/ThirdPersonBP/Maps/ThirdPersonExampleMap.ThirdPersonExampleMap:PersistentLevel' has LevelScriptBlueprint '/Game/ThirdPersonBP/Maps/ThirdPersonExampleMap.ThirdPersonExampleMap:PersistentLevel.ThirdPersonExampleMap' with GeneratedClass '/Game/ThirdPersonBP/Maps/ThirdPersonExampleMap.ThirdPersonExampleMap_C' with ClassGeneratedBy '/Game/ThirdPersonBP/Maps/ThirdPersonExampleMap.ThirdPersonExampleMap:PersistentLevel.ThirdPersonExampleMap'
[2018.12.03-01.33.31:433][ 56]LogSlate: FSceneViewport::OnFocusLost() reason 2
[2018.12.03-01.33.38:313][461]LogSlate: Window 'BP_CharacterAnim' being destroyed
[2018.12.03-01.33.38:324][461]LogSlate: Window 'BP_CharacterAnim' being destroyed
[2018.12.03-01.34.33:434][711]LogBlueprintUserMessages: Early EndPlayMap Detection: Level '/Game/ThirdPersonBP/Maps/ThirdPersonExampleMap.ThirdPersonExampleMap:PersistentLevel' has LevelScriptBlueprint '/Game/ThirdPersonBP/Maps/ThirdPersonExampleMap.ThirdPersonExampleMap:PersistentLevel.ThirdPersonExampleMap' with GeneratedClass '/Game/ThirdPersonBP/Maps/ThirdPersonExampleMap.ThirdPersonExampleMap_C' with ClassGeneratedBy '/Game/ThirdPersonBP/Maps/ThirdPersonExampleMap.ThirdPersonExampleMap:PersistentLevel.ThirdPersonExampleMap'
[2018.12.03-01.34.33:434][711]LogSlate: Updating window title bar state: overlay mode, drag disabled, window buttons hidden, title bar hidden
[2018.12.03-01.34.33:468][711]LogPlayLevel: Display: Shutting down PIE online subsystems
[2018.12.03-01.34.33:469][711]LogBlueprintUserMessages: Late EndPlayMap Detection: Level '/Game/ThirdPersonBP/Maps/ThirdPersonExampleMap.ThirdPersonExampleMap:PersistentLevel' has LevelScriptBlueprint '/Game/ThirdPersonBP/Maps/ThirdPersonExampleMap.ThirdPersonExampleMap:PersistentLevel.ThirdPersonExampleMap' with GeneratedClass '/Game/ThirdPersonBP/Maps/ThirdPersonExampleMap.ThirdPersonExampleMap_C' with ClassGeneratedBy '/Game/ThirdPersonBP/Maps/ThirdPersonExampleMap.ThirdPersonExampleMap:PersistentLevel.ThirdPersonExampleMap'
[2018.12.03-01.34.33:489][711]LogSlate: Updating window title bar state: overlay mode, drag disabled, window buttons hidden, title bar hidden
[2018.12.03-01.34.33:542][716]LogPlayLevel: Display: Destroying online subsystem :Context_25
[2018.12.03-01.34.37:901][ 94]LogSlate: FSceneViewport::OnFocusLost() reason 0
[2018.12.03-01.34.45:394][441]LogSlate: Window 'Pick Skeleton' being destroyed
[2018.12.03-01.34.45:463][446]LogSlate: FSceneViewport::OnFocusLost() reason 2
[2018.12.03-01.34.55:244][384]LogSavePackage: Moving '../../../../../../Users/max-c/Documents/GitHub/Violence_Project/Violence_Project/Saved/Sprint_BS721D568A4AB5938AECC99B94DEBA8E0A.tmp' to '../../../../../../Users/max-c/Documents/GitHub/Violence_Project/Violence_Project/Content/Assets/Character/Sprint_BS.uasset'
[2018.12.03-01.35.02:051][867]LogAssetEditorManager: Opening Asset editor for BlendSpace /Game/Assets/Character/Sprint_BS.Sprint_BS
[2018.12.03-01.35.02:137][867]LogActorComponent: RegisterComponentWithWorld: (/Engine/Transient.World_22:PersistentLevel.AnimationEditorPreviewActor_0.DebugSkelMeshComponent_0) Already registered. Aborting.
[2018.12.03-01.35.02:175][867]LogSkeletalMesh: USkeletalMeshComponent::InitArticulated : Bodies already created (/Engine/Transient.World_22:PersistentLevel.AnimationEditorPreviewActor_0.DebugSkelMeshComponent_0) - call TermArticulated first.
[2018.12.03-01.35.02:444][867]LogContentBrowser: Verbose: The majority of assets in the view are of type: AnimSequence
[2018.12.03-01.36.02:985][395]LogSlate: FSceneViewport::OnFocusLost() reason 0
[2018.12.03-01.37.23:804][626]LogSlate: FSceneViewport::OnFocusLost() reason 0
[2018.12.03-01.40.56:159][446]LogSavePackage: Moving '../../../../../../Users/max-c/Documents/GitHub/Violence_Project/Violence_Project/Saved/Sprint_BSD189028A4390E16FACD399AD944D9DF4.tmp' to '../../../../../../Users/max-c/Documents/GitHub/Violence_Project/Violence_Project/Content/Assets/Character/Sprint_BS.uasset'
[2018.12.03-01.40.57:329][493]LogSlate: Window 'Sprint_BS' being destroyed
[2018.12.03-01.40.57:347][493]LogSlate: Window 'Sprint_BS' being destroyed
[2018.12.03-01.41.13:027][518]LogAssetEditorManager: Opening Asset editor for Blueprint /Game/ThirdPersonBP/Blueprints/ThirdPersonCharacter.ThirdPersonCharacter
[2018.12.03-01.43.25:237][834]BlueprintLog: New page: Compile ThirdPersonCharacter
[2018.12.03-01.43.26:212][861]LogSavePackage: Moving '../../../../../../Users/max-c/Documents/GitHub/Violence_Project/Violence_Project/Saved/ThirdPersonCharacter477DED534B8CBDA9D9ACC7A94BD5D555.tmp' to '../../../../../../Users/max-c/Documents/GitHub/Violence_Project/Violence_Project/Content/ThirdPersonBP/Blueprints/ThirdPersonCharacter.uasset'
[2018.12.03-01.43.34:953][378]BlueprintLog: New page: Compile ThirdPersonCharacter
[2018.12.03-01.43.35:637][393]LogSavePackage: Moving '../../../../../../Users/max-c/Documents/GitHub/Violence_Project/Violence_Project/Saved/ThirdPersonCharacterBA3DB17B48484938C663DC99F2B12529.tmp' to '../../../../../../Users/max-c/Documents/GitHub/Violence_Project/Violence_Project/Content/ThirdPersonBP/Blueprints/ThirdPersonCharacter.uasset'
[2018.12.03-01.43.37:167][503]LogSlate: Window 'ThirdPersonCharacter' being destroyed
[2018.12.03-01.43.37:185][503]LogSlate: Window 'ThirdPersonCharacter' being destroyed
[2018.12.03-01.43.42:359][820]LogAssetEditorManager: Opening Asset editor for AnimBlueprint /Game/Assets/Character/BP_CharacterAnim.BP_CharacterAnim
[2018.12.03-01.43.42:452][820]LogActorComponent: RegisterComponentWithWorld: (/Engine/Transient.World_26:PersistentLevel.AnimationEditorPreviewActor_0.DebugSkelMeshComponent_0) Already registered. Aborting.
[2018.12.03-01.43.42:650][820]LogSkeletalMesh: USkeletalMeshComponent::InitArticulated : Bodies already created (/Engine/Transient.World_26:PersistentLevel.AnimationEditorPreviewActor_0.DebugSkelMeshComponent_0) - call TermArticulated first.
[2018.12.03-01.43.42:901][820]LogContentBrowser: Verbose: The majority of assets in the view are of type: AnimSequence
[2018.12.03-01.47.41:170][521]BlueprintLog: New page: Compile BP_CharacterAnim
[2018.12.03-01.47.41:191][521]LogBlueprint: Warning: [Compiler BP_CharacterAnim] Walk/Run to Sprint  will never be taken, please connect something to  Can Enter Transition
[2018.12.03-01.47.41:191][521]LogBlueprint: Warning: [Compiler BP_CharacterAnim] Sprint to Walk/Run  will never be taken, please connect something to  Can Enter Transition
[2018.12.03-01.47.41:321][521]LogBlueprint: Warning: [Compiler BP_CharacterAnim] [2332.69] Compile of BP_CharacterAnim successful, but with 2 Warning(s) [in 150 ms] (/Game/Assets/Character/BP_CharacterAnim.BP_CharacterAnim)
[2018.12.03-01.47.42:050][546]LogSavePackage: Moving '../../../../../../Users/max-c/Documents/GitHub/Violence_Project/Violence_Project/Saved/BP_CharacterAnim3E3D1E3A4A8C57BB69FECAB4D37BBF08.tmp' to '../../../../../../Users/max-c/Documents/GitHub/Violence_Project/Violence_Project/Content/Assets/Character/BP_CharacterAnim.uasset'
[2018.12.03-01.48.15:980][515]BlueprintLog: New page: Compile BP_CharacterAnim
[2018.12.03-01.48.16:003][515]LogBlueprint: Warning: [Compiler BP_CharacterAnim] Sprint to Walk/Run  will never be taken, please connect something to  Can Enter Transition
[2018.12.03-01.48.16:119][515]LogBlueprint: Warning: [Compiler BP_CharacterAnim] [2367.49] Compile of BP_CharacterAnim successful, but with 1 Warning(s) [in 138 ms] (/Game/Assets/Character/BP_CharacterAnim.BP_CharacterAnim)
[2018.12.03-01.48.16:773][538]LogSavePackage: Moving '../../../../../../Users/max-c/Documents/GitHub/Violence_Project/Violence_Project/Saved/BP_CharacterAnim6C85C2704BA108ACFC41F4A63414006B.tmp' to '../../../../../../Users/max-c/Documents/GitHub/Violence_Project/Violence_Project/Content/Assets/Character/BP_CharacterAnim.uasset'
[2018.12.03-01.48.45:209][904]BlueprintLog: New page: Compile BP_CharacterAnim
[2018.12.03-01.48.45:873][921]LogSavePackage: Moving '../../../../../../Users/max-c/Documents/GitHub/Violence_Project/Violence_Project/Saved/BP_CharacterAnim9A94435D460F6612DAFF269DA0EA379A.tmp' to '../../../../../../Users/max-c/Documents/GitHub/Violence_Project/Violence_Project/Content/Assets/Character/BP_CharacterAnim.uasset'
[2018.12.03-01.48.47:970][ 29]LogTemp: Repeating last play command: Selected Viewport
[2018.12.03-01.48.47:984][ 29]LogBlueprintUserMessages: Early PlayInEditor Detection: Level '/Game/ThirdPersonBP/Maps/ThirdPersonExampleMap.ThirdPersonExampleMap:PersistentLevel' has LevelScriptBlueprint '/Game/ThirdPersonBP/Maps/ThirdPersonExampleMap.ThirdPersonExampleMap:PersistentLevel.ThirdPersonExampleMap' with GeneratedClass '/Game/ThirdPersonBP/Maps/ThirdPersonExampleMap.ThirdPersonExampleMap_C' with ClassGeneratedBy '/Game/ThirdPersonBP/Maps/ThirdPersonExampleMap.ThirdPersonExampleMap:PersistentLevel.ThirdPersonExampleMap'
[2018.12.03-01.48.47:984][ 29]LogPlayLevel: PlayLevel: No blueprints needed recompiling
[2018.12.03-01.48.47:984][ 29]PIE: New page: PIE session: ThirdPersonExampleMap (3 Dec 2018 01:48:47)
[2018.12.03-01.48.47:984][ 29]LogPlayLevel: Creating play world package: /Game/ThirdPersonBP/Maps/UEDPIE_0_ThirdPersonExampleMap
[2018.12.03-01.48.47:992][ 29]LogPlayLevel: PIE: StaticDuplicateObject took: (0.007709s)
[2018.12.03-01.48.47:992][ 29]LogAIModule: Creating AISystem for world ThirdPersonExampleMap
[2018.12.03-01.48.47:992][ 29]LogPlayLevel: PIE: World Init took: (0.000615s)
[2018.12.03-01.48.47:992][ 29]LogPlayLevel: PIE: Created PIE world by copying editor world from /Game/ThirdPersonBP/Maps/ThirdPersonExampleMap.ThirdPersonExampleMap to /Game/ThirdPersonBP/Maps/UEDPIE_0_ThirdPersonExampleMap.ThirdPersonExampleMap (0.008432s)
[2018.12.03-01.48.48:028][ 29]LogInit: XAudio2 using 'Speakers (2- USB Audio Device)' : 2 channels at 48 kHz using 16 bits per sample (channel mask 0x3)
[2018.12.03-01.48.48:034][ 29]LogInit: FAudioDevice initialized.
[2018.12.03-01.48.48:062][ 29]LogLoad: Game class is 'ThirdPersonGameMode_C'
[2018.12.03-01.48.48:064][ 29]LogWorld: Bringing World /Game/ThirdPersonBP/Maps/UEDPIE_0_ThirdPersonExampleMap.ThirdPersonExampleMap up for play (max tick rate 0) at 2018.12.03-01.48.48
[2018.12.03-01.48.48:064][ 29]LogWorld: Bringing up level for play took: 0.001182
[2018.12.03-01.48.48:077][ 29]PIE: Play in editor start time for /Game/ThirdPersonBP/Maps/UEDPIE_0_ThirdPersonExampleMap 0.948
[2018.12.03-01.48.48:077][ 29]LogBlueprintUserMessages: Late PlayInEditor Detection: Level '/Game/ThirdPersonBP/Maps/ThirdPersonExampleMap.ThirdPersonExampleMap:PersistentLevel' has LevelScriptBlueprint '/Game/ThirdPersonBP/Maps/ThirdPersonExampleMap.ThirdPersonExampleMap:PersistentLevel.ThirdPersonExampleMap' with GeneratedClass '/Game/ThirdPersonBP/Maps/ThirdPersonExampleMap.ThirdPersonExampleMap_C' with ClassGeneratedBy '/Game/ThirdPersonBP/Maps/ThirdPersonExampleMap.ThirdPersonExampleMap:PersistentLevel.ThirdPersonExampleMap'
[2018.12.03-01.48.59:087][341]LogBlueprintUserMessages: Early EndPlayMap Detection: Level '/Game/ThirdPersonBP/Maps/ThirdPersonExampleMap.ThirdPersonExampleMap:PersistentLevel' has LevelScriptBlueprint '/Game/ThirdPersonBP/Maps/ThirdPersonExampleMap.ThirdPersonExampleMap:PersistentLevel.ThirdPersonExampleMap' with GeneratedClass '/Game/ThirdPersonBP/Maps/ThirdPersonExampleMap.ThirdPersonExampleMap_C' with ClassGeneratedBy '/Game/ThirdPersonBP/Maps/ThirdPersonExampleMap.ThirdPersonExampleMap:PersistentLevel.ThirdPersonExampleMap'
[2018.12.03-01.48.59:088][341]LogSlate: Updating window title bar state: overlay mode, drag disabled, window buttons hidden, title bar hidden
[2018.12.03-01.48.59:117][341]LogPlayLevel: Display: Shutting down PIE online subsystems
[2018.12.03-01.48.59:117][341]LogBlueprintUserMessages: Late EndPlayMap Detection: Level '/Game/ThirdPersonBP/Maps/ThirdPersonExampleMap.ThirdPersonExampleMap:PersistentLevel' has LevelScriptBlueprint '/Game/ThirdPersonBP/Maps/ThirdPersonExampleMap.ThirdPersonExampleMap:PersistentLevel.ThirdPersonExampleMap' with GeneratedClass '/Game/ThirdPersonBP/Maps/ThirdPersonExampleMap.ThirdPersonExampleMap_C' with ClassGeneratedBy '/Game/ThirdPersonBP/Maps/ThirdPersonExampleMap.ThirdPersonExampleMap:PersistentLevel.ThirdPersonExampleMap'
[2018.12.03-01.48.59:141][341]LogSlate: Updating window title bar state: overlay mode, drag disabled, window buttons hidden, title bar hidden
[2018.12.03-01.48.59:188][344]LogPlayLevel: Display: Destroying online subsystem :Context_32
[2018.12.03-01.49.05:309][737]LogSlate: FSceneViewport::OnFocusLost() reason 0
[2018.12.03-01.49.43:701][528]BlueprintLog: New page: Compile BP_CharacterAnim
[2018.12.03-01.49.44:540][554]LogSavePackage: Moving '../../../../../../Users/max-c/Documents/GitHub/Violence_Project/Violence_Project/Saved/BP_CharacterAnim4D8861554D2AF100B14F3288086F5B39.tmp' to '../../../../../../Users/max-c/Documents/GitHub/Violence_Project/Violence_Project/Content/Assets/Character/BP_CharacterAnim.uasset'
[2018.12.03-01.49.46:099][638]LogSlate: Window 'BP_CharacterAnim' being destroyed
[2018.12.03-01.49.46:115][638]LogSlate: Window 'BP_CharacterAnim' being destroyed
[2018.12.03-01.49.47:469][676]LogTemp: Repeating last play command: Selected Viewport
[2018.12.03-01.49.47:485][676]LogBlueprintUserMessages: Early PlayInEditor Detection: Level '/Game/ThirdPersonBP/Maps/ThirdPersonExampleMap.ThirdPersonExampleMap:PersistentLevel' has LevelScriptBlueprint '/Game/ThirdPersonBP/Maps/ThirdPersonExampleMap.ThirdPersonExampleMap:PersistentLevel.ThirdPersonExampleMap' with GeneratedClass '/Game/ThirdPersonBP/Maps/ThirdPersonExampleMap.ThirdPersonExampleMap_C' with ClassGeneratedBy '/Game/ThirdPersonBP/Maps/ThirdPersonExampleMap.ThirdPersonExampleMap:PersistentLevel.ThirdPersonExampleMap'
[2018.12.03-01.49.47:485][676]LogPlayLevel: PlayLevel: No blueprints needed recompiling
[2018.12.03-01.49.47:485][676]PIE: New page: PIE session: ThirdPersonExampleMap (3 Dec 2018 01:49:47)
[2018.12.03-01.49.47:485][676]LogPlayLevel: Creating play world package: /Game/ThirdPersonBP/Maps/UEDPIE_0_ThirdPersonExampleMap
[2018.12.03-01.49.47:494][676]LogPlayLevel: PIE: StaticDuplicateObject took: (0.008923s)
[2018.12.03-01.49.47:494][676]LogAIModule: Creating AISystem for world ThirdPersonExampleMap
[2018.12.03-01.49.47:495][676]LogPlayLevel: PIE: World Init took: (0.000508s)
[2018.12.03-01.49.47:495][676]LogPlayLevel: PIE: Created PIE world by copying editor world from /Game/ThirdPersonBP/Maps/ThirdPersonExampleMap.ThirdPersonExampleMap to /Game/ThirdPersonBP/Maps/UEDPIE_0_ThirdPersonExampleMap.ThirdPersonExampleMap (0.009538s)
[2018.12.03-01.49.47:534][676]LogInit: XAudio2 using 'Speakers (2- USB Audio Device)' : 2 channels at 48 kHz using 16 bits per sample (channel mask 0x3)
[2018.12.03-01.49.47:540][676]LogInit: FAudioDevice initialized.
[2018.12.03-01.49.47:575][676]LogLoad: Game class is 'ThirdPersonGameMode_C'
[2018.12.03-01.49.47:581][676]LogWorld: Bringing World /Game/ThirdPersonBP/Maps/UEDPIE_0_ThirdPersonExampleMap.ThirdPersonExampleMap up for play (max tick rate 0) at 2018.12.03-01.49.47
[2018.12.03-01.49.47:582][676]LogWorld: Bringing up level for play took: 0.004529
[2018.12.03-01.49.47:599][676]PIE: Play in editor start time for /Game/ThirdPersonBP/Maps/UEDPIE_0_ThirdPersonExampleMap 0.472
[2018.12.03-01.49.47:600][676]LogBlueprintUserMessages: Late PlayInEditor Detection: Level '/Game/ThirdPersonBP/Maps/ThirdPersonExampleMap.ThirdPersonExampleMap:PersistentLevel' has LevelScriptBlueprint '/Game/ThirdPersonBP/Maps/ThirdPersonExampleMap.ThirdPersonExampleMap:PersistentLevel.ThirdPersonExampleMap' with GeneratedClass '/Game/ThirdPersonBP/Maps/ThirdPersonExampleMap.ThirdPersonExampleMap_C' with ClassGeneratedBy '/Game/ThirdPersonBP/Maps/ThirdPersonExampleMap.ThirdPersonExampleMap:PersistentLevel.ThirdPersonExampleMap'
[2018.12.03-01.50.10:328][392]LogBlueprintUserMessages: Early EndPlayMap Detection: Level '/Game/ThirdPersonBP/Maps/ThirdPersonExampleMap.ThirdPersonExampleMap:PersistentLevel' has LevelScriptBlueprint '/Game/ThirdPersonBP/Maps/ThirdPersonExampleMap.ThirdPersonExampleMap:PersistentLevel.ThirdPersonExampleMap' with GeneratedClass '/Game/ThirdPersonBP/Maps/ThirdPersonExampleMap.ThirdPersonExampleMap_C' with ClassGeneratedBy '/Game/ThirdPersonBP/Maps/ThirdPersonExampleMap.ThirdPersonExampleMap:PersistentLevel.ThirdPersonExampleMap'
[2018.12.03-01.50.10:328][392]LogSlate: Updating window title bar state: overlay mode, drag disabled, window buttons hidden, title bar hidden
[2018.12.03-01.50.10:362][392]LogPlayLevel: Display: Shutting down PIE online subsystems
[2018.12.03-01.50.10:362][392]LogBlueprintUserMessages: Late EndPlayMap Detection: Level '/Game/ThirdPersonBP/Maps/ThirdPersonExampleMap.ThirdPersonExampleMap:PersistentLevel' has LevelScriptBlueprint '/Game/ThirdPersonBP/Maps/ThirdPersonExampleMap.ThirdPersonExampleMap:PersistentLevel.ThirdPersonExampleMap' with GeneratedClass '/Game/ThirdPersonBP/Maps/ThirdPersonExampleMap.ThirdPersonExampleMap_C' with ClassGeneratedBy '/Game/ThirdPersonBP/Maps/ThirdPersonExampleMap.ThirdPersonExampleMap:PersistentLevel.ThirdPersonExampleMap'
[2018.12.03-01.50.10:385][392]LogSlate: Updating window title bar state: overlay mode, drag disabled, window buttons hidden, title bar hidden
[2018.12.03-01.50.10:430][396]LogPlayLevel: Display: Destroying online subsystem :Context_33
[2018.12.03-01.50.12:870][581]LogSlate: FSceneViewport::OnFocusLost() reason 0
[2018.12.03-01.50.12:925][585]LogTemp: Repeating last play command: Selected Viewport
[2018.12.03-01.50.12:938][585]LogBlueprintUserMessages: Early PlayInEditor Detection: Level '/Game/ThirdPersonBP/Maps/ThirdPersonExampleMap.ThirdPersonExampleMap:PersistentLevel' has LevelScriptBlueprint '/Game/ThirdPersonBP/Maps/ThirdPersonExampleMap.ThirdPersonExampleMap:PersistentLevel.ThirdPersonExampleMap' with GeneratedClass '/Game/ThirdPersonBP/Maps/ThirdPersonExampleMap.ThirdPersonExampleMap_C' with ClassGeneratedBy '/Game/ThirdPersonBP/Maps/ThirdPersonExampleMap.ThirdPersonExampleMap:PersistentLevel.ThirdPersonExampleMap'
[2018.12.03-01.50.12:938][585]LogPlayLevel: PlayLevel: No blueprints needed recompiling
[2018.12.03-01.50.12:938][585]PIE: New page: PIE session: ThirdPersonExampleMap (3 Dec 2018 01:50:12)
[2018.12.03-01.50.12:938][585]LogPlayLevel: Creating play world package: /Game/ThirdPersonBP/Maps/UEDPIE_0_ThirdPersonExampleMap
[2018.12.03-01.50.12:946][585]LogPlayLevel: PIE: StaticDuplicateObject took: (0.007421s)
[2018.12.03-01.50.12:946][585]LogAIModule: Creating AISystem for world ThirdPersonExampleMap
[2018.12.03-01.50.12:946][585]LogPlayLevel: PIE: World Init took: (0.000494s)
[2018.12.03-01.50.12:946][585]LogPlayLevel: PIE: Created PIE world by copying editor world from /Game/ThirdPersonBP/Maps/ThirdPersonExampleMap.ThirdPersonExampleMap to /Game/ThirdPersonBP/Maps/UEDPIE_0_ThirdPersonExampleMap.ThirdPersonExampleMap (0.008018s)
[2018.12.03-01.50.12:980][585]LogInit: XAudio2 using 'Speakers (2- USB Audio Device)' : 2 channels at 48 kHz using 16 bits per sample (channel mask 0x3)
[2018.12.03-01.50.12:987][585]LogInit: FAudioDevice initialized.
[2018.12.03-01.50.13:019][585]LogLoad: Game class is 'ThirdPersonGameMode_C'
[2018.12.03-01.50.13:021][585]LogWorld: Bringing World /Game/ThirdPersonBP/Maps/UEDPIE_0_ThirdPersonExampleMap.ThirdPersonExampleMap up for play (max tick rate 0) at 2018.12.03-01.50.13
[2018.12.03-01.50.13:021][585]LogWorld: Bringing up level for play took: 0.000994
[2018.12.03-01.50.13:034][585]PIE: Play in editor start time for /Game/ThirdPersonBP/Maps/UEDPIE_0_ThirdPersonExampleMap -0.094
[2018.12.03-01.50.13:034][585]LogBlueprintUserMessages: Late PlayInEditor Detection: Level '/Game/ThirdPersonBP/Maps/ThirdPersonExampleMap.ThirdPersonExampleMap:PersistentLevel' has LevelScriptBlueprint '/Game/ThirdPersonBP/Maps/ThirdPersonExampleMap.ThirdPersonExampleMap:PersistentLevel.ThirdPersonExampleMap' with GeneratedClass '/Game/ThirdPersonBP/Maps/ThirdPersonExampleMap.ThirdPersonExampleMap_C' with ClassGeneratedBy '/Game/ThirdPersonBP/Maps/ThirdPersonExampleMap.ThirdPersonExampleMap:PersistentLevel.ThirdPersonExampleMap'
[2018.12.03-01.51.37:854][927]LogBlueprintUserMessages: Early EndPlayMap Detection: Level '/Game/ThirdPersonBP/Maps/ThirdPersonExampleMap.ThirdPersonExampleMap:PersistentLevel' has LevelScriptBlueprint '/Game/ThirdPersonBP/Maps/ThirdPersonExampleMap.ThirdPersonExampleMap:PersistentLevel.ThirdPersonExampleMap' with GeneratedClass '/Game/ThirdPersonBP/Maps/ThirdPersonExampleMap.ThirdPersonExampleMap_C' with ClassGeneratedBy '/Game/ThirdPersonBP/Maps/ThirdPersonExampleMap.ThirdPersonExampleMap:PersistentLevel.ThirdPersonExampleMap'
[2018.12.03-01.51.37:855][927]LogSlate: Updating window title bar state: overlay mode, drag disabled, window buttons hidden, title bar hidden
[2018.12.03-01.51.37:884][927]LogPlayLevel: Display: Shutting down PIE online subsystems
[2018.12.03-01.51.37:884][927]LogBlueprintUserMessages: Late EndPlayMap Detection: Level '/Game/ThirdPersonBP/Maps/ThirdPersonExampleMap.ThirdPersonExampleMap:PersistentLevel' has LevelScriptBlueprint '/Game/ThirdPersonBP/Maps/ThirdPersonExampleMap.ThirdPersonExampleMap:PersistentLevel.ThirdPersonExampleMap' with GeneratedClass '/Game/ThirdPersonBP/Maps/ThirdPersonExampleMap.ThirdPersonExampleMap_C' with ClassGeneratedBy '/Game/ThirdPersonBP/Maps/ThirdPersonExampleMap.ThirdPersonExampleMap:PersistentLevel.ThirdPersonExampleMap'
[2018.12.03-01.51.37:906][927]LogSlate: Updating window title bar state: overlay mode, drag disabled, window buttons hidden, title bar hidden
[2018.12.03-01.51.37:959][932]LogPlayLevel: Display: Destroying online subsystem :Context_34
[2018.12.03-01.51.39:333][ 31]LogSlate: FSceneViewport::OnFocusLost() reason 0
[2018.12.03-01.51.39:451][ 38]LogAssetEditorManager: Opening Asset editor for BlendSpace /Game/Assets/Character/Sprint_BS.Sprint_BS
[2018.12.03-01.51.39:547][ 38]LogActorComponent: RegisterComponentWithWorld: (/Engine/Transient.World_28:PersistentLevel.AnimationEditorPreviewActor_0.DebugSkelMeshComponent_0) Already registered. Aborting.
[2018.12.03-01.51.39:589][ 38]LogSkeletalMesh: USkeletalMeshComponent::InitArticulated : Bodies already created (/Engine/Transient.World_28:PersistentLevel.AnimationEditorPreviewActor_0.DebugSkelMeshComponent_0) - call TermArticulated first.
[2018.12.03-01.51.39:888][ 38]LogContentBrowser: Verbose: The majority of assets in the view are of type: AnimSequence
[2018.12.03-01.51.48:585][497]LogSavePackage: Moving '../../../../../../Users/max-c/Documents/GitHub/Violence_Project/Violence_Project/Saved/Sprint_BSB11C7AE14B895599DD7FBABFA492726E.tmp' to '../../../../../../Users/max-c/Documents/GitHub/Violence_Project/Violence_Project/Content/Assets/Character/Sprint_BS.uasset'
[2018.12.03-01.51.49:606][548]LogSlate: Window 'Sprint_BS' being destroyed
[2018.12.03-01.51.49:624][548]LogSlate: Window 'Sprint_BS' being destroyed
[2018.12.03-01.51.52:073][671]LogAssetEditorManager: Opening Asset editor for BlendSpace /Game/Assets/Character/Crouch_BS.Crouch_BS
[2018.12.03-01.51.52:171][671]LogActorComponent: RegisterComponentWithWorld: (/Engine/Transient.World_30:PersistentLevel.AnimationEditorPreviewActor_0.DebugSkelMeshComponent_0) Already registered. Aborting.
[2018.12.03-01.51.52:225][671]LogSkeletalMesh: USkeletalMeshComponent::InitArticulated : Bodies already created (/Engine/Transient.World_30:PersistentLevel.AnimationEditorPreviewActor_0.DebugSkelMeshComponent_0) - call TermArticulated first.
[2018.12.03-01.51.52:528][671]LogContentBrowser: Verbose: The majority of assets in the view are of type: AnimSequence
[2018.12.03-01.51.58:085][904]LogSavePackage: Moving '../../../../../../Users/max-c/Documents/GitHub/Violence_Project/Violence_Project/Saved/Crouch_BS8C841AA245C2BB7C9F9359B53369294D.tmp' to '../../../../../../Users/max-c/Documents/GitHub/Violence_Project/Violence_Project/Content/Assets/Character/Crouch_BS.uasset'
[2018.12.03-01.51.59:230][970]LogSlate: Window 'Crouch_BS' being destroyed
[2018.12.03-01.51.59:247][970]LogSlate: Window 'Crouch_BS' being destroyed
[2018.12.03-01.51.59:720][  4]LogEditorViewport: Clicking on Actor (LMB): StaticMeshActor (Floor)
[2018.12.03-01.52.01:160][115]LogSlate: FSceneViewport::OnFocusLost() reason 0
[2018.12.03-01.52.01:160][115]LogTemp: Repeating last play command: Selected Viewport
[2018.12.03-01.52.01:174][115]LogBlueprintUserMessages: Early PlayInEditor Detection: Level '/Game/ThirdPersonBP/Maps/ThirdPersonExampleMap.ThirdPersonExampleMap:PersistentLevel' has LevelScriptBlueprint '/Game/ThirdPersonBP/Maps/ThirdPersonExampleMap.ThirdPersonExampleMap:PersistentLevel.ThirdPersonExampleMap' with GeneratedClass '/Game/ThirdPersonBP/Maps/ThirdPersonExampleMap.ThirdPersonExampleMap_C' with ClassGeneratedBy '/Game/ThirdPersonBP/Maps/ThirdPersonExampleMap.ThirdPersonExampleMap:PersistentLevel.ThirdPersonExampleMap'
[2018.12.03-01.52.01:174][115]LogPlayLevel: PlayLevel: No blueprints needed recompiling
[2018.12.03-01.52.01:174][115]PIE: New page: PIE session: ThirdPersonExampleMap (3 Dec 2018 01:52:01)
[2018.12.03-01.52.01:174][115]LogPlayLevel: Creating play world package: /Game/ThirdPersonBP/Maps/UEDPIE_0_ThirdPersonExampleMap
[2018.12.03-01.52.01:183][115]LogPlayLevel: PIE: StaticDuplicateObject took: (0.008384s)
[2018.12.03-01.52.01:183][115]LogAIModule: Creating AISystem for world ThirdPersonExampleMap
[2018.12.03-01.52.01:183][115]LogPlayLevel: PIE: World Init took: (0.000560s)
[2018.12.03-01.52.01:184][115]LogPlayLevel: PIE: Created PIE world by copying editor world from /Game/ThirdPersonBP/Maps/ThirdPersonExampleMap.ThirdPersonExampleMap to /Game/ThirdPersonBP/Maps/UEDPIE_0_ThirdPersonExampleMap.ThirdPersonExampleMap (0.009072s)
[2018.12.03-01.52.01:221][115]LogInit: XAudio2 using 'Speakers (2- USB Audio Device)' : 2 channels at 48 kHz using 16 bits per sample (channel mask 0x3)
[2018.12.03-01.52.01:227][115]LogInit: FAudioDevice initialized.
[2018.12.03-01.52.01:256][115]LogLoad: Game class is 'ThirdPersonGameMode_C'
[2018.12.03-01.52.01:258][115]LogWorld: Bringing World /Game/ThirdPersonBP/Maps/UEDPIE_0_ThirdPersonExampleMap.ThirdPersonExampleMap up for play (max tick rate 0) at 2018.12.03-01.52.01
[2018.12.03-01.52.01:258][115]LogWorld: Bringing up level for play took: 0.001004
[2018.12.03-01.52.01:271][115]PIE: Play in editor start time for /Game/ThirdPersonBP/Maps/UEDPIE_0_ThirdPersonExampleMap 0.142
[2018.12.03-01.52.01:271][115]LogBlueprintUserMessages: Late PlayInEditor Detection: Level '/Game/ThirdPersonBP/Maps/ThirdPersonExampleMap.ThirdPersonExampleMap:PersistentLevel' has LevelScriptBlueprint '/Game/ThirdPersonBP/Maps/ThirdPersonExampleMap.ThirdPersonExampleMap:PersistentLevel.ThirdPersonExampleMap' with GeneratedClass '/Game/ThirdPersonBP/Maps/ThirdPersonExampleMap.ThirdPersonExampleMap_C' with ClassGeneratedBy '/Game/ThirdPersonBP/Maps/ThirdPersonExampleMap.ThirdPersonExampleMap:PersistentLevel.ThirdPersonExampleMap'
[2018.12.03-01.52.35:937][215]LogBlueprintUserMessages: Early EndPlayMap Detection: Level '/Game/ThirdPersonBP/Maps/ThirdPersonExampleMap.ThirdPersonExampleMap:PersistentLevel' has LevelScriptBlueprint '/Game/ThirdPersonBP/Maps/ThirdPersonExampleMap.ThirdPersonExampleMap:PersistentLevel.ThirdPersonExampleMap' with GeneratedClass '/Game/ThirdPersonBP/Maps/ThirdPersonExampleMap.ThirdPersonExampleMap_C' with ClassGeneratedBy '/Game/ThirdPersonBP/Maps/ThirdPersonExampleMap.ThirdPersonExampleMap:PersistentLevel.ThirdPersonExampleMap'
[2018.12.03-01.52.35:937][215]LogSlate: Updating window title bar state: overlay mode, drag disabled, window buttons hidden, title bar hidden
[2018.12.03-01.52.35:970][215]LogPlayLevel: Display: Shutting down PIE online subsystems
[2018.12.03-01.52.35:970][215]LogBlueprintUserMessages: Late EndPlayMap Detection: Level '/Game/ThirdPersonBP/Maps/ThirdPersonExampleMap.ThirdPersonExampleMap:PersistentLevel' has LevelScriptBlueprint '/Game/ThirdPersonBP/Maps/ThirdPersonExampleMap.ThirdPersonExampleMap:PersistentLevel.ThirdPersonExampleMap' with GeneratedClass '/Game/ThirdPersonBP/Maps/ThirdPersonExampleMap.ThirdPersonExampleMap_C' with ClassGeneratedBy '/Game/ThirdPersonBP/Maps/ThirdPersonExampleMap.ThirdPersonExampleMap:PersistentLevel.ThirdPersonExampleMap'
[2018.12.03-01.52.35:994][215]LogSlate: Updating window title bar state: overlay mode, drag disabled, window buttons hidden, title bar hidden
[2018.12.03-01.52.36:038][219]LogPlayLevel: Display: Destroying online subsystem :Context_40
[2018.12.03-01.52.37:927][327]LogSlate: FSceneViewport::OnFocusLost() reason 0
[2018.12.03-01.52.37:927][327]LogTemp: Repeating last play command: Selected Viewport
[2018.12.03-01.52.37:940][327]LogBlueprintUserMessages: Early PlayInEditor Detection: Level '/Game/ThirdPersonBP/Maps/ThirdPersonExampleMap.ThirdPersonExampleMap:PersistentLevel' has LevelScriptBlueprint '/Game/ThirdPersonBP/Maps/ThirdPersonExampleMap.ThirdPersonExampleMap:PersistentLevel.ThirdPersonExampleMap' with GeneratedClass '/Game/ThirdPersonBP/Maps/ThirdPersonExampleMap.ThirdPersonExampleMap_C' with ClassGeneratedBy '/Game/ThirdPersonBP/Maps/ThirdPersonExampleMap.ThirdPersonExampleMap:PersistentLevel.ThirdPersonExampleMap'
[2018.12.03-01.52.37:940][327]LogPlayLevel: PlayLevel: No blueprints needed recompiling
[2018.12.03-01.52.37:940][327]PIE: New page: PIE session: ThirdPersonExampleMap (3 Dec 2018 01:52:37)
[2018.12.03-01.52.37:940][327]LogPlayLevel: Creating play world package: /Game/ThirdPersonBP/Maps/UEDPIE_0_ThirdPersonExampleMap
[2018.12.03-01.52.37:947][327]LogPlayLevel: PIE: StaticDuplicateObject took: (0.007056s)
[2018.12.03-01.52.37:948][327]LogAIModule: Creating AISystem for world ThirdPersonExampleMap
[2018.12.03-01.52.37:948][327]LogPlayLevel: PIE: World Init took: (0.000541s)
[2018.12.03-01.52.37:948][327]LogPlayLevel: PIE: Created PIE world by copying editor world from /Game/ThirdPersonBP/Maps/ThirdPersonExampleMap.ThirdPersonExampleMap to /Game/ThirdPersonBP/Maps/UEDPIE_0_ThirdPersonExampleMap.ThirdPersonExampleMap (0.007697s)
[2018.12.03-01.52.37:982][327]LogInit: XAudio2 using 'Speakers (2- USB Audio Device)' : 2 channels at 48 kHz using 16 bits per sample (channel mask 0x3)
[2018.12.03-01.52.37:988][327]LogInit: FAudioDevice initialized.
[2018.12.03-01.52.38:022][327]LogLoad: Game class is 'ThirdPersonGameMode_C'
[2018.12.03-01.52.38:027][327]LogWorld: Bringing World /Game/ThirdPersonBP/Maps/UEDPIE_0_ThirdPersonExampleMap.ThirdPersonExampleMap up for play (max tick rate 0) at 2018.12.03-01.52.38
[2018.12.03-01.52.38:028][327]LogWorld: Bringing up level for play took: 0.003435
[2018.12.03-01.52.38:042][327]PIE: Play in editor start time for /Game/ThirdPersonBP/Maps/UEDPIE_0_ThirdPersonExampleMap 0.913
[2018.12.03-01.52.38:042][327]LogBlueprintUserMessages: Late PlayInEditor Detection: Level '/Game/ThirdPersonBP/Maps/ThirdPersonExampleMap.ThirdPersonExampleMap:PersistentLevel' has LevelScriptBlueprint '/Game/ThirdPersonBP/Maps/ThirdPersonExampleMap.ThirdPersonExampleMap:PersistentLevel.ThirdPersonExampleMap' with GeneratedClass '/Game/ThirdPersonBP/Maps/ThirdPersonExampleMap.ThirdPersonExampleMap_C' with ClassGeneratedBy '/Game/ThirdPersonBP/Maps/ThirdPersonExampleMap.ThirdPersonExampleMap:PersistentLevel.ThirdPersonExampleMap'
[2018.12.03-01.52.41:587][735]LogBlueprintUserMessages: Early EndPlayMap Detection: Level '/Game/ThirdPersonBP/Maps/ThirdPersonExampleMap.ThirdPersonExampleMap:PersistentLevel' has LevelScriptBlueprint '/Game/ThirdPersonBP/Maps/ThirdPersonExampleMap.ThirdPersonExampleMap:PersistentLevel.ThirdPersonExampleMap' with GeneratedClass '/Game/ThirdPersonBP/Maps/ThirdPersonExampleMap.ThirdPersonExampleMap_C' with ClassGeneratedBy '/Game/ThirdPersonBP/Maps/ThirdPersonExampleMap.ThirdPersonExampleMap:PersistentLevel.ThirdPersonExampleMap'
[2018.12.03-01.52.41:587][735]LogSlate: Updating window title bar state: overlay mode, drag disabled, window buttons hidden, title bar hidden
[2018.12.03-01.52.41:620][735]LogPlayLevel: Display: Shutting down PIE online subsystems
[2018.12.03-01.52.41:620][735]LogBlueprintUserMessages: Late EndPlayMap Detection: Level '/Game/ThirdPersonBP/Maps/ThirdPersonExampleMap.ThirdPersonExampleMap:PersistentLevel' has LevelScriptBlueprint '/Game/ThirdPersonBP/Maps/ThirdPersonExampleMap.ThirdPersonExampleMap:PersistentLevel.ThirdPersonExampleMap' with GeneratedClass '/Game/ThirdPersonBP/Maps/ThirdPersonExampleMap.ThirdPersonExampleMap_C' with ClassGeneratedBy '/Game/ThirdPersonBP/Maps/ThirdPersonExampleMap.ThirdPersonExampleMap:PersistentLevel.ThirdPersonExampleMap'
[2018.12.03-01.52.41:665][735]LogSlate: Updating window title bar state: overlay mode, drag disabled, window buttons hidden, title bar hidden
[2018.12.03-01.52.41:693][737]LogPlayLevel: Display: Destroying online subsystem :Context_41
[2018.12.03-01.52.44:044][899]LogSlate: FSceneViewport::OnFocusLost() reason 0
[2018.12.03-01.52.44:205][909]LogAssetEditorManager: Opening Asset editor for BlendSpace /Game/Assets/Character/Crouch_BS.Crouch_BS
[2018.12.03-01.52.44:290][909]LogActorComponent: RegisterComponentWithWorld: (/Engine/Transient.World_33:PersistentLevel.AnimationEditorPreviewActor_0.DebugSkelMeshComponent_0) Already registered. Aborting.
[2018.12.03-01.52.44:326][909]LogSkeletalMesh: USkeletalMeshComponent::InitArticulated : Bodies already created (/Engine/Transient.World_33:PersistentLevel.AnimationEditorPreviewActor_0.DebugSkelMeshComponent_0) - call TermArticulated first.
[2018.12.03-01.52.44:630][909]LogContentBrowser: Verbose: The majority of assets in the view are of type: AnimSequence
[2018.12.03-01.54.27:036][518]LogSavePackage: Moving '../../../../../../Users/max-c/Documents/GitHub/Violence_Project/Violence_Project/Saved/Crouch_BS31BC73DD4A60FF980C32C2902F6627F7.tmp' to '../../../../../../Users/max-c/Documents/GitHub/Violence_Project/Violence_Project/Content/Assets/Character/Crouch_BS.uasset'
[2018.12.03-01.54.28:253][585]LogSlate: Window 'Crouch_BS' being destroyed
[2018.12.03-01.54.28:270][585]LogSlate: Window 'Crouch_BS' being destroyed
[2018.12.03-01.54.31:284][861]LogTemp: Repeating last play command: Selected Viewport
[2018.12.03-01.54.31:298][861]LogBlueprintUserMessages: Early PlayInEditor Detection: Level '/Game/ThirdPersonBP/Maps/ThirdPersonExampleMap.ThirdPersonExampleMap:PersistentLevel' has LevelScriptBlueprint '/Game/ThirdPersonBP/Maps/ThirdPersonExampleMap.ThirdPersonExampleMap:PersistentLevel.ThirdPersonExampleMap' with GeneratedClass '/Game/ThirdPersonBP/Maps/ThirdPersonExampleMap.ThirdPersonExampleMap_C' with ClassGeneratedBy '/Game/ThirdPersonBP/Maps/ThirdPersonExampleMap.ThirdPersonExampleMap:PersistentLevel.ThirdPersonExampleMap'
[2018.12.03-01.54.31:298][861]LogPlayLevel: PlayLevel: No blueprints needed recompiling
[2018.12.03-01.54.31:299][861]PIE: New page: PIE session: ThirdPersonExampleMap (3 Dec 2018 01:54:31)
[2018.12.03-01.54.31:299][861]LogPlayLevel: Creating play world package: /Game/ThirdPersonBP/Maps/UEDPIE_0_ThirdPersonExampleMap
[2018.12.03-01.54.31:307][861]LogPlayLevel: PIE: StaticDuplicateObject took: (0.008347s)
[2018.12.03-01.54.31:307][861]LogAIModule: Creating AISystem for world ThirdPersonExampleMap
[2018.12.03-01.54.31:308][861]LogPlayLevel: PIE: World Init took: (0.000560s)
[2018.12.03-01.54.31:308][861]LogPlayLevel: PIE: Created PIE world by copying editor world from /Game/ThirdPersonBP/Maps/ThirdPersonExampleMap.ThirdPersonExampleMap to /Game/ThirdPersonBP/Maps/UEDPIE_0_ThirdPersonExampleMap.ThirdPersonExampleMap (0.009023s)
[2018.12.03-01.54.31:348][861]LogInit: XAudio2 using 'Speakers (2- USB Audio Device)' : 2 channels at 48 kHz using 16 bits per sample (channel mask 0x3)
[2018.12.03-01.54.31:354][861]LogInit: FAudioDevice initialized.
[2018.12.03-01.54.31:380][861]LogLoad: Game class is 'ThirdPersonGameMode_C'
[2018.12.03-01.54.31:382][861]LogWorld: Bringing World /Game/ThirdPersonBP/Maps/UEDPIE_0_ThirdPersonExampleMap.ThirdPersonExampleMap up for play (max tick rate 0) at 2018.12.03-01.54.31
[2018.12.03-01.54.31:382][861]LogWorld: Bringing up level for play took: 0.001045
[2018.12.03-01.54.31:395][861]PIE: Play in editor start time for /Game/ThirdPersonBP/Maps/UEDPIE_0_ThirdPersonExampleMap 0.267
[2018.12.03-01.54.31:395][861]LogBlueprintUserMessages: Late PlayInEditor Detection: Level '/Game/ThirdPersonBP/Maps/ThirdPersonExampleMap.ThirdPersonExampleMap:PersistentLevel' has LevelScriptBlueprint '/Game/ThirdPersonBP/Maps/ThirdPersonExampleMap.ThirdPersonExampleMap:PersistentLevel.ThirdPersonExampleMap' with GeneratedClass '/Game/ThirdPersonBP/Maps/ThirdPersonExampleMap.ThirdPersonExampleMap_C' with ClassGeneratedBy '/Game/ThirdPersonBP/Maps/ThirdPersonExampleMap.ThirdPersonExampleMap:PersistentLevel.ThirdPersonExampleMap'
[2018.12.03-01.54.34:654][243]LogBlueprintUserMessages: Early EndPlayMap Detection: Level '/Game/ThirdPersonBP/Maps/ThirdPersonExampleMap.ThirdPersonExampleMap:PersistentLevel' has LevelScriptBlueprint '/Game/ThirdPersonBP/Maps/ThirdPersonExampleMap.ThirdPersonExampleMap:PersistentLevel.ThirdPersonExampleMap' with GeneratedClass '/Game/ThirdPersonBP/Maps/ThirdPersonExampleMap.ThirdPersonExampleMap_C' with ClassGeneratedBy '/Game/ThirdPersonBP/Maps/ThirdPersonExampleMap.ThirdPersonExampleMap:PersistentLevel.ThirdPersonExampleMap'
[2018.12.03-01.54.34:655][243]LogSlate: Updating window title bar state: overlay mode, drag disabled, window buttons hidden, title bar hidden
[2018.12.03-01.54.34:686][243]LogPlayLevel: Display: Shutting down PIE online subsystems
[2018.12.03-01.54.34:686][243]LogBlueprintUserMessages: Late EndPlayMap Detection: Level '/Game/ThirdPersonBP/Maps/ThirdPersonExampleMap.ThirdPersonExampleMap:PersistentLevel' has LevelScriptBlueprint '/Game/ThirdPersonBP/Maps/ThirdPersonExampleMap.ThirdPersonExampleMap:PersistentLevel.ThirdPersonExampleMap' with GeneratedClass '/Game/ThirdPersonBP/Maps/ThirdPersonExampleMap.ThirdPersonExampleMap_C' with ClassGeneratedBy '/Game/ThirdPersonBP/Maps/ThirdPersonExampleMap.ThirdPersonExampleMap:PersistentLevel.ThirdPersonExampleMap'
[2018.12.03-01.54.34:709][243]LogSlate: Updating window title bar state: overlay mode, drag disabled, window buttons hidden, title bar hidden
[2018.12.03-01.54.34:758][246]LogPlayLevel: Display: Destroying online subsystem :Context_45
[2018.12.03-01.55.06:276][382]LogSavePackage: Moving '../../../../../../Users/max-c/Documents/GitHub/Violence_Project/Violence_Project/Saved/ThirdPersonExampleMap_Auto115E8B847455047B7FDAB8590F76ECD95.tmp' to '../../../../../../Users/max-c/Documents/GitHub/Violence_Project/Violence_Project/Saved/Autosaves/Game/ThirdPersonBP/Maps/ThirdPersonExampleMap_Auto1.umap'
[2018.12.03-01.55.06:281][382]LogFileHelpers: Editor autosave (incl. sublevels) for '/Game/ThirdPersonBP/Maps/ThirdPersonExampleMap' took 0.168
[2018.12.03-01.55.06:281][382]LogFileHelpers: Editor autosave (incl. sublevels) for all levels took 0.168
