Log file open, 12/03/18 03:58:48
LogWindows: Failed to load 'aqProf.dll' (GetLastError=126)
LogWindows: File 'aqProf.dll' does not exist
LogWindows: Failed to load 'VSPerf140.dll' (GetLastError=126)
LogWindows: File 'VSPerf140.dll' does not exist
LogWindows: Failed to load 'VtuneApi.dll' (GetLastError=126)
LogWindows: File 'VtuneApi.dll' does not exist
LogWindows: Failed to load 'VtuneApi32e.dll' (GetLastError=126)
LogWindows: File 'VtuneApi32e.dll' does not exist
LogInit: Display: Running engine for game: Violence_Project
LogPlatformFile: Not using cached read wrapper
LogTaskGraph: Started task graph with 5 named threads and 35 total threads with 3 sets of task threads.
LogStats: Stats thread started at 0.395439
LogD3D11RHI: Loaded GFSDK_Aftermath_Lib.x64.dll
LogICUInternationalization: Display: ICU TimeZone Detection - Raw Offset: +0:00, Platform Override: ''
LogPluginManager: Mounting plugin Paper2D
LogPluginManager: Mounting plugin AISupport
LogPluginManager: Mounting plugin LightPropagationVolume
LogPluginManager: Mounting plugin CLionSourceCodeAccess
LogPluginManager: Mounting plugin CodeLiteSourceCodeAccess
LogPluginManager: Mounting plugin GitSourceControl
LogPluginManager: Mounting plugin KDevelopSourceCodeAccess
LogPluginManager: Mounting plugin NullSourceCodeAccess
LogPluginManager: Mounting plugin PerforceSourceControl
LogPluginManager: Mounting plugin SubversionSourceControl
LogPluginManager: Mounting plugin UObjectPlugin
LogPluginManager: Mounting plugin VisualStudioCodeSourceCodeAccess
LogPluginManager: Mounting plugin VisualStudioSourceCodeAccess
LogPluginManager: Mounting plugin XCodeSourceCodeAccess
LogPluginManager: Mounting plugin AssetManagerEditor
LogPluginManager: Mounting plugin CryptoKeys
LogPluginManager: Mounting plugin DataValidation
LogPluginManager: Mounting plugin FacialAnimation
LogPluginManager: Mounting plugin GameplayTagsEditor
LogPluginManager: Mounting plugin MacGraphicsSwitching
LogPluginManager: Mounting plugin MeshEditor
LogPluginManager: Mounting plugin MobileLauncherProfileWizard
LogPluginManager: Mounting plugin PluginBrowser
LogPluginManager: Mounting plugin SpeedTreeImporter
LogPluginManager: Mounting plugin DatasmithContent
LogPluginManager: Mounting plugin AlembicImporter
LogPluginManager: Mounting plugin AppleImageUtils
LogPluginManager: Mounting plugin AppleVision
LogPluginManager: Mounting plugin BackChannel
LogPluginManager: Mounting plugin CharacterAI
LogPluginManager: Mounting plugin GeometryCache
LogPluginManager: Mounting plugin HTML5Networking
LogPluginManager: Mounting plugin ProxyLODPlugin
LogPluginManager: Mounting plugin MagicLeap
LogPluginManager: Mounting plugin MagicLeapEmulator
LogPluginManager: Mounting plugin MagicLeapMedia
LogPluginManager: Mounting plugin AndroidMedia
LogPluginManager: Mounting plugin AvfMedia
LogPluginManager: Mounting plugin ImgMedia
LogPluginManager: Mounting plugin LinearTimecode
LogPluginManager: Mounting plugin MediaCompositing
LogPluginManager: Mounting plugin MediaPlayerEditor
LogPluginManager: Mounting plugin WmfMedia
LogPluginManager: Mounting plugin TcpMessaging
LogPluginManager: Mounting plugin UdpMessaging
LogPluginManager: Mounting plugin ActorSequence
LogPluginManager: Mounting plugin LevelSequenceEditor
LogPluginManager: Mounting plugin MatineeToLevelSequence
LogPluginManager: Mounting plugin NetcodeUnitTest
LogPluginManager: Mounting plugin NUTUnrealEngine4
LogPluginManager: Mounting plugin OnlineSubsystemGooglePlay
LogPluginManager: Mounting plugin OnlineSubsystemIOS
LogPluginManager: Mounting plugin OnlineSubsystem
LogPluginManager: Mounting plugin OnlineSubsystemNull
LogPluginManager: Mounting plugin OnlineSubsystemUtils
LogPluginManager: Mounting plugin LauncherChunkInstaller
LogPluginManager: Mounting plugin AndroidDeviceProfileSelector
LogPluginManager: Mounting plugin AndroidMoviePlayer
LogPluginManager: Mounting plugin AndroidPermission
LogPluginManager: Mounting plugin AppleMoviePlayer
LogPluginManager: Mounting plugin ArchVisCharacter
LogPluginManager: Mounting plugin AudioCapture
LogPluginManager: Mounting plugin CableComponent
LogPluginManager: Mounting plugin CustomMeshComponent
LogPluginManager: Mounting plugin EditableMesh
LogPluginManager: Mounting plugin ExampleDeviceProfileSelector
LogPluginManager: Mounting plugin GoogleCloudMessaging
LogPluginManager: Mounting plugin ImmediatePhysics
LogPluginManager: Mounting plugin IOSDeviceProfileSelector
LogPluginManager: Mounting plugin LinuxDeviceProfileSelector
LogPluginManager: Mounting plugin LocationServicesBPLibrary
LogPluginManager: Mounting plugin MobilePatchingUtils
LogPluginManager: Mounting plugin OculusVR
LogPluginManager: Plugin shader directory ../../../Engine/Plugins/Runtime/Oculus/OculusVR/Shaders found
LogPluginManager: Mapping shader source directory ../../../Engine/Plugins/Runtime/Oculus/OculusVR/Shaders to virtual directory /Plugin/OculusVR
LogPluginManager: Mounting plugin PhysXVehicles
LogPluginManager: Mounting plugin ProceduralMeshComponent
LogPluginManager: Mounting plugin RuntimePhysXCooking
LogPluginManager: Mounting plugin SteamVR
LogPluginManager: Mounting plugin WindowsMoviePlayer
LogStreaming: Display: Took  0.082s to configure plugins.
LogInit: Warning: Incompatible or missing module: Violence_Project
Running C:/Program Files/Epic Games/UE_4.20/Engine/Binaries/DotNET/UnrealBuildTool.exe Development Win64 -Project="C:/Users/max-c/Documents/GitHub/Violence_Project/Violence_Project/Violence_Project.uproject" -TargetType=Editor -Progress -NoHotReloadFromIDE
Performing full C++ include scan (building a new target)
Using 'git status' to determine working set for adaptive non-unity build.
Creating makefile for Violence_ProjectEditor (no existing makefile)
Using Visual Studio 2017 14.16.27023 toolchain (C:\Program Files (x86)\Microsoft Visual Studio\2017\Professional\VC\Tools\MSVC\14.16.27023) and Windows 10.0.17763.0 SDK (C:\Program Files (x86)\Windows Kits\10).
@progress push 5%
Parsing headers for Violence_ProjectEditor
  Running UnrealHeaderTool "C:\Users\max-c\Documents\GitHub\Violence_Project\Violence_Project\Violence_Project.uproject" "C:\Users\max-c\Documents\GitHub\Violence_Project\Violence_Project\Intermediate\Build\Win64\Violence_ProjectEditor\Development\Violence_ProjectEditor.uhtmanifest" -LogCmds="loginit warning, logexit warning, logdatabase error" -Unattended -WarningsAsErrors -installed
Reflection code generated for Violence_ProjectEditor in 6.7980435 seconds
@progress pop
Building 8 actions with 12 processes...
  @progress 'Compiling C++ source code...' 0%
  @progress 'Compiling C++ source code...' 12%
  [1/8] PCLaunch.rc
  @progress 'Compiling C++ source code...' 25%
  [2/8] SharedPCH.Engine.cpp
  @progress 'Compiling C++ source code...' 38%
  [3/8] Violence_Project.cpp
  @progress 'Compiling C++ source code...' 50%
  [4/8] Violence_Project.init.gen.cpp
  @progress 'Compiling C++ source code...' 62%
  [5/8] PlayerCharacter.cpp
  @progress 'Compiling C++ source code...' 75%
  [6/8] PlayerCharacter.gen.cpp
  @progress 'Compiling C++ source code...' 88%
  [7/8] UE4Editor-Violence_Project.lib
     Creating library C:\Users\max-c\Documents\GitHub\Violence_Project\Violence_Project\Intermediate\Build\Win64\UE4Editor\Development\Violence_Project\UE4Editor-Violence_Project.lib and object C:\Users\max-c\Documents\GitHub\Violence_Project\Violence_Project\Intermediate\Build\Win64\UE4Editor\Development\Violence_Project\UE4Editor-Violence_Project.exp
  @progress 'Compiling C++ source code...' 100%
  [8/8] UE4Editor-Violence_Project.dll
     Creating library C:\Users\max-c\Documents\GitHub\Violence_Project\Violence_Project\Intermediate\Build\Win64\UE4Editor\Development\Violence_Project\UE4Editor-Violence_Project.suppressed.lib and object C:\Users\max-c\Documents\GitHub\Violence_Project\Violence_Project\Intermediate\Build\Win64\UE4Editor\Development\Violence_Project\UE4Editor-Violence_Project.suppressed.exp
Total build time: 27.02 seconds (Parallel executor: 15.55 seconds)
LogInit: Using libcurl 7.55.1-DEV
LogInit:  - built for x86_64-pc-win32
LogInit:  - supports SSL with OpenSSL/1.0.2h
LogInit:  - supports HTTP deflate (compression) using libz 1.2.8
LogInit:  - other features:
LogInit:      CURL_VERSION_SSL
LogInit:      CURL_VERSION_LIBZ
LogInit:      CURL_VERSION_IPV6
LogInit:      CURL_VERSION_ASYNCHDNS
LogInit:      CURL_VERSION_LARGEFILE
LogInit:      CURL_VERSION_IDN
LogInit:  CurlRequestOptions (configurable via config and command line):
LogInit:  - bVerifyPeer = false  - Libcurl will NOT verify peer certificate
LogInit:  - bUseHttpProxy = false  - Libcurl will NOT use HTTP proxy
LogInit:  - bDontReuseConnections = false  - Libcurl will reuse connections
LogInit:  - CertBundlePath = nullptr  - Libcurl will use whatever was configured at build time.
LogInit:  - MaxHostConnections = 16  - Libcurl will limit the number of connections to a host
LogInit:  - LocalHostAddr = Default
LogInit:  - BufferSize = 65536
LogInit: WinSock: version 1.1 (2.2), MaxSocks=32767, MaxUdp=65467
LogInit: Build: ++UE4+Release-4.20-CL-4369336
LogInit: Engine Version: 4.20.3-4369336+++UE4+Release-4.20
LogInit: Compatible Engine Version: 4.20.0-4212847+++UE4+Release-4.20
LogInit: Net CL: 4212847
LogInit: OS: Windows 10 (), CPU: Intel(R) Core(TM) i7-8086K CPU @ 4.00GHz, GPU: NVIDIA GeForce GTX 1080 Ti
LogInit: Compiled (64-bit): Sep 17 2018 12:26:19
LogInit: Compiled with Visual C++: 19.13.26129.00
LogInit: Build Configuration: Development
LogInit: Branch Name: ++UE4+Release-4.20
LogInit: Command Line:  
LogInit: Base Directory: C:/Program Files/Epic Games/UE_4.20/Engine/Binaries/Win64/
LogInit: Installed Engine Build: 1
LogDevObjectVersion: Number of dev versions registered: 20
LogDevObjectVersion:   Dev-Blueprints (B0D832E4-1F89-4F0D-ACCF-7EB736FD4AA2): 10
LogDevObjectVersion:   Dev-Build (E1C64328-A22C-4D53-A36C-8E866417BD8C): 0
LogDevObjectVersion:   Dev-Core (375EC13C-06E4-48FB-B500-84F0262A717E): 2
LogDevObjectVersion:   Dev-Editor (E4B068ED-F494-42E9-A231-DA0B2E46BB41): 24
LogDevObjectVersion:   Dev-Framework (CFFC743F-43B0-4480-9391-14DF171D2073): 34
LogDevObjectVersion:   Dev-Mobile (B02B49B5-BB20-44E9-A304-32B752E40360): 2
LogDevObjectVersion:   Dev-Networking (A4E4105C-59A1-49B5-A7C5-40C4547EDFEE): 0
LogDevObjectVersion:   Dev-Online (39C831C9-5AE6-47DC-9A44-9C173E1C8E7C): 0
LogDevObjectVersion:   Dev-Physics (78F01B33-EBEA-4F98-B9B4-84EACCB95AA2): 0
LogDevObjectVersion:   Dev-Platform (6631380F-2D4D-43E0-8009-CF276956A95A): 0
LogDevObjectVersion:   Dev-Rendering (12F88B9F-8875-4AFC-A67C-D90C383ABD29): 26
LogDevObjectVersion:   Dev-Sequencer (7B5AE74C-D270-4C10-A958-57980B212A5A): 9
LogDevObjectVersion:   Dev-VR (D7296918-1DD6-4BDD-9DE2-64A83CC13884): 2
LogDevObjectVersion:   Dev-LoadTimes (C2A15278-BFE7-4AFE-6C17-90FF531DF755): 1
LogDevObjectVersion:   Private-Geometry (6EACA3D4-40EC-4CC1-B786-8BED09428FC5): 3
LogDevObjectVersion:   Dev-AnimPhys (29E575DD-E0A3-4627-9D10-D276232CDCEA): 17
LogDevObjectVersion:   Dev-ReflectionCapture (6B266CEC-1EC7-4B8F-A30B-E4D90942FC07): 1
LogDevObjectVersion:   Dev-Automation (0DF73D61-A23F-47EA-B727-89E90C41499A): 1
LogDevObjectVersion:   FortniteMain (601D1886-AC64-4F84-AA16-D3DE0DEAC7D6): 12
LogDevObjectVersion:   Dev-Enterprise (9DFFBCD6-494F-0158-E221-12823C92A888): 1
LogStreaming: Display: Took  0.002s to delete old logs.
LogInit: Presizing for max 8388607 objects, including 0 objects not considered by GC, pre-allocating 0 bytes for permanent pool.
LogInit: Object subsystem initialized
[2018.12.03-03.59.20:277][  0]LogInit: Selected Device Profile: [Windows]
[2018.12.03-03.59.20:277][  0]LogInit: Applying CVar settings loaded from the selected device profile: [Windows]
[2018.12.03-03.59.20:286][  0]LogHAL: Display: Platform has ~ 32 GB [34291802112 / 34359738368 / 32], which maps to Largest [LargestMinGB=32, LargerMinGB=12, DefaultMinGB=8, SmallerMinGB=6, SmallestMinGB=0)
[2018.12.03-03.59.20:286][  0]LogInit: Setting Device Profile CVar: [[r.Vulkan.UseRealUBs:1]]
[2018.12.03-03.59.20:286][  0]LogInit: Going up to parent DeviceProfile []
[2018.12.03-03.59.20:286][  0]LogInit: Computer: WINDOWS-SA1OMO4
[2018.12.03-03.59.20:286][  0]LogInit: User: maxc
[2018.12.03-03.59.20:286][  0]LogInit: CPU Page size=4096, Cores=6
[2018.12.03-03.59.20:286][  0]LogInit: High frequency timer resolution =3.914057 MHz
[2018.12.03-03.59.20:286][  0]LogMemory: Memory total: Physical=31.9GB (32GB approx)
[2018.12.03-03.59.20:286][  0]LogMemory: Platform Memory Stats for Windows
[2018.12.03-03.59.20:286][  0]LogMemory: Process Physical Memory: 105.14 MB used, 105.14 MB peak
[2018.12.03-03.59.20:286][  0]LogMemory: Process Virtual Memory: 86.49 MB used, 86.49 MB peak
[2018.12.03-03.59.20:286][  0]LogMemory: Physical Memory: 7692.25 MB used,  25010.96 MB free, 32703.21 MB total
[2018.12.03-03.59.20:286][  0]LogMemory: Virtual Memory: 4693.09 MB used,  25010.96 MB free, 134217728.00 MB total
[2018.12.03-03.59.20:306][  0]LogInit: Using OS detected language (en-US).
[2018.12.03-03.59.20:306][  0]LogInit: Using OS detected locale (en-GB).
[2018.12.03-03.59.20:307][  0]LogTextLocalizationManager: No specific localization for 'en-US' exists, so the 'en' localization will be used.
[2018.12.03-03.59.20:566][  0]LogStreaming: Display: Took  0.260s to InitEngineTextLocalization.
[2018.12.03-03.59.20:566][  0]LogInit: Setting process to per monitor DPI aware
[2018.12.03-03.59.20:599][  0]LogSlate: New Slate User Created.  User Index 0, Is Virtual User: 0
[2018.12.03-03.59.20:599][  0]LogSlate: Slate User Registered.  User Index 0, Is Virtual User: 0
[2018.12.03-03.59.20:746][  0]LogHMD: Failed to initialize OpenVR with code 110
[2018.12.03-03.59.20:746][  0]LogD3D11RHI: D3D11 adapters:
[2018.12.03-03.59.20:803][  0]LogD3D11RHI:    0. 'NVIDIA GeForce GTX 1080 Ti' (Feature Level 11_0)
[2018.12.03-03.59.20:803][  0]LogD3D11RHI:       11127/0/16351 MB DedicatedVideo/DedicatedSystem/SharedSystem, Outputs:2, VendorId:0x10de
[2018.12.03-03.59.20:804][  0]LogD3D11RHI:    1. 'Microsoft Basic Render Driver' (Feature Level 11_0)
[2018.12.03-03.59.20:804][  0]LogD3D11RHI:       0/0/16351 MB DedicatedVideo/DedicatedSystem/SharedSystem, Outputs:0, VendorId:0x1414
[2018.12.03-03.59.20:804][  0]LogD3D11RHI: Chosen D3D11 Adapter: 0
[2018.12.03-03.59.20:809][  0]LogD3D11RHI: Creating new Direct3DDevice
[2018.12.03-03.59.20:809][  0]LogD3D11RHI:     GPU DeviceId: 0x1b06 (for the marketing name, search the web for "GPU Device Id")
[2018.12.03-03.59.20:809][  0]LogWindows: EnumDisplayDevices:
[2018.12.03-03.59.20:809][  0]LogWindows:    0. 'NVIDIA GeForce GTX 1080 Ti' (P:0 D:1)
[2018.12.03-03.59.20:810][  0]LogWindows:    1. 'NVIDIA GeForce GTX 1080 Ti' (P:1 D:1)
[2018.12.03-03.59.20:810][  0]LogWindows:    2. 'NVIDIA GeForce GTX 1080 Ti' (P:0 D:0)
[2018.12.03-03.59.20:810][  0]LogWindows:    3. 'NVIDIA GeForce GTX 1080 Ti' (P:0 D:0)
[2018.12.03-03.59.20:810][  0]LogWindows: DebugString: FoundDriverCount:4 
[2018.12.03-03.59.20:810][  0]LogD3D11RHI:     Adapter Name: NVIDIA GeForce GTX 1080 Ti
[2018.12.03-03.59.20:810][  0]LogD3D11RHI:   Driver Version: 416.81 (internal:25.21.14.1681, unified:416.81)
[2018.12.03-03.59.20:810][  0]LogD3D11RHI:      Driver Date: 11-2-2018
[2018.12.03-03.59.20:810][  0]LogRHI: Texture pool is 7788 MB (70% of 11127 MB)
[2018.12.03-03.59.20:843][  0]LogD3D11RHI: Async texture creation enabled
[2018.12.03-03.59.20:868][  0]LogD3D11RHI: GPU Timing Frequency: 1000.000000 (Debug: 2 2)
[2018.12.03-03.59.20:962][  0]LogShaderCompilers: Guid format shader working directory is -34 characters bigger than the processId version (../../../../../../Users/max-c/Documents/GitHub/Violence_Project/Violence_Project/Intermediate/Shaders/WorkingDirectory/2384/).
[2018.12.03-03.59.20:962][  0]LogShaderCompilers: Cleaned the shader compiler working directory 'C:/Users/max-c/AppData/Local/Temp/UnrealShaderWorkingDir/6FC45F9C4B34BF1341D99FA59FC5E557/'.
[2018.12.03-03.59.21:174][  0]LogTemp: Display: Loaded TP AllDesktopTargetPlatform
[2018.12.03-03.59.21:184][  0]LogTemp: Display: Loaded TP MacClientTargetPlatform
[2018.12.03-03.59.21:194][  0]LogTemp: Display: Loaded TP MacNoEditorTargetPlatform
[2018.12.03-03.59.21:205][  0]LogTemp: Display: Loaded TP MacServerTargetPlatform
[2018.12.03-03.59.21:215][  0]LogTemp: Display: Loaded TP MacTargetPlatform
[2018.12.03-03.59.21:225][  0]LogTemp: Display: Loaded TP WindowsClientTargetPlatform
[2018.12.03-03.59.21:236][  0]LogTemp: Display: Loaded TP WindowsNoEditorTargetPlatform
[2018.12.03-03.59.21:246][  0]LogTemp: Display: Loaded TP WindowsServerTargetPlatform
[2018.12.03-03.59.21:251][  0]LogTemp: Display: Loaded TP WindowsTargetPlatform
[2018.12.03-03.59.21:311][  0]LogTemp: Display: Loaded TP AndroidTargetPlatform
[2018.12.03-03.59.21:311][  0]LogTemp: Display: Loaded TP AndroidTargetPlatform
[2018.12.03-03.59.21:311][  0]LogTemp: Display: Loaded TP AndroidTargetPlatform
[2018.12.03-03.59.21:311][  0]LogTemp: Display: Loaded TP AndroidTargetPlatform
[2018.12.03-03.59.21:311][  0]LogTemp: Display: Loaded TP AndroidTargetPlatform
[2018.12.03-03.59.21:311][  0]LogTemp: Display: Loaded TP AndroidTargetPlatform
[2018.12.03-03.59.21:311][  0]LogTemp: Display: Loaded TP AndroidTargetPlatform
[2018.12.03-03.59.21:311][  0]LogTemp: Display: Loaded TP AndroidTargetPlatform
[2018.12.03-03.59.21:311][  0]LogTemp: Display: Loaded TP AndroidTargetPlatform
[2018.12.03-03.59.21:311][  0]LogTemp: Display: Loaded TP AndroidTargetPlatform
[2018.12.03-03.59.21:311][  0]LogTemp: Display: Loaded TP AndroidTargetPlatform
[2018.12.03-03.59.21:311][  0]LogTemp: Display: Loaded TP AndroidTargetPlatform
[2018.12.03-03.59.21:311][  0]LogTemp: Display: Loaded TP AndroidTargetPlatform
[2018.12.03-03.59.21:311][  0]LogTemp: Display: Loaded TP AndroidTargetPlatform
[2018.12.03-03.59.21:311][  0]LogTemp: Display: Loaded TP AndroidTargetPlatform
[2018.12.03-03.59.21:311][  0]LogTemp: Display: Loaded TP AndroidTargetPlatform
[2018.12.03-03.59.21:311][  0]LogTemp: Display: Loaded TP AndroidTargetPlatform
[2018.12.03-03.59.21:311][  0]LogTemp: Display: Loaded TP AndroidTargetPlatform
[2018.12.03-03.59.21:312][  0]LogTemp: Display: Loaded TP HTML5TargetPlatform
[2018.12.03-03.59.21:366][  0]LogTemp: Display: Loaded TP IOSTargetPlatform
[2018.12.03-03.59.21:366][  0]LogTemp: Display: Loaded TP IOSTargetPlatform
[2018.12.03-03.59.21:383][  0]LogTemp: Display: Loaded TP TVOSTargetPlatform
[2018.12.03-03.59.21:383][  0]LogTemp: Display: Loaded TP TVOSTargetPlatform
[2018.12.03-03.59.21:392][  0]LogTemp: Display: Loaded TP LinuxClientTargetPlatform
[2018.12.03-03.59.21:401][  0]LogTemp: Display: Loaded TP LinuxNoEditorTargetPlatform
[2018.12.03-03.59.21:410][  0]LogTemp: Display: Loaded TP LinuxServerTargetPlatform
[2018.12.03-03.59.21:420][  0]LogTemp: Display: Loaded TP LinuxTargetPlatform
[2018.12.03-03.59.21:427][  0]LogTemp: Display: Loaded TP LuminTargetPlatform
[2018.12.03-03.59.21:427][  0]LogTargetPlatformManager: Display: Building Assets For Windows
[2018.12.03-03.59.21:472][  0]LogXGEController: Cleaning working directory: C:/Users/max-c/AppData/Local/Temp/UnrealXGEWorkingDir/
[2018.12.03-03.59.21:472][  0]LogXGEController: Cannot use XGE Controller as Incredibuild is not installed on this machine.
[2018.12.03-03.59.21:472][  0]LogShaderCompilers: Cannot use XGE Shader Compiler as Incredibuild is not installed on this machine.
[2018.12.03-03.59.21:472][  0]LogShaderCompilers: Display: Using Local Shader Compiler.
[2018.12.03-03.59.22:025][  0]LogDerivedDataCache: Display: Max Cache Size: 512 MB
[2018.12.03-03.59.22:067][  0]LogDerivedDataCache: Loaded boot cache 0.04s 71MB C:/Users/max-c/AppData/Local/UnrealEngine/4.20/DerivedDataCache/Boot.ddc.
[2018.12.03-03.59.22:067][  0]LogDerivedDataCache: Display: Loaded Boot cache: C:/Users/max-c/AppData/Local/UnrealEngine/4.20/DerivedDataCache/Boot.ddc
[2018.12.03-03.59.22:067][  0]LogDerivedDataCache: FDerivedDataBackendGraph:  Pak pak cache file ../../../../../../Users/max-c/Documents/GitHub/Violence_Project/Violence_Project/DerivedDataCache/DDC.ddp not found, will not use a pak cache.
[2018.12.03-03.59.22:067][  0]LogDerivedDataCache: Unable to find inner node Pak for hierarchical cache Hierarchy.
[2018.12.03-03.59.22:067][  0]LogDerivedDataCache: FDerivedDataBackendGraph:  CompressedPak pak cache file ../../../../../../Users/max-c/Documents/GitHub/Violence_Project/Violence_Project/DerivedDataCache/Compressed.ddp not found, will not use a pak cache.
[2018.12.03-03.59.22:067][  0]LogDerivedDataCache: Unable to find inner node CompressedPak for hierarchical cache Hierarchy.
[2018.12.03-03.59.22:076][  0]LogDerivedDataCache: Display: Pak cache opened for reading ../../../Engine/DerivedDataCache/Compressed.ddp.
[2018.12.03-03.59.22:088][  0]LogDerivedDataCache: Using Local data cache path C:/Users/max-c/AppData/Local/UnrealEngine/Common/DerivedDataCache: Writable
[2018.12.03-03.59.22:088][  0]LogDerivedDataCache: Shared data cache path not found in *engine.ini, will not use an Shared cache.
[2018.12.03-03.59.22:088][  0]LogDerivedDataCache: Unable to find inner node Shared for hierarchical cache Hierarchy.
[2018.12.03-03.59.22:100][  0]LogMaterial: Verifying Global Shaders for PCD3D_SM5
[2018.12.03-03.59.22:102][  0]LogSlate: Using FreeType 2.6.0
[2018.12.03-03.59.22:102][  0]LogSlate: SlateFontServices - WITH_FREETYPE: 1, WITH_HARFBUZZ: 1
[2018.12.03-03.59.22:163][  0]LogAssetRegistry: FAssetRegistry took 0.0251 seconds to start up
[2018.12.03-03.59.22:394][  0]LogInit: Selected Device Profile: [Windows]
[2018.12.03-03.59.22:492][  0]LogSimplygon: Simplygon DLL not present - disabling.
[2018.12.03-03.59.22:494][  0]LogMeshReduction: Using SimplygonSwarm for distributed automatic mesh merging
[2018.12.03-03.59.22:494][  0]LogMeshReduction: Using ProxyLODMeshReduction for automatic mesh merging
[2018.12.03-03.59.22:494][  0]LogMeshReduction: Using QuadricMeshReduction for automatic static mesh reduction
[2018.12.03-03.59.22:494][  0]LogMeshReduction: No automatic skeletal mesh reduction module available
[2018.12.03-03.59.22:516][  0]LogNetVersion: Violence_Project 1.0.0, NetCL: 4212847, EngineNetVer: 5, GameNetVer: 0 (Checksum: 168441638)
[2018.12.03-03.59.22:885][  0]LogPackageLocalizationCache: Processed 11 localized package path(s) for 2 prioritized culture(s) in 0.070116 seconds
[2018.12.03-03.59.22:890][  0]LogUObjectArray: 38425 objects as part of root set at end of initial load.
[2018.12.03-03.59.22:890][  0]LogUObjectAllocator: 6690872 out of 0 bytes used by permanent object pool.
[2018.12.03-03.59.22:890][  0]LogUObjectArray: CloseDisregardForGC: 0/0 objects in disregard for GC pool
[2018.12.03-03.59.23:545][  0]LogTcpMessaging: Initializing TcpMessaging bridge
[2018.12.03-03.59.23:558][  0]LogUdpMessaging: Initializing bridge on interface 0.0.0.0:0 to multicast group 230.0.0.1:6666.
[2018.12.03-03.59.23:700][  0]SourceControl: Source control is disabled
[2018.12.03-03.59.23:700][  0]SourceControl: Source control is disabled
[2018.12.03-03.59.23:701][  0]SourceControl: Source control is disabled
[2018.12.03-03.59.23:702][  0]SourceControl: Source control is disabled
[2018.12.03-03.59.23:843][  0]LogAndroidPermission: UAndroidPermissionCallbackProxy::GetInstance
[2018.12.03-03.59.23:907][  0]LogOcInput: OculusInput pre-init called
[2018.12.03-03.59.23:954][  0]LogEngine: Initializing Engine...
[2018.12.03-03.59.23:955][  0]LogHMD: Failed to initialize OpenVR with code 110
[2018.12.03-03.59.23:956][  0]LogStats: UGameplayTagsManager::ConstructGameplayTagTree: ImportINI prefixes -  0.000 s
[2018.12.03-03.59.23:956][  0]LogStats: UGameplayTagsManager::ConstructGameplayTagTree: Construct from data asset -  0.000 s
[2018.12.03-03.59.23:956][  0]LogStats: UGameplayTagsManager::ConstructGameplayTagTree: ImportINI -  0.000 s
[2018.12.03-03.59.23:956][  0]LogStats: UGameplayTagsManager::ConstructGameplayTagTree: GameplayTagTreeChangedEvent.Broadcast -  0.000 s
[2018.12.03-03.59.24:109][  0]LogInit: Initializing FReadOnlyCVARCache
[2018.12.03-03.59.24:121][  0]LogAIModule: Creating AISystem for world Untitled
[2018.12.03-03.59.24:139][  0]LogInit: XAudio2 using 'Speakers (2- USB Audio Device)' : 2 channels at 48 kHz using 16 bits per sample (channel mask 0x3)
[2018.12.03-03.59.24:156][  0]LogInit: FAudioDevice initialized.
[2018.12.03-03.59.24:156][  0]LogNetVersion: Set ProjectVersion to 1.0.0.0. Version Checksum will be recalculated on next use.
[2018.12.03-03.59.24:187][  0]LogDerivedDataCache: Saved boot cache 0.03s 71MB C:/Users/max-c/AppData/Local/UnrealEngine/4.20/DerivedDataCache/Boot.ddc.
[2018.12.03-03.59.24:195][  0]LogInit: Texture streaming: Enabled
[2018.12.03-03.59.24:208][  0]LogEngineSessionManager: EngineSessionManager initialized
[2018.12.03-03.59.24:218][  0]LogInit: Transaction tracking system initialized
[2018.12.03-03.59.24:237][  0]BlueprintLog: New page: Editor Load
[2018.12.03-03.59.24:300][  0]LocalizationService: Localization service is disabled
[2018.12.03-03.59.24:504][  0]LogCook: Display: Max memory allowance for cook 16384mb min free memory 0mb
[2018.12.03-03.59.24:504][  0]LogCook: Display: Mobile HDR setting 1
[2018.12.03-03.59.24:504][  0]LogGameplayTags: Display: UGameplayTagsManager::DoneAddingNativeTags. DelegateIsBound: 0
[2018.12.03-03.59.24:504][  0]LogStats: UGameplayTagsManager::ConstructGameplayTagTree: ImportINI prefixes -  0.000 s
[2018.12.03-03.59.24:504][  0]LogStats: UGameplayTagsManager::ConstructGameplayTagTree: Construct from data asset -  0.000 s
[2018.12.03-03.59.24:504][  0]LogStats: UGameplayTagsManager::ConstructGameplayTagTree: ImportINI -  0.000 s
[2018.12.03-03.59.24:504][  0]LogStats: UGameplayTagsManager::ConstructGameplayTagTree: GameplayTagTreeChangedEvent.Broadcast -  0.000 s
[2018.12.03-03.59.24:592][  0]LogFileCache: Scanning file cache for directory 'C:/Users/max-c/Documents/GitHub/Violence_Project/Violence_Project/Content/' took 0.02s
[2018.12.03-03.59.24:592][  0]SourceControl: Source control is disabled
[2018.12.03-03.59.24:592][  0]Cmd: MAP LOAD FILE="../../../../../../Users/max-c/Documents/GitHub/Violence_Project/Violence_Project/Content/ThirdPersonBP/Maps/ThirdPersonExampleMap.umap" TEMPLATE=0 SHOWPROGRESS=1 FEATURELEVEL=3
[2018.12.03-03.59.24:593][  0]LightingResults: New page: Lighting Build
[2018.12.03-03.59.24:595][  0]MapCheck: New page: Map Check
[2018.12.03-03.59.24:595][  0]LightingResults: New page: Lighting Build
[2018.12.03-03.59.24:952][  0]LogAIModule: Creating AISystem for world ThirdPersonExampleMap
[2018.12.03-03.59.24:959][  0]LogEditorServer: Finished looking for orphan Actors (0.000 secs)
[2018.12.03-03.59.24:983][  0]Cmd: MAP CHECKDEP NOCLEARLOG
[2018.12.03-03.59.25:045][  0]MapCheck: Map check complete: 0 Error(s), 0 Warning(s), took 61.798ms to complete.
[2018.12.03-03.59.25:045][  0]LogFileHelpers: Loading map 'ThirdPersonExampleMap' took 0.453
[2018.12.03-03.59.25:892][  0]LogSlate: Only BGRA pngs, bmps or icos are supported in by External Image Picker
[2018.12.03-03.59.25:945][  0]LogTemp: Executing iPhonePackager certificates Engine -bundlename com.YourCompany.ViolenceProject
[2018.12.03-03.59.25:945][  0]LogTemp: CWD: C:\Program Files\Epic Games\UE_4.20\Engine\Binaries\DotNET\IOS
[2018.12.03-03.59.25:945][  0]LogTemp: Initial Dir: C:\Program Files\Epic Games\UE_4.20
[2018.12.03-03.59.25:945][  0]LogTemp: Env CWD: C:\Program Files\Epic Games\UE_4.20\Engine\Binaries\DotNET\IOS
[2018.12.03-03.59.25:945][  0]LogTemp: BranchPath = WINDOWS-SA1OMO4/C/Program Files/Epic Games/UE_4.20/Engine/Binaries --- GameBranchPath = WINDOWS-SA1OMO4/C/Program Files/Epic Games/UE_4.20/Engine/Binaries
[2018.12.03-03.59.25:945][  0]LogTemp: IPP ERROR: Could not find provision directory 'C:\Users\max-c\AppData\Local/Apple Computer/MobileDevice/Provisioning Profiles/'.
[2018.12.03-03.59.25:945][  0]LogSlate: Updating window title bar state: overlay mode, drag disabled, window buttons hidden, title bar hidden
[2018.12.03-03.59.25:951][  0]LogSlate: Updating window title bar state: overlay mode, drag disabled, window buttons hidden, title bar hidden
[2018.12.03-03.59.25:957][  0]LogSlate: Updating window title bar state: overlay mode, drag disabled, window buttons hidden, title bar hidden
[2018.12.03-03.59.25:962][  0]LogSlate: Updating window title bar state: overlay mode, drag disabled, window buttons hidden, title bar hidden
[2018.12.03-03.59.25:968][  0]LogCollectionManager: Loaded 0 collections in 0.001642 seconds
[2018.12.03-03.59.26:017][  0]LogFileCache: Scanning file cache for directory 'C:/Users/max-c/Documents/GitHub/Violence_Project/Violence_Project/Saved/Collections/' took 0.01s
[2018.12.03-03.59.26:017][  0]LogFileCache: Scanning file cache for directory 'C:/Users/max-c/Documents/GitHub/Violence_Project/Violence_Project/Content/Developers/maxc/Collections/' took 0.01s
[2018.12.03-03.59.26:017][  0]LogFileCache: Scanning file cache for directory 'C:/Users/max-c/Documents/GitHub/Violence_Project/Violence_Project/Content/Collections/' took 0.01s
[2018.12.03-03.59.26:017][  0]LogCollectionManager: Rebuilt the GUID cache for 0 collections in 0.000000 seconds
[2018.12.03-03.59.26:024][  0]LogContentBrowser: Native class hierarchy populated in 0.0073 seconds. Added 2573 classes and 606 folders.
[2018.12.03-03.59.26:030][  0]LogContentBrowser: Native class hierarchy updated for 'WidgetCarousel' in 0.0004 seconds. Added 0 classes and 0 folders.
[2018.12.03-03.59.26:068][  0]LogContentBrowser: Native class hierarchy updated for 'AddContentDialog' in 0.0004 seconds. Added 0 classes and 0 folders.
[2018.12.03-03.59.26:072][  0]LogContentBrowser: Native class hierarchy updated for 'SceneOutliner' in 0.0004 seconds. Added 1 classes and 2 folders.
[2018.12.03-03.59.26:084][  0]LogSlate: Took 0.000129 seconds to synchronously load lazily loaded font '../../../Engine/Content/Slate/Fonts/Roboto-Regular.ttf' (155K)
[2018.12.03-03.59.26:086][  0]LogSlate: Took 0.000149 seconds to synchronously load lazily loaded font '../../../Engine/Content/Slate/Fonts/Roboto-Bold.ttf' (160K)
[2018.12.03-03.59.26:090][  0]LogSlate: Took 0.000170 seconds to synchronously load lazily loaded font '../../../Engine/Content/Editor/Slate/Fonts/FontAwesome.ttf' (139K)
[2018.12.03-03.59.26:150][  0]LogRenderer: Reallocating scene render targets to support 1616x808 Format 10 NumSamples 1 (Frame:1).
[2018.12.03-03.59.26:246][  0]LogContentBrowser: Native class hierarchy updated for 'HierarchicalLODOutliner' in 0.0005 seconds. Added 0 classes and 0 folders.
[2018.12.03-03.59.26:246][  0]LogLoad: (Engine Initialization) Total time: 39.50 seconds
[2018.12.03-03.59.26:246][  0]LogLoad: (Engine Initialization) Total Blueprint compile time: 0.00 seconds
[2018.12.03-03.59.26:256][  0]LogWindowsTextInputMethodSystem: Display: IME system now deactivated.
[2018.12.03-03.59.26:277][  0]LogContentStreaming: Texture pool size now 1000 MB
[2018.12.03-03.59.29:678][374]LogAssetRegistry: Asset discovery search completed in 7.5381 seconds
[2018.12.03-03.59.29:679][374]LogCollectionManager: Rebuilt the object cache for 0 collections in 0.000000 seconds (found 0 objects)
[2018.12.03-03.59.29:679][374]LogCollectionManager: Fixed up redirectors for 0 collections in 0.000038 seconds (updated 0 objects)
[2018.12.03-03.59.30:229][376]LogSlate: FSceneViewport::OnFocusLost() reason 0
[2018.12.03-03.59.38:744][880]LogSlate: Took 0.002699 seconds to synchronously load lazily loaded font '../../../Engine/Content/Slate/Fonts/Roboto-Light.ttf' (167K)
[2018.12.03-03.59.38:750][880]LogAssetEditorManager: Opening Asset editor for Class /Script/Violence_Project.PlayerCharacter
[2018.12.03-04.11.42:440][386]LogAssetEditorManager: Opening Asset editor for SkeletalMesh /Game/ThirdPersonBP/Blueprints/Weapons/AK47/AK.AK
[2018.12.03-04.11.42:446][386]LogContentBrowser: Native class hierarchy updated for 'SkeletonEditor' in 0.0004 seconds. Added 1 classes and 2 folders.
[2018.12.03-04.11.42:663][386]LogActorComponent: RegisterComponentWithWorld: (/Engine/Transient.World_5:PersistentLevel.AnimationEditorPreviewActor_0.DebugSkelMeshComponent_0) Already registered. Aborting.
[2018.12.03-04.11.42:665][386]LogContentBrowser: Native class hierarchy updated for 'PinnedCommandList' in 0.0004 seconds. Added 1 classes and 0 folders.
[2018.12.03-04.11.42:705][386]LogSkeletalMesh: USkeletalMeshComponent::InitArticulated : Bodies already created (/Engine/Transient.World_5:PersistentLevel.AnimationEditorPreviewActor_0.DebugSkelMeshComponent_0) - call TermArticulated first.
[2018.12.03-04.11.42:900][386]LogSlate: Took 0.000127 seconds to synchronously load lazily loaded font '../../../Engine/Content/Slate/Fonts/Roboto-Italic.ttf' (157K)
[2018.12.03-04.11.42:939][386]LogContentBrowser: Native class hierarchy updated for 'ClothingSystemEditorInterface' in 0.0004 seconds. Added 1 classes and 0 folders.
[2018.12.03-04.11.54:280][ 32]LogSlate: FSceneViewport::OnFocusLost() reason 0
[2018.12.03-04.11.54:367][ 35]LogAssetEditorManager: Opening Asset editor for Skeleton /Game/ThirdPersonBP/Blueprints/Weapons/AK47/AK_Skeleton.AK_Skeleton
[2018.12.03-04.11.54:471][ 35]LogActorComponent: RegisterComponentWithWorld: (/Engine/Transient.World_6:PersistentLevel.AnimationEditorPreviewActor_0.DebugSkelMeshComponent_0) Already registered. Aborting.
[2018.12.03-04.11.54:500][ 35]LogSkeletalMesh: USkeletalMeshComponent::InitArticulated : Bodies already created (/Engine/Transient.World_6:PersistentLevel.AnimationEditorPreviewActor_0.DebugSkelMeshComponent_0) - call TermArticulated first.
[2018.12.03-04.12.00:926][325]LogSlate: FSceneViewport::OnFocusLost() reason 0
[2018.12.03-04.12.50:819][699]LogSlate: FSceneViewport::OnFocusLost() reason 0
[2018.12.03-04.12.51:059][703]LogSavePackage: Moving '../../../../../../Users/max-c/Documents/GitHub/Violence_Project/Violence_Project/Saved/AK_SkeletonEF926D614CFDDB2148664A832BA0FE41.tmp' to '../../../../../../Users/max-c/Documents/GitHub/Violence_Project/Violence_Project/Content/ThirdPersonBP/Blueprints/Weapons/AK47/AK_Skeleton.uasset'
[2018.12.03-04.12.52:152][770]LogSlate: Window 'AK_Skeleton' being destroyed
[2018.12.03-04.12.52:168][770]LogSlate: Window 'AK_Skeleton' being destroyed
[2018.12.03-04.12.57:989][201]LogAssetEditorManager: Opening Asset editor for Blueprint /Game/ThirdPersonBP/Blueprints/ThirdPersonCharacter.ThirdPersonCharacter
[2018.12.03-04.12.58:432][201]LogContentBrowser: Native class hierarchy updated for 'BlueprintGraph' in 0.0006 seconds. Added 116 classes and 0 folders.
[2018.12.03-04.12.58:998][201]LogSlate: Took 0.002664 seconds to synchronously load lazily loaded font '../../../Engine/Content/Slate/Fonts/Roboto-BoldCondensed.ttf' (158K)
[2018.12.03-04.13.04:459][439]LogSlate: Window 'ThirdPersonCharacter' being destroyed
[2018.12.03-04.13.04:476][439]LogSlate: Window 'ThirdPersonCharacter' being destroyed
[2018.12.03-04.13.26:605][541]LogAssetEditorManager: Opening Asset editor for AnimBlueprint /Game/Assets/Character/BP_CharacterAnim.BP_CharacterAnim
[2018.12.03-04.13.26:697][541]LogActorComponent: RegisterComponentWithWorld: (/Engine/Transient.World_11:PersistentLevel.AnimationEditorPreviewActor_0.DebugSkelMeshComponent_0) Already registered. Aborting.
[2018.12.03-04.13.26:899][541]LogSkeletalMesh: USkeletalMeshComponent::InitArticulated : Bodies already created (/Engine/Transient.World_11:PersistentLevel.AnimationEditorPreviewActor_0.DebugSkelMeshComponent_0) - call TermArticulated first.
[2018.12.03-04.13.27:205][541]LogContentBrowser: Verbose: The majority of assets in the view are of type: AnimSequence
[2018.12.03-04.13.36:180][ 68]LogSlate: FSceneViewport::OnFocusLost() reason 0
[2018.12.03-04.13.36:247][ 70]LogAssetEditorManager: Opening Asset editor for Skeleton /Game/Assets/Character/Swat_Skeleton.Swat_Skeleton
[2018.12.03-04.13.36:339][ 70]LogActorComponent: RegisterComponentWithWorld: (/Engine/Transient.World_13:PersistentLevel.AnimationEditorPreviewActor_0.DebugSkelMeshComponent_0) Already registered. Aborting.
[2018.12.03-04.13.36:364][ 70]LogSkeletalMesh: USkeletalMeshComponent::InitArticulated : Bodies already created (/Engine/Transient.World_13:PersistentLevel.AnimationEditorPreviewActor_0.DebugSkelMeshComponent_0) - call TermArticulated first.
[2018.12.03-04.14.01:824][636]LogAssetEditorManager: Opening Asset editor for BlendSpace /Game/Assets/Character/Crouch_BS.Crouch_BS
[2018.12.03-04.14.01:909][636]LogActorComponent: RegisterComponentWithWorld: (/Engine/Transient.World_14:PersistentLevel.AnimationEditorPreviewActor_0.DebugSkelMeshComponent_0) Already registered. Aborting.
[2018.12.03-04.14.01:931][636]LogSkeletalMesh: USkeletalMeshComponent::InitArticulated : Bodies already created (/Engine/Transient.World_14:PersistentLevel.AnimationEditorPreviewActor_0.DebugSkelMeshComponent_0) - call TermArticulated first.
[2018.12.03-04.14.02:229][636]LogContentBrowser: Verbose: The majority of assets in the view are of type: AnimSequence
[2018.12.03-04.14.05:695][811]LogSlate: Window 'Crouch_BS' being destroyed
[2018.12.03-04.14.05:709][811]LogSlate: Window 'Crouch_BS' being destroyed
[2018.12.03-04.30.32:740][757]LogAssetEditorManager: Opening Asset editor for Blueprint /Game/ThirdPersonBP/Blueprints/ThirdPersonCharacter.ThirdPersonCharacter
[2018.12.03-04.30.59:034][524]LogBlueprint: Warning: Reparenting blueprint Blueprint /Game/ThirdPersonBP/Blueprints/ThirdPersonCharacter.ThirdPersonCharacter from Character to PlayerCharacter...
[2018.12.03-04.30.59:055][524]BlueprintLog: New page: Compile ThirdPersonCharacter
[2018.12.03-04.31.05:696][900]LogTemp: Repeating last play command: Selected Viewport
[2018.12.03-04.31.05:719][900]LogBlueprintUserMessages: Early PlayInEditor Detection: Level '/Game/ThirdPersonBP/Maps/ThirdPersonExampleMap.ThirdPersonExampleMap:PersistentLevel' has LevelScriptBlueprint '/Game/ThirdPersonBP/Maps/ThirdPersonExampleMap.ThirdPersonExampleMap:PersistentLevel.ThirdPersonExampleMap' with GeneratedClass '/Game/ThirdPersonBP/Maps/ThirdPersonExampleMap.ThirdPersonExampleMap_C' with ClassGeneratedBy '/Game/ThirdPersonBP/Maps/ThirdPersonExampleMap.ThirdPersonExampleMap:PersistentLevel.ThirdPersonExampleMap'
[2018.12.03-04.31.05:720][900]LogPlayLevel: PlayLevel: No blueprints needed recompiling
[2018.12.03-04.31.05:732][900]PIE: New page: PIE session: ThirdPersonExampleMap (3 Dec 2018 04:31:05)
[2018.12.03-04.31.05:732][900]LogPlayLevel: Creating play world package: /Game/ThirdPersonBP/Maps/UEDPIE_0_ThirdPersonExampleMap
[2018.12.03-04.31.05:749][900]LogPlayLevel: PIE: StaticDuplicateObject took: (0.016682s)
[2018.12.03-04.31.05:749][900]LogAIModule: Creating AISystem for world ThirdPersonExampleMap
[2018.12.03-04.31.05:750][900]LogPlayLevel: PIE: World Init took: (0.000532s)
[2018.12.03-04.31.05:750][900]LogPlayLevel: PIE: Created PIE world by copying editor world from /Game/ThirdPersonBP/Maps/ThirdPersonExampleMap.ThirdPersonExampleMap to /Game/ThirdPersonBP/Maps/UEDPIE_0_ThirdPersonExampleMap.ThirdPersonExampleMap (0.017335s)
[2018.12.03-04.31.05:786][900]LogInit: XAudio2 using 'Speakers (2- USB Audio Device)' : 2 channels at 48 kHz using 16 bits per sample (channel mask 0x3)
[2018.12.03-04.31.05:792][900]LogInit: FAudioDevice initialized.
[2018.12.03-04.31.05:846][900]LogLoad: Game class is 'ThirdPersonGameMode_C'
[2018.12.03-04.31.05:848][900]LogWorld: Bringing World /Game/ThirdPersonBP/Maps/UEDPIE_0_ThirdPersonExampleMap.ThirdPersonExampleMap up for play (max tick rate 0) at 2018.12.03-04.31.05
[2018.12.03-04.31.05:848][900]LogWorld: Bringing up level for play took: 0.001099
[2018.12.03-04.31.05:865][900]LogContentBrowser: Native class hierarchy updated for 'MovieSceneCapture' in 0.0004 seconds. Added 10 classes and 0 folders.
[2018.12.03-04.31.05:866][900]PIE: Play in editor start time for /Game/ThirdPersonBP/Maps/UEDPIE_0_ThirdPersonExampleMap 0.738
[2018.12.03-04.31.05:866][900]LogBlueprintUserMessages: Late PlayInEditor Detection: Level '/Game/ThirdPersonBP/Maps/ThirdPersonExampleMap.ThirdPersonExampleMap:PersistentLevel' has LevelScriptBlueprint '/Game/ThirdPersonBP/Maps/ThirdPersonExampleMap.ThirdPersonExampleMap:PersistentLevel.ThirdPersonExampleMap' with GeneratedClass '/Game/ThirdPersonBP/Maps/ThirdPersonExampleMap.ThirdPersonExampleMap_C' with ClassGeneratedBy '/Game/ThirdPersonBP/Maps/ThirdPersonExampleMap.ThirdPersonExampleMap:PersistentLevel.ThirdPersonExampleMap'
[2018.12.03-04.31.13:176][723]LogBlueprintUserMessages: Early EndPlayMap Detection: Level '/Game/ThirdPersonBP/Maps/ThirdPersonExampleMap.ThirdPersonExampleMap:PersistentLevel' has LevelScriptBlueprint '/Game/ThirdPersonBP/Maps/ThirdPersonExampleMap.ThirdPersonExampleMap:PersistentLevel.ThirdPersonExampleMap' with GeneratedClass '/Game/ThirdPersonBP/Maps/ThirdPersonExampleMap.ThirdPersonExampleMap_C' with ClassGeneratedBy '/Game/ThirdPersonBP/Maps/ThirdPersonExampleMap.ThirdPersonExampleMap:PersistentLevel.ThirdPersonExampleMap'
[2018.12.03-04.31.13:176][723]LogSlate: Updating window title bar state: overlay mode, drag disabled, window buttons hidden, title bar hidden
[2018.12.03-04.31.13:210][723]LogPlayLevel: Display: Shutting down PIE online subsystems
[2018.12.03-04.31.13:210][723]LogBlueprintUserMessages: Late EndPlayMap Detection: Level '/Game/ThirdPersonBP/Maps/ThirdPersonExampleMap.ThirdPersonExampleMap:PersistentLevel' has LevelScriptBlueprint '/Game/ThirdPersonBP/Maps/ThirdPersonExampleMap.ThirdPersonExampleMap:PersistentLevel.ThirdPersonExampleMap' with GeneratedClass '/Game/ThirdPersonBP/Maps/ThirdPersonExampleMap.ThirdPersonExampleMap_C' with ClassGeneratedBy '/Game/ThirdPersonBP/Maps/ThirdPersonExampleMap.ThirdPersonExampleMap:PersistentLevel.ThirdPersonExampleMap'
[2018.12.03-04.31.13:235][723]LogSlate: Updating window title bar state: overlay mode, drag disabled, window buttons hidden, title bar hidden
[2018.12.03-04.31.13:279][727]LogPlayLevel: Display: Destroying online subsystem :Context_18
[2018.12.03-04.31.18:039][ 72]LogSlate: FSceneViewport::OnFocusLost() reason 0
[2018.12.03-04.31.34:479][150]LogSavePackage: Moving '../../../../../../Users/max-c/Documents/GitHub/Violence_Project/Violence_Project/Saved/ThirdPersonCharacterA7283379427C7CFA5185788B15FE8CE0.tmp' to '../../../../../../Users/max-c/Documents/GitHub/Violence_Project/Violence_Project/Content/ThirdPersonBP/Blueprints/ThirdPersonCharacter.uasset'
[2018.12.03-04.31.41:696][329]Candidate modules for hot reload:
[2018.12.03-04.31.41:696][329]  Violence_Project
[2018.12.03-04.31.41:696][329]Launching UnrealBuildTool... [C:/Program Files/Epic Games/UE_4.20/Engine/Binaries/DotNET/UnrealBuildTool.exe  -ModuleWithSuffix=Violence_Project,7199 Win64 Development -TargetType=Editor -Project="../../../../../../Users/max-c/Documents/GitHub/Violence_Project/Violence_Project/Violence_Project.uproject" -canskiplink "C:/Users/max-c/Documents/GitHub/Violence_Project/Violence_Project/Violence_Project.uproject" ]
[2018.12.03-04.31.41:699][329]Warning: Starting HotReload took  0.0s.
[2018.12.03-04.31.47:356][596]CompilerResultsLog: New page: Compilation - 3 Dec 2018 04:31:47
[2018.12.03-04.31.47:356][596]CompilerResultsLog: Using 'git status' to determine working set for adaptive non-unity build.
[2018.12.03-04.31.47:356][596]CompilerResultsLog: Creating makefile for hot reloading Violence_ProjectEditor (no existing makefile)
[2018.12.03-04.31.47:356][596]CompilerResultsLog: Compiling game modules for hot reload
[2018.12.03-04.31.47:356][596]CompilerResultsLog: Using Visual Studio 2017 14.16.27023 toolchain (C:\Program Files (x86)\Microsoft Visual Studio\2017\Professional\VC\Tools\MSVC\14.16.27023) and Windows 10.0.17763.0 SDK (C:\Program Files (x86)\Windows Kits\10).
[2018.12.03-04.31.47:356][596]CompilerResultsLog: Parsing headers for Violence_ProjectEditor
[2018.12.03-04.31.47:356][596]CompilerResultsLog:   Running UnrealHeaderTool "C:\Users\max-c\Documents\GitHub\Violence_Project\Violence_Project\Violence_Project.uproject" "C:\Users\max-c\Documents\GitHub\Violence_Project\Violence_Project\Intermediate\Build\Win64\Violence_ProjectEditor\Development\Violence_ProjectEditor.uhtmanifest" -LogCmds="loginit warning, logexit warning, logdatabase error" -Unattended -WarningsAsErrors -installed
[2018.12.03-04.31.47:356][596]CompilerResultsLog: Error: C:/Users/max-c/Documents/GitHub/Violence_Project/Violence_Project/Source/Violence_Project/Public/PlayerCharacter.h(9) : Error: #include found after .generated.h file - the .generated.h file should always be the last #include in a header
[2018.12.03-04.31.47:356][596]CompilerResultsLog: Error: UnrealHeaderTool failed for target 'Violence_ProjectEditor' (platform: Win64, module info: C:\Users\max-c\Documents\GitHub\Violence_Project\Violence_Project\Intermediate\Build\Win64\Violence_ProjectEditor\Development\Violence_ProjectEditor.uhtmanifest, exit code: OtherCompilationError (5)).
[2018.12.03-04.31.47:356][596]LogMainFrame: MainFrame: Module compiling took 5.677 seconds
[2018.12.03-04.31.47:356][596]Warning: HotReload failed, recompile failed
[2018.12.03-04.32.01:067][259]LogSlate: Window 'Message Log' being destroyed
[2018.12.03-04.32.01:092][259]LogSlate: Window 'Message Log' being destroyed
[2018.12.03-04.32.11:843][468]Candidate modules for hot reload:
[2018.12.03-04.32.11:843][468]  Violence_Project
[2018.12.03-04.32.11:843][468]Launching UnrealBuildTool... [C:/Program Files/Epic Games/UE_4.20/Engine/Binaries/DotNET/UnrealBuildTool.exe  -ModuleWithSuffix=Violence_Project,2646 Win64 Development -TargetType=Editor -Project="../../../../../../Users/max-c/Documents/GitHub/Violence_Project/Violence_Project/Violence_Project.uproject" -canskiplink "C:/Users/max-c/Documents/GitHub/Violence_Project/Violence_Project/Violence_Project.uproject" ]
[2018.12.03-04.32.11:846][468]Warning: Starting HotReload took  0.0s.
[2018.12.03-04.32.32:434][500]CompilerResultsLog: New page: Compilation - 3 Dec 2018 04:32:32
[2018.12.03-04.32.32:434][500]CompilerResultsLog: Using 'git status' to determine working set for adaptive non-unity build.
[2018.12.03-04.32.32:434][500]CompilerResultsLog: Creating makefile for hot reloading Violence_ProjectEditor (no existing makefile)
[2018.12.03-04.32.32:435][500]CompilerResultsLog: Compiling game modules for hot reload
[2018.12.03-04.32.32:435][500]CompilerResultsLog: Using Visual Studio 2017 14.16.27023 toolchain (C:\Program Files (x86)\Microsoft Visual Studio\2017\Professional\VC\Tools\MSVC\14.16.27023) and Windows 10.0.17763.0 SDK (C:\Program Files (x86)\Windows Kits\10).
[2018.12.03-04.32.32:435][500]CompilerResultsLog: Parsing headers for Violence_ProjectEditor
[2018.12.03-04.32.32:435][500]CompilerResultsLog:   Running UnrealHeaderTool "C:\Users\max-c\Documents\GitHub\Violence_Project\Violence_Project\Violence_Project.uproject" "C:\Users\max-c\Documents\GitHub\Violence_Project\Violence_Project\Intermediate\Build\Win64\Violence_ProjectEditor\Development\Violence_ProjectEditor.uhtmanifest" -LogCmds="loginit warning, logexit warning, logdatabase error" -Unattended -WarningsAsErrors -installed
[2018.12.03-04.32.32:435][500]CompilerResultsLog: Reflection code generated for Violence_ProjectEditor in 7.7981764 seconds
[2018.12.03-04.32.32:435][500]CompilerResultsLog: Building 4 actions with 12 processes...
[2018.12.03-04.32.32:435][500]CompilerResultsLog:   [1/4] PlayerCharacter.cpp
[2018.12.03-04.32.32:435][500]CompilerResultsLog:    C:\Users\max-c\Documents\GitHub\Violence_Project\Violence_Project\Source\Violence_Project\Public\PlayerCharacter.cpp(39) : error C2228: left of '.x' must have class/struct/union
[2018.12.03-04.32.32:435][500]CompilerResultsLog:   [2/4] PlayerCharacter.gen.cpp
[2018.12.03-04.32.32:435][500]CompilerResultsLog: ERROR: UBT ERROR: Failed to produce item: C:\Users\max-c\Documents\GitHub\Violence_Project\Violence_Project\Binaries\Win64\UE4Editor-Violence_Project-2646.dll
[2018.12.03-04.32.32:435][500]CompilerResultsLog:        (see ../Programs/UnrealBuildTool/Log.txt for full exception trace)
[2018.12.03-04.32.32:435][500]CompilerResultsLog: Total build time: 20.40 seconds (Parallel executor: 0.00 seconds)
[2018.12.03-04.32.32:435][500]LogMainFrame: MainFrame: Module compiling took 20.610 seconds
[2018.12.03-04.32.32:435][500]Warning: HotReload failed, recompile failed
[2018.12.03-04.33.21:488][725]LogSavePackage: Moving '../../../../../../Users/max-c/Documents/GitHub/Violence_Project/Violence_Project/Saved/ThirdPersonExampleMap_Auto1E42A17904C32E6B48A04C4A666F6D122.tmp' to '../../../../../../Users/max-c/Documents/GitHub/Violence_Project/Violence_Project/Saved/Autosaves/Game/ThirdPersonBP/Maps/ThirdPersonExampleMap_Auto1.umap'
[2018.12.03-04.33.21:493][725]LogFileHelpers: Editor autosave (incl. sublevels) for '/Game/ThirdPersonBP/Maps/ThirdPersonExampleMap' took 0.152
[2018.12.03-04.33.21:493][725]LogFileHelpers: Editor autosave (incl. sublevels) for all levels took 0.152
[2018.12.03-04.40.00:994][761]Candidate modules for hot reload:
[2018.12.03-04.40.00:994][761]  Violence_Project
[2018.12.03-04.40.00:994][761]Launching UnrealBuildTool... [C:/Program Files/Epic Games/UE_4.20/Engine/Binaries/DotNET/UnrealBuildTool.exe  -ModuleWithSuffix=Violence_Project,8769 Win64 Development -TargetType=Editor -Project="../../../../../../Users/max-c/Documents/GitHub/Violence_Project/Violence_Project/Violence_Project.uproject" -canskiplink "C:/Users/max-c/Documents/GitHub/Violence_Project/Violence_Project/Violence_Project.uproject" ]
[2018.12.03-04.40.00:996][761]Warning: Starting HotReload took  0.0s.
[2018.12.03-04.40.17:601][528]CompilerResultsLog: New page: Compilation - 3 Dec 2018 04:40:17
[2018.12.03-04.40.17:601][528]CompilerResultsLog: Using 'git status' to determine working set for adaptive non-unity build.
[2018.12.03-04.40.17:601][528]CompilerResultsLog: Compiling game modules for hot reload
[2018.12.03-04.40.17:601][528]CompilerResultsLog: Parsing headers for Violence_ProjectEditor
[2018.12.03-04.40.17:601][528]CompilerResultsLog:   Running UnrealHeaderTool "C:\Users\max-c\Documents\GitHub\Violence_Project\Violence_Project\Violence_Project.uproject" "C:\Users\max-c\Documents\GitHub\Violence_Project\Violence_Project\Intermediate\Build\Win64\Violence_ProjectEditor\Development\Violence_ProjectEditor.uhtmanifest" -LogCmds="loginit warning, logexit warning, logdatabase error" -Unattended -WarningsAsErrors -installed
[2018.12.03-04.40.17:601][528]CompilerResultsLog: Reflection code generated for Violence_ProjectEditor in 7.2701401 seconds
[2018.12.03-04.40.17:601][528]CompilerResultsLog: Building 4 actions with 12 processes...
[2018.12.03-04.40.17:601][528]CompilerResultsLog:   [1/4] PlayerCharacter.cpp
[2018.12.03-04.40.17:601][528]CompilerResultsLog:    C:\Users\max-c\Documents\GitHub\Violence_Project\Violence_Project\Source\Violence_Project\Public\PlayerCharacter.cpp(40) : error C3867: 'FRotator::Vector': non-standard syntax; use '&' to create a pointer to member
[2018.12.03-04.40.17:601][528]CompilerResultsLog:   [2/4] PlayerCharacter.gen.cpp
[2018.12.03-04.40.17:601][528]CompilerResultsLog: ERROR: UBT ERROR: Failed to produce item: C:\Users\max-c\Documents\GitHub\Violence_Project\Violence_Project\Binaries\Win64\UE4Editor-Violence_Project-8769.dll
[2018.12.03-04.40.17:601][528]CompilerResultsLog:        (see ../Programs/UnrealBuildTool/Log.txt for full exception trace)
[2018.12.03-04.40.17:601][528]CompilerResultsLog: Total build time: 16.42 seconds (Parallel executor: 0.00 seconds)
[2018.12.03-04.40.17:601][528]LogMainFrame: MainFrame: Module compiling took 16.623 seconds
[2018.12.03-04.40.17:601][528]Warning: HotReload failed, recompile failed
[2018.12.03-04.41.11:523][563]Candidate modules for hot reload:
[2018.12.03-04.41.11:524][563]  Violence_Project
[2018.12.03-04.41.11:524][563]Launching UnrealBuildTool... [C:/Program Files/Epic Games/UE_4.20/Engine/Binaries/DotNET/UnrealBuildTool.exe  -ModuleWithSuffix=Violence_Project,8801 Win64 Development -TargetType=Editor -Project="../../../../../../Users/max-c/Documents/GitHub/Violence_Project/Violence_Project/Violence_Project.uproject" -canskiplink "C:/Users/max-c/Documents/GitHub/Violence_Project/Violence_Project/Violence_Project.uproject" ]
[2018.12.03-04.41.11:526][563]Warning: Starting HotReload took  0.0s.
[2018.12.03-04.41.18:865][711]CompilerResultsLog: New page: Compilation - 3 Dec 2018 04:41:18
[2018.12.03-04.41.18:865][711]CompilerResultsLog: Using 'git status' to determine working set for adaptive non-unity build.
[2018.12.03-04.41.18:865][711]CompilerResultsLog: Compiling game modules for hot reload
[2018.12.03-04.41.18:865][711]CompilerResultsLog: Building 3 actions with 12 processes...
[2018.12.03-04.41.18:865][711]CompilerResultsLog:   [1/3] PlayerCharacter.cpp
[2018.12.03-04.41.18:865][711]CompilerResultsLog:    C:\Users\max-c\Documents\GitHub\Violence_Project\Violence_Project\Source\Violence_Project\Public\PlayerCharacter.cpp(39) : error C2440: 'initializing': cannot convert from 'FRotator' to 'FRotator *'
[2018.12.03-04.41.18:865][711]CompilerResultsLog:   C:\Users\max-c\Documents\GitHub\Violence_Project\Violence_Project\Source\Violence_Project\Public\PlayerCharacter.cpp(39): note: No user-defined-conversion operator available that can perform this conversion, or the operator cannot be called
[2018.12.03-04.41.18:865][711]CompilerResultsLog: ERROR: UBT ERROR: Failed to produce item: C:\Users\max-c\Documents\GitHub\Violence_Project\Violence_Project\Binaries\Win64\UE4Editor-Violence_Project-8801.dll
[2018.12.03-04.41.18:865][711]CompilerResultsLog:        (see ../Programs/UnrealBuildTool/Log.txt for full exception trace)
[2018.12.03-04.41.18:865][711]CompilerResultsLog: Total build time: 7.12 seconds (Parallel executor: 0.00 seconds)
[2018.12.03-04.41.18:865][711]LogMainFrame: MainFrame: Module compiling took 7.355 seconds
[2018.12.03-04.41.18:865][711]Warning: HotReload failed, recompile failed
[2018.12.03-04.41.35:477][ 66]Candidate modules for hot reload:
[2018.12.03-04.41.35:477][ 66]  Violence_Project
[2018.12.03-04.41.35:477][ 66]Launching UnrealBuildTool... [C:/Program Files/Epic Games/UE_4.20/Engine/Binaries/DotNET/UnrealBuildTool.exe  -ModuleWithSuffix=Violence_Project,363 Win64 Development -TargetType=Editor -Project="../../../../../../Users/max-c/Documents/GitHub/Violence_Project/Violence_Project/Violence_Project.uproject" -canskiplink "C:/Users/max-c/Documents/GitHub/Violence_Project/Violence_Project/Violence_Project.uproject" ]
[2018.12.03-04.41.35:480][ 66]Warning: Starting HotReload took  0.0s.
[2018.12.03-04.41.43:177][330]CompilerResultsLog: New page: Compilation - 3 Dec 2018 04:41:43
[2018.12.03-04.41.43:177][330]CompilerResultsLog: Using 'git status' to determine working set for adaptive non-unity build.
[2018.12.03-04.41.43:177][330]CompilerResultsLog: Compiling game modules for hot reload
[2018.12.03-04.41.43:177][330]CompilerResultsLog: Building 3 actions with 12 processes...
[2018.12.03-04.41.43:177][330]CompilerResultsLog:   [1/3] PlayerCharacter.cpp
[2018.12.03-04.41.43:177][330]CompilerResultsLog:    C:\Users\max-c\Documents\GitHub\Violence_Project\Violence_Project\Source\Violence_Project\Public\PlayerCharacter.cpp(40) : error C2276: '&': illegal operation on bound member function expression
[2018.12.03-04.41.43:177][330]CompilerResultsLog: ERROR: UBT ERROR: Failed to produce item: C:\Users\max-c\Documents\GitHub\Violence_Project\Violence_Project\Binaries\Win64\UE4Editor-Violence_Project-363.dll
[2018.12.03-04.41.43:177][330]CompilerResultsLog:        (see ../Programs/UnrealBuildTool/Log.txt for full exception trace)
[2018.12.03-04.41.43:177][330]CompilerResultsLog: Total build time: 7.51 seconds (Parallel executor: 0.00 seconds)
[2018.12.03-04.41.43:177][330]LogMainFrame: MainFrame: Module compiling took 7.724 seconds
[2018.12.03-04.41.43:177][330]Warning: HotReload failed, recompile failed
[2018.12.03-04.42.23:318][869]Candidate modules for hot reload:
[2018.12.03-04.42.23:318][869]  Violence_Project
[2018.12.03-04.42.23:318][869]Launching UnrealBuildTool... [C:/Program Files/Epic Games/UE_4.20/Engine/Binaries/DotNET/UnrealBuildTool.exe  -ModuleWithSuffix=Violence_Project,4346 Win64 Development -TargetType=Editor -Project="../../../../../../Users/max-c/Documents/GitHub/Violence_Project/Violence_Project/Violence_Project.uproject" -canskiplink "C:/Users/max-c/Documents/GitHub/Violence_Project/Violence_Project/Violence_Project.uproject" ]
[2018.12.03-04.42.23:321][869]Warning: Starting HotReload took  0.0s.
[2018.12.03-04.42.31:118][228]CompilerResultsLog: New page: Compilation - 3 Dec 2018 04:42:31
[2018.12.03-04.42.31:118][228]CompilerResultsLog: Using 'git status' to determine working set for adaptive non-unity build.
[2018.12.03-04.42.31:118][228]CompilerResultsLog: Compiling game modules for hot reload
[2018.12.03-04.42.31:118][228]CompilerResultsLog: Building 3 actions with 12 processes...
[2018.12.03-04.42.31:118][228]CompilerResultsLog:   [1/3] PlayerCharacter.cpp
[2018.12.03-04.42.31:118][228]CompilerResultsLog:    C:\Users\max-c\Documents\GitHub\Violence_Project\Violence_Project\Source\Violence_Project\Public\PlayerCharacter.cpp(39) : error C3867: 'FRotator::Vector': non-standard syntax; use '&' to create a pointer to member
[2018.12.03-04.42.31:118][228]CompilerResultsLog: ERROR: UBT ERROR: Failed to produce item: C:\Users\max-c\Documents\GitHub\Violence_Project\Violence_Project\Binaries\Win64\UE4Editor-Violence_Project-4346.dll
[2018.12.03-04.42.31:118][228]CompilerResultsLog:        (see ../Programs/UnrealBuildTool/Log.txt for full exception trace)
[2018.12.03-04.42.31:118][228]CompilerResultsLog: Total build time: 7.62 seconds (Parallel executor: 0.00 seconds)
[2018.12.03-04.42.31:118][228]LogMainFrame: MainFrame: Module compiling took 7.818 seconds
[2018.12.03-04.42.31:118][228]Warning: HotReload failed, recompile failed
[2018.12.03-04.43.19:058][ 27]Candidate modules for hot reload:
[2018.12.03-04.43.19:058][ 27]  Violence_Project
[2018.12.03-04.43.19:058][ 27]Launching UnrealBuildTool... [C:/Program Files/Epic Games/UE_4.20/Engine/Binaries/DotNET/UnrealBuildTool.exe  -ModuleWithSuffix=Violence_Project,6921 Win64 Development -TargetType=Editor -Project="../../../../../../Users/max-c/Documents/GitHub/Violence_Project/Violence_Project/Violence_Project.uproject" -canskiplink "C:/Users/max-c/Documents/GitHub/Violence_Project/Violence_Project/Violence_Project.uproject" ]
[2018.12.03-04.43.19:061][ 27]Warning: Starting HotReload took  0.0s.
[2018.12.03-04.43.28:515][434]CompilerResultsLog: New page: Compilation - 3 Dec 2018 04:43:28
[2018.12.03-04.43.28:515][434]CompilerResultsLog: Using 'git status' to determine working set for adaptive non-unity build.
[2018.12.03-04.43.28:515][434]CompilerResultsLog: Compiling game modules for hot reload
[2018.12.03-04.43.28:515][434]CompilerResultsLog: Building 3 actions with 12 processes...
[2018.12.03-04.43.28:515][434]CompilerResultsLog:   [1/3] PlayerCharacter.cpp
[2018.12.03-04.43.28:515][434]CompilerResultsLog:   [2/3] UE4Editor-Violence_Project-6921.lib
[2018.12.03-04.43.28:515][434]CompilerResultsLog:      Creating library C:\Users\max-c\Documents\GitHub\Violence_Project\Violence_Project\Intermediate\Build\Win64\UE4Editor\Development\Violence_Project\UE4Editor-Violence_Project-6921.lib and object C:\Users\max-c\Documents\GitHub\Violence_Project\Violence_Project\Intermediate\Build\Win64\UE4Editor\Development\Violence_Project\UE4Editor-Violence_Project-6921.exp
[2018.12.03-04.43.28:515][434]CompilerResultsLog:   [3/3] UE4Editor-Violence_Project-6921.dll
[2018.12.03-04.43.28:515][434]CompilerResultsLog:      Creating library C:\Users\max-c\Documents\GitHub\Violence_Project\Violence_Project\Intermediate\Build\Win64\UE4Editor\Development\Violence_Project\UE4Editor-Violence_Project-6921.suppressed.lib and object C:\Users\max-c\Documents\GitHub\Violence_Project\Violence_Project\Intermediate\Build\Win64\UE4Editor\Development\Violence_Project\UE4Editor-Violence_Project-6921.suppressed.exp
[2018.12.03-04.43.28:515][434]CompilerResultsLog: Total build time: 9.26 seconds (Parallel executor: 7.87 seconds)
[2018.12.03-04.43.28:515][434]LogMainFrame: MainFrame: Module compiling took 9.473 seconds
[2018.12.03-04.43.28:553][434]LogContentBrowser: Native class hierarchy updated for 'Violence_Project' in 0.0004 seconds. Added 1 classes and 3 folders.
[2018.12.03-04.43.28:556][434]Display: HotReload successful (0 functions remapped  0 scriptstructs remapped)
[2018.12.03-04.43.28:910][434]LogContentBrowser: Native class hierarchy populated in 0.0071 seconds. Added 2575 classes and 610 folders.
[2018.12.03-04.43.28:910][434]Display: HotReload took  9.9s.
[2018.12.03-04.43.31:137][550]LogTemp: Repeating last play command: Selected Viewport
[2018.12.03-04.43.31:152][550]LogBlueprintUserMessages: Early PlayInEditor Detection: Level '/Game/ThirdPersonBP/Maps/ThirdPersonExampleMap.ThirdPersonExampleMap:PersistentLevel' has LevelScriptBlueprint '/Game/ThirdPersonBP/Maps/ThirdPersonExampleMap.ThirdPersonExampleMap:PersistentLevel.ThirdPersonExampleMap' with GeneratedClass '/Game/ThirdPersonBP/Maps/ThirdPersonExampleMap.ThirdPersonExampleMap_C' with ClassGeneratedBy '/Game/ThirdPersonBP/Maps/ThirdPersonExampleMap.ThirdPersonExampleMap:PersistentLevel.ThirdPersonExampleMap'
[2018.12.03-04.43.31:152][550]LogPlayLevel: PlayLevel: No blueprints needed recompiling
[2018.12.03-04.43.31:152][550]PIE: New page: PIE session: ThirdPersonExampleMap (3 Dec 2018 04:43:31)
[2018.12.03-04.43.31:152][550]LogPlayLevel: Creating play world package: /Game/ThirdPersonBP/Maps/UEDPIE_0_ThirdPersonExampleMap
[2018.12.03-04.43.31:160][550]LogPlayLevel: PIE: StaticDuplicateObject took: (0.008339s)
[2018.12.03-04.43.31:161][550]LogAIModule: Creating AISystem for world ThirdPersonExampleMap
[2018.12.03-04.43.31:161][550]LogPlayLevel: PIE: World Init took: (0.000641s)
[2018.12.03-04.43.31:161][550]LogPlayLevel: PIE: Created PIE world by copying editor world from /Game/ThirdPersonBP/Maps/ThirdPersonExampleMap.ThirdPersonExampleMap to /Game/ThirdPersonBP/Maps/UEDPIE_0_ThirdPersonExampleMap.ThirdPersonExampleMap (0.009079s)
[2018.12.03-04.43.31:208][550]LogInit: XAudio2 using 'Speakers (2- USB Audio Device)' : 2 channels at 48 kHz using 16 bits per sample (channel mask 0x3)
[2018.12.03-04.43.31:215][550]LogInit: FAudioDevice initialized.
[2018.12.03-04.43.31:246][550]LogLoad: Game class is 'ThirdPersonGameMode_C'
[2018.12.03-04.43.31:248][550]LogWorld: Bringing World /Game/ThirdPersonBP/Maps/UEDPIE_0_ThirdPersonExampleMap.ThirdPersonExampleMap up for play (max tick rate 0) at 2018.12.03-04.43.31
[2018.12.03-04.43.31:248][550]LogWorld: Bringing up level for play took: 0.001100
[2018.12.03-04.43.31:261][550]PIE: Play in editor start time for /Game/ThirdPersonBP/Maps/UEDPIE_0_ThirdPersonExampleMap 0.133
[2018.12.03-04.43.31:261][550]LogBlueprintUserMessages: Late PlayInEditor Detection: Level '/Game/ThirdPersonBP/Maps/ThirdPersonExampleMap.ThirdPersonExampleMap:PersistentLevel' has LevelScriptBlueprint '/Game/ThirdPersonBP/Maps/ThirdPersonExampleMap.ThirdPersonExampleMap:PersistentLevel.ThirdPersonExampleMap' with GeneratedClass '/Game/ThirdPersonBP/Maps/ThirdPersonExampleMap.ThirdPersonExampleMap_C' with ClassGeneratedBy '/Game/ThirdPersonBP/Maps/ThirdPersonExampleMap.ThirdPersonExampleMap:PersistentLevel.ThirdPersonExampleMap'
[2018.12.03-04.43.32:792][559]LogWindows: Error: === Critical error: ===
[2018.12.03-04.43.32:792][559]LogWindows: Error: 
[2018.12.03-04.43.32:792][559]LogWindows: Error: Fatal error!
[2018.12.03-04.43.32:792][559]LogWindows: Error: 
[2018.12.03-04.43.32:792][559]LogWindows: Error: Unhandled Exception: EXCEPTION_ACCESS_VIOLATION reading address 0x00000028
[2018.12.03-04.43.32:792][559]LogWindows: Error: 
[2018.12.03-04.43.32:792][559]LogWindows: Error: [Callstack] 0x00007ffca471eb71 UE4Editor-Engine.dll!UnknownFunction []
[2018.12.03-04.43.32:792][559]LogWindows: Error: [Callstack] 0x00007ffca470f8fa UE4Editor-Engine.dll!UnknownFunction []
[2018.12.03-04.43.32:792][559]LogWindows: Error: [Callstack] 0x00007ffcd5e02603 UE4Editor-Violence_Project-6921.dll!APlayerCharacter::Shoot() [c:\users\max-c\documents\github\violence_project\violence_project\source\violence_project\public\playercharacter.cpp:43]
[2018.12.03-04.43.32:792][559]LogWindows: Error: [Callstack] 0x00007ffca5632469 UE4Editor-Engine.dll!UnknownFunction []
[2018.12.03-04.43.32:792][559]LogWindows: Error: [Callstack] 0x00007ffca5663f52 UE4Editor-Engine.dll!UnknownFunction []
[2018.12.03-04.43.32:792][559]LogWindows: Error: [Callstack] 0x00007ffca513017c UE4Editor-Engine.dll!UnknownFunction []
[2018.12.03-04.43.32:792][559]LogWindows: Error: [Callstack] 0x00007ffca5144608 UE4Editor-Engine.dll!UnknownFunction []
[2018.12.03-04.43.32:792][559]LogWindows: Error: [Callstack] 0x00007ffca512dbcb UE4Editor-Engine.dll!UnknownFunction []
[2018.12.03-04.43.32:792][559]LogWindows: Error: [Callstack] 0x00007ffca51434c3 UE4Editor-Engine.dll!UnknownFunction []
[2018.12.03-04.43.32:792][559]LogWindows: Error: [Callstack] 0x00007ffca4365630 UE4Editor-Engine.dll!UnknownFunction []
[2018.12.03-04.43.32:792][559]LogWindows: Error: [Callstack] 0x00007ffca55616bd UE4Editor-Engine.dll!UnknownFunction []
[2018.12.03-04.43.32:792][559]LogWindows: Error: [Callstack] 0x00007ffca6e81f92 UE4Editor-Core.dll!UnknownFunction []
[2018.12.03-04.43.32:792][559]LogWindows: Error: [Callstack] 0x00007ffca6e82456 UE4Editor-Core.dll!UnknownFunction []
[2018.12.03-04.43.32:792][559]LogWindows: Error: [Callstack] 0x00007ffca6e96d25 UE4Editor-Core.dll!UnknownFunction []
[2018.12.03-04.43.32:792][559]LogWindows: Error: [Callstack] 0x00007ffca55b5b04 UE4Editor-Engine.dll!UnknownFunction []
[2018.12.03-04.43.32:792][559]LogWindows: Error: [Callstack] 0x00007ffca55c4d92 UE4Editor-Engine.dll!UnknownFunction []
[2018.12.03-04.43.32:792][559]LogWindows: Error: [Callstack] 0x00007ffca4cc87e4 UE4Editor-Engine.dll!UnknownFunction []
[2018.12.03-04.43.32:792][559]LogWindows: Error: [Callstack] 0x00007ffca4cd4003 UE4Editor-Engine.dll!UnknownFunction []
[2018.12.03-04.43.32:792][559]LogWindows: Error: [Callstack] 0x00007ffca2627335 UE4Editor-UnrealEd.dll!UnknownFunction []
[2018.12.03-04.43.32:792][559]LogWindows: Error: [Callstack] 0x00007ffca2f1f666 UE4Editor-UnrealEd.dll!UnknownFunction []
[2018.12.03-04.43.32:792][559]LogWindows: Error: [Callstack] 0x00007ff717815cbd UE4Editor.exe!UnknownFunction []
[2018.12.03-04.43.32:792][559]LogWindows: Error: [Callstack] 0x00007ff717825b3c UE4Editor.exe!UnknownFunction []
[2018.12.03-04.43.32:792][559]LogWindows: Error: [Callstack] 0x00007ff717825bba UE4Editor.exe!UnknownFunction []
[2018.12.03-04.43.32:792][559]LogWindows: Error: [Callstack] 0x00007ff717833dac UE4Editor.exe!UnknownFunction []
[2018.12.03-04.43.32:792][559]LogWindows: Error: [Callstack] 0x00007ff717835aaa UE4Editor.exe!UnknownFunction []
[2018.12.03-04.43.32:792][559]LogWindows: Error: [Callstack] 0x00007ffce5713034 KERNEL32.DLL!UnknownFunction []
[2018.12.03-04.43.32:792][559]LogWindows: Error: [Callstack] 0x00007ffce81d1471 ntdll.dll!UnknownFunction []
[2018.12.03-04.43.32:792][559]LogWindows: Error: 
[2018.12.03-04.43.32:810][559]LogExit: Executing StaticShutdownAfterError
[2018.12.03-04.43.32:812][559]LogWindows: FPlatformMisc::RequestExit(1)
[2018.12.03-04.43.32:823][559]Log file closed, 12/03/18 04:43:32
