Log file open, 01/16/19 16:25:44
LogWindows: Failed to load 'aqProf.dll' (GetLastError=126)
LogWindows: File 'aqProf.dll' does not exist
LogWindows: Failed to load 'VSPerf140.dll' (GetLastError=126)
LogWindows: File 'VSPerf140.dll' does not exist
LogWindows: Failed to load 'VtuneApi.dll' (GetLastError=126)
LogWindows: File 'VtuneApi.dll' does not exist
LogWindows: Failed to load 'VtuneApi32e.dll' (GetLastError=126)
LogWindows: File 'VtuneApi32e.dll' does not exist
LogInit: Display: Running engine for game: Violence_Project
LogPlatformFile: Not using cached read wrapper
LogTaskGraph: Started task graph with 5 named threads and 35 total threads with 3 sets of task threads.
LogStats: Stats thread started at 0.527162
LogD3D11RHI: Loaded GFSDK_Aftermath_Lib.x64.dll
LogICUInternationalization: Display: ICU TimeZone Detection - Raw Offset: +0:00, Platform Override: ''
LogPluginManager: Mounting plugin Paper2D
LogPluginManager: Mounting plugin AISupport
LogPluginManager: Mounting plugin LightPropagationVolume
LogPluginManager: Mounting plugin CLionSourceCodeAccess
LogPluginManager: Mounting plugin CodeLiteSourceCodeAccess
LogPluginManager: Mounting plugin GitSourceControl
LogPluginManager: Mounting plugin KDevelopSourceCodeAccess
LogPluginManager: Mounting plugin NullSourceCodeAccess
LogPluginManager: Mounting plugin PerforceSourceControl
LogPluginManager: Mounting plugin SubversionSourceControl
LogPluginManager: Mounting plugin UObjectPlugin
LogPluginManager: Mounting plugin VisualStudioCodeSourceCodeAccess
LogPluginManager: Mounting plugin VisualStudioSourceCodeAccess
LogPluginManager: Mounting plugin XCodeSourceCodeAccess
LogPluginManager: Mounting plugin AssetManagerEditor
LogPluginManager: Mounting plugin CryptoKeys
LogPluginManager: Mounting plugin DataValidation
LogPluginManager: Mounting plugin FacialAnimation
LogPluginManager: Mounting plugin GameplayTagsEditor
LogPluginManager: Mounting plugin MacGraphicsSwitching
LogPluginManager: Mounting plugin MeshEditor
LogPluginManager: Mounting plugin MobileLauncherProfileWizard
LogPluginManager: Mounting plugin PluginBrowser
LogPluginManager: Mounting plugin SpeedTreeImporter
LogPluginManager: Mounting plugin DatasmithContent
LogPluginManager: Mounting plugin AlembicImporter
LogPluginManager: Mounting plugin AppleImageUtils
LogPluginManager: Mounting plugin AppleVision
LogPluginManager: Mounting plugin BackChannel
LogPluginManager: Mounting plugin CharacterAI
LogPluginManager: Mounting plugin GeometryCache
LogPluginManager: Mounting plugin HTML5Networking
LogPluginManager: Mounting plugin ProxyLODPlugin
LogPluginManager: Mounting plugin MagicLeap
LogPluginManager: Mounting plugin MagicLeapEmulator
LogPluginManager: Mounting plugin MagicLeapMedia
LogPluginManager: Mounting plugin AndroidMedia
LogPluginManager: Mounting plugin AvfMedia
LogPluginManager: Mounting plugin ImgMedia
LogPluginManager: Mounting plugin LinearTimecode
LogPluginManager: Mounting plugin MediaCompositing
LogPluginManager: Mounting plugin MediaPlayerEditor
LogPluginManager: Mounting plugin WmfMedia
LogPluginManager: Mounting plugin TcpMessaging
LogPluginManager: Mounting plugin UdpMessaging
LogPluginManager: Mounting plugin ActorSequence
LogPluginManager: Mounting plugin LevelSequenceEditor
LogPluginManager: Mounting plugin MatineeToLevelSequence
LogPluginManager: Mounting plugin NetcodeUnitTest
LogPluginManager: Mounting plugin NUTUnrealEngine4
LogPluginManager: Mounting plugin OnlineSubsystemGooglePlay
LogPluginManager: Mounting plugin OnlineSubsystemIOS
LogPluginManager: Mounting plugin OnlineSubsystem
LogPluginManager: Mounting plugin OnlineSubsystemNull
LogPluginManager: Mounting plugin OnlineSubsystemUtils
LogPluginManager: Mounting plugin LauncherChunkInstaller
LogPluginManager: Mounting plugin AndroidDeviceProfileSelector
LogPluginManager: Mounting plugin AndroidMoviePlayer
LogPluginManager: Mounting plugin AndroidPermission
LogPluginManager: Mounting plugin AppleMoviePlayer
LogPluginManager: Mounting plugin ArchVisCharacter
LogPluginManager: Mounting plugin AudioCapture
LogPluginManager: Mounting plugin CableComponent
LogPluginManager: Mounting plugin CustomMeshComponent
LogPluginManager: Mounting plugin EditableMesh
LogPluginManager: Mounting plugin ExampleDeviceProfileSelector
LogPluginManager: Mounting plugin GoogleCloudMessaging
LogPluginManager: Mounting plugin ImmediatePhysics
LogPluginManager: Mounting plugin IOSDeviceProfileSelector
LogPluginManager: Mounting plugin LinuxDeviceProfileSelector
LogPluginManager: Mounting plugin LocationServicesBPLibrary
LogPluginManager: Mounting plugin MobilePatchingUtils
LogPluginManager: Mounting plugin OculusVR
LogPluginManager: Plugin shader directory ../../../Engine/Plugins/Runtime/Oculus/OculusVR/Shaders found
LogPluginManager: Mapping shader source directory ../../../Engine/Plugins/Runtime/Oculus/OculusVR/Shaders to virtual directory /Plugin/OculusVR
LogPluginManager: Mounting plugin PhysXVehicles
LogPluginManager: Mounting plugin ProceduralMeshComponent
LogPluginManager: Mounting plugin RuntimePhysXCooking
LogPluginManager: Mounting plugin SteamVR
LogPluginManager: Mounting plugin WindowsMoviePlayer
LogStreaming: Display: Took  0.088s to configure plugins.
LogInit: Using libcurl 7.55.1-DEV
LogInit:  - built for x86_64-pc-win32
LogInit:  - supports SSL with OpenSSL/1.0.2h
LogInit:  - supports HTTP deflate (compression) using libz 1.2.8
LogInit:  - other features:
LogInit:      CURL_VERSION_SSL
LogInit:      CURL_VERSION_LIBZ
LogInit:      CURL_VERSION_IPV6
LogInit:      CURL_VERSION_ASYNCHDNS
LogInit:      CURL_VERSION_LARGEFILE
LogInit:      CURL_VERSION_IDN
LogInit:  CurlRequestOptions (configurable via config and command line):
LogInit:  - bVerifyPeer = false  - Libcurl will NOT verify peer certificate
LogInit:  - bUseHttpProxy = false  - Libcurl will NOT use HTTP proxy
LogInit:  - bDontReuseConnections = false  - Libcurl will reuse connections
LogInit:  - CertBundlePath = nullptr  - Libcurl will use whatever was configured at build time.
LogInit:  - MaxHostConnections = 16  - Libcurl will limit the number of connections to a host
LogInit:  - LocalHostAddr = Default
LogInit:  - BufferSize = 65536
LogInit: WinSock: version 1.1 (2.2), MaxSocks=32767, MaxUdp=65467
LogInit: Build: ++UE4+Release-4.20-CL-4369336
LogInit: Engine Version: 4.20.3-4369336+++UE4+Release-4.20
LogInit: Compatible Engine Version: 4.20.0-4212847+++UE4+Release-4.20
LogInit: Net CL: 4212847
LogInit: OS: Windows 10 (), CPU: Intel(R) Core(TM) i7-8086K CPU @ 4.00GHz, GPU: NVIDIA GeForce GTX 1080 Ti
LogInit: Compiled (64-bit): Sep 17 2018 12:26:19
LogInit: Compiled with Visual C++: 19.13.26129.00
LogInit: Build Configuration: Development
LogInit: Branch Name: ++UE4+Release-4.20
LogInit: Command Line:  -skipcompile
LogInit: Base Directory: C:/Program Files/Epic Games/UE_4.20/Engine/Binaries/Win64/
LogInit: Installed Engine Build: 1
LogDevObjectVersion: Number of dev versions registered: 20
LogDevObjectVersion:   Dev-Blueprints (B0D832E4-1F89-4F0D-ACCF-7EB736FD4AA2): 10
LogDevObjectVersion:   Dev-Build (E1C64328-A22C-4D53-A36C-8E866417BD8C): 0
LogDevObjectVersion:   Dev-Core (375EC13C-06E4-48FB-B500-84F0262A717E): 2
LogDevObjectVersion:   Dev-Editor (E4B068ED-F494-42E9-A231-DA0B2E46BB41): 24
LogDevObjectVersion:   Dev-Framework (CFFC743F-43B0-4480-9391-14DF171D2073): 34
LogDevObjectVersion:   Dev-Mobile (B02B49B5-BB20-44E9-A304-32B752E40360): 2
LogDevObjectVersion:   Dev-Networking (A4E4105C-59A1-49B5-A7C5-40C4547EDFEE): 0
LogDevObjectVersion:   Dev-Online (39C831C9-5AE6-47DC-9A44-9C173E1C8E7C): 0
LogDevObjectVersion:   Dev-Physics (78F01B33-EBEA-4F98-B9B4-84EACCB95AA2): 0
LogDevObjectVersion:   Dev-Platform (6631380F-2D4D-43E0-8009-CF276956A95A): 0
LogDevObjectVersion:   Dev-Rendering (12F88B9F-8875-4AFC-A67C-D90C383ABD29): 26
LogDevObjectVersion:   Dev-Sequencer (7B5AE74C-D270-4C10-A958-57980B212A5A): 9
LogDevObjectVersion:   Dev-VR (D7296918-1DD6-4BDD-9DE2-64A83CC13884): 2
LogDevObjectVersion:   Dev-LoadTimes (C2A15278-BFE7-4AFE-6C17-90FF531DF755): 1
LogDevObjectVersion:   Private-Geometry (6EACA3D4-40EC-4CC1-B786-8BED09428FC5): 3
LogDevObjectVersion:   Dev-AnimPhys (29E575DD-E0A3-4627-9D10-D276232CDCEA): 17
LogDevObjectVersion:   Dev-ReflectionCapture (6B266CEC-1EC7-4B8F-A30B-E4D90942FC07): 1
LogDevObjectVersion:   Dev-Automation (0DF73D61-A23F-47EA-B727-89E90C41499A): 1
LogDevObjectVersion:   FortniteMain (601D1886-AC64-4F84-AA16-D3DE0DEAC7D6): 12
LogDevObjectVersion:   Dev-Enterprise (9DFFBCD6-494F-0158-E221-12823C92A888): 1
LogStreaming: Display: Took  0.003s to delete old logs.
LogInit: Presizing for max 8388607 objects, including 0 objects not considered by GC, pre-allocating 0 bytes for permanent pool.
LogInit: Object subsystem initialized
[2019.01.16-16.25.44:693][  0]LogInit: Selected Device Profile: [Windows]
[2019.01.16-16.25.44:693][  0]LogInit: Applying CVar settings loaded from the selected device profile: [Windows]
[2019.01.16-16.25.44:703][  0]LogHAL: Display: Platform has ~ 32 GB [34291802112 / 34359738368 / 32], which maps to Largest [LargestMinGB=32, LargerMinGB=12, DefaultMinGB=8, SmallerMinGB=6, SmallestMinGB=0)
[2019.01.16-16.25.44:703][  0]LogInit: Setting Device Profile CVar: [[r.Vulkan.UseRealUBs:1]]
[2019.01.16-16.25.44:703][  0]LogInit: Going up to parent DeviceProfile []
[2019.01.16-16.25.44:703][  0]LogInit: Computer: WINDOWS-SA1OMO4
[2019.01.16-16.25.44:703][  0]LogInit: User: maxc
[2019.01.16-16.25.44:703][  0]LogInit: CPU Page size=4096, Cores=6
[2019.01.16-16.25.44:703][  0]LogInit: High frequency timer resolution =3.914065 MHz
[2019.01.16-16.25.44:704][  0]LogMemory: Memory total: Physical=31.9GB (32GB approx)
[2019.01.16-16.25.44:704][  0]LogMemory: Platform Memory Stats for Windows
[2019.01.16-16.25.44:704][  0]LogMemory: Process Physical Memory: 102.41 MB used, 102.41 MB peak
[2019.01.16-16.25.44:704][  0]LogMemory: Process Virtual Memory: 93.92 MB used, 93.92 MB peak
[2019.01.16-16.25.44:704][  0]LogMemory: Physical Memory: 8295.38 MB used,  24407.83 MB free, 32703.21 MB total
[2019.01.16-16.25.44:704][  0]LogMemory: Virtual Memory: 4665.47 MB used,  24407.83 MB free, 134217728.00 MB total
[2019.01.16-16.25.44:819][  0]LogInit: Using OS detected language (en-US).
[2019.01.16-16.25.44:819][  0]LogInit: Using OS detected locale (en-GB).
[2019.01.16-16.25.44:819][  0]LogTextLocalizationManager: No specific localization for 'en-US' exists, so the 'en' localization will be used.
[2019.01.16-16.25.45:086][  0]LogStreaming: Display: Took  0.268s to InitEngineTextLocalization.
[2019.01.16-16.25.45:087][  0]LogInit: Setting process to per monitor DPI aware
[2019.01.16-16.25.45:142][  0]LogSlate: New Slate User Created.  User Index 0, Is Virtual User: 0
[2019.01.16-16.25.45:142][  0]LogSlate: Slate User Registered.  User Index 0, Is Virtual User: 0
[2019.01.16-16.25.45:302][  0]LogHMD: Failed to initialize OpenVR with code 110
[2019.01.16-16.25.45:303][  0]LogD3D11RHI: D3D11 adapters:
[2019.01.16-16.25.45:368][  0]LogD3D11RHI:    0. 'NVIDIA GeForce GTX 1080 Ti' (Feature Level 11_0)
[2019.01.16-16.25.45:368][  0]LogD3D11RHI:       11127/0/16351 MB DedicatedVideo/DedicatedSystem/SharedSystem, Outputs:2, VendorId:0x10de
[2019.01.16-16.25.45:372][  0]LogD3D11RHI:    1. 'Microsoft Basic Render Driver' (Feature Level 11_0)
[2019.01.16-16.25.45:372][  0]LogD3D11RHI:       0/0/16351 MB DedicatedVideo/DedicatedSystem/SharedSystem, Outputs:0, VendorId:0x1414
[2019.01.16-16.25.45:372][  0]LogD3D11RHI: Chosen D3D11 Adapter: 0
[2019.01.16-16.25.45:378][  0]LogD3D11RHI: Creating new Direct3DDevice
[2019.01.16-16.25.45:378][  0]LogD3D11RHI:     GPU DeviceId: 0x1b06 (for the marketing name, search the web for "GPU Device Id")
[2019.01.16-16.25.45:378][  0]LogWindows: EnumDisplayDevices:
[2019.01.16-16.25.45:378][  0]LogWindows:    0. 'NVIDIA GeForce GTX 1080 Ti' (P:0 D:1)
[2019.01.16-16.25.45:378][  0]LogWindows:    1. 'NVIDIA GeForce GTX 1080 Ti' (P:1 D:1)
[2019.01.16-16.25.45:378][  0]LogWindows:    2. 'NVIDIA GeForce GTX 1080 Ti' (P:0 D:0)
[2019.01.16-16.25.45:378][  0]LogWindows:    3. 'NVIDIA GeForce GTX 1080 Ti' (P:0 D:0)
[2019.01.16-16.25.45:378][  0]LogWindows: DebugString: FoundDriverCount:4 
[2019.01.16-16.25.45:379][  0]LogD3D11RHI:     Adapter Name: NVIDIA GeForce GTX 1080 Ti
[2019.01.16-16.25.45:379][  0]LogD3D11RHI:   Driver Version: 416.81 (internal:25.21.14.1681, unified:416.81)
[2019.01.16-16.25.45:379][  0]LogD3D11RHI:      Driver Date: 11-2-2018
[2019.01.16-16.25.45:379][  0]LogRHI: Texture pool is 7788 MB (70% of 11127 MB)
[2019.01.16-16.25.45:416][  0]LogD3D11RHI: Async texture creation enabled
[2019.01.16-16.25.45:444][  0]LogD3D11RHI: GPU Timing Frequency: 1000.000000 (Debug: 2 2)
[2019.01.16-16.25.45:533][  0]LogShaderCompilers: Guid format shader working directory is -35 characters bigger than the processId version (../../../../../../Users/max-c/Documents/GitHub/Violence_Project/Violence_Project/Intermediate/Shaders/WorkingDirectory/14548/).
[2019.01.16-16.25.45:533][  0]LogShaderCompilers: Cleaned the shader compiler working directory 'C:/Users/max-c/AppData/Local/Temp/UnrealShaderWorkingDir/E488631A474B147E3B12429DD10347E4/'.
[2019.01.16-16.25.45:751][  0]LogTemp: Display: Loaded TP AllDesktopTargetPlatform
[2019.01.16-16.25.45:763][  0]LogTemp: Display: Loaded TP MacClientTargetPlatform
[2019.01.16-16.25.45:775][  0]LogTemp: Display: Loaded TP MacNoEditorTargetPlatform
[2019.01.16-16.25.45:788][  0]LogTemp: Display: Loaded TP MacServerTargetPlatform
[2019.01.16-16.25.45:801][  0]LogTemp: Display: Loaded TP MacTargetPlatform
[2019.01.16-16.25.45:813][  0]LogTemp: Display: Loaded TP WindowsClientTargetPlatform
[2019.01.16-16.25.45:825][  0]LogTemp: Display: Loaded TP WindowsNoEditorTargetPlatform
[2019.01.16-16.25.45:836][  0]LogTemp: Display: Loaded TP WindowsServerTargetPlatform
[2019.01.16-16.25.45:843][  0]LogTemp: Display: Loaded TP WindowsTargetPlatform
[2019.01.16-16.25.45:903][  0]LogTemp: Display: Loaded TP AndroidTargetPlatform
[2019.01.16-16.25.45:903][  0]LogTemp: Display: Loaded TP AndroidTargetPlatform
[2019.01.16-16.25.45:903][  0]LogTemp: Display: Loaded TP AndroidTargetPlatform
[2019.01.16-16.25.45:904][  0]LogTemp: Display: Loaded TP AndroidTargetPlatform
[2019.01.16-16.25.45:904][  0]LogTemp: Display: Loaded TP AndroidTargetPlatform
[2019.01.16-16.25.45:904][  0]LogTemp: Display: Loaded TP AndroidTargetPlatform
[2019.01.16-16.25.45:904][  0]LogTemp: Display: Loaded TP AndroidTargetPlatform
[2019.01.16-16.25.45:904][  0]LogTemp: Display: Loaded TP AndroidTargetPlatform
[2019.01.16-16.25.45:904][  0]LogTemp: Display: Loaded TP AndroidTargetPlatform
[2019.01.16-16.25.45:904][  0]LogTemp: Display: Loaded TP AndroidTargetPlatform
[2019.01.16-16.25.45:904][  0]LogTemp: Display: Loaded TP AndroidTargetPlatform
[2019.01.16-16.25.45:904][  0]LogTemp: Display: Loaded TP AndroidTargetPlatform
[2019.01.16-16.25.45:904][  0]LogTemp: Display: Loaded TP AndroidTargetPlatform
[2019.01.16-16.25.45:904][  0]LogTemp: Display: Loaded TP AndroidTargetPlatform
[2019.01.16-16.25.45:904][  0]LogTemp: Display: Loaded TP AndroidTargetPlatform
[2019.01.16-16.25.45:905][  0]LogTemp: Display: Loaded TP AndroidTargetPlatform
[2019.01.16-16.25.45:905][  0]LogTemp: Display: Loaded TP AndroidTargetPlatform
[2019.01.16-16.25.45:905][  0]LogTemp: Display: Loaded TP AndroidTargetPlatform
[2019.01.16-16.25.45:907][  0]LogTemp: Display: Loaded TP HTML5TargetPlatform
[2019.01.16-16.25.45:979][  0]LogTemp: Display: Loaded TP IOSTargetPlatform
[2019.01.16-16.25.45:979][  0]LogTemp: Display: Loaded TP IOSTargetPlatform
[2019.01.16-16.25.45:999][  0]LogTemp: Display: Loaded TP TVOSTargetPlatform
[2019.01.16-16.25.45:999][  0]LogTemp: Display: Loaded TP TVOSTargetPlatform
[2019.01.16-16.25.46:010][  0]LogTemp: Display: Loaded TP LinuxClientTargetPlatform
[2019.01.16-16.25.46:021][  0]LogTemp: Display: Loaded TP LinuxNoEditorTargetPlatform
[2019.01.16-16.25.46:032][  0]LogTemp: Display: Loaded TP LinuxServerTargetPlatform
[2019.01.16-16.25.46:043][  0]LogTemp: Display: Loaded TP LinuxTargetPlatform
[2019.01.16-16.25.46:052][  0]LogTemp: Display: Loaded TP LuminTargetPlatform
[2019.01.16-16.25.46:052][  0]LogTargetPlatformManager: Display: Building Assets For Windows
[2019.01.16-16.25.46:137][  0]LogXGEController: Cleaning working directory: C:/Users/max-c/AppData/Local/Temp/UnrealXGEWorkingDir/
[2019.01.16-16.25.46:138][  0]LogXGEController: Cannot use XGE Controller as Incredibuild is not installed on this machine.
[2019.01.16-16.25.46:138][  0]LogShaderCompilers: Cannot use XGE Shader Compiler as Incredibuild is not installed on this machine.
[2019.01.16-16.25.46:138][  0]LogShaderCompilers: Display: Using Local Shader Compiler.
[2019.01.16-16.25.46:719][  0]LogDerivedDataCache: Display: Max Cache Size: 512 MB
[2019.01.16-16.25.46:760][  0]LogDerivedDataCache: Loaded boot cache 0.04s 71MB C:/Users/max-c/AppData/Local/UnrealEngine/4.20/DerivedDataCache/Boot.ddc.
[2019.01.16-16.25.46:761][  0]LogDerivedDataCache: Display: Loaded Boot cache: C:/Users/max-c/AppData/Local/UnrealEngine/4.20/DerivedDataCache/Boot.ddc
[2019.01.16-16.25.46:761][  0]LogDerivedDataCache: FDerivedDataBackendGraph:  Pak pak cache file ../../../../../../Users/max-c/Documents/GitHub/Violence_Project/Violence_Project/DerivedDataCache/DDC.ddp not found, will not use a pak cache.
[2019.01.16-16.25.46:761][  0]LogDerivedDataCache: Unable to find inner node Pak for hierarchical cache Hierarchy.
[2019.01.16-16.25.46:761][  0]LogDerivedDataCache: FDerivedDataBackendGraph:  CompressedPak pak cache file ../../../../../../Users/max-c/Documents/GitHub/Violence_Project/Violence_Project/DerivedDataCache/Compressed.ddp not found, will not use a pak cache.
[2019.01.16-16.25.46:761][  0]LogDerivedDataCache: Unable to find inner node CompressedPak for hierarchical cache Hierarchy.
[2019.01.16-16.25.46:771][  0]LogDerivedDataCache: Display: Pak cache opened for reading ../../../Engine/DerivedDataCache/Compressed.ddp.
[2019.01.16-16.25.46:784][  0]LogDerivedDataCache: Using Local data cache path C:/Users/max-c/AppData/Local/UnrealEngine/Common/DerivedDataCache: Writable
[2019.01.16-16.25.46:784][  0]LogDerivedDataCache: Shared data cache path not found in *engine.ini, will not use an Shared cache.
[2019.01.16-16.25.46:784][  0]LogDerivedDataCache: Unable to find inner node Shared for hierarchical cache Hierarchy.
[2019.01.16-16.25.46:798][  0]LogMaterial: Verifying Global Shaders for PCD3D_SM5
[2019.01.16-16.25.46:799][  0]LogSlate: Using FreeType 2.6.0
[2019.01.16-16.25.46:800][  0]LogSlate: SlateFontServices - WITH_FREETYPE: 1, WITH_HARFBUZZ: 1
[2019.01.16-16.25.46:862][  0]LogAssetRegistry: FAssetRegistry took 0.0271 seconds to start up
[2019.01.16-16.25.47:099][  0]LogInit: Selected Device Profile: [Windows]
[2019.01.16-16.25.47:214][  0]LogSimplygon: Simplygon DLL not present - disabling.
[2019.01.16-16.25.47:221][  0]LogMeshReduction: Using SimplygonSwarm for distributed automatic mesh merging
[2019.01.16-16.25.47:221][  0]LogMeshReduction: Using ProxyLODMeshReduction for automatic mesh merging
[2019.01.16-16.25.47:221][  0]LogMeshReduction: Using QuadricMeshReduction for automatic static mesh reduction
[2019.01.16-16.25.47:221][  0]LogMeshReduction: No automatic skeletal mesh reduction module available
[2019.01.16-16.25.47:241][  0]LogNetVersion: Violence_Project 1.0.0, NetCL: 4212847, EngineNetVer: 5, GameNetVer: 0 (Checksum: 168441638)
[2019.01.16-16.25.47:620][  0]LogPackageLocalizationCache: Processed 11 localized package path(s) for 2 prioritized culture(s) in 0.085857 seconds
[2019.01.16-16.25.47:625][  0]LogUObjectArray: 38425 objects as part of root set at end of initial load.
[2019.01.16-16.25.47:625][  0]LogUObjectAllocator: 6690864 out of 0 bytes used by permanent object pool.
[2019.01.16-16.25.47:625][  0]LogUObjectArray: CloseDisregardForGC: 0/0 objects in disregard for GC pool
[2019.01.16-16.25.48:389][  0]LogTcpMessaging: Initializing TcpMessaging bridge
[2019.01.16-16.25.48:409][  0]LogUdpMessaging: Initializing bridge on interface 0.0.0.0:0 to multicast group 230.0.0.1:6666.
[2019.01.16-16.25.48:577][  0]SourceControl: Source control is disabled
[2019.01.16-16.25.48:577][  0]SourceControl: Source control is disabled
[2019.01.16-16.25.48:580][  0]SourceControl: Source control is disabled
[2019.01.16-16.25.48:582][  0]SourceControl: Source control is disabled
[2019.01.16-16.25.48:791][  0]LogAndroidPermission: UAndroidPermissionCallbackProxy::GetInstance
[2019.01.16-16.25.48:899][  0]LogOcInput: OculusInput pre-init called
[2019.01.16-16.25.48:955][  0]LogEngine: Initializing Engine...
[2019.01.16-16.25.48:956][  0]LogHMD: Failed to initialize OpenVR with code 110
[2019.01.16-16.25.48:957][  0]LogStats: UGameplayTagsManager::ConstructGameplayTagTree: ImportINI prefixes -  0.000 s
[2019.01.16-16.25.48:957][  0]LogStats: UGameplayTagsManager::ConstructGameplayTagTree: Construct from data asset -  0.000 s
[2019.01.16-16.25.48:957][  0]LogStats: UGameplayTagsManager::ConstructGameplayTagTree: ImportINI -  0.000 s
[2019.01.16-16.25.48:957][  0]LogStats: UGameplayTagsManager::ConstructGameplayTagTree: GameplayTagTreeChangedEvent.Broadcast -  0.000 s
[2019.01.16-16.25.49:121][  0]LogInit: Initializing FReadOnlyCVARCache
[2019.01.16-16.25.49:135][  0]LogAIModule: Creating AISystem for world Untitled
[2019.01.16-16.25.49:155][  0]LogInit: XAudio2 using 'Speakers (2- USB Audio Device)' : 2 channels at 48 kHz using 16 bits per sample (channel mask 0x3)
[2019.01.16-16.25.49:172][  0]LogInit: FAudioDevice initialized.
[2019.01.16-16.25.49:172][  0]LogNetVersion: Set ProjectVersion to 1.0.0.0. Version Checksum will be recalculated on next use.
[2019.01.16-16.25.49:208][  0]LogDerivedDataCache: Saved boot cache 0.04s 71MB C:/Users/max-c/AppData/Local/UnrealEngine/4.20/DerivedDataCache/Boot.ddc.
[2019.01.16-16.25.49:223][  0]LogInit: Texture streaming: Enabled
[2019.01.16-16.25.49:244][  0]LogEngineSessionManager: EngineSessionManager initialized
[2019.01.16-16.25.49:252][  0]LogInit: Transaction tracking system initialized
[2019.01.16-16.25.49:282][  0]BlueprintLog: New page: Editor Load
[2019.01.16-16.25.49:381][  0]LocalizationService: Localization service is disabled
[2019.01.16-16.25.49:624][  0]LogCook: Display: Max memory allowance for cook 16384mb min free memory 0mb
[2019.01.16-16.25.49:624][  0]LogCook: Display: Mobile HDR setting 1
[2019.01.16-16.25.49:624][  0]LogGameplayTags: Display: UGameplayTagsManager::DoneAddingNativeTags. DelegateIsBound: 0
[2019.01.16-16.25.49:624][  0]LogStats: UGameplayTagsManager::ConstructGameplayTagTree: ImportINI prefixes -  0.000 s
[2019.01.16-16.25.49:625][  0]LogStats: UGameplayTagsManager::ConstructGameplayTagTree: Construct from data asset -  0.000 s
[2019.01.16-16.25.49:625][  0]LogStats: UGameplayTagsManager::ConstructGameplayTagTree: ImportINI -  0.000 s
[2019.01.16-16.25.49:625][  0]LogStats: UGameplayTagsManager::ConstructGameplayTagTree: GameplayTagTreeChangedEvent.Broadcast -  0.000 s
[2019.01.16-16.25.49:764][  0]LogFileCache: Scanning file cache for directory 'C:/Users/max-c/Documents/GitHub/Violence_Project/Violence_Project/Content/' took 0.02s
[2019.01.16-16.25.49:764][  0]SourceControl: Source control is disabled
[2019.01.16-16.25.49:764][  0]Cmd: MAP LOAD FILE="../../../../../../Users/max-c/Documents/GitHub/Violence_Project/Violence_Project/Content/ThirdPersonBP/Maps/ThirdPersonExampleMap.umap" TEMPLATE=0 SHOWPROGRESS=1 FEATURELEVEL=3
[2019.01.16-16.25.49:765][  0]LightingResults: New page: Lighting Build
[2019.01.16-16.25.49:767][  0]MapCheck: New page: Map Check
[2019.01.16-16.25.49:767][  0]LightingResults: New page: Lighting Build
[2019.01.16-16.25.50:135][  0]LogAIModule: Creating AISystem for world ThirdPersonExampleMap
[2019.01.16-16.25.50:143][  0]LogEditorServer: Finished looking for orphan Actors (0.000 secs)
[2019.01.16-16.25.50:165][  0]Cmd: MAP CHECKDEP NOCLEARLOG
[2019.01.16-16.25.50:229][  0]MapCheck: Map check complete: 0 Error(s), 0 Warning(s), took 63.461ms to complete.
[2019.01.16-16.25.50:229][  0]LogFileHelpers: Loading map 'ThirdPersonExampleMap' took 0.465
[2019.01.16-16.25.51:058][  0]LogSlate: Only BGRA pngs, bmps or icos are supported in by External Image Picker
[2019.01.16-16.25.51:105][  0]LogTemp: Executing iPhonePackager certificates Engine -bundlename com.YourCompany.ViolenceProject
[2019.01.16-16.25.51:105][  0]LogTemp: CWD: C:\Program Files\Epic Games\UE_4.20\Engine\Binaries\DotNET\IOS
[2019.01.16-16.25.51:105][  0]LogTemp: Initial Dir: C:\Program Files\Epic Games\UE_4.20
[2019.01.16-16.25.51:106][  0]LogTemp: Env CWD: C:\Program Files\Epic Games\UE_4.20\Engine\Binaries\DotNET\IOS
[2019.01.16-16.25.51:106][  0]LogTemp: BranchPath = WINDOWS-SA1OMO4/C/Program Files/Epic Games/UE_4.20/Engine/Binaries --- GameBranchPath = WINDOWS-SA1OMO4/C/Program Files/Epic Games/UE_4.20/Engine/Binaries
[2019.01.16-16.25.51:106][  0]LogTemp: IPP ERROR: Could not find provision directory 'C:\Users\max-c\AppData\Local/Apple Computer/MobileDevice/Provisioning Profiles/'.
[2019.01.16-16.25.51:106][  0]LogSlate: Updating window title bar state: overlay mode, drag disabled, window buttons hidden, title bar hidden
[2019.01.16-16.25.51:112][  0]LogSlate: Updating window title bar state: overlay mode, drag disabled, window buttons hidden, title bar hidden
[2019.01.16-16.25.51:118][  0]LogSlate: Updating window title bar state: overlay mode, drag disabled, window buttons hidden, title bar hidden
[2019.01.16-16.25.51:124][  0]LogSlate: Updating window title bar state: overlay mode, drag disabled, window buttons hidden, title bar hidden
[2019.01.16-16.25.51:130][  0]LogCollectionManager: Loaded 0 collections in 0.001590 seconds
[2019.01.16-16.25.51:187][  0]LogFileCache: Scanning file cache for directory 'C:/Users/max-c/Documents/GitHub/Violence_Project/Violence_Project/Saved/Collections/' took 0.01s
[2019.01.16-16.25.51:187][  0]LogFileCache: Scanning file cache for directory 'C:/Users/max-c/Documents/GitHub/Violence_Project/Violence_Project/Content/Developers/maxc/Collections/' took 0.02s
[2019.01.16-16.25.51:187][  0]LogFileCache: Scanning file cache for directory 'C:/Users/max-c/Documents/GitHub/Violence_Project/Violence_Project/Content/Collections/' took 0.01s
[2019.01.16-16.25.51:187][  0]LogCollectionManager: Rebuilt the GUID cache for 0 collections in 0.000000 seconds
[2019.01.16-16.25.51:195][  0]LogContentBrowser: Native class hierarchy populated in 0.0074 seconds. Added 2575 classes and 606 folders.
[2019.01.16-16.25.51:201][  0]LogContentBrowser: Native class hierarchy updated for 'WidgetCarousel' in 0.0003 seconds. Added 0 classes and 0 folders.
[2019.01.16-16.25.51:240][  0]LogContentBrowser: Native class hierarchy updated for 'AddContentDialog' in 0.0003 seconds. Added 0 classes and 0 folders.
[2019.01.16-16.25.51:246][  0]LogContentBrowser: Native class hierarchy updated for 'SceneOutliner' in 0.0004 seconds. Added 1 classes and 2 folders.
[2019.01.16-16.25.51:257][  0]LogSlate: Took 0.000132 seconds to synchronously load lazily loaded font '../../../Engine/Content/Slate/Fonts/Roboto-Regular.ttf' (155K)
[2019.01.16-16.25.51:259][  0]LogSlate: Took 0.000176 seconds to synchronously load lazily loaded font '../../../Engine/Content/Slate/Fonts/Roboto-Bold.ttf' (160K)
[2019.01.16-16.25.51:263][  0]LogSlate: Took 0.000220 seconds to synchronously load lazily loaded font '../../../Engine/Content/Editor/Slate/Fonts/FontAwesome.ttf' (139K)
[2019.01.16-16.25.51:321][  0]LogRenderer: Reallocating scene render targets to support 1616x808 Format 10 NumSamples 1 (Frame:1).
[2019.01.16-16.25.51:420][  0]LogContentBrowser: Native class hierarchy updated for 'HierarchicalLODOutliner' in 0.0004 seconds. Added 0 classes and 0 folders.
[2019.01.16-16.25.51:420][  0]LogLoad: (Engine Initialization) Total time: 8.78 seconds
[2019.01.16-16.25.51:421][  0]LogLoad: (Engine Initialization) Total Blueprint compile time: 0.00 seconds
[2019.01.16-16.25.51:431][  0]LogWindowsTextInputMethodSystem: Display: IME system now deactivated.
[2019.01.16-16.25.51:458][  0]LogAssetRegistry: Asset discovery search completed in 4.6198 seconds
[2019.01.16-16.25.51:460][  0]LogCollectionManager: Rebuilt the object cache for 0 collections in 0.000000 seconds (found 0 objects)
[2019.01.16-16.25.51:460][  0]LogCollectionManager: Fixed up redirectors for 0 collections in 0.000104 seconds (updated 0 objects)
[2019.01.16-16.25.51:461][  0]LogContentStreaming: Texture pool size now 1000 MB
[2019.01.16-16.26.08:160][758]LogSlate: FSceneViewport::OnFocusLost() reason 0
[2019.01.16-16.26.08:340][760]LogSlate: Took 0.000149 seconds to synchronously load lazily loaded font '../../../Engine/Content/Slate/Fonts/Roboto-Light.ttf' (167K)
[2019.01.16-16.26.08:345][760]LogAssetEditorManager: Opening Asset editor for Class /Script/Violence_Project.PlayerCharacter
[2019.01.16-16.26.08:345][760]LogPackageName: Error: DoesPackageExist: DoesPackageExist FAILED: 'Engine/Tutorial/Installation/InstallingVisualStudioTutorial' is not a standard unreal filename or a long path name. Reason: Path should start with a '/'
[2019.01.16-16.26.08:345][760]LogLinker: Warning: Can't find file 'Engine/Tutorial/Installation/InstallingVisualStudioTutorial'
[2019.01.16-16.26.08:346][760]LogPackageName: Error: DoesPackageExist: DoesPackageExist FAILED: 'Engine/Tutorial/Installation/InstallingVisualStudioTutorial' is not a standard unreal filename or a long path name. Reason: Path should start with a '/'
[2019.01.16-16.26.08:346][760]LogLinker: Warning: Can't find file 'Engine/Tutorial/Installation/InstallingVisualStudioTutorial'
[2019.01.16-16.26.08:348][760]LogUObjectGlobals: Warning: Failed to find object 'Blueprint Engine/Tutorial/Installation/InstallingVisualStudioTutorial.InstallingVisualStudioTutorial'
[2019.01.16-16.26.19:848][649]LogTemp: Repeating last play command: Selected Viewport
[2019.01.16-16.26.19:861][649]LogBlueprintUserMessages: Early PlayInEditor Detection: Level '/Game/ThirdPersonBP/Maps/ThirdPersonExampleMap.ThirdPersonExampleMap:PersistentLevel' has LevelScriptBlueprint '/Game/ThirdPersonBP/Maps/ThirdPersonExampleMap.ThirdPersonExampleMap:PersistentLevel.ThirdPersonExampleMap' with GeneratedClass '/Game/ThirdPersonBP/Maps/ThirdPersonExampleMap.ThirdPersonExampleMap_C' with ClassGeneratedBy '/Game/ThirdPersonBP/Maps/ThirdPersonExampleMap.ThirdPersonExampleMap:PersistentLevel.ThirdPersonExampleMap'
[2019.01.16-16.26.19:861][649]LogPlayLevel: PlayLevel: No blueprints needed recompiling
[2019.01.16-16.26.19:875][649]PIE: New page: PIE session: ThirdPersonExampleMap (16 Jan 2019 16:26:19)
[2019.01.16-16.26.19:875][649]LogPlayLevel: Creating play world package: /Game/ThirdPersonBP/Maps/UEDPIE_0_ThirdPersonExampleMap
[2019.01.16-16.26.19:892][649]LogPlayLevel: PIE: StaticDuplicateObject took: (0.016351s)
[2019.01.16-16.26.19:892][649]LogAIModule: Creating AISystem for world ThirdPersonExampleMap
[2019.01.16-16.26.19:893][649]LogPlayLevel: PIE: World Init took: (0.000675s)
[2019.01.16-16.26.19:893][649]LogPlayLevel: PIE: Created PIE world by copying editor world from /Game/ThirdPersonBP/Maps/ThirdPersonExampleMap.ThirdPersonExampleMap to /Game/ThirdPersonBP/Maps/UEDPIE_0_ThirdPersonExampleMap.ThirdPersonExampleMap (0.017353s)
[2019.01.16-16.26.19:930][649]LogInit: XAudio2 using 'Speakers (2- USB Audio Device)' : 2 channels at 48 kHz using 16 bits per sample (channel mask 0x3)
[2019.01.16-16.26.19:938][649]LogInit: FAudioDevice initialized.
[2019.01.16-16.26.19:985][649]LogLoad: Game class is 'ThirdPersonGameMode_C'
[2019.01.16-16.26.19:988][649]LogWorld: Bringing World /Game/ThirdPersonBP/Maps/UEDPIE_0_ThirdPersonExampleMap.ThirdPersonExampleMap up for play (max tick rate 0) at 2019.01.16-16.26.19
[2019.01.16-16.26.19:988][649]LogWorld: Bringing up level for play took: 0.001203
[2019.01.16-16.26.20:005][649]LogContentBrowser: Native class hierarchy updated for 'MovieSceneCapture' in 0.0004 seconds. Added 10 classes and 0 folders.
[2019.01.16-16.26.20:006][649]PIE: Play in editor start time for /Game/ThirdPersonBP/Maps/UEDPIE_0_ThirdPersonExampleMap 0.879
[2019.01.16-16.26.20:006][649]LogBlueprintUserMessages: Late PlayInEditor Detection: Level '/Game/ThirdPersonBP/Maps/ThirdPersonExampleMap.ThirdPersonExampleMap:PersistentLevel' has LevelScriptBlueprint '/Game/ThirdPersonBP/Maps/ThirdPersonExampleMap.ThirdPersonExampleMap:PersistentLevel.ThirdPersonExampleMap' with GeneratedClass '/Game/ThirdPersonBP/Maps/ThirdPersonExampleMap.ThirdPersonExampleMap_C' with ClassGeneratedBy '/Game/ThirdPersonBP/Maps/ThirdPersonExampleMap.ThirdPersonExampleMap:PersistentLevel.ThirdPersonExampleMap'
[2019.01.16-16.26.28:228][632]LogBlueprintUserMessages: Early EndPlayMap Detection: Level '/Game/ThirdPersonBP/Maps/ThirdPersonExampleMap.ThirdPersonExampleMap:PersistentLevel' has LevelScriptBlueprint '/Game/ThirdPersonBP/Maps/ThirdPersonExampleMap.ThirdPersonExampleMap:PersistentLevel.ThirdPersonExampleMap' with GeneratedClass '/Game/ThirdPersonBP/Maps/ThirdPersonExampleMap.ThirdPersonExampleMap_C' with ClassGeneratedBy '/Game/ThirdPersonBP/Maps/ThirdPersonExampleMap.ThirdPersonExampleMap:PersistentLevel.ThirdPersonExampleMap'
[2019.01.16-16.26.28:228][632]LogSlate: Updating window title bar state: overlay mode, drag disabled, window buttons hidden, title bar hidden
[2019.01.16-16.26.28:265][632]LogPlayLevel: Display: Shutting down PIE online subsystems
[2019.01.16-16.26.28:265][632]LogBlueprintUserMessages: Late EndPlayMap Detection: Level '/Game/ThirdPersonBP/Maps/ThirdPersonExampleMap.ThirdPersonExampleMap:PersistentLevel' has LevelScriptBlueprint '/Game/ThirdPersonBP/Maps/ThirdPersonExampleMap.ThirdPersonExampleMap:PersistentLevel.ThirdPersonExampleMap' with GeneratedClass '/Game/ThirdPersonBP/Maps/ThirdPersonExampleMap.ThirdPersonExampleMap_C' with ClassGeneratedBy '/Game/ThirdPersonBP/Maps/ThirdPersonExampleMap.ThirdPersonExampleMap:PersistentLevel.ThirdPersonExampleMap'
[2019.01.16-16.26.28:286][632]LogSlate: Updating window title bar state: overlay mode, drag disabled, window buttons hidden, title bar hidden
[2019.01.16-16.26.28:330][636]LogPlayLevel: Display: Destroying online subsystem :Context_2
[2019.01.16-16.26.50:575][168]LogSlate: FSceneViewport::OnFocusLost() reason 0
