Log file open, 01/15/19 15:38:56
LogWindows: Failed to load 'aqProf.dll' (GetLastError=126)
LogWindows: File 'aqProf.dll' does not exist
LogWindows: Failed to load 'VSPerf140.dll' (GetLastError=126)
LogWindows: File 'VSPerf140.dll' does not exist
LogWindows: Failed to load 'VtuneApi.dll' (GetLastError=126)
LogWindows: File 'VtuneApi.dll' does not exist
LogWindows: Failed to load 'VtuneApi32e.dll' (GetLastError=126)
LogWindows: File 'VtuneApi32e.dll' does not exist
LogInit: Display: Running engine for game: Violence_Project
LogPlatformFile: Not using cached read wrapper
LogTaskGraph: Started task graph with 5 named threads and 35 total threads with 3 sets of task threads.
LogStats: Stats thread started at 0.817137
LogD3D11RHI: Loaded GFSDK_Aftermath_Lib.x64.dll
LogICUInternationalization: Display: ICU TimeZone Detection - Raw Offset: +0:00, Platform Override: ''
LogPluginManager: Mounting plugin Paper2D
LogPluginManager: Mounting plugin AISupport
LogPluginManager: Mounting plugin LightPropagationVolume
LogPluginManager: Mounting plugin CLionSourceCodeAccess
LogPluginManager: Mounting plugin CodeLiteSourceCodeAccess
LogPluginManager: Mounting plugin GitSourceControl
LogPluginManager: Mounting plugin KDevelopSourceCodeAccess
LogPluginManager: Mounting plugin NullSourceCodeAccess
LogPluginManager: Mounting plugin PerforceSourceControl
LogPluginManager: Mounting plugin SubversionSourceControl
LogPluginManager: Mounting plugin UObjectPlugin
LogPluginManager: Mounting plugin VisualStudioCodeSourceCodeAccess
LogPluginManager: Mounting plugin VisualStudioSourceCodeAccess
LogPluginManager: Mounting plugin XCodeSourceCodeAccess
LogPluginManager: Mounting plugin AssetManagerEditor
LogPluginManager: Mounting plugin CryptoKeys
LogPluginManager: Mounting plugin DataValidation
LogPluginManager: Mounting plugin FacialAnimation
LogPluginManager: Mounting plugin GameplayTagsEditor
LogPluginManager: Mounting plugin MacGraphicsSwitching
LogPluginManager: Mounting plugin MeshEditor
LogPluginManager: Mounting plugin MobileLauncherProfileWizard
LogPluginManager: Mounting plugin PluginBrowser
LogPluginManager: Mounting plugin SpeedTreeImporter
LogPluginManager: Mounting plugin DatasmithContent
LogPluginManager: Mounting plugin AlembicImporter
LogPluginManager: Mounting plugin AppleImageUtils
LogPluginManager: Mounting plugin AppleVision
LogPluginManager: Mounting plugin BackChannel
LogPluginManager: Mounting plugin CharacterAI
LogPluginManager: Mounting plugin GeometryCache
LogPluginManager: Mounting plugin HTML5Networking
LogPluginManager: Mounting plugin ProxyLODPlugin
LogPluginManager: Mounting plugin MagicLeap
LogPluginManager: Mounting plugin MagicLeapEmulator
LogPluginManager: Mounting plugin MagicLeapMedia
LogPluginManager: Mounting plugin AndroidMedia
LogPluginManager: Mounting plugin AvfMedia
LogPluginManager: Mounting plugin ImgMedia
LogPluginManager: Mounting plugin LinearTimecode
LogPluginManager: Mounting plugin MediaCompositing
LogPluginManager: Mounting plugin MediaPlayerEditor
LogPluginManager: Mounting plugin WmfMedia
LogPluginManager: Mounting plugin TcpMessaging
LogPluginManager: Mounting plugin UdpMessaging
LogPluginManager: Mounting plugin ActorSequence
LogPluginManager: Mounting plugin LevelSequenceEditor
LogPluginManager: Mounting plugin MatineeToLevelSequence
LogPluginManager: Mounting plugin NetcodeUnitTest
LogPluginManager: Mounting plugin NUTUnrealEngine4
LogPluginManager: Mounting plugin OnlineSubsystemGooglePlay
LogPluginManager: Mounting plugin OnlineSubsystemIOS
LogPluginManager: Mounting plugin OnlineSubsystem
LogPluginManager: Mounting plugin OnlineSubsystemNull
LogPluginManager: Mounting plugin OnlineSubsystemUtils
LogPluginManager: Mounting plugin LauncherChunkInstaller
LogPluginManager: Mounting plugin AndroidDeviceProfileSelector
LogPluginManager: Mounting plugin AndroidMoviePlayer
LogPluginManager: Mounting plugin AndroidPermission
LogPluginManager: Mounting plugin AppleMoviePlayer
LogPluginManager: Mounting plugin ArchVisCharacter
LogPluginManager: Mounting plugin AudioCapture
LogPluginManager: Mounting plugin CableComponent
LogPluginManager: Mounting plugin CustomMeshComponent
LogPluginManager: Mounting plugin EditableMesh
LogPluginManager: Mounting plugin ExampleDeviceProfileSelector
LogPluginManager: Mounting plugin GoogleCloudMessaging
LogPluginManager: Mounting plugin ImmediatePhysics
LogPluginManager: Mounting plugin IOSDeviceProfileSelector
LogPluginManager: Mounting plugin LinuxDeviceProfileSelector
LogPluginManager: Mounting plugin LocationServicesBPLibrary
LogPluginManager: Mounting plugin MobilePatchingUtils
LogPluginManager: Mounting plugin OculusVR
LogPluginManager: Plugin shader directory ../../../Engine/Plugins/Runtime/Oculus/OculusVR/Shaders found
LogPluginManager: Mapping shader source directory ../../../Engine/Plugins/Runtime/Oculus/OculusVR/Shaders to virtual directory /Plugin/OculusVR
LogPluginManager: Mounting plugin PhysXVehicles
LogPluginManager: Mounting plugin ProceduralMeshComponent
LogPluginManager: Mounting plugin RuntimePhysXCooking
LogPluginManager: Mounting plugin SteamVR
LogPluginManager: Mounting plugin WindowsMoviePlayer
LogStreaming: Display: Took  0.111s to configure plugins.
LogInit: Using libcurl 7.55.1-DEV
LogInit:  - built for x86_64-pc-win32
LogInit:  - supports SSL with OpenSSL/1.0.2h
LogInit:  - supports HTTP deflate (compression) using libz 1.2.8
LogInit:  - other features:
LogInit:      CURL_VERSION_SSL
LogInit:      CURL_VERSION_LIBZ
LogInit:      CURL_VERSION_IPV6
LogInit:      CURL_VERSION_ASYNCHDNS
LogInit:      CURL_VERSION_LARGEFILE
LogInit:      CURL_VERSION_IDN
LogInit:  CurlRequestOptions (configurable via config and command line):
LogInit:  - bVerifyPeer = false  - Libcurl will NOT verify peer certificate
LogInit:  - bUseHttpProxy = false  - Libcurl will NOT use HTTP proxy
LogInit:  - bDontReuseConnections = false  - Libcurl will reuse connections
LogInit:  - CertBundlePath = nullptr  - Libcurl will use whatever was configured at build time.
LogInit:  - MaxHostConnections = 16  - Libcurl will limit the number of connections to a host
LogInit:  - LocalHostAddr = Default
LogInit:  - BufferSize = 65536
LogInit: WinSock: version 1.1 (2.2), MaxSocks=32767, MaxUdp=65467
LogInit: Build: ++UE4+Release-4.20-CL-4369336
LogInit: Engine Version: 4.20.3-4369336+++UE4+Release-4.20
LogInit: Compatible Engine Version: 4.20.0-4212847+++UE4+Release-4.20
LogInit: Net CL: 4212847
LogInit: OS: Windows 10 (), CPU: Intel(R) Core(TM) i7-8086K CPU @ 4.00GHz, GPU: NVIDIA GeForce GTX 1080 Ti
LogInit: Compiled (64-bit): Sep 17 2018 12:26:19
LogInit: Compiled with Visual C++: 19.13.26129.00
LogInit: Build Configuration: Development
LogInit: Branch Name: ++UE4+Release-4.20
LogInit: Command Line:  
LogInit: Base Directory: C:/Program Files/Epic Games/UE_4.20/Engine/Binaries/Win64/
LogInit: Installed Engine Build: 1
LogDevObjectVersion: Number of dev versions registered: 20
LogDevObjectVersion:   Dev-Blueprints (B0D832E4-1F89-4F0D-ACCF-7EB736FD4AA2): 10
LogDevObjectVersion:   Dev-Build (E1C64328-A22C-4D53-A36C-8E866417BD8C): 0
LogDevObjectVersion:   Dev-Core (375EC13C-06E4-48FB-B500-84F0262A717E): 2
LogDevObjectVersion:   Dev-Editor (E4B068ED-F494-42E9-A231-DA0B2E46BB41): 24
LogDevObjectVersion:   Dev-Framework (CFFC743F-43B0-4480-9391-14DF171D2073): 34
LogDevObjectVersion:   Dev-Mobile (B02B49B5-BB20-44E9-A304-32B752E40360): 2
LogDevObjectVersion:   Dev-Networking (A4E4105C-59A1-49B5-A7C5-40C4547EDFEE): 0
LogDevObjectVersion:   Dev-Online (39C831C9-5AE6-47DC-9A44-9C173E1C8E7C): 0
LogDevObjectVersion:   Dev-Physics (78F01B33-EBEA-4F98-B9B4-84EACCB95AA2): 0
LogDevObjectVersion:   Dev-Platform (6631380F-2D4D-43E0-8009-CF276956A95A): 0
LogDevObjectVersion:   Dev-Rendering (12F88B9F-8875-4AFC-A67C-D90C383ABD29): 26
LogDevObjectVersion:   Dev-Sequencer (7B5AE74C-D270-4C10-A958-57980B212A5A): 9
LogDevObjectVersion:   Dev-VR (D7296918-1DD6-4BDD-9DE2-64A83CC13884): 2
LogDevObjectVersion:   Dev-LoadTimes (C2A15278-BFE7-4AFE-6C17-90FF531DF755): 1
LogDevObjectVersion:   Private-Geometry (6EACA3D4-40EC-4CC1-B786-8BED09428FC5): 3
LogDevObjectVersion:   Dev-AnimPhys (29E575DD-E0A3-4627-9D10-D276232CDCEA): 17
LogDevObjectVersion:   Dev-ReflectionCapture (6B266CEC-1EC7-4B8F-A30B-E4D90942FC07): 1
LogDevObjectVersion:   Dev-Automation (0DF73D61-A23F-47EA-B727-89E90C41499A): 1
LogDevObjectVersion:   FortniteMain (601D1886-AC64-4F84-AA16-D3DE0DEAC7D6): 12
LogDevObjectVersion:   Dev-Enterprise (9DFFBCD6-494F-0158-E221-12823C92A888): 1
LogStreaming: Display: Took  0.002s to delete old logs.
LogInit: Presizing for max 8388607 objects, including 0 objects not considered by GC, pre-allocating 0 bytes for permanent pool.
LogInit: Object subsystem initialized
[2019.01.15-15.38.57:335][  0]LogInit: Selected Device Profile: [Windows]
[2019.01.15-15.38.57:335][  0]LogInit: Applying CVar settings loaded from the selected device profile: [Windows]
[2019.01.15-15.38.57:351][  0]LogHAL: Display: Platform has ~ 32 GB [34291802112 / 34359738368 / 32], which maps to Largest [LargestMinGB=32, LargerMinGB=12, DefaultMinGB=8, SmallerMinGB=6, SmallestMinGB=0)
[2019.01.15-15.38.57:352][  0]LogInit: Setting Device Profile CVar: [[r.Vulkan.UseRealUBs:1]]
[2019.01.15-15.38.57:352][  0]LogInit: Going up to parent DeviceProfile []
[2019.01.15-15.38.57:356][  0]LogInit: Computer: WINDOWS-SA1OMO4
[2019.01.15-15.38.57:356][  0]LogInit: User: maxc
[2019.01.15-15.38.57:356][  0]LogInit: CPU Page size=4096, Cores=6
[2019.01.15-15.38.57:356][  0]LogInit: High frequency timer resolution =3.914062 MHz
[2019.01.15-15.38.57:356][  0]LogMemory: Memory total: Physical=31.9GB (32GB approx)
[2019.01.15-15.38.57:356][  0]LogMemory: Platform Memory Stats for Windows
[2019.01.15-15.38.57:356][  0]LogMemory: Process Physical Memory: 101.54 MB used, 101.54 MB peak
[2019.01.15-15.38.57:356][  0]LogMemory: Process Virtual Memory: 93.96 MB used, 93.96 MB peak
[2019.01.15-15.38.57:356][  0]LogMemory: Physical Memory: 4860.60 MB used,  27842.61 MB free, 32703.21 MB total
[2019.01.15-15.38.57:356][  0]LogMemory: Virtual Memory: 4665.47 MB used,  27842.61 MB free, 134217728.00 MB total
[2019.01.15-15.38.57:511][  0]LogInit: Using OS detected language (en-US).
[2019.01.15-15.38.57:511][  0]LogInit: Using OS detected locale (en-GB).
[2019.01.15-15.38.57:512][  0]LogTextLocalizationManager: No specific localization for 'en-US' exists, so the 'en' localization will be used.
[2019.01.15-15.38.57:837][  0]LogStreaming: Display: Took  0.326s to InitEngineTextLocalization.
[2019.01.15-15.38.57:837][  0]LogInit: Setting process to per monitor DPI aware
[2019.01.15-15.38.57:916][  0]LogSlate: New Slate User Created.  User Index 0, Is Virtual User: 0
[2019.01.15-15.38.57:916][  0]LogSlate: Slate User Registered.  User Index 0, Is Virtual User: 0
[2019.01.15-15.38.59:399][  0]LogHMD: Failed to initialize OpenVR with code 110
[2019.01.15-15.38.59:400][  0]LogD3D11RHI: D3D11 adapters:
[2019.01.15-15.38.59:450][  0]LogD3D11RHI:    0. 'NVIDIA GeForce GTX 1080 Ti' (Feature Level 11_0)
[2019.01.15-15.38.59:450][  0]LogD3D11RHI:       11127/0/16351 MB DedicatedVideo/DedicatedSystem/SharedSystem, Outputs:2, VendorId:0x10de
[2019.01.15-15.38.59:452][  0]LogD3D11RHI:    1. 'Microsoft Basic Render Driver' (Feature Level 11_0)
[2019.01.15-15.38.59:452][  0]LogD3D11RHI:       0/0/16351 MB DedicatedVideo/DedicatedSystem/SharedSystem, Outputs:0, VendorId:0x1414
[2019.01.15-15.38.59:452][  0]LogD3D11RHI: Chosen D3D11 Adapter: 0
[2019.01.15-15.38.59:458][  0]LogD3D11RHI: Creating new Direct3DDevice
[2019.01.15-15.38.59:458][  0]LogD3D11RHI:     GPU DeviceId: 0x1b06 (for the marketing name, search the web for "GPU Device Id")
[2019.01.15-15.38.59:459][  0]LogWindows: EnumDisplayDevices:
[2019.01.15-15.38.59:459][  0]LogWindows:    0. 'NVIDIA GeForce GTX 1080 Ti' (P:0 D:1)
[2019.01.15-15.38.59:459][  0]LogWindows:    1. 'NVIDIA GeForce GTX 1080 Ti' (P:1 D:1)
[2019.01.15-15.38.59:459][  0]LogWindows:    2. 'NVIDIA GeForce GTX 1080 Ti' (P:0 D:0)
[2019.01.15-15.38.59:459][  0]LogWindows:    3. 'NVIDIA GeForce GTX 1080 Ti' (P:0 D:0)
[2019.01.15-15.38.59:459][  0]LogWindows: DebugString: FoundDriverCount:4 
[2019.01.15-15.38.59:459][  0]LogD3D11RHI:     Adapter Name: NVIDIA GeForce GTX 1080 Ti
[2019.01.15-15.38.59:460][  0]LogD3D11RHI:   Driver Version: 416.81 (internal:25.21.14.1681, unified:416.81)
[2019.01.15-15.38.59:460][  0]LogD3D11RHI:      Driver Date: 11-2-2018
[2019.01.15-15.38.59:460][  0]LogRHI: Texture pool is 7788 MB (70% of 11127 MB)
[2019.01.15-15.38.59:492][  0]LogD3D11RHI: Async texture creation enabled
[2019.01.15-15.38.59:530][  0]LogD3D11RHI: GPU Timing Frequency: 1000.000000 (Debug: 2 2)
[2019.01.15-15.38.59:630][  0]LogShaderCompilers: Guid format shader working directory is -34 characters bigger than the processId version (../../../../../../Users/max-c/Documents/GitHub/Violence_Project/Violence_Project/Intermediate/Shaders/WorkingDirectory/8624/).
[2019.01.15-15.38.59:631][  0]LogShaderCompilers: Cleaned the shader compiler working directory 'C:/Users/max-c/AppData/Local/Temp/UnrealShaderWorkingDir/EAEC5FE54E26A130C13E8DACFF698FE7/'.
[2019.01.15-15.38.59:881][  0]LogTemp: Display: Loaded TP AllDesktopTargetPlatform
[2019.01.15-15.38.59:894][  0]LogTemp: Display: Loaded TP MacClientTargetPlatform
[2019.01.15-15.38.59:905][  0]LogTemp: Display: Loaded TP MacNoEditorTargetPlatform
[2019.01.15-15.38.59:916][  0]LogTemp: Display: Loaded TP MacServerTargetPlatform
[2019.01.15-15.38.59:931][  0]LogTemp: Display: Loaded TP MacTargetPlatform
[2019.01.15-15.38.59:944][  0]LogTemp: Display: Loaded TP WindowsClientTargetPlatform
[2019.01.15-15.38.59:955][  0]LogTemp: Display: Loaded TP WindowsNoEditorTargetPlatform
[2019.01.15-15.38.59:968][  0]LogTemp: Display: Loaded TP WindowsServerTargetPlatform
[2019.01.15-15.38.59:975][  0]LogTemp: Display: Loaded TP WindowsTargetPlatform
[2019.01.15-15.39.00:045][  0]LogTemp: Display: Loaded TP AndroidTargetPlatform
[2019.01.15-15.39.00:045][  0]LogTemp: Display: Loaded TP AndroidTargetPlatform
[2019.01.15-15.39.00:045][  0]LogTemp: Display: Loaded TP AndroidTargetPlatform
[2019.01.15-15.39.00:045][  0]LogTemp: Display: Loaded TP AndroidTargetPlatform
[2019.01.15-15.39.00:045][  0]LogTemp: Display: Loaded TP AndroidTargetPlatform
[2019.01.15-15.39.00:045][  0]LogTemp: Display: Loaded TP AndroidTargetPlatform
[2019.01.15-15.39.00:045][  0]LogTemp: Display: Loaded TP AndroidTargetPlatform
[2019.01.15-15.39.00:045][  0]LogTemp: Display: Loaded TP AndroidTargetPlatform
[2019.01.15-15.39.00:045][  0]LogTemp: Display: Loaded TP AndroidTargetPlatform
[2019.01.15-15.39.00:045][  0]LogTemp: Display: Loaded TP AndroidTargetPlatform
[2019.01.15-15.39.00:045][  0]LogTemp: Display: Loaded TP AndroidTargetPlatform
[2019.01.15-15.39.00:045][  0]LogTemp: Display: Loaded TP AndroidTargetPlatform
[2019.01.15-15.39.00:045][  0]LogTemp: Display: Loaded TP AndroidTargetPlatform
[2019.01.15-15.39.00:045][  0]LogTemp: Display: Loaded TP AndroidTargetPlatform
[2019.01.15-15.39.00:045][  0]LogTemp: Display: Loaded TP AndroidTargetPlatform
[2019.01.15-15.39.00:045][  0]LogTemp: Display: Loaded TP AndroidTargetPlatform
[2019.01.15-15.39.00:045][  0]LogTemp: Display: Loaded TP AndroidTargetPlatform
[2019.01.15-15.39.00:045][  0]LogTemp: Display: Loaded TP AndroidTargetPlatform
[2019.01.15-15.39.00:048][  0]LogTemp: Display: Loaded TP HTML5TargetPlatform
[2019.01.15-15.39.00:114][  0]LogTemp: Display: Loaded TP IOSTargetPlatform
[2019.01.15-15.39.00:114][  0]LogTemp: Display: Loaded TP IOSTargetPlatform
[2019.01.15-15.39.00:132][  0]LogTemp: Display: Loaded TP TVOSTargetPlatform
[2019.01.15-15.39.00:132][  0]LogTemp: Display: Loaded TP TVOSTargetPlatform
[2019.01.15-15.39.00:143][  0]LogTemp: Display: Loaded TP LinuxClientTargetPlatform
[2019.01.15-15.39.00:154][  0]LogTemp: Display: Loaded TP LinuxNoEditorTargetPlatform
[2019.01.15-15.39.00:165][  0]LogTemp: Display: Loaded TP LinuxServerTargetPlatform
[2019.01.15-15.39.00:181][  0]LogTemp: Display: Loaded TP LinuxTargetPlatform
[2019.01.15-15.39.00:189][  0]LogTemp: Display: Loaded TP LuminTargetPlatform
[2019.01.15-15.39.00:189][  0]LogTargetPlatformManager: Display: Building Assets For Windows
[2019.01.15-15.39.00:294][  0]LogXGEController: Cleaning working directory: C:/Users/max-c/AppData/Local/Temp/UnrealXGEWorkingDir/
[2019.01.15-15.39.00:294][  0]LogXGEController: Cannot use XGE Controller as Incredibuild is not installed on this machine.
[2019.01.15-15.39.00:294][  0]LogShaderCompilers: Cannot use XGE Shader Compiler as Incredibuild is not installed on this machine.
[2019.01.15-15.39.00:294][  0]LogShaderCompilers: Display: Using Local Shader Compiler.
[2019.01.15-15.39.01:600][  0]LogDerivedDataCache: Display: Max Cache Size: 512 MB
[2019.01.15-15.39.01:713][  0]LogDerivedDataCache: Loaded boot cache 0.11s 71MB C:/Users/max-c/AppData/Local/UnrealEngine/4.20/DerivedDataCache/Boot.ddc.
[2019.01.15-15.39.01:713][  0]LogDerivedDataCache: Display: Loaded Boot cache: C:/Users/max-c/AppData/Local/UnrealEngine/4.20/DerivedDataCache/Boot.ddc
[2019.01.15-15.39.01:713][  0]LogDerivedDataCache: FDerivedDataBackendGraph:  Pak pak cache file ../../../../../../Users/max-c/Documents/GitHub/Violence_Project/Violence_Project/DerivedDataCache/DDC.ddp not found, will not use a pak cache.
[2019.01.15-15.39.01:713][  0]LogDerivedDataCache: Unable to find inner node Pak for hierarchical cache Hierarchy.
[2019.01.15-15.39.01:713][  0]LogDerivedDataCache: FDerivedDataBackendGraph:  CompressedPak pak cache file ../../../../../../Users/max-c/Documents/GitHub/Violence_Project/Violence_Project/DerivedDataCache/Compressed.ddp not found, will not use a pak cache.
[2019.01.15-15.39.01:713][  0]LogDerivedDataCache: Unable to find inner node CompressedPak for hierarchical cache Hierarchy.
[2019.01.15-15.39.01:730][  0]LogDerivedDataCache: Display: Pak cache opened for reading ../../../Engine/DerivedDataCache/Compressed.ddp.
[2019.01.15-15.39.01:742][  0]LogDerivedDataCache: Using Local data cache path C:/Users/max-c/AppData/Local/UnrealEngine/Common/DerivedDataCache: Writable
[2019.01.15-15.39.01:742][  0]LogDerivedDataCache: Shared data cache path not found in *engine.ini, will not use an Shared cache.
[2019.01.15-15.39.01:742][  0]LogDerivedDataCache: Unable to find inner node Shared for hierarchical cache Hierarchy.
[2019.01.15-15.39.01:771][  0]LogMaterial: Verifying Global Shaders for PCD3D_SM5
[2019.01.15-15.39.01:775][  0]LogSlate: Using FreeType 2.6.0
[2019.01.15-15.39.01:788][  0]LogSlate: SlateFontServices - WITH_FREETYPE: 1, WITH_HARFBUZZ: 1
[2019.01.15-15.39.01:978][  0]LogAssetRegistry: FAssetRegistry took 0.0270 seconds to start up
[2019.01.15-15.39.02:267][  0]LogInit: Selected Device Profile: [Windows]
[2019.01.15-15.39.02:508][  0]LogSimplygon: Simplygon DLL not present - disabling.
[2019.01.15-15.39.02:523][  0]LogMeshReduction: Using SimplygonSwarm for distributed automatic mesh merging
[2019.01.15-15.39.02:523][  0]LogMeshReduction: Using ProxyLODMeshReduction for automatic mesh merging
[2019.01.15-15.39.02:524][  0]LogMeshReduction: Using QuadricMeshReduction for automatic static mesh reduction
[2019.01.15-15.39.02:524][  0]LogMeshReduction: No automatic skeletal mesh reduction module available
[2019.01.15-15.39.02:573][  0]LogNetVersion: Violence_Project 1.0.0, NetCL: 4212847, EngineNetVer: 5, GameNetVer: 0 (Checksum: 168441638)
[2019.01.15-15.39.03:509][  0]LogPackageLocalizationCache: Processed 11 localized package path(s) for 2 prioritized culture(s) in 0.082754 seconds
[2019.01.15-15.39.03:514][  0]LogUObjectArray: 38425 objects as part of root set at end of initial load.
[2019.01.15-15.39.03:514][  0]LogUObjectAllocator: 6690864 out of 0 bytes used by permanent object pool.
[2019.01.15-15.39.03:514][  0]LogUObjectArray: CloseDisregardForGC: 0/0 objects in disregard for GC pool
[2019.01.15-15.39.05:939][  0]LogTcpMessaging: Initializing TcpMessaging bridge
[2019.01.15-15.39.05:954][  0]LogUdpMessaging: Initializing bridge on interface 0.0.0.0:0 to multicast group 230.0.0.1:6666.
[2019.01.15-15.39.06:208][  0]SourceControl: Source control is disabled
[2019.01.15-15.39.06:208][  0]SourceControl: Source control is disabled
[2019.01.15-15.39.06:217][  0]SourceControl: Source control is disabled
[2019.01.15-15.39.06:221][  0]SourceControl: Source control is disabled
[2019.01.15-15.39.06:474][  0]LogAndroidPermission: UAndroidPermissionCallbackProxy::GetInstance
[2019.01.15-15.39.06:555][  0]LogOcInput: OculusInput pre-init called
[2019.01.15-15.39.06:650][  0]LogEngine: Initializing Engine...
[2019.01.15-15.39.06:651][  0]LogHMD: Failed to initialize OpenVR with code 110
[2019.01.15-15.39.06:653][  0]LogStats: UGameplayTagsManager::ConstructGameplayTagTree: ImportINI prefixes -  0.000 s
[2019.01.15-15.39.06:653][  0]LogStats: UGameplayTagsManager::ConstructGameplayTagTree: Construct from data asset -  0.000 s
[2019.01.15-15.39.06:653][  0]LogStats: UGameplayTagsManager::ConstructGameplayTagTree: ImportINI -  0.000 s
[2019.01.15-15.39.06:653][  0]LogStats: UGameplayTagsManager::ConstructGameplayTagTree: GameplayTagTreeChangedEvent.Broadcast -  0.000 s
[2019.01.15-15.39.06:927][  0]LogInit: Initializing FReadOnlyCVARCache
[2019.01.15-15.39.06:960][  0]LogAIModule: Creating AISystem for world Untitled
[2019.01.15-15.39.06:987][  0]LogInit: XAudio2 using 'Speakers (2- USB Audio Device)' : 2 channels at 48 kHz using 16 bits per sample (channel mask 0x3)
[2019.01.15-15.39.07:055][  0]LogInit: FAudioDevice initialized.
[2019.01.15-15.39.07:055][  0]LogNetVersion: Set ProjectVersion to 1.0.0.0. Version Checksum will be recalculated on next use.
[2019.01.15-15.39.07:090][  0]LogDerivedDataCache: Saved boot cache 0.03s 71MB C:/Users/max-c/AppData/Local/UnrealEngine/4.20/DerivedDataCache/Boot.ddc.
[2019.01.15-15.39.07:102][  0]LogInit: Texture streaming: Enabled
[2019.01.15-15.39.07:119][  0]LogEngineSessionManager: EngineSessionManager initialized
[2019.01.15-15.39.07:119][  0]LogEngineSessionManager: EngineSessionManager sent abnormal shutdown report. Type=AbnormalShutdown, SessionId={FF251646-4F75-97DD-396B-599820ABD146}
[2019.01.15-15.39.07:135][  0]LogInit: Transaction tracking system initialized
[2019.01.15-15.39.07:180][  0]BlueprintLog: New page: Editor Load
[2019.01.15-15.39.07:341][  0]LocalizationService: Localization service is disabled
[2019.01.15-15.39.07:842][  0]LogCook: Display: Max memory allowance for cook 16384mb min free memory 0mb
[2019.01.15-15.39.07:842][  0]LogCook: Display: Mobile HDR setting 1
[2019.01.15-15.39.07:843][  0]LogGameplayTags: Display: UGameplayTagsManager::DoneAddingNativeTags. DelegateIsBound: 0
[2019.01.15-15.39.07:843][  0]LogStats: UGameplayTagsManager::ConstructGameplayTagTree: ImportINI prefixes -  0.000 s
[2019.01.15-15.39.07:843][  0]LogStats: UGameplayTagsManager::ConstructGameplayTagTree: Construct from data asset -  0.000 s
[2019.01.15-15.39.07:843][  0]LogStats: UGameplayTagsManager::ConstructGameplayTagTree: ImportINI -  0.000 s
[2019.01.15-15.39.07:843][  0]LogStats: UGameplayTagsManager::ConstructGameplayTagTree: GameplayTagTreeChangedEvent.Broadcast -  0.000 s
[2019.01.15-15.39.08:082][  0]LogFileCache: Scanning file cache for directory 'C:/Users/max-c/Documents/GitHub/Violence_Project/Violence_Project/Content/' took 0.02s
[2019.01.15-15.39.08:082][  0]SourceControl: Source control is disabled
[2019.01.15-15.39.08:082][  0]Cmd: MAP LOAD FILE="../../../../../../Users/max-c/Documents/GitHub/Violence_Project/Violence_Project/Content/ThirdPersonBP/Maps/ThirdPersonExampleMap.umap" TEMPLATE=0 SHOWPROGRESS=1 FEATURELEVEL=3
[2019.01.15-15.39.08:087][  0]LightingResults: New page: Lighting Build
[2019.01.15-15.39.08:094][  0]MapCheck: New page: Map Check
[2019.01.15-15.39.08:094][  0]LightingResults: New page: Lighting Build
[2019.01.15-15.39.08:893][  0]LogAIModule: Creating AISystem for world ThirdPersonExampleMap
[2019.01.15-15.39.08:917][  0]LogEditorServer: Finished looking for orphan Actors (0.000 secs)
[2019.01.15-15.39.08:942][  0]Cmd: MAP CHECKDEP NOCLEARLOG
[2019.01.15-15.39.09:005][  0]MapCheck: Map check complete: 0 Error(s), 0 Warning(s), took 63.596ms to complete.
[2019.01.15-15.39.09:006][  0]LogFileHelpers: Loading map 'ThirdPersonExampleMap' took 0.923
[2019.01.15-15.39.09:992][  0]LogSlate: Only BGRA pngs, bmps or icos are supported in by External Image Picker
[2019.01.15-15.39.10:052][  0]LogTemp: Executing iPhonePackager certificates Engine -bundlename com.YourCompany.ViolenceProject
[2019.01.15-15.39.10:052][  0]LogTemp: CWD: C:\Program Files\Epic Games\UE_4.20\Engine\Binaries\DotNET\IOS
[2019.01.15-15.39.10:052][  0]LogTemp: Initial Dir: C:\Program Files\Epic Games\UE_4.20
[2019.01.15-15.39.10:052][  0]LogTemp: Env CWD: C:\Program Files\Epic Games\UE_4.20\Engine\Binaries\DotNET\IOS
[2019.01.15-15.39.10:052][  0]LogTemp: BranchPath = WINDOWS-SA1OMO4/C/Program Files/Epic Games/UE_4.20/Engine/Binaries --- GameBranchPath = WINDOWS-SA1OMO4/C/Program Files/Epic Games/UE_4.20/Engine/Binaries
[2019.01.15-15.39.10:052][  0]LogTemp: IPP ERROR: Could not find provision directory 'C:\Users\max-c\AppData\Local/Apple Computer/MobileDevice/Provisioning Profiles/'.
[2019.01.15-15.39.10:052][  0]LogSlate: Updating window title bar state: overlay mode, drag disabled, window buttons hidden, title bar hidden
[2019.01.15-15.39.10:070][  0]LogSlate: Updating window title bar state: overlay mode, drag disabled, window buttons hidden, title bar hidden
[2019.01.15-15.39.10:075][  0]LogSlate: Updating window title bar state: overlay mode, drag disabled, window buttons hidden, title bar hidden
[2019.01.15-15.39.10:081][  0]LogSlate: Updating window title bar state: overlay mode, drag disabled, window buttons hidden, title bar hidden
[2019.01.15-15.39.10:097][  0]LogCollectionManager: Loaded 0 collections in 0.001645 seconds
[2019.01.15-15.39.10:151][  0]LogFileCache: Scanning file cache for directory 'C:/Users/max-c/Documents/GitHub/Violence_Project/Violence_Project/Saved/Collections/' took 0.01s
[2019.01.15-15.39.10:151][  0]LogFileCache: Scanning file cache for directory 'C:/Users/max-c/Documents/GitHub/Violence_Project/Violence_Project/Content/Developers/maxc/Collections/' took 0.01s
[2019.01.15-15.39.10:151][  0]LogFileCache: Scanning file cache for directory 'C:/Users/max-c/Documents/GitHub/Violence_Project/Violence_Project/Content/Collections/' took 0.01s
[2019.01.15-15.39.10:151][  0]LogCollectionManager: Rebuilt the GUID cache for 0 collections in 0.000000 seconds
[2019.01.15-15.39.10:162][  0]LogContentBrowser: Native class hierarchy populated in 0.0094 seconds. Added 2575 classes and 606 folders.
[2019.01.15-15.39.10:173][  0]LogContentBrowser: Native class hierarchy updated for 'WidgetCarousel' in 0.0003 seconds. Added 0 classes and 0 folders.
[2019.01.15-15.39.10:437][  0]LogContentBrowser: Native class hierarchy updated for 'AddContentDialog' in 0.0003 seconds. Added 0 classes and 0 folders.
[2019.01.15-15.39.10:447][  0]LogContentBrowser: Native class hierarchy updated for 'SceneOutliner' in 0.0003 seconds. Added 1 classes and 2 folders.
[2019.01.15-15.39.10:485][  0]LogSlate: Took 0.004691 seconds to synchronously load lazily loaded font '../../../Engine/Content/Slate/Fonts/Roboto-Regular.ttf' (155K)
[2019.01.15-15.39.10:491][  0]LogSlate: Took 0.004421 seconds to synchronously load lazily loaded font '../../../Engine/Content/Slate/Fonts/Roboto-Bold.ttf' (160K)
[2019.01.15-15.39.10:500][  0]LogSlate: Took 0.003758 seconds to synchronously load lazily loaded font '../../../Engine/Content/Editor/Slate/Fonts/FontAwesome.ttf' (139K)
[2019.01.15-15.39.10:612][  0]LogRenderer: Reallocating scene render targets to support 1616x808 Format 10 NumSamples 1 (Frame:1).
[2019.01.15-15.39.10:741][  0]LogContentBrowser: Native class hierarchy updated for 'HierarchicalLODOutliner' in 0.0005 seconds. Added 0 classes and 0 folders.
[2019.01.15-15.39.10:741][  0]LogLoad: (Engine Initialization) Total time: 16.73 seconds
[2019.01.15-15.39.10:741][  0]LogLoad: (Engine Initialization) Total Blueprint compile time: 0.00 seconds
[2019.01.15-15.39.10:778][  0]LogContentStreaming: Texture pool size now 1000 MB
[2019.01.15-15.39.10:823][  1]LogAssetRegistry: Asset discovery search completed in 8.8683 seconds
[2019.01.15-15.39.10:824][  1]LogCollectionManager: Rebuilt the object cache for 0 collections in 0.000000 seconds (found 0 objects)
[2019.01.15-15.39.10:824][  1]LogCollectionManager: Fixed up redirectors for 0 collections in 0.000037 seconds (updated 0 objects)
[2019.01.15-15.39.11:782][112]LogSlate: Took 0.004150 seconds to synchronously load lazily loaded font '../../../Engine/Content/Slate/Fonts/Roboto-Light.ttf' (167K)
[2019.01.15-15.40.16:415][665]LogSlate: FSceneViewport::OnFocusLost() reason 0
[2019.01.15-15.40.16:464][668]LogTemp: Repeating last play command: Selected Viewport
[2019.01.15-15.40.16:479][668]LogBlueprintUserMessages: Early PlayInEditor Detection: Level '/Game/ThirdPersonBP/Maps/ThirdPersonExampleMap.ThirdPersonExampleMap:PersistentLevel' has LevelScriptBlueprint '/Game/ThirdPersonBP/Maps/ThirdPersonExampleMap.ThirdPersonExampleMap:PersistentLevel.ThirdPersonExampleMap' with GeneratedClass '/Game/ThirdPersonBP/Maps/ThirdPersonExampleMap.ThirdPersonExampleMap_C' with ClassGeneratedBy '/Game/ThirdPersonBP/Maps/ThirdPersonExampleMap.ThirdPersonExampleMap:PersistentLevel.ThirdPersonExampleMap'
[2019.01.15-15.40.16:479][668]LogPlayLevel: PlayLevel: No blueprints needed recompiling
[2019.01.15-15.40.16:493][668]PIE: New page: PIE session: ThirdPersonExampleMap (15 Jan 2019 15:40:16)
[2019.01.15-15.40.16:493][668]LogPlayLevel: Creating play world package: /Game/ThirdPersonBP/Maps/UEDPIE_0_ThirdPersonExampleMap
[2019.01.15-15.40.16:509][668]LogPlayLevel: PIE: StaticDuplicateObject took: (0.015327s)
[2019.01.15-15.40.16:509][668]LogAIModule: Creating AISystem for world ThirdPersonExampleMap
[2019.01.15-15.40.16:509][668]LogPlayLevel: PIE: World Init took: (0.000501s)
[2019.01.15-15.40.16:509][668]LogPlayLevel: PIE: Created PIE world by copying editor world from /Game/ThirdPersonBP/Maps/ThirdPersonExampleMap.ThirdPersonExampleMap to /Game/ThirdPersonBP/Maps/UEDPIE_0_ThirdPersonExampleMap.ThirdPersonExampleMap (0.015938s)
[2019.01.15-15.40.16:543][668]LogInit: XAudio2 using 'Speakers (2- USB Audio Device)' : 2 channels at 48 kHz using 16 bits per sample (channel mask 0x3)
[2019.01.15-15.40.16:549][668]LogInit: FAudioDevice initialized.
[2019.01.15-15.40.16:599][668]LogLoad: Game class is 'ThirdPersonGameMode_C'
[2019.01.15-15.40.16:602][668]LogWorld: Bringing World /Game/ThirdPersonBP/Maps/UEDPIE_0_ThirdPersonExampleMap.ThirdPersonExampleMap up for play (max tick rate 0) at 2019.01.15-15.40.16
[2019.01.15-15.40.16:603][668]LogWorld: Bringing up level for play took: 0.001631
[2019.01.15-15.40.16:623][668]LogContentBrowser: Native class hierarchy updated for 'MovieSceneCapture' in 0.0004 seconds. Added 10 classes and 0 folders.
[2019.01.15-15.40.16:627][668]PIE: Play in editor start time for /Game/ThirdPersonBP/Maps/UEDPIE_0_ThirdPersonExampleMap -0.5
[2019.01.15-15.40.16:627][668]LogBlueprintUserMessages: Late PlayInEditor Detection: Level '/Game/ThirdPersonBP/Maps/ThirdPersonExampleMap.ThirdPersonExampleMap:PersistentLevel' has LevelScriptBlueprint '/Game/ThirdPersonBP/Maps/ThirdPersonExampleMap.ThirdPersonExampleMap:PersistentLevel.ThirdPersonExampleMap' with GeneratedClass '/Game/ThirdPersonBP/Maps/ThirdPersonExampleMap.ThirdPersonExampleMap_C' with ClassGeneratedBy '/Game/ThirdPersonBP/Maps/ThirdPersonExampleMap.ThirdPersonExampleMap:PersistentLevel.ThirdPersonExampleMap'
[2019.01.15-15.40.21:699][923]LogSlate: FSceneViewport::OnFocusLost() reason 0
[2019.01.15-15.40.27:897][215]LogBlueprintUserMessages: Early EndPlayMap Detection: Level '/Game/ThirdPersonBP/Maps/ThirdPersonExampleMap.ThirdPersonExampleMap:PersistentLevel' has LevelScriptBlueprint '/Game/ThirdPersonBP/Maps/ThirdPersonExampleMap.ThirdPersonExampleMap:PersistentLevel.ThirdPersonExampleMap' with GeneratedClass '/Game/ThirdPersonBP/Maps/ThirdPersonExampleMap.ThirdPersonExampleMap_C' with ClassGeneratedBy '/Game/ThirdPersonBP/Maps/ThirdPersonExampleMap.ThirdPersonExampleMap:PersistentLevel.ThirdPersonExampleMap'
[2019.01.15-15.40.27:942][215]LogSlate: Updating window title bar state: overlay mode, drag disabled, window buttons hidden, title bar hidden
[2019.01.15-15.40.27:974][215]LogPlayLevel: Display: Shutting down PIE online subsystems
[2019.01.15-15.40.27:975][215]LogBlueprintUserMessages: Late EndPlayMap Detection: Level '/Game/ThirdPersonBP/Maps/ThirdPersonExampleMap.ThirdPersonExampleMap:PersistentLevel' has LevelScriptBlueprint '/Game/ThirdPersonBP/Maps/ThirdPersonExampleMap.ThirdPersonExampleMap:PersistentLevel.ThirdPersonExampleMap' with GeneratedClass '/Game/ThirdPersonBP/Maps/ThirdPersonExampleMap.ThirdPersonExampleMap_C' with ClassGeneratedBy '/Game/ThirdPersonBP/Maps/ThirdPersonExampleMap.ThirdPersonExampleMap:PersistentLevel.ThirdPersonExampleMap'
[2019.01.15-15.40.27:994][215]LogSlate: Updating window title bar state: overlay mode, drag disabled, window buttons hidden, title bar hidden
[2019.01.15-15.40.28:013][216]LogPlayLevel: Display: Destroying online subsystem :Context_2
[2019.01.15-15.40.52:414][ 40]LogAssetEditorManager: Opening Asset editor for Class /Script/Violence_Project.PlayerCharacter
[2019.01.15-15.50.30:980][133]LogAssetEditorManager: Opening Asset editor for Blueprint /Game/ThirdPersonBP/Blueprints/ThirdPersonCharacter.ThirdPersonCharacter
[2019.01.15-15.50.31:570][133]LogContentBrowser: Native class hierarchy updated for 'BlueprintGraph' in 0.0007 seconds. Added 116 classes and 0 folders.
[2019.01.15-15.50.32:229][133]LogSlate: Took 0.002992 seconds to synchronously load lazily loaded font '../../../Engine/Content/Slate/Fonts/Roboto-BoldCondensed.ttf' (158K)
[2019.01.15-15.50.32:425][134]LogSlate: Took 0.003112 seconds to synchronously load lazily loaded font '../../../Engine/Content/Slate/Fonts/Roboto-Italic.ttf' (157K)
[2019.01.15-15.51.12:160][730]LogEditorTransaction: Undo Move Node
[2019.01.15-15.51.13:509][761]LogEditorTransaction: Undo Add Node
[2019.01.15-15.52.48:637][231]BlueprintLog: New page: Compile ThirdPersonCharacter
[2019.01.15-15.52.51:420][347]LogTemp: Repeating last play command: Selected Viewport
[2019.01.15-15.52.51:443][347]LogBlueprintUserMessages: Early PlayInEditor Detection: Level '/Game/ThirdPersonBP/Maps/ThirdPersonExampleMap.ThirdPersonExampleMap:PersistentLevel' has LevelScriptBlueprint '/Game/ThirdPersonBP/Maps/ThirdPersonExampleMap.ThirdPersonExampleMap:PersistentLevel.ThirdPersonExampleMap' with GeneratedClass '/Game/ThirdPersonBP/Maps/ThirdPersonExampleMap.ThirdPersonExampleMap_C' with ClassGeneratedBy '/Game/ThirdPersonBP/Maps/ThirdPersonExampleMap.ThirdPersonExampleMap:PersistentLevel.ThirdPersonExampleMap'
[2019.01.15-15.52.51:444][347]LogPlayLevel: PlayLevel: No blueprints needed recompiling
[2019.01.15-15.52.51:444][347]PIE: New page: PIE session: ThirdPersonExampleMap (15 Jan 2019 15:52:51)
[2019.01.15-15.52.51:444][347]LogPlayLevel: Creating play world package: /Game/ThirdPersonBP/Maps/UEDPIE_0_ThirdPersonExampleMap
[2019.01.15-15.52.51:454][347]LogPlayLevel: PIE: StaticDuplicateObject took: (0.009318s)
[2019.01.15-15.52.51:454][347]LogAIModule: Creating AISystem for world ThirdPersonExampleMap
[2019.01.15-15.52.51:454][347]LogPlayLevel: PIE: World Init took: (0.000565s)
[2019.01.15-15.52.51:454][347]LogPlayLevel: PIE: Created PIE world by copying editor world from /Game/ThirdPersonBP/Maps/ThirdPersonExampleMap.ThirdPersonExampleMap to /Game/ThirdPersonBP/Maps/UEDPIE_0_ThirdPersonExampleMap.ThirdPersonExampleMap (0.009991s)
[2019.01.15-15.52.51:493][347]LogInit: XAudio2 using 'Speakers (2- USB Audio Device)' : 2 channels at 48 kHz using 16 bits per sample (channel mask 0x3)
[2019.01.15-15.52.51:502][347]LogInit: FAudioDevice initialized.
[2019.01.15-15.52.51:531][347]LogLoad: Game class is 'ThirdPersonGameMode_C'
[2019.01.15-15.52.51:533][347]LogWorld: Bringing World /Game/ThirdPersonBP/Maps/UEDPIE_0_ThirdPersonExampleMap.ThirdPersonExampleMap up for play (max tick rate 0) at 2019.01.15-15.52.51
[2019.01.15-15.52.51:533][347]LogWorld: Bringing up level for play took: 0.001276
[2019.01.15-15.52.51:546][347]PIE: Play in editor start time for /Game/ThirdPersonBP/Maps/UEDPIE_0_ThirdPersonExampleMap 0.419
[2019.01.15-15.52.51:546][347]LogBlueprintUserMessages: Late PlayInEditor Detection: Level '/Game/ThirdPersonBP/Maps/ThirdPersonExampleMap.ThirdPersonExampleMap:PersistentLevel' has LevelScriptBlueprint '/Game/ThirdPersonBP/Maps/ThirdPersonExampleMap.ThirdPersonExampleMap:PersistentLevel.ThirdPersonExampleMap' with GeneratedClass '/Game/ThirdPersonBP/Maps/ThirdPersonExampleMap.ThirdPersonExampleMap_C' with ClassGeneratedBy '/Game/ThirdPersonBP/Maps/ThirdPersonExampleMap.ThirdPersonExampleMap:PersistentLevel.ThirdPersonExampleMap'
[2019.01.15-15.53.19:709][350]LogBlueprintUserMessages: Early EndPlayMap Detection: Level '/Game/ThirdPersonBP/Maps/ThirdPersonExampleMap.ThirdPersonExampleMap:PersistentLevel' has LevelScriptBlueprint '/Game/ThirdPersonBP/Maps/ThirdPersonExampleMap.ThirdPersonExampleMap:PersistentLevel.ThirdPersonExampleMap' with GeneratedClass '/Game/ThirdPersonBP/Maps/ThirdPersonExampleMap.ThirdPersonExampleMap_C' with ClassGeneratedBy '/Game/ThirdPersonBP/Maps/ThirdPersonExampleMap.ThirdPersonExampleMap:PersistentLevel.ThirdPersonExampleMap'
[2019.01.15-15.53.19:709][350]LogSlate: Updating window title bar state: overlay mode, drag disabled, window buttons hidden, title bar hidden
[2019.01.15-15.53.19:750][350]LogPlayLevel: Display: Shutting down PIE online subsystems
[2019.01.15-15.53.19:750][350]LogBlueprintUserMessages: Late EndPlayMap Detection: Level '/Game/ThirdPersonBP/Maps/ThirdPersonExampleMap.ThirdPersonExampleMap:PersistentLevel' has LevelScriptBlueprint '/Game/ThirdPersonBP/Maps/ThirdPersonExampleMap.ThirdPersonExampleMap:PersistentLevel.ThirdPersonExampleMap' with GeneratedClass '/Game/ThirdPersonBP/Maps/ThirdPersonExampleMap.ThirdPersonExampleMap_C' with ClassGeneratedBy '/Game/ThirdPersonBP/Maps/ThirdPersonExampleMap.ThirdPersonExampleMap:PersistentLevel.ThirdPersonExampleMap'
[2019.01.15-15.53.19:775][350]LogSlate: Updating window title bar state: overlay mode, drag disabled, window buttons hidden, title bar hidden
[2019.01.15-15.53.19:811][353]LogPlayLevel: Display: Destroying online subsystem :Context_7
[2019.01.15-15.53.39:940][535]LogSlate: FSceneViewport::OnFocusLost() reason 0
[2019.01.15-15.53.45:381][727]LogTemp: Repeating last play command: Selected Viewport
[2019.01.15-15.53.45:394][727]LogBlueprintUserMessages: Early PlayInEditor Detection: Level '/Game/ThirdPersonBP/Maps/ThirdPersonExampleMap.ThirdPersonExampleMap:PersistentLevel' has LevelScriptBlueprint '/Game/ThirdPersonBP/Maps/ThirdPersonExampleMap.ThirdPersonExampleMap:PersistentLevel.ThirdPersonExampleMap' with GeneratedClass '/Game/ThirdPersonBP/Maps/ThirdPersonExampleMap.ThirdPersonExampleMap_C' with ClassGeneratedBy '/Game/ThirdPersonBP/Maps/ThirdPersonExampleMap.ThirdPersonExampleMap:PersistentLevel.ThirdPersonExampleMap'
[2019.01.15-15.53.45:394][727]LogPlayLevel: PlayLevel: No blueprints needed recompiling
[2019.01.15-15.53.45:394][727]PIE: New page: PIE session: ThirdPersonExampleMap (15 Jan 2019 15:53:45)
[2019.01.15-15.53.45:394][727]LogPlayLevel: Creating play world package: /Game/ThirdPersonBP/Maps/UEDPIE_0_ThirdPersonExampleMap
[2019.01.15-15.53.45:402][727]LogPlayLevel: PIE: StaticDuplicateObject took: (0.008117s)
[2019.01.15-15.53.45:403][727]LogAIModule: Creating AISystem for world ThirdPersonExampleMap
[2019.01.15-15.53.45:403][727]LogPlayLevel: PIE: World Init took: (0.000719s)
[2019.01.15-15.53.45:403][727]LogPlayLevel: PIE: Created PIE world by copying editor world from /Game/ThirdPersonBP/Maps/ThirdPersonExampleMap.ThirdPersonExampleMap to /Game/ThirdPersonBP/Maps/UEDPIE_0_ThirdPersonExampleMap.ThirdPersonExampleMap (0.008945s)
[2019.01.15-15.53.45:443][727]LogInit: XAudio2 using 'Speakers (2- USB Audio Device)' : 2 channels at 48 kHz using 16 bits per sample (channel mask 0x3)
[2019.01.15-15.53.45:451][727]LogInit: FAudioDevice initialized.
[2019.01.15-15.53.45:483][727]LogLoad: Game class is 'ThirdPersonGameMode_C'
[2019.01.15-15.53.45:484][727]LogWorld: Bringing World /Game/ThirdPersonBP/Maps/UEDPIE_0_ThirdPersonExampleMap.ThirdPersonExampleMap up for play (max tick rate 0) at 2019.01.15-15.53.45
[2019.01.15-15.53.45:484][727]LogWorld: Bringing up level for play took: 0.001149
[2019.01.15-15.53.45:497][727]PIE: Play in editor start time for /Game/ThirdPersonBP/Maps/UEDPIE_0_ThirdPersonExampleMap 0.37
[2019.01.15-15.53.45:497][727]LogBlueprintUserMessages: Late PlayInEditor Detection: Level '/Game/ThirdPersonBP/Maps/ThirdPersonExampleMap.ThirdPersonExampleMap:PersistentLevel' has LevelScriptBlueprint '/Game/ThirdPersonBP/Maps/ThirdPersonExampleMap.ThirdPersonExampleMap:PersistentLevel.ThirdPersonExampleMap' with GeneratedClass '/Game/ThirdPersonBP/Maps/ThirdPersonExampleMap.ThirdPersonExampleMap_C' with ClassGeneratedBy '/Game/ThirdPersonBP/Maps/ThirdPersonExampleMap.ThirdPersonExampleMap:PersistentLevel.ThirdPersonExampleMap'
[2019.01.15-15.53.48:864][888]LogBlueprintUserMessages: Early EndPlayMap Detection: Level '/Game/ThirdPersonBP/Maps/ThirdPersonExampleMap.ThirdPersonExampleMap:PersistentLevel' has LevelScriptBlueprint '/Game/ThirdPersonBP/Maps/ThirdPersonExampleMap.ThirdPersonExampleMap:PersistentLevel.ThirdPersonExampleMap' with GeneratedClass '/Game/ThirdPersonBP/Maps/ThirdPersonExampleMap.ThirdPersonExampleMap_C' with ClassGeneratedBy '/Game/ThirdPersonBP/Maps/ThirdPersonExampleMap.ThirdPersonExampleMap:PersistentLevel.ThirdPersonExampleMap'
[2019.01.15-15.53.48:864][888]LogSlate: Updating window title bar state: overlay mode, drag disabled, window buttons hidden, title bar hidden
[2019.01.15-15.53.48:921][888]LogPlayLevel: Display: Shutting down PIE online subsystems
[2019.01.15-15.53.48:921][888]LogBlueprintUserMessages: Late EndPlayMap Detection: Level '/Game/ThirdPersonBP/Maps/ThirdPersonExampleMap.ThirdPersonExampleMap:PersistentLevel' has LevelScriptBlueprint '/Game/ThirdPersonBP/Maps/ThirdPersonExampleMap.ThirdPersonExampleMap:PersistentLevel.ThirdPersonExampleMap' with GeneratedClass '/Game/ThirdPersonBP/Maps/ThirdPersonExampleMap.ThirdPersonExampleMap_C' with ClassGeneratedBy '/Game/ThirdPersonBP/Maps/ThirdPersonExampleMap.ThirdPersonExampleMap:PersistentLevel.ThirdPersonExampleMap'
[2019.01.15-15.53.48:944][888]LogSlate: Updating window title bar state: overlay mode, drag disabled, window buttons hidden, title bar hidden
[2019.01.15-15.53.49:018][889]LogPlayLevel: Display: Destroying online subsystem :Context_8
[2019.01.15-15.53.50:039][931]LogSlate: FSceneViewport::OnFocusLost() reason 0
[2019.01.15-15.54.11:175][909]LogEditorViewport: Clicking on Actor (LMB): ThirdPersonCharacter_C (ThirdPersonCharacter)
[2019.01.15-15.54.12:647][955]LogSlate: FSceneViewport::OnFocusLost() reason 0
[2019.01.15-15.54.13:540][992]LogSlate: FSceneViewport::OnFocusLost() reason 0
[2019.01.15-15.54.13:603][995]LogTemp: Repeating last play command: Selected Viewport
[2019.01.15-15.54.13:616][995]LogBlueprintUserMessages: Early PlayInEditor Detection: Level '/Game/ThirdPersonBP/Maps/ThirdPersonExampleMap.ThirdPersonExampleMap:PersistentLevel' has LevelScriptBlueprint '/Game/ThirdPersonBP/Maps/ThirdPersonExampleMap.ThirdPersonExampleMap:PersistentLevel.ThirdPersonExampleMap' with GeneratedClass '/Game/ThirdPersonBP/Maps/ThirdPersonExampleMap.ThirdPersonExampleMap_C' with ClassGeneratedBy '/Game/ThirdPersonBP/Maps/ThirdPersonExampleMap.ThirdPersonExampleMap:PersistentLevel.ThirdPersonExampleMap'
[2019.01.15-15.54.13:617][995]LogPlayLevel: PlayLevel: No blueprints needed recompiling
[2019.01.15-15.54.13:617][995]PIE: New page: PIE session: ThirdPersonExampleMap (15 Jan 2019 15:54:13)
[2019.01.15-15.54.13:617][995]LogPlayLevel: Creating play world package: /Game/ThirdPersonBP/Maps/UEDPIE_0_ThirdPersonExampleMap
[2019.01.15-15.54.13:624][995]LogPlayLevel: PIE: StaticDuplicateObject took: (0.007608s)
[2019.01.15-15.54.13:625][995]LogAIModule: Creating AISystem for world ThirdPersonExampleMap
[2019.01.15-15.54.13:625][995]LogPlayLevel: PIE: World Init took: (0.000532s)
[2019.01.15-15.54.13:625][995]LogPlayLevel: PIE: Created PIE world by copying editor world from /Game/ThirdPersonBP/Maps/ThirdPersonExampleMap.ThirdPersonExampleMap to /Game/ThirdPersonBP/Maps/UEDPIE_0_ThirdPersonExampleMap.ThirdPersonExampleMap (0.008244s)
[2019.01.15-15.54.13:687][995]LogInit: XAudio2 using 'Speakers (2- USB Audio Device)' : 2 channels at 48 kHz using 16 bits per sample (channel mask 0x3)
[2019.01.15-15.54.13:694][995]LogInit: FAudioDevice initialized.
[2019.01.15-15.54.13:727][995]LogLoad: Game class is 'ThirdPersonGameMode_C'
[2019.01.15-15.54.13:729][995]LogWorld: Bringing World /Game/ThirdPersonBP/Maps/UEDPIE_0_ThirdPersonExampleMap.ThirdPersonExampleMap up for play (max tick rate 0) at 2019.01.15-15.54.13
[2019.01.15-15.54.13:729][995]LogWorld: Bringing up level for play took: 0.001145
[2019.01.15-15.54.13:741][995]PIE: Play in editor start time for /Game/ThirdPersonBP/Maps/UEDPIE_0_ThirdPersonExampleMap 0.614
[2019.01.15-15.54.13:741][995]LogBlueprintUserMessages: Late PlayInEditor Detection: Level '/Game/ThirdPersonBP/Maps/ThirdPersonExampleMap.ThirdPersonExampleMap:PersistentLevel' has LevelScriptBlueprint '/Game/ThirdPersonBP/Maps/ThirdPersonExampleMap.ThirdPersonExampleMap:PersistentLevel.ThirdPersonExampleMap' with GeneratedClass '/Game/ThirdPersonBP/Maps/ThirdPersonExampleMap.ThirdPersonExampleMap_C' with ClassGeneratedBy '/Game/ThirdPersonBP/Maps/ThirdPersonExampleMap.ThirdPersonExampleMap:PersistentLevel.ThirdPersonExampleMap'
[2019.01.15-15.54.48:349][452]LogBlueprintUserMessages: Early EndPlayMap Detection: Level '/Game/ThirdPersonBP/Maps/ThirdPersonExampleMap.ThirdPersonExampleMap:PersistentLevel' has LevelScriptBlueprint '/Game/ThirdPersonBP/Maps/ThirdPersonExampleMap.ThirdPersonExampleMap:PersistentLevel.ThirdPersonExampleMap' with GeneratedClass '/Game/ThirdPersonBP/Maps/ThirdPersonExampleMap.ThirdPersonExampleMap_C' with ClassGeneratedBy '/Game/ThirdPersonBP/Maps/ThirdPersonExampleMap.ThirdPersonExampleMap:PersistentLevel.ThirdPersonExampleMap'
[2019.01.15-15.54.48:349][452]LogSlate: Updating window title bar state: overlay mode, drag disabled, window buttons hidden, title bar hidden
[2019.01.15-15.54.48:404][452]LogPlayLevel: Display: Shutting down PIE online subsystems
[2019.01.15-15.54.48:404][452]LogBlueprintUserMessages: Late EndPlayMap Detection: Level '/Game/ThirdPersonBP/Maps/ThirdPersonExampleMap.ThirdPersonExampleMap:PersistentLevel' has LevelScriptBlueprint '/Game/ThirdPersonBP/Maps/ThirdPersonExampleMap.ThirdPersonExampleMap:PersistentLevel.ThirdPersonExampleMap' with GeneratedClass '/Game/ThirdPersonBP/Maps/ThirdPersonExampleMap.ThirdPersonExampleMap_C' with ClassGeneratedBy '/Game/ThirdPersonBP/Maps/ThirdPersonExampleMap.ThirdPersonExampleMap:PersistentLevel.ThirdPersonExampleMap'
[2019.01.15-15.54.48:426][452]LogSlate: Updating window title bar state: overlay mode, drag disabled, window buttons hidden, title bar hidden
[2019.01.15-15.54.48:456][454]LogPlayLevel: Display: Destroying online subsystem :Context_9
[2019.01.15-15.54.52:873][687]LogSlate: FSceneViewport::OnFocusLost() reason 0
[2019.01.15-15.55.40:493][342]BlueprintLog: New page: Compile ThirdPersonCharacter
[2019.01.15-15.55.42:369][418]LogTemp: Repeating last play command: Selected Viewport
[2019.01.15-15.55.42:397][418]LogBlueprintUserMessages: Early PlayInEditor Detection: Level '/Game/ThirdPersonBP/Maps/ThirdPersonExampleMap.ThirdPersonExampleMap:PersistentLevel' has LevelScriptBlueprint '/Game/ThirdPersonBP/Maps/ThirdPersonExampleMap.ThirdPersonExampleMap:PersistentLevel.ThirdPersonExampleMap' with GeneratedClass '/Game/ThirdPersonBP/Maps/ThirdPersonExampleMap.ThirdPersonExampleMap_C' with ClassGeneratedBy '/Game/ThirdPersonBP/Maps/ThirdPersonExampleMap.ThirdPersonExampleMap:PersistentLevel.ThirdPersonExampleMap'
[2019.01.15-15.55.42:398][418]LogPlayLevel: PlayLevel: No blueprints needed recompiling
[2019.01.15-15.55.42:398][418]PIE: New page: PIE session: ThirdPersonExampleMap (15 Jan 2019 15:55:42)
[2019.01.15-15.55.42:398][418]LogPlayLevel: Creating play world package: /Game/ThirdPersonBP/Maps/UEDPIE_0_ThirdPersonExampleMap
[2019.01.15-15.55.42:407][418]LogPlayLevel: PIE: StaticDuplicateObject took: (0.009500s)
[2019.01.15-15.55.42:408][418]LogAIModule: Creating AISystem for world ThirdPersonExampleMap
[2019.01.15-15.55.42:408][418]LogPlayLevel: PIE: World Init took: (0.000840s)
[2019.01.15-15.55.42:408][418]LogPlayLevel: PIE: Created PIE world by copying editor world from /Game/ThirdPersonBP/Maps/ThirdPersonExampleMap.ThirdPersonExampleMap to /Game/ThirdPersonBP/Maps/UEDPIE_0_ThirdPersonExampleMap.ThirdPersonExampleMap (0.010496s)
[2019.01.15-15.55.42:449][418]LogInit: XAudio2 using 'Speakers (2- USB Audio Device)' : 2 channels at 48 kHz using 16 bits per sample (channel mask 0x3)
[2019.01.15-15.55.42:457][418]LogInit: FAudioDevice initialized.
[2019.01.15-15.55.42:489][418]LogLoad: Game class is 'ThirdPersonGameMode_C'
[2019.01.15-15.55.42:491][418]LogWorld: Bringing World /Game/ThirdPersonBP/Maps/UEDPIE_0_ThirdPersonExampleMap.ThirdPersonExampleMap up for play (max tick rate 0) at 2019.01.15-15.55.42
[2019.01.15-15.55.42:491][418]LogWorld: Bringing up level for play took: 0.001068
[2019.01.15-15.55.42:504][418]PIE: Play in editor start time for /Game/ThirdPersonBP/Maps/UEDPIE_0_ThirdPersonExampleMap -0.623
[2019.01.15-15.55.42:504][418]LogBlueprintUserMessages: Late PlayInEditor Detection: Level '/Game/ThirdPersonBP/Maps/ThirdPersonExampleMap.ThirdPersonExampleMap:PersistentLevel' has LevelScriptBlueprint '/Game/ThirdPersonBP/Maps/ThirdPersonExampleMap.ThirdPersonExampleMap:PersistentLevel.ThirdPersonExampleMap' with GeneratedClass '/Game/ThirdPersonBP/Maps/ThirdPersonExampleMap.ThirdPersonExampleMap_C' with ClassGeneratedBy '/Game/ThirdPersonBP/Maps/ThirdPersonExampleMap.ThirdPersonExampleMap:PersistentLevel.ThirdPersonExampleMap'
[2019.01.15-15.55.52:078][ 85]LogBlueprintUserMessages: Early EndPlayMap Detection: Level '/Game/ThirdPersonBP/Maps/ThirdPersonExampleMap.ThirdPersonExampleMap:PersistentLevel' has LevelScriptBlueprint '/Game/ThirdPersonBP/Maps/ThirdPersonExampleMap.ThirdPersonExampleMap:PersistentLevel.ThirdPersonExampleMap' with GeneratedClass '/Game/ThirdPersonBP/Maps/ThirdPersonExampleMap.ThirdPersonExampleMap_C' with ClassGeneratedBy '/Game/ThirdPersonBP/Maps/ThirdPersonExampleMap.ThirdPersonExampleMap:PersistentLevel.ThirdPersonExampleMap'
[2019.01.15-15.55.52:079][ 85]LogSlate: Updating window title bar state: overlay mode, drag disabled, window buttons hidden, title bar hidden
[2019.01.15-15.55.52:121][ 85]LogPlayLevel: Display: Shutting down PIE online subsystems
[2019.01.15-15.55.52:121][ 85]LogBlueprintUserMessages: Late EndPlayMap Detection: Level '/Game/ThirdPersonBP/Maps/ThirdPersonExampleMap.ThirdPersonExampleMap:PersistentLevel' has LevelScriptBlueprint '/Game/ThirdPersonBP/Maps/ThirdPersonExampleMap.ThirdPersonExampleMap:PersistentLevel.ThirdPersonExampleMap' with GeneratedClass '/Game/ThirdPersonBP/Maps/ThirdPersonExampleMap.ThirdPersonExampleMap_C' with ClassGeneratedBy '/Game/ThirdPersonBP/Maps/ThirdPersonExampleMap.ThirdPersonExampleMap:PersistentLevel.ThirdPersonExampleMap'
[2019.01.15-15.55.52:145][ 85]LogSlate: Updating window title bar state: overlay mode, drag disabled, window buttons hidden, title bar hidden
[2019.01.15-15.55.52:181][ 88]LogPlayLevel: Display: Destroying online subsystem :Context_10
[2019.01.15-15.55.53:580][169]LogSlate: FSceneViewport::OnFocusLost() reason 0
[2019.01.15-15.56.01:742][468]BlueprintLog: New page: Compile ThirdPersonCharacter
[2019.01.15-15.56.04:169][561]LogTemp: Repeating last play command: Selected Viewport
[2019.01.15-15.56.04:195][561]LogBlueprintUserMessages: Early PlayInEditor Detection: Level '/Game/ThirdPersonBP/Maps/ThirdPersonExampleMap.ThirdPersonExampleMap:PersistentLevel' has LevelScriptBlueprint '/Game/ThirdPersonBP/Maps/ThirdPersonExampleMap.ThirdPersonExampleMap:PersistentLevel.ThirdPersonExampleMap' with GeneratedClass '/Game/ThirdPersonBP/Maps/ThirdPersonExampleMap.ThirdPersonExampleMap_C' with ClassGeneratedBy '/Game/ThirdPersonBP/Maps/ThirdPersonExampleMap.ThirdPersonExampleMap:PersistentLevel.ThirdPersonExampleMap'
[2019.01.15-15.56.04:195][561]LogPlayLevel: PlayLevel: No blueprints needed recompiling
[2019.01.15-15.56.04:195][561]PIE: New page: PIE session: ThirdPersonExampleMap (15 Jan 2019 15:56:04)
[2019.01.15-15.56.04:195][561]LogPlayLevel: Creating play world package: /Game/ThirdPersonBP/Maps/UEDPIE_0_ThirdPersonExampleMap
[2019.01.15-15.56.04:202][561]LogPlayLevel: PIE: StaticDuplicateObject took: (0.006635s)
[2019.01.15-15.56.04:203][561]LogAIModule: Creating AISystem for world ThirdPersonExampleMap
[2019.01.15-15.56.04:203][561]LogPlayLevel: PIE: World Init took: (0.000531s)
[2019.01.15-15.56.04:203][561]LogPlayLevel: PIE: Created PIE world by copying editor world from /Game/ThirdPersonBP/Maps/ThirdPersonExampleMap.ThirdPersonExampleMap to /Game/ThirdPersonBP/Maps/UEDPIE_0_ThirdPersonExampleMap.ThirdPersonExampleMap (0.007267s)
[2019.01.15-15.56.04:240][561]LogInit: XAudio2 using 'Speakers (2- USB Audio Device)' : 2 channels at 48 kHz using 16 bits per sample (channel mask 0x3)
[2019.01.15-15.56.04:247][561]LogInit: FAudioDevice initialized.
[2019.01.15-15.56.04:279][561]LogLoad: Game class is 'ThirdPersonGameMode_C'
[2019.01.15-15.56.04:281][561]LogWorld: Bringing World /Game/ThirdPersonBP/Maps/UEDPIE_0_ThirdPersonExampleMap.ThirdPersonExampleMap up for play (max tick rate 0) at 2019.01.15-15.56.04
[2019.01.15-15.56.04:281][561]LogWorld: Bringing up level for play took: 0.001162
[2019.01.15-15.56.04:294][561]PIE: Play in editor start time for /Game/ThirdPersonBP/Maps/UEDPIE_0_ThirdPersonExampleMap -0.833
[2019.01.15-15.56.04:294][561]LogBlueprintUserMessages: Late PlayInEditor Detection: Level '/Game/ThirdPersonBP/Maps/ThirdPersonExampleMap.ThirdPersonExampleMap:PersistentLevel' has LevelScriptBlueprint '/Game/ThirdPersonBP/Maps/ThirdPersonExampleMap.ThirdPersonExampleMap:PersistentLevel.ThirdPersonExampleMap' with GeneratedClass '/Game/ThirdPersonBP/Maps/ThirdPersonExampleMap.ThirdPersonExampleMap_C' with ClassGeneratedBy '/Game/ThirdPersonBP/Maps/ThirdPersonExampleMap.ThirdPersonExampleMap:PersistentLevel.ThirdPersonExampleMap'
[2019.01.15-15.56.17:984][534]LogBlueprintUserMessages: Early EndPlayMap Detection: Level '/Game/ThirdPersonBP/Maps/ThirdPersonExampleMap.ThirdPersonExampleMap:PersistentLevel' has LevelScriptBlueprint '/Game/ThirdPersonBP/Maps/ThirdPersonExampleMap.ThirdPersonExampleMap:PersistentLevel.ThirdPersonExampleMap' with GeneratedClass '/Game/ThirdPersonBP/Maps/ThirdPersonExampleMap.ThirdPersonExampleMap_C' with ClassGeneratedBy '/Game/ThirdPersonBP/Maps/ThirdPersonExampleMap.ThirdPersonExampleMap:PersistentLevel.ThirdPersonExampleMap'
[2019.01.15-15.56.17:984][534]LogSlate: Updating window title bar state: overlay mode, drag disabled, window buttons hidden, title bar hidden
[2019.01.15-15.56.18:025][534]LogPlayLevel: Display: Shutting down PIE online subsystems
[2019.01.15-15.56.18:025][534]LogBlueprintUserMessages: Late EndPlayMap Detection: Level '/Game/ThirdPersonBP/Maps/ThirdPersonExampleMap.ThirdPersonExampleMap:PersistentLevel' has LevelScriptBlueprint '/Game/ThirdPersonBP/Maps/ThirdPersonExampleMap.ThirdPersonExampleMap:PersistentLevel.ThirdPersonExampleMap' with GeneratedClass '/Game/ThirdPersonBP/Maps/ThirdPersonExampleMap.ThirdPersonExampleMap_C' with ClassGeneratedBy '/Game/ThirdPersonBP/Maps/ThirdPersonExampleMap.ThirdPersonExampleMap:PersistentLevel.ThirdPersonExampleMap'
[2019.01.15-15.56.18:049][534]LogSlate: Updating window title bar state: overlay mode, drag disabled, window buttons hidden, title bar hidden
[2019.01.15-15.56.18:084][537]LogPlayLevel: Display: Destroying online subsystem :Context_11
[2019.01.15-15.56.21:952][800]LogSlate: FSceneViewport::OnFocusLost() reason 0
[2019.01.15-15.56.41:782][576]LogSlate: Window 'ThirdPersonCharacter*' being destroyed
[2019.01.15-15.56.41:806][576]LogSlate: Window 'ThirdPersonCharacter*' being destroyed
[2019.01.15-15.57.08:522][748]LogSavePackage: Moving '../../../../../../Users/max-c/Documents/GitHub/Violence_Project/Violence_Project/Saved/ThirdPersonExampleMap_Auto1DA29E23242050AE31AB592BE3516E29F.tmp' to '../../../../../../Users/max-c/Documents/GitHub/Violence_Project/Violence_Project/Saved/Autosaves/Game/ThirdPersonBP/Maps/ThirdPersonExampleMap_Auto1.umap'
[2019.01.15-15.57.08:525][748]LogFileHelpers: Editor autosave (incl. sublevels) for '/Game/ThirdPersonBP/Maps/ThirdPersonExampleMap' took 0.150
[2019.01.15-15.57.08:525][748]LogFileHelpers: Editor autosave (incl. sublevels) for all levels took 0.150
[2019.01.15-15.57.08:526][748]OBJ SavePackage: Generating thumbnails for [1] asset(s) in package [/Game/ThirdPersonBP/Blueprints/ThirdPersonCharacter] ([1] browsable assets)...
[2019.01.15-15.57.08:534][748]OBJ SavePackage:     Rendered thumbnail for [Blueprint /Game/ThirdPersonBP/Blueprints/ThirdPersonCharacter.ThirdPersonCharacter]
[2019.01.15-15.57.08:534][748]OBJ SavePackage: Finished generating thumbnails for package [/Game/ThirdPersonBP/Blueprints/ThirdPersonCharacter]
[2019.01.15-15.57.08:607][748]LogSavePackage: Moving '../../../../../../Users/max-c/Documents/GitHub/Violence_Project/Violence_Project/Saved/ThirdPersonCharacter_Auto1786D45D24D145DD66C0AB3B656F57155.tmp' to '../../../../../../Users/max-c/Documents/GitHub/Violence_Project/Violence_Project/Saved/Autosaves/Game/ThirdPersonBP/Blueprints/ThirdPersonCharacter_Auto1.uasset'
[2019.01.15-15.57.08:609][748]LogFileHelpers: Auto-saving content packages took 0.083
[2019.01.15-16.23.35:013][654]LogSlate: Window 'Save Content' being destroyed
[2019.01.15-16.23.35:110][654]LogSavePackage: Moving '../../../../../../Users/max-c/Documents/GitHub/Violence_Project/Violence_Project/Saved/ThirdPersonCharacterEB2AB6CF45BF8D43714A199CF499F6CE.tmp' to '../../../../../../Users/max-c/Documents/GitHub/Violence_Project/Violence_Project/Content/ThirdPersonBP/Blueprints/ThirdPersonCharacter.uasset'
[2019.01.15-16.23.35:336][654]LogSavePackage: Moving '../../../../../../Users/max-c/Documents/GitHub/Violence_Project/Violence_Project/Saved/ThirdPersonExampleMap031C1F6949F38AB503BB3BA470A99698.tmp' to '../../../../../../Users/max-c/Documents/GitHub/Violence_Project/Violence_Project/Content/ThirdPersonBP/Maps/ThirdPersonExampleMap.umap'
[2019.01.15-16.23.35:368][654]LogFileHelpers: Saving map 'ThirdPersonExampleMap' took 0.250
[2019.01.15-16.23.35:435][654]LogSlate: Window 'Violence_Project - Unreal Editor' being destroyed
[2019.01.15-16.23.35:671][655]Cmd: QUIT_EDITOR
[2019.01.15-16.23.35:951][655]LogWindowsTextInputMethodSystem: Display: IME system now deactivated.
[2019.01.15-16.23.35:964][655]LogExit: Preparing to exit.
[2019.01.15-16.23.36:339][655]LogExit: Editor shut down
[2019.01.15-16.23.36:340][655]LogExit: Transaction tracking system shut down
[2019.01.15-16.23.36:690][655]LogExit: Object subsystem successfully closed.
[2019.01.15-16.23.36:722][655]LogShaderCompilers: Display: Shaders left to compile 0
[2019.01.15-16.23.36:724][655]LogD3D11RHI: Shutdown
[2019.01.15-16.23.36:724][655]LogD3D11RHI: CleanupD3DDevice
[2019.01.15-16.23.36:725][655]LogD3D11RHI: ~FD3D11DynamicRHI
[2019.01.15-16.23.36:750][655]LogModuleManager: Shutting down and abandoning module BlueprintGraph (620)
[2019.01.15-16.23.36:750][655]LogModuleManager: Shutting down and abandoning module MovieSceneCapture (618)
[2019.01.15-16.23.36:750][655]LogModuleManager: Shutting down and abandoning module Voice (616)
[2019.01.15-16.23.36:750][655]LogModuleManager: Shutting down and abandoning module HierarchicalLODOutliner (614)
[2019.01.15-16.23.36:750][655]LogModuleManager: Shutting down and abandoning module SceneOutliner (612)
[2019.01.15-16.23.36:750][655]LogModuleManager: Shutting down and abandoning module AddContentDialog (610)
[2019.01.15-16.23.36:750][655]LogModuleManager: Shutting down and abandoning module WidgetCarousel (609)
[2019.01.15-16.23.36:750][655]LogModuleManager: Shutting down and abandoning module EditorWidgets (606)
[2019.01.15-16.23.36:750][655]LogModuleManager: Shutting down and abandoning module CollectionManager (604)
[2019.01.15-16.23.36:751][655]LogModuleManager: Shutting down and abandoning module ExternalImagePicker (602)
[2019.01.15-16.23.36:751][655]LogModuleManager: Shutting down and abandoning module StatsViewer (600)
[2019.01.15-16.23.36:751][655]LogModuleManager: Shutting down and abandoning module FoliageEdit (598)
[2019.01.15-16.23.36:751][655]LogModuleManager: Shutting down and abandoning module LandscapeEditor (596)
[2019.01.15-16.23.36:751][655]LogModuleManager: Shutting down and abandoning module MeshPaintMode (594)
[2019.01.15-16.23.36:751][655]LogModuleManager: Shutting down and abandoning module SceneDepthPickerMode (592)
[2019.01.15-16.23.36:751][655]LogModuleManager: Shutting down and abandoning module ActorPickerMode (590)
[2019.01.15-16.23.36:751][655]LogModuleManager: Shutting down and abandoning module GeometryMode (588)
[2019.01.15-16.23.36:751][655]LogModuleManager: Shutting down and abandoning module TextureAlignMode (586)
[2019.01.15-16.23.36:751][655]LogModuleManager: Shutting down and abandoning module BspMode (584)
[2019.01.15-16.23.36:751][655]LogModuleManager: Shutting down and abandoning module PIEPreviewDeviceProfileSelector (582)
[2019.01.15-16.23.36:751][655]LogModuleManager: Shutting down and abandoning module SequenceRecorderSections (580)
[2019.01.15-16.23.36:751][655]LogModuleManager: Shutting down and abandoning module AutomationWorker (578)
[2019.01.15-16.23.36:752][655]LogModuleManager: Shutting down and abandoning module AudioCaptureEditor (576)
[2019.01.15-16.23.36:752][655]LogModuleManager: Shutting down and abandoning module SequenceRecorder (575)
[2019.01.15-16.23.36:752][655]LogModuleManager: Shutting down and abandoning module MatineeToLevelSequence (572)
[2019.01.15-16.23.36:752][655]LogModuleManager: Shutting down and abandoning module LevelSequenceEditor (570)
[2019.01.15-16.23.36:752][655]LogModuleManager: Shutting down and abandoning module PlacementMode (569)
[2019.01.15-16.23.36:752][655]LogModuleManager: Shutting down and abandoning module MaterialEditor (568)
[2019.01.15-16.23.36:753][655]LogModuleManager: Shutting down and abandoning module WmfMediaFactory (564)
[2019.01.15-16.23.36:753][655]LogModuleManager: Shutting down and abandoning module WmfMediaEditor (562)
[2019.01.15-16.23.36:753][655]LogModuleManager: Shutting down and abandoning module MediaPlayerEditor (560)
[2019.01.15-16.23.36:753][655]LogModuleManager: Shutting down and abandoning module OpenExrWrapper (558)
[2019.01.15-16.23.36:753][655]LogModuleManager: Shutting down and abandoning module ImgMediaFactory (556)
[2019.01.15-16.23.36:753][655]LogModuleManager: Shutting down and abandoning module ImgMediaEditor (554)
[2019.01.15-16.23.36:753][655]LogModuleManager: Shutting down and abandoning module AvfMediaFactory (552)
[2019.01.15-16.23.36:753][655]LogModuleManager: Shutting down and abandoning module AvfMediaEditor (550)
[2019.01.15-16.23.36:753][655]LogModuleManager: Shutting down and abandoning module AndroidMediaFactory (548)
[2019.01.15-16.23.36:753][655]LogModuleManager: Shutting down and abandoning module AndroidMediaEditor (546)
[2019.01.15-16.23.36:753][655]LogModuleManager: Shutting down and abandoning module MagicLeapCameraPreviewFactory (544)
[2019.01.15-16.23.36:753][655]LogModuleManager: Shutting down and abandoning module MagicLeapMediaFactory (542)
[2019.01.15-16.23.36:753][655]LogModuleManager: Shutting down and abandoning module MagicLeapMediaEditor (540)
[2019.01.15-16.23.36:753][655]LogModuleManager: Shutting down and abandoning module CharacterAI (538)
[2019.01.15-16.23.36:753][655]LogModuleManager: Shutting down and abandoning module SmartSnapping (536)
[2019.01.15-16.23.36:753][655]LogModuleManager: Shutting down and abandoning module SessionServices (534)
[2019.01.15-16.23.36:753][655]LogModuleManager: Shutting down and abandoning module ViewportSnapping (532)
[2019.01.15-16.23.36:753][655]LogModuleManager: Shutting down and abandoning module ViewportInteraction (530)
[2019.01.15-16.23.36:753][655]LogModuleManager: Shutting down and abandoning module ClothPainter (528)
[2019.01.15-16.23.36:753][655]LogModuleManager: Shutting down and abandoning module SkeletalMeshEditor (527)
[2019.01.15-16.23.36:754][655]LogModuleManager: Shutting down and abandoning module LogVisualizer (524)
[2019.01.15-16.23.36:754][655]LogModuleManager: Shutting down and abandoning module IntroTutorials (522)
[2019.01.15-16.23.36:754][655]LogModuleManager: Shutting down and abandoning module GameProjectGeneration (521)
[2019.01.15-16.23.36:754][655]LogModuleManager: Shutting down and abandoning module LuminPlatformEditor (518)
[2019.01.15-16.23.36:754][655]LogModuleManager: Shutting down and abandoning module IOSPlatformEditor (516)
[2019.01.15-16.23.36:754][655]LogModuleManager: Shutting down and abandoning module HTML5PlatformEditor (514)
[2019.01.15-16.23.36:754][655]LogModuleManager: Shutting down and abandoning module AndroidPlatformEditor (512)
[2019.01.15-16.23.36:754][655]LogModuleManager: Shutting down and abandoning module AndroidDeviceDetection (511)
[2019.01.15-16.23.36:886][655]LogModuleManager: Shutting down and abandoning module WindowsPlatformEditor (508)
[2019.01.15-16.23.36:886][655]LogModuleManager: Shutting down and abandoning module LuminRuntimeSettings (506)
[2019.01.15-16.23.36:886][655]LogModuleManager: Shutting down and abandoning module IOSRuntimeSettings (504)
[2019.01.15-16.23.36:886][655]LogModuleManager: Shutting down and abandoning module AndroidRuntimeSettings (502)
[2019.01.15-16.23.36:886][655]LogModuleManager: Shutting down and abandoning module InputBindingEditor (500)
[2019.01.15-16.23.36:886][655]LogModuleManager: Shutting down and abandoning module MergeActors (498)
[2019.01.15-16.23.36:886][655]LogModuleManager: Shutting down and abandoning module LocalizationDashboard (496)
[2019.01.15-16.23.36:887][655]LogModuleManager: Shutting down and abandoning module LocalizationService (495)
[2019.01.15-16.23.36:887][655]LogModuleManager: Shutting down and abandoning module HardwareTargeting (492)
[2019.01.15-16.23.36:887][655]LogModuleManager: Shutting down and abandoning module DeviceProfileEditor (490)
[2019.01.15-16.23.36:887][655]LogModuleManager: Shutting down and abandoning module UndoHistory (488)
[2019.01.15-16.23.36:887][655]LogModuleManager: Shutting down and abandoning module XmlParser (486)
[2019.01.15-16.23.36:887][655]LogModuleManager: Shutting down and abandoning module Blutility (484)
[2019.01.15-16.23.36:887][655]LogModuleManager: Shutting down and abandoning module ProjectSettingsViewer (482)
[2019.01.15-16.23.36:887][655]LogModuleManager: Shutting down and abandoning module ProjectTargetPlatformEditor (481)
[2019.01.15-16.23.36:887][655]LogModuleManager: Shutting down and abandoning module EditorSettingsViewer (478)
[2019.01.15-16.23.36:887][655]LogModuleManager: Shutting down and abandoning module SettingsEditor (476)
[2019.01.15-16.23.36:887][655]LogModuleManager: Shutting down and abandoning module ProjectLauncher (474)
[2019.01.15-16.23.36:887][655]LogModuleManager: Shutting down and abandoning module SessionFrontend (472)
[2019.01.15-16.23.36:887][655]LogModuleManager: Shutting down and abandoning module ProfilerClient (470)
[2019.01.15-16.23.36:887][655]LogModuleManager: Shutting down and abandoning module DeviceManager (468)
[2019.01.15-16.23.36:887][655]LogModuleManager: Shutting down and abandoning module TargetDeviceServices (467)
[2019.01.15-16.23.36:942][655]LogModuleManager: Shutting down and abandoning module AutomationController (464)
[2019.01.15-16.23.36:942][655]LogModuleManager: Shutting down and abandoning module AutomationWindow (462)
[2019.01.15-16.23.36:942][655]LogModuleManager: Shutting down and abandoning module Layers (460)
[2019.01.15-16.23.36:943][655]LogModuleManager: Shutting down and abandoning module ComponentVisualizers (458)
[2019.01.15-16.23.36:943][655]LogModuleManager: Shutting down and abandoning module DetailCustomizations (456)
[2019.01.15-16.23.36:943][655]LogModuleManager: Shutting down and abandoning module PackagesDialog (454)
[2019.01.15-16.23.36:943][655]LogModuleManager: Shutting down and abandoning module Persona (452)
[2019.01.15-16.23.36:944][655]LogModuleManager: Shutting down and abandoning module AdvancedPreviewScene (451)
[2019.01.15-16.23.36:944][655]LogModuleManager: Shutting down and abandoning module AnimGraph (449)
[2019.01.15-16.23.36:944][655]LogModuleManager: Shutting down and abandoning module Kismet (446)
[2019.01.15-16.23.36:947][655]LogModuleManager: Shutting down and abandoning module GraphEditor (444)
[2019.01.15-16.23.36:947][655]LogModuleManager: Shutting down and abandoning module ClassViewer (442)
[2019.01.15-16.23.36:947][655]LogModuleManager: Shutting down and abandoning module Toolbox (440)
[2019.01.15-16.23.36:947][655]LogModuleManager: Shutting down and abandoning module DesktopPlatform (439)
[2019.01.15-16.23.36:948][655]LogModuleManager: Shutting down and abandoning module ModuleUI (436)
[2019.01.15-16.23.36:948][655]LogModuleManager: Shutting down and abandoning module MovieSceneTools (434)
[2019.01.15-16.23.36:948][655]LogModuleManager: Shutting down and abandoning module OutputLog (432)
[2019.01.15-16.23.36:948][655]LogModuleManager: Shutting down and abandoning module GammaUI (430)
[2019.01.15-16.23.36:948][655]LogModuleManager: Shutting down and abandoning module Documentation (428)
[2019.01.15-16.23.36:948][655]LogModuleManager: Shutting down and abandoning module MovieSceneTracks (426)
[2019.01.15-16.23.36:949][655]LogModuleManager: Shutting down and abandoning module MovieScene (424)
[2019.01.15-16.23.36:949][655]LogModuleManager: Shutting down and abandoning module StreamingPauseRendering (422)
[2019.01.15-16.23.36:949][655]LogModuleManager: Shutting down and abandoning module LauncherPlatform (420)
[2019.01.15-16.23.36:949][655]LogModuleManager: Shutting down and abandoning module AnalyticsET (418)
[2019.01.15-16.23.36:949][655]LogModuleManager: Shutting down and abandoning module PortalServices (416)
[2019.01.15-16.23.36:949][655]LogModuleManager: Shutting down and abandoning module PortalRpc (414)
[2019.01.15-16.23.36:949][655]LogModuleManager: Shutting down and abandoning module MessagingRpc (412)
[2019.01.15-16.23.36:949][655]LogModuleManager: Shutting down and abandoning module AIModule (410)
[2019.01.15-16.23.36:949][655]LogModuleManager: Shutting down and abandoning module GameplayDebugger (409)
[2019.01.15-16.23.36:949][655]LogModuleManager: Shutting down and abandoning module AITestSuite (407)
[2019.01.15-16.23.36:949][655]LogModuleManager: Shutting down and abandoning module NavigationSystem (405)
[2019.01.15-16.23.36:949][655]LogModuleManager: Shutting down and abandoning module ProfilerService (402)
[2019.01.15-16.23.37:072][655]LogModuleManager: Shutting down and abandoning module TaskGraph (400)
[2019.01.15-16.23.37:072][655]LogModuleManager: Shutting down and abandoning module SteamVRController (398)
[2019.01.15-16.23.37:072][655]LogModuleManager: Shutting down and abandoning module ProceduralMeshComponentEditor (396)
[2019.01.15-16.23.37:072][655]LogModuleManager: Shutting down and abandoning module ProceduralMeshComponent (394)
[2019.01.15-16.23.37:072][655]LogModuleManager: Shutting down and abandoning module OculusInput (392)
[2019.01.15-16.23.37:072][655]LogModuleManager: Shutting down and abandoning module MobilePatchingUtils (390)
[2019.01.15-16.23.37:072][655]LogModuleManager: Shutting down and abandoning module EditableMesh (388)
[2019.01.15-16.23.37:072][655]LogModuleManager: Shutting down and abandoning module CustomMeshComponent (386)
[2019.01.15-16.23.37:072][655]LogModuleManager: Shutting down and abandoning module CableComponent (384)
[2019.01.15-16.23.37:072][655]LogModuleManager: Shutting down and abandoning module AudioCapture (382)
[2019.01.15-16.23.37:072][655]LogModuleManager: Shutting down and abandoning module ArchVisCharacter (380)
[2019.01.15-16.23.37:072][655]LogModuleManager: Shutting down and abandoning module AndroidPermission (378)
[2019.01.15-16.23.37:072][655]LogModuleManager: Shutting down and abandoning module NUTUnrealEngine4 (376)
[2019.01.15-16.23.37:072][655]LogModuleManager: Shutting down and abandoning module NetcodeUnitTest (374)
[2019.01.15-16.23.37:073][655]LogModuleManager: Shutting down and abandoning module MediaCompositingEditor (372)
[2019.01.15-16.23.37:073][655]LogModuleManager: Shutting down and abandoning module MediaCompositing (370)
[2019.01.15-16.23.37:073][655]LogModuleManager: Shutting down and abandoning module LinearTimecode (368)
[2019.01.15-16.23.37:073][655]LogModuleManager: Shutting down and abandoning module ImgMedia (366)
[2019.01.15-16.23.37:075][655]LogModuleManager: Shutting down and abandoning module HTML5Networking (364)
[2019.01.15-16.23.37:075][655]LogModuleManager: Shutting down and abandoning module GeometryCacheTracks (362)
[2019.01.15-16.23.37:075][655]LogModuleManager: Shutting down and abandoning module GeometryCacheSequencer (360)
[2019.01.15-16.23.37:075][655]LogModuleManager: Shutting down and abandoning module BackChannel (358)
[2019.01.15-16.23.37:076][655]LogModuleManager: Shutting down and abandoning module AppleVision (356)
[2019.01.15-16.23.37:076][655]LogModuleManager: Shutting down and abandoning module AppleImageUtils (354)
[2019.01.15-16.23.37:076][655]LogModuleManager: Shutting down and abandoning module AlembicImporter (352)
[2019.01.15-16.23.37:076][655]LogModuleManager: Shutting down and abandoning module AlembicLibrary (351)
[2019.01.15-16.23.37:076][655]LogModuleManager: Shutting down and abandoning module GeometryCache (350)
[2019.01.15-16.23.37:076][655]LogModuleManager: Shutting down and abandoning module GeometryCacheEd (349)
[2019.01.15-16.23.37:076][655]LogModuleManager: Shutting down and abandoning module DatasmithContentEditor (344)
[2019.01.15-16.23.37:076][655]LogModuleManager: Shutting down and abandoning module DatasmithContent (342)
[2019.01.15-16.23.37:076][655]LogModuleManager: Shutting down and abandoning module SpeedTreeImporter (340)
[2019.01.15-16.23.37:076][655]LogModuleManager: Shutting down and abandoning module PluginBrowser (338)
[2019.01.15-16.23.37:076][655]LogModuleManager: Shutting down and abandoning module MobileLauncherProfileWizard (336)
[2019.01.15-16.23.37:076][655]LogModuleManager: Shutting down and abandoning module PolygonModeling (334)
[2019.01.15-16.23.37:076][655]LogModuleManager: Shutting down and abandoning module MeshEditor (332)
[2019.01.15-16.23.37:076][655]LogModuleManager: Shutting down and abandoning module CryptoKeysOpenSSL (330)
[2019.01.15-16.23.37:076][655]LogModuleManager: Shutting down and abandoning module CryptoKeys (328)
[2019.01.15-16.23.37:076][655]LogModuleManager: Shutting down and abandoning module VisualStudioSourceCodeAccess (326)
[2019.01.15-16.23.37:076][655]LogModuleManager: Shutting down and abandoning module VisualStudioCodeSourceCodeAccess (324)
[2019.01.15-16.23.37:076][655]LogModuleManager: Shutting down and abandoning module UObjectPlugin (322)
[2019.01.15-16.23.37:076][655]LogModuleManager: Shutting down and abandoning module SubversionSourceControl (320)
[2019.01.15-16.23.37:077][655]LogModuleManager: Shutting down and abandoning module PerforceSourceControl (318)
[2019.01.15-16.23.37:077][655]LogModuleManager: Shutting down and abandoning module GitSourceControl (316)
[2019.01.15-16.23.37:077][655]LogModuleManager: Shutting down and abandoning module SourceControl (315)
[2019.01.15-16.23.37:077][655]LogModuleManager: Shutting down and abandoning module CLionSourceCodeAccess (312)
[2019.01.15-16.23.37:077][655]LogModuleManager: Shutting down and abandoning module LightPropagationVolumeEditor (310)
[2019.01.15-16.23.37:077][655]LogModuleManager: Shutting down and abandoning module PaperTiledImporter (308)
[2019.01.15-16.23.37:077][655]LogModuleManager: Shutting down and abandoning module PaperSpriteSheetImporter (306)
[2019.01.15-16.23.37:077][655]LogModuleManager: Shutting down and abandoning module Paper2DEditor (304)
[2019.01.15-16.23.37:077][655]LogModuleManager: Shutting down and abandoning module MeshPaint (303)
[2019.01.15-16.23.37:077][655]LogModuleManager: Shutting down and abandoning module Violence_Project (300)
[2019.01.15-16.23.37:077][655]LogModuleManager: Shutting down and abandoning module RuntimePhysXCooking (298)
[2019.01.15-16.23.37:077][655]LogModuleManager: Shutting down and abandoning module PhysXVehiclesEditor (296)
[2019.01.15-16.23.37:077][655]LogModuleManager: Shutting down and abandoning module PhysXVehicles (294)
[2019.01.15-16.23.37:077][655]LogModuleManager: Shutting down and abandoning module OculusEditor (292)
[2019.01.15-16.23.37:077][655]LogModuleManager: Shutting down and abandoning module LocationServicesBPLibrary (290)
[2019.01.15-16.23.37:077][655]LogModuleManager: Shutting down and abandoning module ImmediatePhysicsEditor (288)
[2019.01.15-16.23.37:077][655]LogModuleManager: Shutting down and abandoning module ImmediatePhysics (286)
[2019.01.15-16.23.37:077][655]LogModuleManager: Shutting down and abandoning module ActorSequence (284)
[2019.01.15-16.23.37:077][655]LogModuleManager: Shutting down and abandoning module UdpMessaging (282)
[2019.01.15-16.23.37:178][655]LogModuleManager: Shutting down and abandoning module TcpMessaging (280)
[2019.01.15-16.23.37:279][655]LogModuleManager: Shutting down and abandoning module MagicLeapAudio (278)
[2019.01.15-16.23.37:279][655]LogModuleManager: Shutting down and abandoning module GameplayTagsEditor (276)
[2019.01.15-16.23.37:279][655]LogModuleManager: Shutting down and abandoning module FacialAnimationEditor (274)
[2019.01.15-16.23.37:279][655]LogModuleManager: Shutting down and abandoning module FacialAnimation (272)
[2019.01.15-16.23.37:279][655]LogModuleManager: Shutting down and abandoning module DataValidation (270)
[2019.01.15-16.23.37:279][655]LogModuleManager: Shutting down and abandoning module AssetManagerEditor (268)
[2019.01.15-16.23.37:280][655]LogModuleManager: Shutting down and abandoning module LevelEditor (267)
[2019.01.15-16.23.37:281][655]LogModuleManager: Shutting down and abandoning module PixelInspectorModule (266)
[2019.01.15-16.23.37:281][655]LogModuleManager: Shutting down and abandoning module CommonMenuExtensions (264)
[2019.01.15-16.23.37:281][655]LogModuleManager: Shutting down and abandoning module MainFrame (262)
[2019.01.15-16.23.37:281][655]LogModuleManager: Shutting down and abandoning module HotReload (261)
[2019.01.15-16.23.37:281][655]LogModuleManager: Shutting down and abandoning module ContentBrowser (257)
[2019.01.15-16.23.37:282][655]LogModuleManager: Shutting down and abandoning module TreeMap (255)
[2019.01.15-16.23.37:282][655]LogModuleManager: Shutting down and abandoning module LightPropagationVolumeRuntime (252)
[2019.01.15-16.23.37:282][655]LogModuleManager: Shutting down and abandoning module AISupportModule (250)
[2019.01.15-16.23.37:282][655]LogModuleManager: Shutting down and abandoning module Paper2D (248)
[2019.01.15-16.23.37:282][655]LogModuleManager: Shutting down and abandoning module WindowsMoviePlayer (246)
[2019.01.15-16.23.37:282][655]LogModuleManager: Shutting down and abandoning module WmfMedia (244)
[2019.01.15-16.23.37:283][655]LogModuleManager: Shutting down and abandoning module Media (243)
[2019.01.15-16.23.37:289][655]LogModuleManager: Shutting down and abandoning module PacketHandler (240)
[2019.01.15-16.23.37:289][655]LogModuleManager: Shutting down and abandoning module ClothingSystemEditor (238)
[2019.01.15-16.23.37:289][655]LogModuleManager: Shutting down and abandoning module ClothingSystemRuntime (236)
[2019.01.15-16.23.37:289][655]LogModuleManager: Shutting down and abandoning module MediaAssets (234)
[2019.01.15-16.23.37:289][655]LogModuleManager: Shutting down and abandoning module Overlay (232)
[2019.01.15-16.23.37:289][655]LogModuleManager: Shutting down and abandoning module OverlayEditor (231)
[2019.01.15-16.23.37:289][655]LogModuleManager: Shutting down and abandoning module VREditor (228)
[2019.01.15-16.23.37:290][655]LogModuleManager: Shutting down and abandoning module StringTableEditor (226)
[2019.01.15-16.23.37:290][655]LogModuleManager: Shutting down and abandoning module GameplayTasksEditor (224)
[2019.01.15-16.23.37:290][655]LogModuleManager: Shutting down and abandoning module BehaviorTreeEditor (222)
[2019.01.15-16.23.37:290][655]LogModuleManager: Shutting down and abandoning module FunctionalTesting (220)
[2019.01.15-16.23.37:290][655]LogModuleManager: Shutting down and abandoning module CollisionAnalyzer (218)
[2019.01.15-16.23.37:290][655]LogModuleManager: Shutting down and abandoning module WorkspaceMenuStructure (217)
[2019.01.15-16.23.37:290][655]LogModuleManager: Shutting down and abandoning module UMG (214)
[2019.01.15-16.23.37:290][655]LogModuleManager: Shutting down and abandoning module UMGEditor (213)
[2019.01.15-16.23.37:290][655]LogModuleManager: Shutting down and abandoning module Sequencer (212)
[2019.01.15-16.23.37:291][655]LogModuleManager: Shutting down and abandoning module MessageLog (209)
[2019.01.15-16.23.37:291][655]LogModuleManager: Shutting down and abandoning module SlateReflector (204)
[2019.01.15-16.23.37:292][655]LogModuleManager: Shutting down and abandoning module Slate (202)
[2019.01.15-16.23.37:292][655]LogModuleManager: Shutting down and abandoning module EditorStyle (200)
[2019.01.15-16.23.37:293][655]LogModuleManager: Shutting down and abandoning module MRMesh (198)
[2019.01.15-16.23.37:293][655]LogModuleManager: Shutting down and abandoning module SourceCodeAccess (196)
[2019.01.15-16.23.37:293][655]LogModuleManager: Shutting down and abandoning module HeadMountedDisplay (194)
[2019.01.15-16.23.37:293][655]LogModuleManager: Shutting down and abandoning module XAudio2 (192)
[2019.01.15-16.23.37:293][655]LogModuleManager: Shutting down and abandoning module Networking (190)
[2019.01.15-16.23.37:293][655]LogModuleManager: Shutting down and abandoning module Core (188)
[2019.01.15-16.23.37:293][655]LogModuleManager: Shutting down and abandoning module LevelSequence (186)
[2019.01.15-16.23.37:293][655]LogModuleManager: Shutting down and abandoning module KismetCompiler (184)
[2019.01.15-16.23.37:293][655]LogModuleManager: Shutting down and abandoning module MeshUtilities (182)
[2019.01.15-16.23.37:293][655]LogModuleManager: Shutting down and abandoning module MeshMergeUtilities (181)
[2019.01.15-16.23.37:293][655]LogModuleManager: Shutting down and abandoning module MeshReductionInterface (180)
[2019.01.15-16.23.37:293][655]LogModuleManager: Shutting down and abandoning module SimplygonSwarm (179)
[2019.01.15-16.23.37:293][655]LogModuleManager: Shutting down and abandoning module ProxyLODMeshReduction (177)
[2019.01.15-16.23.37:294][655]LogModuleManager: Shutting down and abandoning module SimplygonMeshReduction (175)
[2019.01.15-16.23.37:294][655]LogModuleManager: Shutting down and abandoning module QuadricMeshReduction (173)
[2019.01.15-16.23.37:294][655]LogModuleManager: Shutting down and abandoning module MaterialBaking (169)
[2019.01.15-16.23.37:294][655]LogModuleManager: Shutting down and abandoning module DirectoryWatcher (165)
[2019.01.15-16.23.37:294][655]LogModuleManager: Shutting down and abandoning module DerivedDataCache (162)
[2019.01.15-16.23.37:312][655]LogDerivedDataCache: Shutdown
[2019.01.15-16.23.37:312][655]LogModuleManager: Shutting down and abandoning module XGEController (160)
[2019.01.15-16.23.37:312][655]LogXGEController: Cleaning working directory: C:/Users/max-c/AppData/Local/Temp/UnrealXGEWorkingDir/
[2019.01.15-16.23.37:312][655]LogModuleManager: Shutting down and abandoning module TargetPlatform (158)
[2019.01.15-16.23.37:312][655]LogModuleManager: Shutting down and abandoning module VulkanShaderFormat (157)
[2019.01.15-16.23.37:312][655]LogModuleManager: Shutting down and abandoning module ShaderFormatVectorVM (155)
[2019.01.15-16.23.37:312][655]LogModuleManager: Shutting down and abandoning module ShaderFormatOpenGL (153)
[2019.01.15-16.23.37:312][655]LogModuleManager: Shutting down and abandoning module ShaderFormatD3D (151)
[2019.01.15-16.23.37:312][655]LogModuleManager: Shutting down and abandoning module MetalShaderFormat (149)
[2019.01.15-16.23.37:313][655]LogModuleManager: Shutting down and abandoning module TextureFormatUncompressed (147)
[2019.01.15-16.23.37:313][655]LogModuleManager: Shutting down and abandoning module TextureFormatPVR (145)
[2019.01.15-16.23.37:313][655]LogModuleManager: Shutting down and abandoning module TextureFormatDXT (143)
[2019.01.15-16.23.37:313][655]LogModuleManager: Shutting down and abandoning module TextureFormatIntelISPCTexComp (141)
[2019.01.15-16.23.37:313][655]LogModuleManager: Shutting down and abandoning module TextureFormatASTC (139)
[2019.01.15-16.23.37:313][655]LogModuleManager: Shutting down and abandoning module ImageWrapper (138)
[2019.01.15-16.23.37:313][655]LogModuleManager: Shutting down and abandoning module TextureFormatAndroid (135)
[2019.01.15-16.23.37:313][655]LogModuleManager: Shutting down and abandoning module AudioFormatOpus (133)
[2019.01.15-16.23.37:313][655]LogModuleManager: Shutting down and abandoning module AudioFormatOgg (131)
[2019.01.15-16.23.37:313][655]LogModuleManager: Shutting down and abandoning module AudioFormatADPCM (129)
[2019.01.15-16.23.37:313][655]LogModuleManager: Shutting down and abandoning module LuminTargetPlatform (127)
[2019.01.15-16.23.37:313][655]LogModuleManager: Shutting down and abandoning module LinuxTargetPlatform (125)
[2019.01.15-16.23.37:313][655]LogModuleManager: Shutting down and abandoning module LinuxServerTargetPlatform (123)
[2019.01.15-16.23.37:313][655]LogModuleManager: Shutting down and abandoning module LinuxNoEditorTargetPlatform (121)
[2019.01.15-16.23.37:313][655]LogModuleManager: Shutting down and abandoning module LinuxClientTargetPlatform (119)
[2019.01.15-16.23.37:313][655]LogModuleManager: Shutting down and abandoning module TVOSTargetPlatform (117)
[2019.01.15-16.23.37:313][655]LogModuleManager: Shutting down and abandoning module Messaging (115)
[2019.01.15-16.23.37:313][655]LogModuleManager: Shutting down and abandoning module IOSTargetPlatform (113)
[2019.01.15-16.23.37:314][655]LogModuleManager: Shutting down and abandoning module HTML5TargetPlatform (111)
[2019.01.15-16.23.37:314][655]LogModuleManager: Shutting down and abandoning module AndroidTargetPlatform (109)
[2019.01.15-16.23.37:318][655]LogModuleManager: Shutting down and abandoning module WindowsTargetPlatform (107)
[2019.01.15-16.23.37:318][655]LogModuleManager: Shutting down and abandoning module WindowsServerTargetPlatform (105)
[2019.01.15-16.23.37:318][655]LogModuleManager: Shutting down and abandoning module WindowsNoEditorTargetPlatform (103)
[2019.01.15-16.23.37:318][655]LogModuleManager: Shutting down and abandoning module WindowsClientTargetPlatform (101)
[2019.01.15-16.23.37:318][655]LogModuleManager: Shutting down and abandoning module MacTargetPlatform (99)
[2019.01.15-16.23.37:318][655]LogModuleManager: Shutting down and abandoning module MacServerTargetPlatform (97)
[2019.01.15-16.23.37:318][655]LogModuleManager: Shutting down and abandoning module MacNoEditorTargetPlatform (95)
[2019.01.15-16.23.37:318][655]LogModuleManager: Shutting down and abandoning module MacClientTargetPlatform (93)
[2019.01.15-16.23.37:318][655]LogModuleManager: Shutting down and abandoning module AllDesktopTargetPlatform (91)
[2019.01.15-16.23.37:318][655]LogModuleManager: Shutting down and abandoning module InputCore (88)
[2019.01.15-16.23.37:318][655]LogModuleManager: Shutting down and abandoning module Settings (86)
[2019.01.15-16.23.37:318][655]LogModuleManager: Shutting down and abandoning module PhysXCooking (84)
[2019.01.15-16.23.37:318][655]LogModuleManager: Shutting down and abandoning module SteamVR (82)
[2019.01.15-16.23.37:318][655]LogModuleManager: Shutting down and abandoning module OculusHMD (80)
[2019.01.15-16.23.37:318][655]LogModuleManager: Shutting down and abandoning module ExampleDeviceProfileSelector (78)
[2019.01.15-16.23.37:318][655]LogModuleManager: Shutting down and abandoning module LauncherChunkInstaller (76)
[2019.01.15-16.23.37:318][655]LogModuleManager: Shutting down and abandoning module OnlineBlueprintSupport (74)
[2019.01.15-16.23.37:318][655]LogModuleManager: Shutting down and abandoning module OnlineSubsystem (70)
[2019.01.15-16.23.37:319][655]LogModuleManager: Shutting down and abandoning module XMPP (65)
[2019.01.15-16.23.37:319][655]LogModuleManager: Shutting down and abandoning module WebSockets (64)
[2019.01.15-16.23.37:327][655]LogModuleManager: Shutting down and abandoning module HTTP (61)
[2019.01.15-16.23.37:327][655]LogHttp: Display: Http module shutting down, but needs to wait on 1 outstanding Http requests:
[2019.01.15-16.23.37:327][655]LogHttp: Display: 	verb=[POST] url=[https://datarouter.ol.epicgames.com/datarouter/api/v1/public/data?SessionID=%7BDA6F5690-4CBD-0209-E44F-54BB53A81B23%7D&AppID=UEEditor.Rocket.Release&AppVersion=4.20.3-4369336%2B%2B%2BUE4%2BRelease-4.20&UserID=076fe9bf484b3f0e1d90ad8efffb5b8a%7Cde321570f30d49089cbda788345aa0a1%7C1e484149-29a3-4b16-b657-e083ada46820&AppEnvironment=datacollector-binary&UploadType=eteventstream] status=Processing
[2019.01.15-16.23.37:354][655]LogModuleManager: Shutting down and abandoning module SSL (60)
[2019.01.15-16.23.37:355][655]LogModuleManager: Shutting down and abandoning module MagicLeapEmulator (56)
[2019.01.15-16.23.37:355][655]LogModuleManager: Shutting down and abandoning module MagicLeapPrivileges (54)
[2019.01.15-16.23.37:355][655]LogModuleManager: Shutting down and abandoning module MagicLeapIdentity (52)
[2019.01.15-16.23.37:355][655]LogModuleManager: Shutting down and abandoning module MagicLeapHelperVulkan (50)
[2019.01.15-16.23.37:355][655]LogModuleManager: Shutting down and abandoning module MagicLeapHelperOpenGL (48)
[2019.01.15-16.23.37:355][655]LogModuleManager: Shutting down and abandoning module MagicLeapSecureStorage (46)
[2019.01.15-16.23.37:355][655]LogModuleManager: Shutting down and abandoning module MagicLeapGestures (44)
[2019.01.15-16.23.37:355][655]LogModuleManager: Shutting down and abandoning module MagicLeapEyeTracker (42)
[2019.01.15-16.23.37:355][655]LogModuleManager: Shutting down and abandoning module MagicLeapController (40)
[2019.01.15-16.23.37:355][655]LogSlate: Slate User Destroyed.  User Index 0, Is Virtual User: 0
[2019.01.15-16.23.37:355][655]LogModuleManager: Shutting down and abandoning module MagicLeap (38)
[2019.01.15-16.23.37:355][655]LogModuleManager: Shutting down and abandoning module AnimationModifiers (36)
[2019.01.15-16.23.37:355][655]LogModuleManager: Shutting down and abandoning module PropertyEditor (35)
[2019.01.15-16.23.37:355][655]LogModuleManager: Shutting down and abandoning module AudioEditor (32)
[2019.01.15-16.23.37:356][655]LogModuleManager: Shutting down and abandoning module TextureCompressor (30)
[2019.01.15-16.23.37:356][655]LogModuleManager: Shutting down and abandoning module ShaderCore (28)
[2019.01.15-16.23.37:356][655]LogModuleManager: Shutting down and abandoning module Landscape (26)
[2019.01.15-16.23.37:356][655]LogModuleManager: Shutting down and abandoning module SlateRHIRenderer (24)
[2019.01.15-16.23.37:356][655]LogModuleManager: Shutting down and abandoning module OpenGLDrv (22)
[2019.01.15-16.23.37:357][655]LogModuleManager: Shutting down and abandoning module D3D11RHI (20)
[2019.01.15-16.23.37:357][655]LogModuleManager: Shutting down and abandoning module AnimGraphRuntime (18)
[2019.01.15-16.23.37:357][655]LogModuleManager: Shutting down and abandoning module Renderer (16)
[2019.01.15-16.23.37:357][655]LogModuleManager: Shutting down and abandoning module Engine (14)
[2019.01.15-16.23.37:357][655]LogModuleManager: Shutting down and abandoning module CoreUObject (12)
[2019.01.15-16.23.37:357][655]LogModuleManager: Shutting down and abandoning module NetworkFile (10)
[2019.01.15-16.23.37:357][655]LogModuleManager: Shutting down and abandoning module CookedIterativeFile (8)
[2019.01.15-16.23.37:357][655]LogModuleManager: Shutting down and abandoning module StreamingFile (6)
[2019.01.15-16.23.37:357][655]LogModuleManager: Shutting down and abandoning module SandboxFile (4)
[2019.01.15-16.23.37:357][655]LogModuleManager: Shutting down and abandoning module PakFile (2)
[2019.01.15-16.23.37:363][655]LogExit: Exiting.
[2019.01.15-16.23.37:375][655]Log file closed, 01/15/19 16:23:37
