Log file open, 01/14/19 15:39:41
LogWindows: Failed to load 'aqProf.dll' (GetLastError=126)
LogWindows: File 'aqProf.dll' does not exist
LogWindows: Failed to load 'VSPerf140.dll' (GetLastError=126)
LogWindows: File 'VSPerf140.dll' does not exist
LogWindows: Failed to load 'VtuneApi.dll' (GetLastError=126)
LogWindows: File 'VtuneApi.dll' does not exist
LogWindows: Failed to load 'VtuneApi32e.dll' (GetLastError=126)
LogWindows: File 'VtuneApi32e.dll' does not exist
LogInit: Display: Running engine for game: Violence_Project
LogPlatformFile: Not using cached read wrapper
LogTaskGraph: Started task graph with 5 named threads and 35 total threads with 3 sets of task threads.
LogStats: Stats thread started at 0.773625
LogD3D11RHI: Loaded GFSDK_Aftermath_Lib.x64.dll
LogICUInternationalization: Display: ICU TimeZone Detection - Raw Offset: +0:00, Platform Override: ''
LogPluginManager: Mounting plugin Paper2D
LogPluginManager: Mounting plugin AISupport
LogPluginManager: Mounting plugin LightPropagationVolume
LogPluginManager: Mounting plugin CLionSourceCodeAccess
LogPluginManager: Mounting plugin CodeLiteSourceCodeAccess
LogPluginManager: Mounting plugin GitSourceControl
LogPluginManager: Mounting plugin KDevelopSourceCodeAccess
LogPluginManager: Mounting plugin NullSourceCodeAccess
LogPluginManager: Mounting plugin PerforceSourceControl
LogPluginManager: Mounting plugin SubversionSourceControl
LogPluginManager: Mounting plugin UObjectPlugin
LogPluginManager: Mounting plugin VisualStudioCodeSourceCodeAccess
LogPluginManager: Mounting plugin VisualStudioSourceCodeAccess
LogPluginManager: Mounting plugin XCodeSourceCodeAccess
LogPluginManager: Mounting plugin AssetManagerEditor
LogPluginManager: Mounting plugin CryptoKeys
LogPluginManager: Mounting plugin DataValidation
LogPluginManager: Mounting plugin FacialAnimation
LogPluginManager: Mounting plugin GameplayTagsEditor
LogPluginManager: Mounting plugin MacGraphicsSwitching
LogPluginManager: Mounting plugin MeshEditor
LogPluginManager: Mounting plugin MobileLauncherProfileWizard
LogPluginManager: Mounting plugin PluginBrowser
LogPluginManager: Mounting plugin SpeedTreeImporter
LogPluginManager: Mounting plugin DatasmithContent
LogPluginManager: Mounting plugin AlembicImporter
LogPluginManager: Mounting plugin AppleImageUtils
LogPluginManager: Mounting plugin AppleVision
LogPluginManager: Mounting plugin BackChannel
LogPluginManager: Mounting plugin CharacterAI
LogPluginManager: Mounting plugin GeometryCache
LogPluginManager: Mounting plugin HTML5Networking
LogPluginManager: Mounting plugin ProxyLODPlugin
LogPluginManager: Mounting plugin MagicLeap
LogPluginManager: Mounting plugin MagicLeapEmulator
LogPluginManager: Mounting plugin MagicLeapMedia
LogPluginManager: Mounting plugin AndroidMedia
LogPluginManager: Mounting plugin AvfMedia
LogPluginManager: Mounting plugin ImgMedia
LogPluginManager: Mounting plugin LinearTimecode
LogPluginManager: Mounting plugin MediaCompositing
LogPluginManager: Mounting plugin MediaPlayerEditor
LogPluginManager: Mounting plugin WmfMedia
LogPluginManager: Mounting plugin TcpMessaging
LogPluginManager: Mounting plugin UdpMessaging
LogPluginManager: Mounting plugin ActorSequence
LogPluginManager: Mounting plugin LevelSequenceEditor
LogPluginManager: Mounting plugin MatineeToLevelSequence
LogPluginManager: Mounting plugin NetcodeUnitTest
LogPluginManager: Mounting plugin NUTUnrealEngine4
LogPluginManager: Mounting plugin OnlineSubsystemGooglePlay
LogPluginManager: Mounting plugin OnlineSubsystemIOS
LogPluginManager: Mounting plugin OnlineSubsystem
LogPluginManager: Mounting plugin OnlineSubsystemNull
LogPluginManager: Mounting plugin OnlineSubsystemUtils
LogPluginManager: Mounting plugin LauncherChunkInstaller
LogPluginManager: Mounting plugin AndroidDeviceProfileSelector
LogPluginManager: Mounting plugin AndroidMoviePlayer
LogPluginManager: Mounting plugin AndroidPermission
LogPluginManager: Mounting plugin AppleMoviePlayer
LogPluginManager: Mounting plugin ArchVisCharacter
LogPluginManager: Mounting plugin AudioCapture
LogPluginManager: Mounting plugin CableComponent
LogPluginManager: Mounting plugin CustomMeshComponent
LogPluginManager: Mounting plugin EditableMesh
LogPluginManager: Mounting plugin ExampleDeviceProfileSelector
LogPluginManager: Mounting plugin GoogleCloudMessaging
LogPluginManager: Mounting plugin ImmediatePhysics
LogPluginManager: Mounting plugin IOSDeviceProfileSelector
LogPluginManager: Mounting plugin LinuxDeviceProfileSelector
LogPluginManager: Mounting plugin LocationServicesBPLibrary
LogPluginManager: Mounting plugin MobilePatchingUtils
LogPluginManager: Mounting plugin OculusVR
LogPluginManager: Plugin shader directory ../../../Engine/Plugins/Runtime/Oculus/OculusVR/Shaders found
LogPluginManager: Mapping shader source directory ../../../Engine/Plugins/Runtime/Oculus/OculusVR/Shaders to virtual directory /Plugin/OculusVR
LogPluginManager: Mounting plugin PhysXVehicles
LogPluginManager: Mounting plugin ProceduralMeshComponent
LogPluginManager: Mounting plugin RuntimePhysXCooking
LogPluginManager: Mounting plugin SteamVR
LogPluginManager: Mounting plugin WindowsMoviePlayer
LogStreaming: Display: Took  0.122s to configure plugins.
LogInit: Using libcurl 7.55.1-DEV
LogInit:  - built for x86_64-pc-win32
LogInit:  - supports SSL with OpenSSL/1.0.2h
LogInit:  - supports HTTP deflate (compression) using libz 1.2.8
LogInit:  - other features:
LogInit:      CURL_VERSION_SSL
LogInit:      CURL_VERSION_LIBZ
LogInit:      CURL_VERSION_IPV6
LogInit:      CURL_VERSION_ASYNCHDNS
LogInit:      CURL_VERSION_LARGEFILE
LogInit:      CURL_VERSION_IDN
LogInit:  CurlRequestOptions (configurable via config and command line):
LogInit:  - bVerifyPeer = false  - Libcurl will NOT verify peer certificate
LogInit:  - bUseHttpProxy = false  - Libcurl will NOT use HTTP proxy
LogInit:  - bDontReuseConnections = false  - Libcurl will reuse connections
LogInit:  - CertBundlePath = nullptr  - Libcurl will use whatever was configured at build time.
LogInit:  - MaxHostConnections = 16  - Libcurl will limit the number of connections to a host
LogInit:  - LocalHostAddr = Default
LogInit:  - BufferSize = 65536
LogInit: WinSock: version 1.1 (2.2), MaxSocks=32767, MaxUdp=65467
LogInit: Build: ++UE4+Release-4.20-CL-4369336
LogInit: Engine Version: 4.20.3-4369336+++UE4+Release-4.20
LogInit: Compatible Engine Version: 4.20.0-4212847+++UE4+Release-4.20
LogInit: Net CL: 4212847
LogInit: OS: Windows 10 (), CPU: Intel(R) Core(TM) i7-8086K CPU @ 4.00GHz, GPU: NVIDIA GeForce GTX 1080 Ti
LogInit: Compiled (64-bit): Sep 17 2018 12:26:19
LogInit: Compiled with Visual C++: 19.13.26129.00
LogInit: Build Configuration: Development
LogInit: Branch Name: ++UE4+Release-4.20
LogInit: Command Line:  
LogInit: Base Directory: C:/Program Files/Epic Games/UE_4.20/Engine/Binaries/Win64/
LogInit: Installed Engine Build: 1
LogDevObjectVersion: Number of dev versions registered: 20
LogDevObjectVersion:   Dev-Blueprints (B0D832E4-1F89-4F0D-ACCF-7EB736FD4AA2): 10
LogDevObjectVersion:   Dev-Build (E1C64328-A22C-4D53-A36C-8E866417BD8C): 0
LogDevObjectVersion:   Dev-Core (375EC13C-06E4-48FB-B500-84F0262A717E): 2
LogDevObjectVersion:   Dev-Editor (E4B068ED-F494-42E9-A231-DA0B2E46BB41): 24
LogDevObjectVersion:   Dev-Framework (CFFC743F-43B0-4480-9391-14DF171D2073): 34
LogDevObjectVersion:   Dev-Mobile (B02B49B5-BB20-44E9-A304-32B752E40360): 2
LogDevObjectVersion:   Dev-Networking (A4E4105C-59A1-49B5-A7C5-40C4547EDFEE): 0
LogDevObjectVersion:   Dev-Online (39C831C9-5AE6-47DC-9A44-9C173E1C8E7C): 0
LogDevObjectVersion:   Dev-Physics (78F01B33-EBEA-4F98-B9B4-84EACCB95AA2): 0
LogDevObjectVersion:   Dev-Platform (6631380F-2D4D-43E0-8009-CF276956A95A): 0
LogDevObjectVersion:   Dev-Rendering (12F88B9F-8875-4AFC-A67C-D90C383ABD29): 26
LogDevObjectVersion:   Dev-Sequencer (7B5AE74C-D270-4C10-A958-57980B212A5A): 9
LogDevObjectVersion:   Dev-VR (D7296918-1DD6-4BDD-9DE2-64A83CC13884): 2
LogDevObjectVersion:   Dev-LoadTimes (C2A15278-BFE7-4AFE-6C17-90FF531DF755): 1
LogDevObjectVersion:   Private-Geometry (6EACA3D4-40EC-4CC1-B786-8BED09428FC5): 3
LogDevObjectVersion:   Dev-AnimPhys (29E575DD-E0A3-4627-9D10-D276232CDCEA): 17
LogDevObjectVersion:   Dev-ReflectionCapture (6B266CEC-1EC7-4B8F-A30B-E4D90942FC07): 1
LogDevObjectVersion:   Dev-Automation (0DF73D61-A23F-47EA-B727-89E90C41499A): 1
LogDevObjectVersion:   FortniteMain (601D1886-AC64-4F84-AA16-D3DE0DEAC7D6): 12
LogDevObjectVersion:   Dev-Enterprise (9DFFBCD6-494F-0158-E221-12823C92A888): 1
LogStreaming: Display: Took  0.004s to delete old logs.
LogInit: Presizing for max 8388607 objects, including 0 objects not considered by GC, pre-allocating 0 bytes for permanent pool.
LogInit: Object subsystem initialized
[2019.01.14-15.39.41:676][  0]LogInit: Selected Device Profile: [Windows]
[2019.01.14-15.39.41:676][  0]LogInit: Applying CVar settings loaded from the selected device profile: [Windows]
[2019.01.14-15.39.41:693][  0]LogHAL: Display: Platform has ~ 32 GB [34291802112 / 34359738368 / 32], which maps to Largest [LargestMinGB=32, LargerMinGB=12, DefaultMinGB=8, SmallerMinGB=6, SmallestMinGB=0)
[2019.01.14-15.39.41:694][  0]LogInit: Setting Device Profile CVar: [[r.Vulkan.UseRealUBs:1]]
[2019.01.14-15.39.41:694][  0]LogInit: Going up to parent DeviceProfile []
[2019.01.14-15.39.41:698][  0]LogInit: Computer: WINDOWS-SA1OMO4
[2019.01.14-15.39.41:698][  0]LogInit: User: maxc
[2019.01.14-15.39.41:698][  0]LogInit: CPU Page size=4096, Cores=6
[2019.01.14-15.39.41:698][  0]LogInit: High frequency timer resolution =3.914067 MHz
[2019.01.14-15.39.41:698][  0]LogMemory: Memory total: Physical=31.9GB (32GB approx)
[2019.01.14-15.39.41:698][  0]LogMemory: Platform Memory Stats for Windows
[2019.01.14-15.39.41:698][  0]LogMemory: Process Physical Memory: 101.49 MB used, 101.49 MB peak
[2019.01.14-15.39.41:698][  0]LogMemory: Process Virtual Memory: 93.95 MB used, 93.95 MB peak
[2019.01.14-15.39.41:698][  0]LogMemory: Physical Memory: 5577.62 MB used,  27125.59 MB free, 32703.21 MB total
[2019.01.14-15.39.41:698][  0]LogMemory: Virtual Memory: 4665.47 MB used,  27125.59 MB free, 134217728.00 MB total
[2019.01.14-15.39.41:848][  0]LogInit: Using OS detected language (en-US).
[2019.01.14-15.39.41:848][  0]LogInit: Using OS detected locale (en-GB).
[2019.01.14-15.39.41:850][  0]LogTextLocalizationManager: No specific localization for 'en-US' exists, so the 'en' localization will be used.
[2019.01.14-15.39.42:181][  0]LogStreaming: Display: Took  0.332s to InitEngineTextLocalization.
[2019.01.14-15.39.42:181][  0]LogInit: Setting process to per monitor DPI aware
[2019.01.14-15.39.42:262][  0]LogSlate: New Slate User Created.  User Index 0, Is Virtual User: 0
[2019.01.14-15.39.42:262][  0]LogSlate: Slate User Registered.  User Index 0, Is Virtual User: 0
[2019.01.14-15.39.43:922][  0]LogHMD: Failed to initialize OpenVR with code 110
[2019.01.14-15.39.43:922][  0]LogD3D11RHI: D3D11 adapters:
[2019.01.14-15.39.43:967][  0]LogD3D11RHI:    0. 'NVIDIA GeForce GTX 1080 Ti' (Feature Level 11_0)
[2019.01.14-15.39.43:967][  0]LogD3D11RHI:       11127/0/16351 MB DedicatedVideo/DedicatedSystem/SharedSystem, Outputs:2, VendorId:0x10de
[2019.01.14-15.39.43:968][  0]LogD3D11RHI:    1. 'Microsoft Basic Render Driver' (Feature Level 11_0)
[2019.01.14-15.39.43:968][  0]LogD3D11RHI:       0/0/16351 MB DedicatedVideo/DedicatedSystem/SharedSystem, Outputs:0, VendorId:0x1414
[2019.01.14-15.39.43:968][  0]LogD3D11RHI: Chosen D3D11 Adapter: 0
[2019.01.14-15.39.43:974][  0]LogD3D11RHI: Creating new Direct3DDevice
[2019.01.14-15.39.43:974][  0]LogD3D11RHI:     GPU DeviceId: 0x1b06 (for the marketing name, search the web for "GPU Device Id")
[2019.01.14-15.39.43:974][  0]LogWindows: EnumDisplayDevices:
[2019.01.14-15.39.43:974][  0]LogWindows:    0. 'NVIDIA GeForce GTX 1080 Ti' (P:0 D:1)
[2019.01.14-15.39.43:974][  0]LogWindows:    1. 'NVIDIA GeForce GTX 1080 Ti' (P:1 D:1)
[2019.01.14-15.39.43:974][  0]LogWindows:    2. 'NVIDIA GeForce GTX 1080 Ti' (P:0 D:0)
[2019.01.14-15.39.43:975][  0]LogWindows:    3. 'NVIDIA GeForce GTX 1080 Ti' (P:0 D:0)
[2019.01.14-15.39.43:975][  0]LogWindows: DebugString: FoundDriverCount:4 
[2019.01.14-15.39.43:975][  0]LogD3D11RHI:     Adapter Name: NVIDIA GeForce GTX 1080 Ti
[2019.01.14-15.39.43:975][  0]LogD3D11RHI:   Driver Version: 416.81 (internal:25.21.14.1681, unified:416.81)
[2019.01.14-15.39.43:975][  0]LogD3D11RHI:      Driver Date: 11-2-2018
[2019.01.14-15.39.43:975][  0]LogRHI: Texture pool is 7788 MB (70% of 11127 MB)
[2019.01.14-15.39.44:008][  0]LogD3D11RHI: Async texture creation enabled
[2019.01.14-15.39.44:045][  0]LogD3D11RHI: GPU Timing Frequency: 1000.000000 (Debug: 2 2)
[2019.01.14-15.39.44:138][  0]LogShaderCompilers: Guid format shader working directory is -34 characters bigger than the processId version (../../../../../../Users/max-c/Documents/GitHub/Violence_Project/Violence_Project/Intermediate/Shaders/WorkingDirectory/2544/).
[2019.01.14-15.39.44:138][  0]LogShaderCompilers: Cleaned the shader compiler working directory 'C:/Users/max-c/AppData/Local/Temp/UnrealShaderWorkingDir/BA40162845CC81159B8470A899895BDF/'.
[2019.01.14-15.39.44:520][  0]LogTemp: Display: Loaded TP AllDesktopTargetPlatform
[2019.01.14-15.39.44:531][  0]LogTemp: Display: Loaded TP MacClientTargetPlatform
[2019.01.14-15.39.44:542][  0]LogTemp: Display: Loaded TP MacNoEditorTargetPlatform
[2019.01.14-15.39.44:554][  0]LogTemp: Display: Loaded TP MacServerTargetPlatform
[2019.01.14-15.39.44:568][  0]LogTemp: Display: Loaded TP MacTargetPlatform
[2019.01.14-15.39.44:580][  0]LogTemp: Display: Loaded TP WindowsClientTargetPlatform
[2019.01.14-15.39.44:592][  0]LogTemp: Display: Loaded TP WindowsNoEditorTargetPlatform
[2019.01.14-15.39.44:604][  0]LogTemp: Display: Loaded TP WindowsServerTargetPlatform
[2019.01.14-15.39.44:611][  0]LogTemp: Display: Loaded TP WindowsTargetPlatform
[2019.01.14-15.39.44:680][  0]LogTemp: Display: Loaded TP AndroidTargetPlatform
[2019.01.14-15.39.44:680][  0]LogTemp: Display: Loaded TP AndroidTargetPlatform
[2019.01.14-15.39.44:680][  0]LogTemp: Display: Loaded TP AndroidTargetPlatform
[2019.01.14-15.39.44:680][  0]LogTemp: Display: Loaded TP AndroidTargetPlatform
[2019.01.14-15.39.44:680][  0]LogTemp: Display: Loaded TP AndroidTargetPlatform
[2019.01.14-15.39.44:680][  0]LogTemp: Display: Loaded TP AndroidTargetPlatform
[2019.01.14-15.39.44:680][  0]LogTemp: Display: Loaded TP AndroidTargetPlatform
[2019.01.14-15.39.44:680][  0]LogTemp: Display: Loaded TP AndroidTargetPlatform
[2019.01.14-15.39.44:680][  0]LogTemp: Display: Loaded TP AndroidTargetPlatform
[2019.01.14-15.39.44:680][  0]LogTemp: Display: Loaded TP AndroidTargetPlatform
[2019.01.14-15.39.44:680][  0]LogTemp: Display: Loaded TP AndroidTargetPlatform
[2019.01.14-15.39.44:680][  0]LogTemp: Display: Loaded TP AndroidTargetPlatform
[2019.01.14-15.39.44:680][  0]LogTemp: Display: Loaded TP AndroidTargetPlatform
[2019.01.14-15.39.44:680][  0]LogTemp: Display: Loaded TP AndroidTargetPlatform
[2019.01.14-15.39.44:680][  0]LogTemp: Display: Loaded TP AndroidTargetPlatform
[2019.01.14-15.39.44:680][  0]LogTemp: Display: Loaded TP AndroidTargetPlatform
[2019.01.14-15.39.44:680][  0]LogTemp: Display: Loaded TP AndroidTargetPlatform
[2019.01.14-15.39.44:680][  0]LogTemp: Display: Loaded TP AndroidTargetPlatform
[2019.01.14-15.39.44:682][  0]LogTemp: Display: Loaded TP HTML5TargetPlatform
[2019.01.14-15.39.44:747][  0]LogTemp: Display: Loaded TP IOSTargetPlatform
[2019.01.14-15.39.44:747][  0]LogTemp: Display: Loaded TP IOSTargetPlatform
[2019.01.14-15.39.44:765][  0]LogTemp: Display: Loaded TP TVOSTargetPlatform
[2019.01.14-15.39.44:765][  0]LogTemp: Display: Loaded TP TVOSTargetPlatform
[2019.01.14-15.39.44:776][  0]LogTemp: Display: Loaded TP LinuxClientTargetPlatform
[2019.01.14-15.39.44:787][  0]LogTemp: Display: Loaded TP LinuxNoEditorTargetPlatform
[2019.01.14-15.39.44:797][  0]LogTemp: Display: Loaded TP LinuxServerTargetPlatform
[2019.01.14-15.39.44:813][  0]LogTemp: Display: Loaded TP LinuxTargetPlatform
[2019.01.14-15.39.44:822][  0]LogTemp: Display: Loaded TP LuminTargetPlatform
[2019.01.14-15.39.44:822][  0]LogTargetPlatformManager: Display: Building Assets For Windows
[2019.01.14-15.39.44:927][  0]LogXGEController: Cleaning working directory: C:/Users/max-c/AppData/Local/Temp/UnrealXGEWorkingDir/
[2019.01.14-15.39.44:927][  0]LogXGEController: Cannot use XGE Controller as Incredibuild is not installed on this machine.
[2019.01.14-15.39.44:927][  0]LogShaderCompilers: Cannot use XGE Shader Compiler as Incredibuild is not installed on this machine.
[2019.01.14-15.39.44:927][  0]LogShaderCompilers: Display: Using Local Shader Compiler.
[2019.01.14-15.39.46:367][  0]LogDerivedDataCache: Display: Max Cache Size: 512 MB
[2019.01.14-15.39.46:487][  0]LogDerivedDataCache: Loaded boot cache 0.12s 71MB C:/Users/max-c/AppData/Local/UnrealEngine/4.20/DerivedDataCache/Boot.ddc.
[2019.01.14-15.39.46:488][  0]LogDerivedDataCache: Display: Loaded Boot cache: C:/Users/max-c/AppData/Local/UnrealEngine/4.20/DerivedDataCache/Boot.ddc
[2019.01.14-15.39.46:488][  0]LogDerivedDataCache: FDerivedDataBackendGraph:  Pak pak cache file ../../../../../../Users/max-c/Documents/GitHub/Violence_Project/Violence_Project/DerivedDataCache/DDC.ddp not found, will not use a pak cache.
[2019.01.14-15.39.46:488][  0]LogDerivedDataCache: Unable to find inner node Pak for hierarchical cache Hierarchy.
[2019.01.14-15.39.46:488][  0]LogDerivedDataCache: FDerivedDataBackendGraph:  CompressedPak pak cache file ../../../../../../Users/max-c/Documents/GitHub/Violence_Project/Violence_Project/DerivedDataCache/Compressed.ddp not found, will not use a pak cache.
[2019.01.14-15.39.46:488][  0]LogDerivedDataCache: Unable to find inner node CompressedPak for hierarchical cache Hierarchy.
[2019.01.14-15.39.46:506][  0]LogDerivedDataCache: Display: Pak cache opened for reading ../../../Engine/DerivedDataCache/Compressed.ddp.
[2019.01.14-15.39.46:518][  0]LogDerivedDataCache: Using Local data cache path C:/Users/max-c/AppData/Local/UnrealEngine/Common/DerivedDataCache: Writable
[2019.01.14-15.39.46:518][  0]LogDerivedDataCache: Shared data cache path not found in *engine.ini, will not use an Shared cache.
[2019.01.14-15.39.46:518][  0]LogDerivedDataCache: Unable to find inner node Shared for hierarchical cache Hierarchy.
[2019.01.14-15.39.46:533][  0]LogMaterial: Verifying Global Shaders for PCD3D_SM5
[2019.01.14-15.39.46:537][  0]LogSlate: Using FreeType 2.6.0
[2019.01.14-15.39.46:550][  0]LogSlate: SlateFontServices - WITH_FREETYPE: 1, WITH_HARFBUZZ: 1
[2019.01.14-15.39.46:742][  0]LogAssetRegistry: FAssetRegistry took 0.0270 seconds to start up
[2019.01.14-15.39.47:027][  0]LogInit: Selected Device Profile: [Windows]
[2019.01.14-15.39.47:272][  0]LogSimplygon: Simplygon DLL not present - disabling.
[2019.01.14-15.39.47:286][  0]LogMeshReduction: Using SimplygonSwarm for distributed automatic mesh merging
[2019.01.14-15.39.47:287][  0]LogMeshReduction: Using ProxyLODMeshReduction for automatic mesh merging
[2019.01.14-15.39.47:287][  0]LogMeshReduction: Using QuadricMeshReduction for automatic static mesh reduction
[2019.01.14-15.39.47:287][  0]LogMeshReduction: No automatic skeletal mesh reduction module available
[2019.01.14-15.39.47:340][  0]LogNetVersion: Violence_Project 1.0.0, NetCL: 4212847, EngineNetVer: 5, GameNetVer: 0 (Checksum: 168441638)
[2019.01.14-15.39.48:317][  0]LogPackageLocalizationCache: Processed 11 localized package path(s) for 2 prioritized culture(s) in 0.092703 seconds
[2019.01.14-15.39.48:322][  0]LogUObjectArray: 38425 objects as part of root set at end of initial load.
[2019.01.14-15.39.48:322][  0]LogUObjectAllocator: 6690872 out of 0 bytes used by permanent object pool.
[2019.01.14-15.39.48:322][  0]LogUObjectArray: CloseDisregardForGC: 0/0 objects in disregard for GC pool
[2019.01.14-15.39.50:843][  0]LogTcpMessaging: Initializing TcpMessaging bridge
[2019.01.14-15.39.50:859][  0]LogUdpMessaging: Initializing bridge on interface 0.0.0.0:0 to multicast group 230.0.0.1:6666.
[2019.01.14-15.39.51:110][  0]SourceControl: Source control is disabled
[2019.01.14-15.39.51:110][  0]SourceControl: Source control is disabled
[2019.01.14-15.39.51:117][  0]SourceControl: Source control is disabled
[2019.01.14-15.39.51:121][  0]SourceControl: Source control is disabled
[2019.01.14-15.39.51:366][  0]LogAndroidPermission: UAndroidPermissionCallbackProxy::GetInstance
[2019.01.14-15.39.51:444][  0]LogOcInput: OculusInput pre-init called
[2019.01.14-15.39.51:531][  0]LogEngine: Initializing Engine...
[2019.01.14-15.39.51:533][  0]LogHMD: Failed to initialize OpenVR with code 110
[2019.01.14-15.39.51:535][  0]LogStats: UGameplayTagsManager::ConstructGameplayTagTree: ImportINI prefixes -  0.000 s
[2019.01.14-15.39.51:535][  0]LogStats: UGameplayTagsManager::ConstructGameplayTagTree: Construct from data asset -  0.000 s
[2019.01.14-15.39.51:535][  0]LogStats: UGameplayTagsManager::ConstructGameplayTagTree: ImportINI -  0.000 s
[2019.01.14-15.39.51:535][  0]LogStats: UGameplayTagsManager::ConstructGameplayTagTree: GameplayTagTreeChangedEvent.Broadcast -  0.000 s
[2019.01.14-15.39.51:816][  0]LogInit: Initializing FReadOnlyCVARCache
[2019.01.14-15.39.51:838][  0]LogAIModule: Creating AISystem for world Untitled
[2019.01.14-15.39.51:866][  0]LogInit: XAudio2 using 'Speakers (2- USB Audio Device)' : 2 channels at 48 kHz using 16 bits per sample (channel mask 0x3)
[2019.01.14-15.39.51:877][  0]LogInit: FAudioDevice initialized.
[2019.01.14-15.39.51:877][  0]LogNetVersion: Set ProjectVersion to 1.0.0.0. Version Checksum will be recalculated on next use.
[2019.01.14-15.39.51:914][  0]LogDerivedDataCache: Saved boot cache 0.04s 71MB C:/Users/max-c/AppData/Local/UnrealEngine/4.20/DerivedDataCache/Boot.ddc.
[2019.01.14-15.39.51:925][  0]LogInit: Texture streaming: Enabled
[2019.01.14-15.39.51:944][  0]LogEngineSessionManager: EngineSessionManager initialized
[2019.01.14-15.39.51:961][  0]LogInit: Transaction tracking system initialized
[2019.01.14-15.39.52:007][  0]BlueprintLog: New page: Editor Load
[2019.01.14-15.39.52:157][  0]LocalizationService: Localization service is disabled
[2019.01.14-15.39.52:638][  0]LogCook: Display: Max memory allowance for cook 16384mb min free memory 0mb
[2019.01.14-15.39.52:638][  0]LogCook: Display: Mobile HDR setting 1
[2019.01.14-15.39.52:638][  0]LogGameplayTags: Display: UGameplayTagsManager::DoneAddingNativeTags. DelegateIsBound: 0
[2019.01.14-15.39.52:638][  0]LogStats: UGameplayTagsManager::ConstructGameplayTagTree: ImportINI prefixes -  0.000 s
[2019.01.14-15.39.52:638][  0]LogStats: UGameplayTagsManager::ConstructGameplayTagTree: Construct from data asset -  0.000 s
[2019.01.14-15.39.52:639][  0]LogStats: UGameplayTagsManager::ConstructGameplayTagTree: ImportINI -  0.000 s
[2019.01.14-15.39.52:639][  0]LogStats: UGameplayTagsManager::ConstructGameplayTagTree: GameplayTagTreeChangedEvent.Broadcast -  0.000 s
[2019.01.14-15.39.52:874][  0]LogFileCache: Scanning file cache for directory 'C:/Users/max-c/Documents/GitHub/Violence_Project/Violence_Project/Content/' took 0.02s
[2019.01.14-15.39.52:874][  0]SourceControl: Source control is disabled
[2019.01.14-15.39.52:875][  0]Cmd: MAP LOAD FILE="../../../../../../Users/max-c/Documents/GitHub/Violence_Project/Violence_Project/Content/ThirdPersonBP/Maps/ThirdPersonExampleMap.umap" TEMPLATE=0 SHOWPROGRESS=1 FEATURELEVEL=3
[2019.01.14-15.39.52:875][  0]LightingResults: New page: Lighting Build
[2019.01.14-15.39.52:882][  0]MapCheck: New page: Map Check
[2019.01.14-15.39.52:882][  0]LightingResults: New page: Lighting Build
[2019.01.14-15.39.53:688][  0]LogAIModule: Creating AISystem for world ThirdPersonExampleMap
[2019.01.14-15.39.53:711][  0]LogEditorServer: Finished looking for orphan Actors (0.000 secs)
[2019.01.14-15.39.53:736][  0]Cmd: MAP CHECKDEP NOCLEARLOG
[2019.01.14-15.39.53:800][  0]MapCheck: Map check complete: 0 Error(s), 0 Warning(s), took 64.176ms to complete.
[2019.01.14-15.39.53:800][  0]LogFileHelpers: Loading map 'ThirdPersonExampleMap' took 0.926
[2019.01.14-15.39.54:792][  0]LogSlate: Only BGRA pngs, bmps or icos are supported in by External Image Picker
[2019.01.14-15.39.54:852][  0]LogTemp: Executing iPhonePackager certificates Engine -bundlename com.YourCompany.ViolenceProject
[2019.01.14-15.39.54:852][  0]LogTemp: CWD: C:\Program Files\Epic Games\UE_4.20\Engine\Binaries\DotNET\IOS
[2019.01.14-15.39.54:852][  0]LogTemp: Initial Dir: C:\Program Files\Epic Games\UE_4.20
[2019.01.14-15.39.54:852][  0]LogTemp: Env CWD: C:\Program Files\Epic Games\UE_4.20\Engine\Binaries\DotNET\IOS
[2019.01.14-15.39.54:852][  0]LogTemp: BranchPath = WINDOWS-SA1OMO4/C/Program Files/Epic Games/UE_4.20/Engine/Binaries --- GameBranchPath = WINDOWS-SA1OMO4/C/Program Files/Epic Games/UE_4.20/Engine/Binaries
[2019.01.14-15.39.54:852][  0]LogTemp: IPP ERROR: Could not find provision directory 'C:\Users\max-c\AppData\Local/Apple Computer/MobileDevice/Provisioning Profiles/'.
[2019.01.14-15.39.54:852][  0]LogSlate: Updating window title bar state: overlay mode, drag disabled, window buttons hidden, title bar hidden
[2019.01.14-15.39.54:870][  0]LogSlate: Updating window title bar state: overlay mode, drag disabled, window buttons hidden, title bar hidden
[2019.01.14-15.39.54:875][  0]LogSlate: Updating window title bar state: overlay mode, drag disabled, window buttons hidden, title bar hidden
[2019.01.14-15.39.54:881][  0]LogSlate: Updating window title bar state: overlay mode, drag disabled, window buttons hidden, title bar hidden
[2019.01.14-15.39.54:895][  0]LogCollectionManager: Loaded 0 collections in 0.001616 seconds
[2019.01.14-15.39.54:959][  0]LogFileCache: Scanning file cache for directory 'C:/Users/max-c/Documents/GitHub/Violence_Project/Violence_Project/Saved/Collections/' took 0.01s
[2019.01.14-15.39.54:959][  0]LogFileCache: Scanning file cache for directory 'C:/Users/max-c/Documents/GitHub/Violence_Project/Violence_Project/Content/Developers/maxc/Collections/' took 0.01s
[2019.01.14-15.39.54:959][  0]LogFileCache: Scanning file cache for directory 'C:/Users/max-c/Documents/GitHub/Violence_Project/Violence_Project/Content/Collections/' took 0.01s
[2019.01.14-15.39.54:959][  0]LogCollectionManager: Rebuilt the GUID cache for 0 collections in 0.000000 seconds
[2019.01.14-15.39.54:971][  0]LogContentBrowser: Native class hierarchy populated in 0.0102 seconds. Added 2575 classes and 606 folders.
[2019.01.14-15.39.54:981][  0]LogContentBrowser: Native class hierarchy updated for 'WidgetCarousel' in 0.0003 seconds. Added 0 classes and 0 folders.
[2019.01.14-15.39.55:256][  0]LogContentBrowser: Native class hierarchy updated for 'AddContentDialog' in 0.0004 seconds. Added 0 classes and 0 folders.
[2019.01.14-15.39.55:266][  0]LogContentBrowser: Native class hierarchy updated for 'SceneOutliner' in 0.0004 seconds. Added 1 classes and 2 folders.
[2019.01.14-15.39.55:298][  0]LogSlate: Took 0.004578 seconds to synchronously load lazily loaded font '../../../Engine/Content/Slate/Fonts/Roboto-Regular.ttf' (155K)
[2019.01.14-15.39.55:305][  0]LogSlate: Took 0.004170 seconds to synchronously load lazily loaded font '../../../Engine/Content/Slate/Fonts/Roboto-Bold.ttf' (160K)
[2019.01.14-15.39.55:312][  0]LogSlate: Took 0.003648 seconds to synchronously load lazily loaded font '../../../Engine/Content/Editor/Slate/Fonts/FontAwesome.ttf' (139K)
[2019.01.14-15.39.55:416][  0]LogRenderer: Reallocating scene render targets to support 1616x808 Format 10 NumSamples 1 (Frame:1).
[2019.01.14-15.39.55:537][  0]LogContentBrowser: Native class hierarchy updated for 'HierarchicalLODOutliner' in 0.0003 seconds. Added 0 classes and 0 folders.
[2019.01.14-15.39.55:537][  0]LogLoad: (Engine Initialization) Total time: 17.99 seconds
[2019.01.14-15.39.55:537][  0]LogLoad: (Engine Initialization) Total Blueprint compile time: 0.00 seconds
[2019.01.14-15.39.55:547][  0]LogWindowsTextInputMethodSystem: Display: IME system now deactivated.
[2019.01.14-15.39.55:570][  0]LogAssetRegistry: Asset discovery search completed in 8.8498 seconds
[2019.01.14-15.39.55:571][  0]LogCollectionManager: Rebuilt the object cache for 0 collections in 0.000000 seconds (found 0 objects)
[2019.01.14-15.39.55:571][  0]LogCollectionManager: Fixed up redirectors for 0 collections in 0.000031 seconds (updated 0 objects)
[2019.01.14-15.39.55:574][  0]LogContentStreaming: Texture pool size now 1000 MB
[2019.01.14-15.40.06:208][156]LogSlate: FSceneViewport::OnFocusLost() reason 0
[2019.01.14-15.40.33:328][608]LogTemp: Repeating last play command: Selected Viewport
[2019.01.14-15.40.33:341][608]LogBlueprintUserMessages: Early PlayInEditor Detection: Level '/Game/ThirdPersonBP/Maps/ThirdPersonExampleMap.ThirdPersonExampleMap:PersistentLevel' has LevelScriptBlueprint '/Game/ThirdPersonBP/Maps/ThirdPersonExampleMap.ThirdPersonExampleMap:PersistentLevel.ThirdPersonExampleMap' with GeneratedClass '/Game/ThirdPersonBP/Maps/ThirdPersonExampleMap.ThirdPersonExampleMap_C' with ClassGeneratedBy '/Game/ThirdPersonBP/Maps/ThirdPersonExampleMap.ThirdPersonExampleMap:PersistentLevel.ThirdPersonExampleMap'
[2019.01.14-15.40.33:341][608]LogPlayLevel: PlayLevel: No blueprints needed recompiling
[2019.01.14-15.40.33:355][608]PIE: New page: PIE session: ThirdPersonExampleMap (14 Jan 2019 15:40:33)
[2019.01.14-15.40.33:355][608]LogPlayLevel: Creating play world package: /Game/ThirdPersonBP/Maps/UEDPIE_0_ThirdPersonExampleMap
[2019.01.14-15.40.33:370][608]LogPlayLevel: PIE: StaticDuplicateObject took: (0.014613s)
[2019.01.14-15.40.33:370][608]LogAIModule: Creating AISystem for world ThirdPersonExampleMap
[2019.01.14-15.40.33:370][608]LogPlayLevel: PIE: World Init took: (0.000510s)
[2019.01.14-15.40.33:370][608]LogPlayLevel: PIE: Created PIE world by copying editor world from /Game/ThirdPersonBP/Maps/ThirdPersonExampleMap.ThirdPersonExampleMap to /Game/ThirdPersonBP/Maps/UEDPIE_0_ThirdPersonExampleMap.ThirdPersonExampleMap (0.015233s)
[2019.01.14-15.40.33:407][608]LogInit: XAudio2 using 'Speakers (2- USB Audio Device)' : 2 channels at 48 kHz using 16 bits per sample (channel mask 0x3)
[2019.01.14-15.40.33:414][608]LogInit: FAudioDevice initialized.
[2019.01.14-15.40.33:463][608]LogLoad: Game class is 'ThirdPersonGameMode_C'
[2019.01.14-15.40.33:465][608]LogWorld: Bringing World /Game/ThirdPersonBP/Maps/UEDPIE_0_ThirdPersonExampleMap.ThirdPersonExampleMap up for play (max tick rate 0) at 2019.01.14-15.40.33
[2019.01.14-15.40.33:465][608]LogWorld: Bringing up level for play took: 0.001320
[2019.01.14-15.40.33:484][608]LogContentBrowser: Native class hierarchy updated for 'MovieSceneCapture' in 0.0004 seconds. Added 10 classes and 0 folders.
[2019.01.14-15.40.33:487][608]PIE: Play in editor start time for /Game/ThirdPersonBP/Maps/UEDPIE_0_ThirdPersonExampleMap -0.64
[2019.01.14-15.40.33:487][608]LogBlueprintUserMessages: Late PlayInEditor Detection: Level '/Game/ThirdPersonBP/Maps/ThirdPersonExampleMap.ThirdPersonExampleMap:PersistentLevel' has LevelScriptBlueprint '/Game/ThirdPersonBP/Maps/ThirdPersonExampleMap.ThirdPersonExampleMap:PersistentLevel.ThirdPersonExampleMap' with GeneratedClass '/Game/ThirdPersonBP/Maps/ThirdPersonExampleMap.ThirdPersonExampleMap_C' with ClassGeneratedBy '/Game/ThirdPersonBP/Maps/ThirdPersonExampleMap.ThirdPersonExampleMap:PersistentLevel.ThirdPersonExampleMap'
[2019.01.14-15.40.42:013][ 76]LogSlate: FSceneViewport::OnFocusLost() reason 0
[2019.01.14-15.40.55:307][794]LogSlate: Took 0.004982 seconds to synchronously load lazily loaded font '../../../Engine/Content/Slate/Fonts/Roboto-Italic.ttf' (157K)
[2019.01.14-15.42.25:004][766]LogEditor: Attempting to add actor of class 'Weapon' to level at -730.00,480.00,130.00
[2019.01.14-15.42.28:328][975]LogSlate: FSceneViewport::OnFocusLost() reason 0
[2019.01.14-15.42.28:329][975]LogBlueprintUserMessages: Early EndPlayMap Detection: Level '/Game/ThirdPersonBP/Maps/ThirdPersonExampleMap.ThirdPersonExampleMap:PersistentLevel' has LevelScriptBlueprint '/Game/ThirdPersonBP/Maps/ThirdPersonExampleMap.ThirdPersonExampleMap:PersistentLevel.ThirdPersonExampleMap' with GeneratedClass '/Game/ThirdPersonBP/Maps/ThirdPersonExampleMap.ThirdPersonExampleMap_C' with ClassGeneratedBy '/Game/ThirdPersonBP/Maps/ThirdPersonExampleMap.ThirdPersonExampleMap:PersistentLevel.ThirdPersonExampleMap'
[2019.01.14-15.42.28:329][975]LogSlate: Updating window title bar state: overlay mode, drag disabled, window buttons hidden, title bar hidden
[2019.01.14-15.42.28:356][975]LogPlayLevel: Display: Shutting down PIE online subsystems
[2019.01.14-15.42.28:356][975]LogBlueprintUserMessages: Late EndPlayMap Detection: Level '/Game/ThirdPersonBP/Maps/ThirdPersonExampleMap.ThirdPersonExampleMap:PersistentLevel' has LevelScriptBlueprint '/Game/ThirdPersonBP/Maps/ThirdPersonExampleMap.ThirdPersonExampleMap:PersistentLevel.ThirdPersonExampleMap' with GeneratedClass '/Game/ThirdPersonBP/Maps/ThirdPersonExampleMap.ThirdPersonExampleMap_C' with ClassGeneratedBy '/Game/ThirdPersonBP/Maps/ThirdPersonExampleMap.ThirdPersonExampleMap:PersistentLevel.ThirdPersonExampleMap'
[2019.01.14-15.42.28:378][975]LogSlate: Updating window title bar state: overlay mode, drag disabled, window buttons hidden, title bar hidden
[2019.01.14-15.42.28:482][979]LogPlayLevel: Display: Destroying online subsystem :Context_2
[2019.01.14-15.42.37:799][647]LogSlate: FSceneViewport::OnFocusLost() reason 0
[2019.01.14-15.42.37:905][655]LogTemp: Repeating last play command: Selected Viewport
[2019.01.14-15.42.37:921][655]LogBlueprintUserMessages: Early PlayInEditor Detection: Level '/Game/ThirdPersonBP/Maps/ThirdPersonExampleMap.ThirdPersonExampleMap:PersistentLevel' has LevelScriptBlueprint '/Game/ThirdPersonBP/Maps/ThirdPersonExampleMap.ThirdPersonExampleMap:PersistentLevel.ThirdPersonExampleMap' with GeneratedClass '/Game/ThirdPersonBP/Maps/ThirdPersonExampleMap.ThirdPersonExampleMap_C' with ClassGeneratedBy '/Game/ThirdPersonBP/Maps/ThirdPersonExampleMap.ThirdPersonExampleMap:PersistentLevel.ThirdPersonExampleMap'
[2019.01.14-15.42.37:922][655]LogPlayLevel: PlayLevel: No blueprints needed recompiling
[2019.01.14-15.42.37:922][655]PIE: New page: PIE session: ThirdPersonExampleMap (14 Jan 2019 15:42:37)
[2019.01.14-15.42.37:922][655]LogPlayLevel: Creating play world package: /Game/ThirdPersonBP/Maps/UEDPIE_0_ThirdPersonExampleMap
[2019.01.14-15.42.37:930][655]LogPlayLevel: PIE: StaticDuplicateObject took: (0.007736s)
[2019.01.14-15.42.37:930][655]LogAIModule: Creating AISystem for world ThirdPersonExampleMap
[2019.01.14-15.42.37:930][655]LogPlayLevel: PIE: World Init took: (0.000554s)
[2019.01.14-15.42.37:930][655]LogPlayLevel: PIE: Created PIE world by copying editor world from /Game/ThirdPersonBP/Maps/ThirdPersonExampleMap.ThirdPersonExampleMap to /Game/ThirdPersonBP/Maps/UEDPIE_0_ThirdPersonExampleMap.ThirdPersonExampleMap (0.008394s)
[2019.01.14-15.42.37:991][655]LogInit: XAudio2 using 'Speakers (2- USB Audio Device)' : 2 channels at 48 kHz using 16 bits per sample (channel mask 0x3)
[2019.01.14-15.42.37:997][655]LogInit: FAudioDevice initialized.
[2019.01.14-15.42.38:030][655]LogLoad: Game class is 'ThirdPersonGameMode_C'
[2019.01.14-15.42.38:032][655]LogWorld: Bringing World /Game/ThirdPersonBP/Maps/UEDPIE_0_ThirdPersonExampleMap.ThirdPersonExampleMap up for play (max tick rate 0) at 2019.01.14-15.42.38
[2019.01.14-15.42.38:032][655]LogWorld: Bringing up level for play took: 0.001000
[2019.01.14-15.42.38:045][655]PIE: Play in editor start time for /Game/ThirdPersonBP/Maps/UEDPIE_0_ThirdPersonExampleMap -0.082
[2019.01.14-15.42.38:045][655]LogBlueprintUserMessages: Late PlayInEditor Detection: Level '/Game/ThirdPersonBP/Maps/ThirdPersonExampleMap.ThirdPersonExampleMap:PersistentLevel' has LevelScriptBlueprint '/Game/ThirdPersonBP/Maps/ThirdPersonExampleMap.ThirdPersonExampleMap:PersistentLevel.ThirdPersonExampleMap' with GeneratedClass '/Game/ThirdPersonBP/Maps/ThirdPersonExampleMap.ThirdPersonExampleMap_C' with ClassGeneratedBy '/Game/ThirdPersonBP/Maps/ThirdPersonExampleMap.ThirdPersonExampleMap:PersistentLevel.ThirdPersonExampleMap'
[2019.01.14-15.43.25:258][889]LogBlueprintUserMessages: Early EndPlayMap Detection: Level '/Game/ThirdPersonBP/Maps/ThirdPersonExampleMap.ThirdPersonExampleMap:PersistentLevel' has LevelScriptBlueprint '/Game/ThirdPersonBP/Maps/ThirdPersonExampleMap.ThirdPersonExampleMap:PersistentLevel.ThirdPersonExampleMap' with GeneratedClass '/Game/ThirdPersonBP/Maps/ThirdPersonExampleMap.ThirdPersonExampleMap_C' with ClassGeneratedBy '/Game/ThirdPersonBP/Maps/ThirdPersonExampleMap.ThirdPersonExampleMap:PersistentLevel.ThirdPersonExampleMap'
[2019.01.14-15.43.25:284][889]LogSlate: Updating window title bar state: overlay mode, drag disabled, window buttons hidden, title bar hidden
[2019.01.14-15.43.25:317][889]LogPlayLevel: Display: Shutting down PIE online subsystems
[2019.01.14-15.43.25:318][889]LogBlueprintUserMessages: Late EndPlayMap Detection: Level '/Game/ThirdPersonBP/Maps/ThirdPersonExampleMap.ThirdPersonExampleMap:PersistentLevel' has LevelScriptBlueprint '/Game/ThirdPersonBP/Maps/ThirdPersonExampleMap.ThirdPersonExampleMap:PersistentLevel.ThirdPersonExampleMap' with GeneratedClass '/Game/ThirdPersonBP/Maps/ThirdPersonExampleMap.ThirdPersonExampleMap_C' with ClassGeneratedBy '/Game/ThirdPersonBP/Maps/ThirdPersonExampleMap.ThirdPersonExampleMap:PersistentLevel.ThirdPersonExampleMap'
[2019.01.14-15.43.25:341][889]LogSlate: Updating window title bar state: overlay mode, drag disabled, window buttons hidden, title bar hidden
[2019.01.14-15.43.25:360][890]LogPlayLevel: Display: Destroying online subsystem :Context_4
[2019.01.14-15.43.54:735][266]LogSlate: FSceneViewport::OnFocusLost() reason 0
[2019.01.14-15.50.07:977][497]LogSlate: Took 0.018159 seconds to synchronously load lazily loaded font '../../../Engine/Content/Slate/Fonts/Roboto-Light.ttf' (167K)
[2019.01.14-15.50.07:983][497]LogAssetEditorManager: Opening Asset editor for Blueprint /Game/ThirdPersonBP/Blueprints/ThirdPersonCharacter.ThirdPersonCharacter
[2019.01.14-15.50.08:511][497]LogContentBrowser: Native class hierarchy updated for 'BlueprintGraph' in 0.0007 seconds. Added 116 classes and 0 folders.
[2019.01.14-15.50.09:123][497]LogSlate: Took 0.003310 seconds to synchronously load lazily loaded font '../../../Engine/Content/Slate/Fonts/Roboto-BoldCondensed.ttf' (158K)
[2019.01.14-15.51.28:853][134]LogAssetEditorManager: Opening Asset editor for Class /Script/Violence_Project.Weapon
[2019.01.14-15.55.31:409][ 26]LogMetaData: Removing '/Game/ThirdPersonBP/Blueprints/Weapon_Base.Weapon_Base_C' ref from Metadata '/Game/ThirdPersonBP/Blueprints/Weapons/AK47/Weapon_Base.PackageMetaData'
[2019.01.14-15.55.31:409][ 26]LogMetaData: Removing '/Game/ThirdPersonBP/Blueprints/Weapon_Base.Weapon_Base:UserConstructionScript.K2Node_FunctionEntry_0' ref from Metadata '/Game/ThirdPersonBP/Blueprints/Weapons/AK47/Weapon_Base.PackageMetaData'
[2019.01.14-15.55.31:409][ 26]LogMetaData: Removing '/Game/ThirdPersonBP/Blueprints/Weapon_Base.Weapon_Base:EventGraph.K2Node_Event_0' ref from Metadata '/Game/ThirdPersonBP/Blueprints/Weapons/AK47/Weapon_Base.PackageMetaData'
[2019.01.14-15.55.31:409][ 26]LogMetaData: Removing '/Game/ThirdPersonBP/Blueprints/Weapon_Base.Weapon_Base:EventGraph.K2Node_Event_1' ref from Metadata '/Game/ThirdPersonBP/Blueprints/Weapons/AK47/Weapon_Base.PackageMetaData'
[2019.01.14-15.55.31:409][ 26]LogMetaData: Removing '/Game/ThirdPersonBP/Blueprints/Weapon_Base.Weapon_Base:EventGraph.K2Node_Event_2' ref from Metadata '/Game/ThirdPersonBP/Blueprints/Weapons/AK47/Weapon_Base.PackageMetaData'
[2019.01.14-15.55.31:409][ 26]LogMetaData: Removing '/Game/ThirdPersonBP/Blueprints/Weapon_Base.SKEL_Weapon_Base_C:ReceiveBeginPlay' ref from Metadata '/Game/ThirdPersonBP/Blueprints/Weapons/AK47/Weapon_Base.PackageMetaData'
[2019.01.14-15.55.31:409][ 26]LogMetaData: Removing '/Game/ThirdPersonBP/Blueprints/Weapon_Base.SKEL_Weapon_Base_C:ReceiveActorBeginOverlap' ref from Metadata '/Game/ThirdPersonBP/Blueprints/Weapons/AK47/Weapon_Base.PackageMetaData'
[2019.01.14-15.55.31:409][ 26]LogMetaData: Removing '/Game/ThirdPersonBP/Blueprints/Weapon_Base.SKEL_Weapon_Base_C:ReceiveTick' ref from Metadata '/Game/ThirdPersonBP/Blueprints/Weapons/AK47/Weapon_Base.PackageMetaData'
[2019.01.14-15.55.31:409][ 26]LogMetaData: Removing '/Game/ThirdPersonBP/Blueprints/Weapon_Base.SKEL_Weapon_Base_C:SkeletalMesh' ref from Metadata '/Game/ThirdPersonBP/Blueprints/Weapons/AK47/Weapon_Base.PackageMetaData'
[2019.01.14-15.55.31:409][ 26]LogMetaData: Removing '/Game/ThirdPersonBP/Blueprints/Weapon_Base.SKEL_Weapon_Base_C:UserConstructionScript' ref from Metadata '/Game/ThirdPersonBP/Blueprints/Weapons/AK47/Weapon_Base.PackageMetaData'
[2019.01.14-15.55.31:409][ 26]LogMetaData: Removing '/Game/ThirdPersonBP/Blueprints/Weapon_Base.SKEL_Weapon_Base_C' ref from Metadata '/Game/ThirdPersonBP/Blueprints/Weapons/AK47/Weapon_Base.PackageMetaData'
[2019.01.14-15.55.31:409][ 26]LogMetaData: Removing '/Game/ThirdPersonBP/Blueprints/Weapon_Base.Weapon_Base_C:SkeletalMesh' ref from Metadata '/Game/ThirdPersonBP/Blueprints/Weapons/AK47/Weapon_Base.PackageMetaData'
[2019.01.14-15.55.31:409][ 26]LogMetaData: Removing '/Game/ThirdPersonBP/Blueprints/Weapon_Base.Weapon_Base_C:UserConstructionScript' ref from Metadata '/Game/ThirdPersonBP/Blueprints/Weapons/AK47/Weapon_Base.PackageMetaData'
[2019.01.14-15.55.31:469][ 26]LogSavePackage: Moving '../../../../../../Users/max-c/Documents/GitHub/Violence_Project/Violence_Project/Saved/Weapon_BaseE965163F4189B1D95807F28CF8FDE8A2.tmp' to '../../../../../../Users/max-c/Documents/GitHub/Violence_Project/Violence_Project/Content/ThirdPersonBP/Blueprints/Weapon_Base.uasset'
[2019.01.14-15.55.31:725][ 26]LogSavePackage: Moving '../../../../../../Users/max-c/Documents/GitHub/Violence_Project/Violence_Project/Saved/ThirdPersonCharacter3D53D8C940D69F1508D5899421C1498A.tmp' to '../../../../../../Users/max-c/Documents/GitHub/Violence_Project/Violence_Project/Content/ThirdPersonBP/Blueprints/ThirdPersonCharacter.uasset'
[2019.01.14-16.20.50:532][669]LogHotReload: New module detected: UE4Editor-Violence_Project-6106.dll
[2019.01.14-16.20.51:215][672]LogHotReload: Starting Hot-Reload from IDE
[2019.01.14-16.20.51:271][672]LogContentBrowser: Native class hierarchy updated for 'Violence_Project' in 0.0004 seconds. Added 3 classes and 3 folders.
[2019.01.14-16.20.51:273][672]Display: HotReload successful (0 functions remapped  0 scriptstructs remapped)
[2019.01.14-16.20.51:633][672]LogContentBrowser: Native class hierarchy populated in 0.0068 seconds. Added 2576 classes and 608 folders.
[2019.01.14-16.20.51:648][672]Display: HotReload took  0.4s.
[2019.01.14-16.22.02:053][258]LogSlate: FSceneViewport::OnFocusLost() reason 0
[2019.01.14-16.22.02:228][269]LogAssetEditorManager: Opening Asset editor for Blueprint /Game/ThirdPersonBP/Blueprints/Weapon_Base.Weapon_Base
[2019.01.14-16.22.07:855][571]LogSlate: Window 'Weapon_Base' being destroyed
[2019.01.14-16.22.07:859][571]LogSlate: Window 'Weapon_Base' being destroyed
[2019.01.14-16.22.07:922][571]LogActorComponent: UnregisterComponent: (/Engine/Transient.EditorFloorComp) Not registered. Aborting.
[2019.01.14-16.22.09:168][651]LogAssetEditorManager: Opening Asset editor for Blueprint /Game/ThirdPersonBP/Blueprints/ThirdPersonCharacter.ThirdPersonCharacter
[2019.01.14-16.22.56:182][ 15]LogSlate: FSceneViewport::OnFocusLost() reason 0
[2019.01.14-16.23.48:964][116]LogEditorTransaction: Undo Delete current selection
[2019.01.14-16.24.30:569][193]LogEditorTransaction: Undo Move Node
[2019.01.14-16.24.31:832][241]LogEditorTransaction: Undo Delete current selection
[2019.01.14-16.26.13:920][203]LogEditorTransaction: Undo Delete current selection
[2019.01.14-16.26.14:238][214]LogEditorTransaction: Undo Create Pin Link
[2019.01.14-16.26.14:587][222]LogEditorTransaction: Undo Create Pin Link
[2019.01.14-16.26.14:927][236]LogEditorTransaction: Undo Move Node
[2019.01.14-16.26.15:287][251]LogEditorTransaction: Undo Create Pin Link
[2019.01.14-16.26.15:626][262]LogEditorTransaction: Undo Add Node
[2019.01.14-16.26.16:030][275]LogEditorTransaction: Undo Delete current selection
[2019.01.14-16.27.31:329][129]LogEditorTransaction: Undo Move Node
[2019.01.14-16.27.31:561][140]LogEditorTransaction: Undo Move Node
[2019.01.14-16.27.31:773][144]LogEditorTransaction: Undo Move Node
[2019.01.14-16.27.31:980][152]LogEditorTransaction: Undo Move Node
[2019.01.14-16.27.32:205][161]LogEditorTransaction: Undo Create Pin Link
[2019.01.14-16.27.32:394][167]LogEditorTransaction: Undo Move Node
[2019.01.14-16.27.32:599][175]LogEditorTransaction: Undo Delete current selection
[2019.01.14-16.27.32:823][180]LogEditorTransaction: Undo Move Node
[2019.01.14-16.27.33:032][188]LogEditorTransaction: Undo Move Node
[2019.01.14-16.27.33:593][211]LogEditorTransaction: Undo Add Node
[2019.01.14-16.27.34:123][231]LogEditorTransaction: Undo Move Node
[2019.01.14-16.27.34:910][258]LogEditorTransaction: Undo Add Node
[2019.01.14-16.28.01:708][424]LogSavePackage: Moving '../../../../../../Users/max-c/Documents/GitHub/Violence_Project/Violence_Project/Saved/ThirdPersonExampleMap_Auto1B824F52C448118E59975968D3F04C412.tmp' to '../../../../../../Users/max-c/Documents/GitHub/Violence_Project/Violence_Project/Saved/Autosaves/Game/ThirdPersonBP/Maps/ThirdPersonExampleMap_Auto1.umap'
[2019.01.14-16.28.01:713][424]LogFileHelpers: Editor autosave (incl. sublevels) for '/Game/ThirdPersonBP/Maps/ThirdPersonExampleMap' took 0.228
[2019.01.14-16.28.01:713][424]LogFileHelpers: Editor autosave (incl. sublevels) for all levels took 0.228
[2019.01.14-16.28.01:715][424]OBJ SavePackage: Generating thumbnails for [1] asset(s) in package [/Game/ThirdPersonBP/Blueprints/ThirdPersonCharacter] ([1] browsable assets)...
[2019.01.14-16.28.01:732][424]OBJ SavePackage:     Rendered thumbnail for [Blueprint /Game/ThirdPersonBP/Blueprints/ThirdPersonCharacter.ThirdPersonCharacter]
[2019.01.14-16.28.01:733][424]OBJ SavePackage: Finished generating thumbnails for package [/Game/ThirdPersonBP/Blueprints/ThirdPersonCharacter]
[2019.01.14-16.28.01:803][424]LogSavePackage: Moving '../../../../../../Users/max-c/Documents/GitHub/Violence_Project/Violence_Project/Saved/ThirdPersonCharacter_Auto1B8FB485A420C55CAB88DE38806B09B57.tmp' to '../../../../../../Users/max-c/Documents/GitHub/Violence_Project/Violence_Project/Saved/Autosaves/Game/ThirdPersonBP/Blueprints/ThirdPersonCharacter_Auto1.uasset'
[2019.01.14-16.28.01:804][424]LogFileHelpers: Auto-saving content packages took 0.090
[2019.01.14-16.41.58:548][924]LogHotReload: New module detected: UE4Editor-Violence_Project-6060.dll
[2019.01.14-16.41.59:232][927]LogHotReload: Starting Hot-Reload from IDE
[2019.01.14-16.41.59:303][927]LogUObjectGlobals: Warning: Failed to find object 'Weapon /Game/ThirdPersonBP/Blueprints/Weapon_Base.Weapon_Base'
[2019.01.14-16.41.59:303][927]Error: CDO Constructor (PlayerCharacter): Failed to find Blueprint'/Game/ThirdPersonBP/Blueprints/Weapon_Base.Weapon_Base'

[2019.01.14-16.41.59:305][927]LogContentBrowser: Native class hierarchy updated for 'Violence_Project' in 0.0004 seconds. Added 3 classes and 3 folders.
[2019.01.14-16.41.59:306][927]Warning: Some classes could not be reloaded:
Error: CDO Constructor (PlayerCharacter): Failed to find Blueprint'/Game/ThirdPersonBP/Blueprints/Weapon_Base.Weapon_Base'


[2019.01.14-16.41.59:308][927]Display: HotReload successful (0 functions remapped  0 scriptstructs remapped)
[2019.01.14-16.41.59:540][927]LogContentBrowser: Native class hierarchy populated in 0.0068 seconds. Added 2576 classes and 608 folders.
[2019.01.14-16.41.59:553][927]Display: HotReload took  0.3s.
[2019.01.14-16.42.03:681][ 18]LogTemp: Repeating last play command: Selected Viewport
[2019.01.14-16.42.03:697][ 18]LogBlueprintUserMessages: Early PlayInEditor Detection: Level '/Game/ThirdPersonBP/Maps/ThirdPersonExampleMap.ThirdPersonExampleMap:PersistentLevel' has LevelScriptBlueprint '/Game/ThirdPersonBP/Maps/ThirdPersonExampleMap.ThirdPersonExampleMap:PersistentLevel.ThirdPersonExampleMap' with GeneratedClass '/Game/ThirdPersonBP/Maps/ThirdPersonExampleMap.ThirdPersonExampleMap_C' with ClassGeneratedBy '/Game/ThirdPersonBP/Maps/ThirdPersonExampleMap.ThirdPersonExampleMap:PersistentLevel.ThirdPersonExampleMap'
[2019.01.14-16.42.03:697][ 18]BlueprintLog: New page: Pre-Play auto-recompile
[2019.01.14-16.42.03:725][ 18]LogPlayLevel: [PlayLevel] Compiling ThirdPersonCharacter before play...
[2019.01.14-16.42.03:903][ 18]LogPlayLevel: PlayLevel: Blueprint regeneration took 206 ms (1 blueprints)
[2019.01.14-16.42.03:903][ 18]PIE: New page: PIE session: ThirdPersonExampleMap (14 Jan 2019 16:42:03)
[2019.01.14-16.42.03:903][ 18]LogPlayLevel: Creating play world package: /Game/ThirdPersonBP/Maps/UEDPIE_0_ThirdPersonExampleMap
[2019.01.14-16.42.03:911][ 18]LogPlayLevel: PIE: StaticDuplicateObject took: (0.007643s)
[2019.01.14-16.42.03:912][ 18]LogAIModule: Creating AISystem for world ThirdPersonExampleMap
[2019.01.14-16.42.03:912][ 18]LogPlayLevel: PIE: World Init took: (0.000619s)
[2019.01.14-16.42.03:912][ 18]LogPlayLevel: PIE: Created PIE world by copying editor world from /Game/ThirdPersonBP/Maps/ThirdPersonExampleMap.ThirdPersonExampleMap to /Game/ThirdPersonBP/Maps/UEDPIE_0_ThirdPersonExampleMap.ThirdPersonExampleMap (0.008362s)
[2019.01.14-16.42.03:953][ 18]LogInit: XAudio2 using 'Speakers (2- USB Audio Device)' : 2 channels at 48 kHz using 16 bits per sample (channel mask 0x3)
[2019.01.14-16.42.03:960][ 18]LogInit: FAudioDevice initialized.
[2019.01.14-16.42.03:998][ 18]LogLoad: Game class is 'ThirdPersonGameMode_C'
[2019.01.14-16.42.04:005][ 18]LogWorld: Bringing World /Game/ThirdPersonBP/Maps/UEDPIE_0_ThirdPersonExampleMap.ThirdPersonExampleMap up for play (max tick rate 0) at 2019.01.14-16.42.04
[2019.01.14-16.42.04:006][ 18]LogWorld: Bringing up level for play took: 0.005155
[2019.01.14-16.42.04:025][ 18]PIE: Play in editor start time for /Game/ThirdPersonBP/Maps/UEDPIE_0_ThirdPersonExampleMap -0.103
[2019.01.14-16.42.04:025][ 18]LogBlueprintUserMessages: Late PlayInEditor Detection: Level '/Game/ThirdPersonBP/Maps/ThirdPersonExampleMap.ThirdPersonExampleMap:PersistentLevel' has LevelScriptBlueprint '/Game/ThirdPersonBP/Maps/ThirdPersonExampleMap.ThirdPersonExampleMap:PersistentLevel.ThirdPersonExampleMap' with GeneratedClass '/Game/ThirdPersonBP/Maps/ThirdPersonExampleMap.ThirdPersonExampleMap_C' with ClassGeneratedBy '/Game/ThirdPersonBP/Maps/ThirdPersonExampleMap.ThirdPersonExampleMap:PersistentLevel.ThirdPersonExampleMap'
[2019.01.14-16.42.05:535][113]LogSlate: FSceneViewport::OnFocusLost() reason 2
[2019.01.14-16.42.17:032][351]LogSlate: FSceneViewport::OnFocusLost() reason 2
[2019.01.14-16.42.40:720][412]LogBlueprintUserMessages: Early EndPlayMap Detection: Level '/Game/ThirdPersonBP/Maps/ThirdPersonExampleMap.ThirdPersonExampleMap:PersistentLevel' has LevelScriptBlueprint '/Game/ThirdPersonBP/Maps/ThirdPersonExampleMap.ThirdPersonExampleMap:PersistentLevel.ThirdPersonExampleMap' with GeneratedClass '/Game/ThirdPersonBP/Maps/ThirdPersonExampleMap.ThirdPersonExampleMap_C' with ClassGeneratedBy '/Game/ThirdPersonBP/Maps/ThirdPersonExampleMap.ThirdPersonExampleMap:PersistentLevel.ThirdPersonExampleMap'
[2019.01.14-16.42.40:758][412]LogSlate: Updating window title bar state: overlay mode, drag disabled, window buttons hidden, title bar hidden
[2019.01.14-16.42.40:791][412]LogPlayLevel: Display: Shutting down PIE online subsystems
[2019.01.14-16.42.40:791][412]LogBlueprintUserMessages: Late EndPlayMap Detection: Level '/Game/ThirdPersonBP/Maps/ThirdPersonExampleMap.ThirdPersonExampleMap:PersistentLevel' has LevelScriptBlueprint '/Game/ThirdPersonBP/Maps/ThirdPersonExampleMap.ThirdPersonExampleMap:PersistentLevel.ThirdPersonExampleMap' with GeneratedClass '/Game/ThirdPersonBP/Maps/ThirdPersonExampleMap.ThirdPersonExampleMap_C' with ClassGeneratedBy '/Game/ThirdPersonBP/Maps/ThirdPersonExampleMap.ThirdPersonExampleMap:PersistentLevel.ThirdPersonExampleMap'
[2019.01.14-16.42.40:817][412]LogSlate: Updating window title bar state: overlay mode, drag disabled, window buttons hidden, title bar hidden
[2019.01.14-16.42.40:832][413]LogPlayLevel: Display: Destroying online subsystem :Context_14
[2019.01.14-16.42.43:354][662]LogEditorViewport: Clicking on Actor (LMB): Weapon_Base_C (Weapon_Base)
[2019.01.14-16.42.44:294][770]Cmd: DELETE
[2019.01.14-16.42.44:294][770]Cmd: ACTOR DELETE
[2019.01.14-16.42.44:298][770]LogEditorActor: Deleted Actor: Weapon_Base_C
[2019.01.14-16.42.44:322][770]LogEditorActor: Deleted 1 Actors (0.027 secs)
[2019.01.14-16.43.09:294][ 60]LogSavePackage: Moving '../../../../../../Users/max-c/Documents/GitHub/Violence_Project/Violence_Project/Saved/ThirdPersonExampleMap_Auto2C7FD1F594687270EBDE6DE8D93350BFD.tmp' to '../../../../../../Users/max-c/Documents/GitHub/Violence_Project/Violence_Project/Saved/Autosaves/Game/ThirdPersonBP/Maps/ThirdPersonExampleMap_Auto2.umap'
[2019.01.14-16.43.09:298][ 60]LogFileHelpers: Editor autosave (incl. sublevels) for '/Game/ThirdPersonBP/Maps/ThirdPersonExampleMap' took 0.196
[2019.01.14-16.43.09:298][ 60]LogFileHelpers: Editor autosave (incl. sublevels) for all levels took 0.196
[2019.01.14-16.43.09:300][ 60]OBJ SavePackage: Generating thumbnails for [1] asset(s) in package [/Game/ThirdPersonBP/Blueprints/ThirdPersonCharacter] ([1] browsable assets)...
[2019.01.14-16.43.09:308][ 60]OBJ SavePackage:     Rendered thumbnail for [Blueprint /Game/ThirdPersonBP/Blueprints/ThirdPersonCharacter.ThirdPersonCharacter]
[2019.01.14-16.43.09:308][ 60]OBJ SavePackage: Finished generating thumbnails for package [/Game/ThirdPersonBP/Blueprints/ThirdPersonCharacter]
[2019.01.14-16.43.09:374][ 60]LogSavePackage: Moving '../../../../../../Users/max-c/Documents/GitHub/Violence_Project/Violence_Project/Saved/ThirdPersonCharacter_Auto2049844074A6CD54B75F978A4AE9CACB8.tmp' to '../../../../../../Users/max-c/Documents/GitHub/Violence_Project/Violence_Project/Saved/Autosaves/Game/ThirdPersonBP/Blueprints/ThirdPersonCharacter_Auto2.uasset'
[2019.01.14-16.43.09:376][ 60]LogFileHelpers: Auto-saving content packages took 0.077
[2019.01.14-16.44.19:783][271]LogSlate: FSceneViewport::OnFocusLost() reason 2
[2019.01.14-16.44.20:620][326]Candidate modules for hot reload:
[2019.01.14-16.44.20:620][326]  Violence_Project
[2019.01.14-16.44.20:621][326]Launching UnrealBuildTool... [C:/Program Files/Epic Games/UE_4.20/Engine/Binaries/DotNET/UnrealBuildTool.exe  -ModuleWithSuffix=Violence_Project,7844 Win64 Development -TargetType=Editor -Project="../../../../../../Users/max-c/Documents/GitHub/Violence_Project/Violence_Project/Violence_Project.uproject" -canskiplink "C:/Users/max-c/Documents/GitHub/Violence_Project/Violence_Project/Violence_Project.uproject" ]
[2019.01.14-16.44.20:623][326]Warning: Starting HotReload took  0.0s.
[2019.01.14-16.44.34:028][120]CompilerResultsLog: New page: Compilation - 14 Jan 2019 16:44:34
[2019.01.14-16.44.34:028][120]CompilerResultsLog: Using 'git status' to determine working set for adaptive non-unity build.
[2019.01.14-16.44.34:028][120]CompilerResultsLog: Creating makefile for hot reloading Violence_ProjectEditor (modules to compile have changed)
[2019.01.14-16.44.34:029][120]CompilerResultsLog: Compiling game modules for hot reload
[2019.01.14-16.44.34:029][120]CompilerResultsLog: Using Visual Studio 2017 14.16.27023 toolchain (C:\Program Files (x86)\Microsoft Visual Studio\2017\Professional\VC\Tools\MSVC\14.16.27023) and Windows 10.0.17763.0 SDK (C:\Program Files (x86)\Windows Kits\10).
[2019.01.14-16.44.34:029][120]CompilerResultsLog: Building 3 actions with 12 processes...
[2019.01.14-16.44.34:029][120]CompilerResultsLog:   [1/3] PlayerCharacter.cpp
[2019.01.14-16.44.34:029][120]CompilerResultsLog:   [2/3] UE4Editor-Violence_Project-7844.lib
[2019.01.14-16.44.34:029][120]CompilerResultsLog:      Creating library C:\Users\max-c\Documents\GitHub\Violence_Project\Violence_Project\Intermediate\Build\Win64\UE4Editor\Development\Violence_Project\UE4Editor-Violence_Project-7844.lib and object C:\Users\max-c\Documents\GitHub\Violence_Project\Violence_Project\Intermediate\Build\Win64\UE4Editor\Development\Violence_Project\UE4Editor-Violence_Project-7844.exp
[2019.01.14-16.44.34:029][120]CompilerResultsLog:   [3/3] UE4Editor-Violence_Project-7844.dll
[2019.01.14-16.44.34:029][120]CompilerResultsLog:      Creating library C:\Users\max-c\Documents\GitHub\Violence_Project\Violence_Project\Intermediate\Build\Win64\UE4Editor\Development\Violence_Project\UE4Editor-Violence_Project-7844.suppressed.lib and object C:\Users\max-c\Documents\GitHub\Violence_Project\Violence_Project\Intermediate\Build\Win64\UE4Editor\Development\Violence_Project\UE4Editor-Violence_Project-7844.suppressed.exp
[2019.01.14-16.44.34:029][120]CompilerResultsLog: Total build time: 13.05 seconds (Parallel executor: 8.46 seconds)
[2019.01.14-16.44.34:029][120]LogMainFrame: MainFrame: Module compiling took 13.422 seconds
[2019.01.14-16.44.34:071][120]Error: CDO Constructor (PlayerCharacter): Failed to find Blueprint'/Game/ThirdPersonBP/Blueprints/Weapon_Base.Weapon_Base'

[2019.01.14-16.44.34:073][120]LogContentBrowser: Native class hierarchy updated for 'Violence_Project' in 0.0003 seconds. Added 3 classes and 3 folders.
[2019.01.14-16.44.34:073][120]Warning: Some classes could not be reloaded:
Error: CDO Constructor (PlayerCharacter): Failed to find Blueprint'/Game/ThirdPersonBP/Blueprints/Weapon_Base.Weapon_Base'


[2019.01.14-16.44.34:075][120]Display: HotReload successful (0 functions remapped  0 scriptstructs remapped)
[2019.01.14-16.44.34:321][120]LogContentBrowser: Native class hierarchy populated in 0.0071 seconds. Added 2576 classes and 608 folders.
[2019.01.14-16.44.34:321][120]Display: HotReload took 13.7s.
[2019.01.14-16.44.36:354][180]LogTemp: Repeating last play command: Selected Viewport
[2019.01.14-16.44.36:380][180]LogBlueprintUserMessages: Early PlayInEditor Detection: Level '/Game/ThirdPersonBP/Maps/ThirdPersonExampleMap.ThirdPersonExampleMap:PersistentLevel' has LevelScriptBlueprint '/Game/ThirdPersonBP/Maps/ThirdPersonExampleMap.ThirdPersonExampleMap:PersistentLevel.ThirdPersonExampleMap' with GeneratedClass '/Game/ThirdPersonBP/Maps/ThirdPersonExampleMap.ThirdPersonExampleMap_C' with ClassGeneratedBy '/Game/ThirdPersonBP/Maps/ThirdPersonExampleMap.ThirdPersonExampleMap:PersistentLevel.ThirdPersonExampleMap'
[2019.01.14-16.44.36:380][180]LogPlayLevel: PlayLevel: No blueprints needed recompiling
[2019.01.14-16.44.36:380][180]PIE: New page: PIE session: ThirdPersonExampleMap (14 Jan 2019 16:44:36)
[2019.01.14-16.44.36:380][180]LogPlayLevel: Creating play world package: /Game/ThirdPersonBP/Maps/UEDPIE_0_ThirdPersonExampleMap
[2019.01.14-16.44.36:388][180]LogPlayLevel: PIE: StaticDuplicateObject took: (0.007794s)
[2019.01.14-16.44.36:388][180]LogAIModule: Creating AISystem for world ThirdPersonExampleMap
[2019.01.14-16.44.36:388][180]LogPlayLevel: PIE: World Init took: (0.000557s)
[2019.01.14-16.44.36:388][180]LogPlayLevel: PIE: Created PIE world by copying editor world from /Game/ThirdPersonBP/Maps/ThirdPersonExampleMap.ThirdPersonExampleMap to /Game/ThirdPersonBP/Maps/UEDPIE_0_ThirdPersonExampleMap.ThirdPersonExampleMap (0.008454s)
[2019.01.14-16.44.36:450][180]LogInit: XAudio2 using 'Speakers (2- USB Audio Device)' : 2 channels at 48 kHz using 16 bits per sample (channel mask 0x3)
[2019.01.14-16.44.36:456][180]LogInit: FAudioDevice initialized.
[2019.01.14-16.44.36:485][180]LogLoad: Game class is 'ThirdPersonGameMode_C'
[2019.01.14-16.44.36:487][180]LogWorld: Bringing World /Game/ThirdPersonBP/Maps/UEDPIE_0_ThirdPersonExampleMap.ThirdPersonExampleMap up for play (max tick rate 0) at 2019.01.14-16.44.36
[2019.01.14-16.44.36:487][180]LogWorld: Bringing up level for play took: 0.001032
[2019.01.14-16.44.36:500][180]PIE: Play in editor start time for /Game/ThirdPersonBP/Maps/UEDPIE_0_ThirdPersonExampleMap 0.373
[2019.01.14-16.44.36:500][180]LogBlueprintUserMessages: Late PlayInEditor Detection: Level '/Game/ThirdPersonBP/Maps/ThirdPersonExampleMap.ThirdPersonExampleMap:PersistentLevel' has LevelScriptBlueprint '/Game/ThirdPersonBP/Maps/ThirdPersonExampleMap.ThirdPersonExampleMap:PersistentLevel.ThirdPersonExampleMap' with GeneratedClass '/Game/ThirdPersonBP/Maps/ThirdPersonExampleMap.ThirdPersonExampleMap_C' with ClassGeneratedBy '/Game/ThirdPersonBP/Maps/ThirdPersonExampleMap.ThirdPersonExampleMap:PersistentLevel.ThirdPersonExampleMap'
[2019.01.14-16.44.39:396][377]LogBlueprintUserMessages: Early EndPlayMap Detection: Level '/Game/ThirdPersonBP/Maps/ThirdPersonExampleMap.ThirdPersonExampleMap:PersistentLevel' has LevelScriptBlueprint '/Game/ThirdPersonBP/Maps/ThirdPersonExampleMap.ThirdPersonExampleMap:PersistentLevel.ThirdPersonExampleMap' with GeneratedClass '/Game/ThirdPersonBP/Maps/ThirdPersonExampleMap.ThirdPersonExampleMap_C' with ClassGeneratedBy '/Game/ThirdPersonBP/Maps/ThirdPersonExampleMap.ThirdPersonExampleMap:PersistentLevel.ThirdPersonExampleMap'
[2019.01.14-16.44.39:397][377]LogSlate: Updating window title bar state: overlay mode, drag disabled, window buttons hidden, title bar hidden
[2019.01.14-16.44.39:440][377]LogPlayLevel: Display: Shutting down PIE online subsystems
[2019.01.14-16.44.39:440][377]LogBlueprintUserMessages: Late EndPlayMap Detection: Level '/Game/ThirdPersonBP/Maps/ThirdPersonExampleMap.ThirdPersonExampleMap:PersistentLevel' has LevelScriptBlueprint '/Game/ThirdPersonBP/Maps/ThirdPersonExampleMap.ThirdPersonExampleMap:PersistentLevel.ThirdPersonExampleMap' with GeneratedClass '/Game/ThirdPersonBP/Maps/ThirdPersonExampleMap.ThirdPersonExampleMap_C' with ClassGeneratedBy '/Game/ThirdPersonBP/Maps/ThirdPersonExampleMap.ThirdPersonExampleMap:PersistentLevel.ThirdPersonExampleMap'
[2019.01.14-16.44.39:465][377]LogSlate: Updating window title bar state: overlay mode, drag disabled, window buttons hidden, title bar hidden
[2019.01.14-16.44.39:497][378]LogPlayLevel: Display: Destroying online subsystem :Context_15
[2019.01.14-16.45.00:847][582]LogSlate: FSceneViewport::OnFocusLost() reason 2
[2019.01.14-16.45.01:824][661]Candidate modules for hot reload:
[2019.01.14-16.45.01:824][661]  Violence_Project
[2019.01.14-16.45.01:824][661]Launching UnrealBuildTool... [C:/Program Files/Epic Games/UE_4.20/Engine/Binaries/DotNET/UnrealBuildTool.exe  -ModuleWithSuffix=Violence_Project,3485 Win64 Development -TargetType=Editor -Project="../../../../../../Users/max-c/Documents/GitHub/Violence_Project/Violence_Project/Violence_Project.uproject" -canskiplink "C:/Users/max-c/Documents/GitHub/Violence_Project/Violence_Project/Violence_Project.uproject" ]
[2019.01.14-16.45.01:840][661]Warning: Starting HotReload took  0.0s.
[2019.01.14-16.45.11:884][282]CompilerResultsLog: New page: Compilation - 14 Jan 2019 16:45:11
[2019.01.14-16.45.11:884][282]CompilerResultsLog: Using 'git status' to determine working set for adaptive non-unity build.
[2019.01.14-16.45.11:884][282]CompilerResultsLog: Compiling game modules for hot reload
[2019.01.14-16.45.11:884][282]CompilerResultsLog: Building 3 actions with 12 processes...
[2019.01.14-16.45.11:884][282]CompilerResultsLog:   [1/3] PlayerCharacter.cpp
[2019.01.14-16.45.11:884][282]CompilerResultsLog:   [2/3] UE4Editor-Violence_Project-3485.lib
[2019.01.14-16.45.11:884][282]CompilerResultsLog:      Creating library C:\Users\max-c\Documents\GitHub\Violence_Project\Violence_Project\Intermediate\Build\Win64\UE4Editor\Development\Violence_Project\UE4Editor-Violence_Project-3485.lib and object C:\Users\max-c\Documents\GitHub\Violence_Project\Violence_Project\Intermediate\Build\Win64\UE4Editor\Development\Violence_Project\UE4Editor-Violence_Project-3485.exp
[2019.01.14-16.45.11:884][282]CompilerResultsLog:   [3/3] UE4Editor-Violence_Project-3485.dll
[2019.01.14-16.45.11:884][282]CompilerResultsLog:      Creating library C:\Users\max-c\Documents\GitHub\Violence_Project\Violence_Project\Intermediate\Build\Win64\UE4Editor\Development\Violence_Project\UE4Editor-Violence_Project-3485.suppressed.lib and object C:\Users\max-c\Documents\GitHub\Violence_Project\Violence_Project\Intermediate\Build\Win64\UE4Editor\Development\Violence_Project\UE4Editor-Violence_Project-3485.suppressed.exp
[2019.01.14-16.45.11:884][282]CompilerResultsLog: Total build time: 9.69 seconds (Parallel executor: 8.25 seconds)
[2019.01.14-16.45.11:884][282]LogMainFrame: MainFrame: Module compiling took 10.072 seconds
[2019.01.14-16.45.11:928][282]LogContentBrowser: Native class hierarchy updated for 'Violence_Project' in 0.0004 seconds. Added 3 classes and 3 folders.
[2019.01.14-16.45.11:931][282]Display: HotReload successful (0 functions remapped  0 scriptstructs remapped)
[2019.01.14-16.45.12:169][282]LogContentBrowser: Native class hierarchy populated in 0.0072 seconds. Added 2576 classes and 608 folders.
[2019.01.14-16.45.12:169][282]Display: HotReload took 10.4s.
[2019.01.14-16.45.13:881][287]LogTemp: Repeating last play command: Selected Viewport
[2019.01.14-16.45.13:896][287]LogBlueprintUserMessages: Early PlayInEditor Detection: Level '/Game/ThirdPersonBP/Maps/ThirdPersonExampleMap.ThirdPersonExampleMap:PersistentLevel' has LevelScriptBlueprint '/Game/ThirdPersonBP/Maps/ThirdPersonExampleMap.ThirdPersonExampleMap:PersistentLevel.ThirdPersonExampleMap' with GeneratedClass '/Game/ThirdPersonBP/Maps/ThirdPersonExampleMap.ThirdPersonExampleMap_C' with ClassGeneratedBy '/Game/ThirdPersonBP/Maps/ThirdPersonExampleMap.ThirdPersonExampleMap:PersistentLevel.ThirdPersonExampleMap'
[2019.01.14-16.45.13:896][287]LogPlayLevel: PlayLevel: No blueprints needed recompiling
[2019.01.14-16.45.13:896][287]PIE: New page: PIE session: ThirdPersonExampleMap (14 Jan 2019 16:45:13)
[2019.01.14-16.45.13:896][287]LogPlayLevel: Creating play world package: /Game/ThirdPersonBP/Maps/UEDPIE_0_ThirdPersonExampleMap
[2019.01.14-16.45.13:903][287]LogPlayLevel: PIE: StaticDuplicateObject took: (0.006628s)
[2019.01.14-16.45.13:903][287]LogAIModule: Creating AISystem for world ThirdPersonExampleMap
[2019.01.14-16.45.13:903][287]LogPlayLevel: PIE: World Init took: (0.000489s)
[2019.01.14-16.45.13:903][287]LogPlayLevel: PIE: Created PIE world by copying editor world from /Game/ThirdPersonBP/Maps/ThirdPersonExampleMap.ThirdPersonExampleMap to /Game/ThirdPersonBP/Maps/UEDPIE_0_ThirdPersonExampleMap.ThirdPersonExampleMap (0.007218s)
[2019.01.14-16.45.13:961][287]LogInit: XAudio2 using 'Speakers (2- USB Audio Device)' : 2 channels at 48 kHz using 16 bits per sample (channel mask 0x3)
[2019.01.14-16.45.13:967][287]LogInit: FAudioDevice initialized.
[2019.01.14-16.45.13:997][287]LogLoad: Game class is 'ThirdPersonGameMode_C'
[2019.01.14-16.45.13:999][287]LogWorld: Bringing World /Game/ThirdPersonBP/Maps/UEDPIE_0_ThirdPersonExampleMap.ThirdPersonExampleMap up for play (max tick rate 0) at 2019.01.14-16.45.13
[2019.01.14-16.45.13:999][287]LogWorld: Bringing up level for play took: 0.001025
[2019.01.14-16.45.14:012][287]LogWindows: Windows GetLastError: The operation completed successfully. (0)
[2019.01.14-16.45.15:274][287]LogWindows: Error: === Critical error: ===
[2019.01.14-16.45.15:274][287]LogWindows: Error: 
[2019.01.14-16.45.15:274][287]LogWindows: Error: Fatal error: [File:D:\Build\++UE4\Sync\Engine\Source\Runtime\CoreUObject\Private\UObject\UObjectGlobals.cpp] [Line: 3248] 
[2019.01.14-16.45.15:274][287]LogWindows: Error: FObjectFinders can't be used outside of constructors to find Blueprint'/Game/ThirdPersonBP/Blueprints/Weapon_Base.Weapon_Base'
[2019.01.14-16.45.15:274][287]LogWindows: Error: 
[2019.01.14-16.45.15:274][287]LogWindows: Error: 
[2019.01.14-16.45.15:274][287]LogWindows: Error: [Callstack] 0x00007ff927f9a388 KERNELBASE.dll!UnknownFunction []
[2019.01.14-16.45.15:274][287]LogWindows: Error: [Callstack] 0x00007ff90c516850 UE4Editor-ApplicationCore.dll!UnknownFunction []
[2019.01.14-16.45.15:274][287]LogWindows: Error: [Callstack] 0x00007ff8fba262fc UE4Editor-Core.dll!UnknownFunction []
[2019.01.14-16.45.15:274][287]LogWindows: Error: [Callstack] 0x00007ff8fb9b51db UE4Editor-Core.dll!UnknownFunction []
[2019.01.14-16.45.15:274][287]LogWindows: Error: [Callstack] 0x00007ff8fb4dea4b UE4Editor-CoreUObject.dll!UnknownFunction []
[2019.01.14-16.45.15:274][287]LogWindows: Error: [Callstack] 0x00007ff91a5f43b1 UE4Editor-Violence_Project-3485.dll!APlayerCharacter::BeginPlay() [c:\users\max-c\documents\github\violence_project\violence_project\source\violence_project\public\playercharacter.cpp:18]
[2019.01.14-16.45.15:274][287]LogWindows: Error: [Callstack] 0x00007ff8e723a752 UE4Editor-Engine.dll!UnknownFunction []
[2019.01.14-16.45.15:274][287]LogWindows: Error: [Callstack] 0x00007ff8e8595119 UE4Editor-Engine.dll!UnknownFunction []
[2019.01.14-16.45.15:274][287]LogWindows: Error: [Callstack] 0x00007ff8e7953d51 UE4Editor-Engine.dll!UnknownFunction []
[2019.01.14-16.45.15:274][287]LogWindows: Error: [Callstack] 0x00007ff8e85793be UE4Editor-Engine.dll!UnknownFunction []
[2019.01.14-16.45.15:274][287]LogWindows: Error: [Callstack] 0x00007ff8e7971fed UE4Editor-Engine.dll!UnknownFunction []
[2019.01.14-16.45.15:274][287]LogWindows: Error: [Callstack] 0x00007ff8c8adf989 UE4Editor-UnrealEd.dll!UnknownFunction []
[2019.01.14-16.45.15:274][287]LogWindows: Error: [Callstack] 0x00007ff8c8b001ac UE4Editor-UnrealEd.dll!UnknownFunction []
[2019.01.14-16.45.15:274][287]LogWindows: Error: [Callstack] 0x00007ff8c8b1e536 UE4Editor-UnrealEd.dll!UnknownFunction []
[2019.01.14-16.45.15:274][287]LogWindows: Error: [Callstack] 0x00007ff8c8536b41 UE4Editor-UnrealEd.dll!UnknownFunction []
[2019.01.14-16.45.15:274][287]LogWindows: Error: [Callstack] 0x00007ff8c8e2f666 UE4Editor-UnrealEd.dll!UnknownFunction []
[2019.01.14-16.45.15:274][287]LogWindows: Error: [Callstack] 0x00007ff79c215cbd UE4Editor.exe!UnknownFunction []
[2019.01.14-16.45.15:274][287]LogWindows: Error: [Callstack] 0x00007ff79c225b3c UE4Editor.exe!UnknownFunction []
[2019.01.14-16.45.15:274][287]LogWindows: Error: [Callstack] 0x00007ff79c225bba UE4Editor.exe!UnknownFunction []
[2019.01.14-16.45.15:274][287]LogWindows: Error: [Callstack] 0x00007ff79c233dac UE4Editor.exe!UnknownFunction []
[2019.01.14-16.45.15:274][287]LogWindows: Error: [Callstack] 0x00007ff79c235aaa UE4Editor.exe!UnknownFunction []
[2019.01.14-16.45.15:274][287]LogWindows: Error: [Callstack] 0x00007ff929193034 KERNEL32.DLL!UnknownFunction []
[2019.01.14-16.45.15:274][287]LogWindows: Error: [Callstack] 0x00007ff92b9d3691 ntdll.dll!UnknownFunction []
[2019.01.14-16.45.15:274][287]LogWindows: Error: 
[2019.01.14-16.45.15:292][287]LogExit: Executing StaticShutdownAfterError
[2019.01.14-16.45.15:295][287]LogWindows: FPlatformMisc::RequestExit(1)
[2019.01.14-16.45.15:296][287]Log file closed, 01/14/19 16:45:15
