Log file open, 12/03/18 04:43:45
LogWindows: Failed to load 'aqProf.dll' (GetLastError=126)
LogWindows: File 'aqProf.dll' does not exist
LogWindows: Failed to load 'VSPerf140.dll' (GetLastError=126)
LogWindows: File 'VSPerf140.dll' does not exist
LogWindows: Failed to load 'VtuneApi.dll' (GetLastError=126)
LogWindows: File 'VtuneApi.dll' does not exist
LogWindows: Failed to load 'VtuneApi32e.dll' (GetLastError=126)
LogWindows: File 'VtuneApi32e.dll' does not exist
LogInit: Display: Running engine for game: Violence_Project
LogPlatformFile: Not using cached read wrapper
LogTaskGraph: Started task graph with 5 named threads and 35 total threads with 3 sets of task threads.
LogStats: Stats thread started at 0.398777
LogD3D11RHI: Loaded GFSDK_Aftermath_Lib.x64.dll
LogICUInternationalization: Display: ICU TimeZone Detection - Raw Offset: +0:00, Platform Override: ''
LogPluginManager: Mounting plugin Paper2D
LogPluginManager: Mounting plugin AISupport
LogPluginManager: Mounting plugin LightPropagationVolume
LogPluginManager: Mounting plugin CLionSourceCodeAccess
LogPluginManager: Mounting plugin CodeLiteSourceCodeAccess
LogPluginManager: Mounting plugin GitSourceControl
LogPluginManager: Mounting plugin KDevelopSourceCodeAccess
LogPluginManager: Mounting plugin NullSourceCodeAccess
LogPluginManager: Mounting plugin PerforceSourceControl
LogPluginManager: Mounting plugin SubversionSourceControl
LogPluginManager: Mounting plugin UObjectPlugin
LogPluginManager: Mounting plugin VisualStudioCodeSourceCodeAccess
LogPluginManager: Mounting plugin VisualStudioSourceCodeAccess
LogPluginManager: Mounting plugin XCodeSourceCodeAccess
LogPluginManager: Mounting plugin AssetManagerEditor
LogPluginManager: Mounting plugin CryptoKeys
LogPluginManager: Mounting plugin DataValidation
LogPluginManager: Mounting plugin FacialAnimation
LogPluginManager: Mounting plugin GameplayTagsEditor
LogPluginManager: Mounting plugin MacGraphicsSwitching
LogPluginManager: Mounting plugin MeshEditor
LogPluginManager: Mounting plugin MobileLauncherProfileWizard
LogPluginManager: Mounting plugin PluginBrowser
LogPluginManager: Mounting plugin SpeedTreeImporter
LogPluginManager: Mounting plugin DatasmithContent
LogPluginManager: Mounting plugin AlembicImporter
LogPluginManager: Mounting plugin AppleImageUtils
LogPluginManager: Mounting plugin AppleVision
LogPluginManager: Mounting plugin BackChannel
LogPluginManager: Mounting plugin CharacterAI
LogPluginManager: Mounting plugin GeometryCache
LogPluginManager: Mounting plugin HTML5Networking
LogPluginManager: Mounting plugin ProxyLODPlugin
LogPluginManager: Mounting plugin MagicLeap
LogPluginManager: Mounting plugin MagicLeapEmulator
LogPluginManager: Mounting plugin MagicLeapMedia
LogPluginManager: Mounting plugin AndroidMedia
LogPluginManager: Mounting plugin AvfMedia
LogPluginManager: Mounting plugin ImgMedia
LogPluginManager: Mounting plugin LinearTimecode
LogPluginManager: Mounting plugin MediaCompositing
LogPluginManager: Mounting plugin MediaPlayerEditor
LogPluginManager: Mounting plugin WmfMedia
LogPluginManager: Mounting plugin TcpMessaging
LogPluginManager: Mounting plugin UdpMessaging
LogPluginManager: Mounting plugin ActorSequence
LogPluginManager: Mounting plugin LevelSequenceEditor
LogPluginManager: Mounting plugin MatineeToLevelSequence
LogPluginManager: Mounting plugin NetcodeUnitTest
LogPluginManager: Mounting plugin NUTUnrealEngine4
LogPluginManager: Mounting plugin OnlineSubsystemGooglePlay
LogPluginManager: Mounting plugin OnlineSubsystemIOS
LogPluginManager: Mounting plugin OnlineSubsystem
LogPluginManager: Mounting plugin OnlineSubsystemNull
LogPluginManager: Mounting plugin OnlineSubsystemUtils
LogPluginManager: Mounting plugin LauncherChunkInstaller
LogPluginManager: Mounting plugin AndroidDeviceProfileSelector
LogPluginManager: Mounting plugin AndroidMoviePlayer
LogPluginManager: Mounting plugin AndroidPermission
LogPluginManager: Mounting plugin AppleMoviePlayer
LogPluginManager: Mounting plugin ArchVisCharacter
LogPluginManager: Mounting plugin AudioCapture
LogPluginManager: Mounting plugin CableComponent
LogPluginManager: Mounting plugin CustomMeshComponent
LogPluginManager: Mounting plugin EditableMesh
LogPluginManager: Mounting plugin ExampleDeviceProfileSelector
LogPluginManager: Mounting plugin GoogleCloudMessaging
LogPluginManager: Mounting plugin ImmediatePhysics
LogPluginManager: Mounting plugin IOSDeviceProfileSelector
LogPluginManager: Mounting plugin LinuxDeviceProfileSelector
LogPluginManager: Mounting plugin LocationServicesBPLibrary
LogPluginManager: Mounting plugin MobilePatchingUtils
LogPluginManager: Mounting plugin OculusVR
LogPluginManager: Plugin shader directory ../../../Engine/Plugins/Runtime/Oculus/OculusVR/Shaders found
LogPluginManager: Mapping shader source directory ../../../Engine/Plugins/Runtime/Oculus/OculusVR/Shaders to virtual directory /Plugin/OculusVR
LogPluginManager: Mounting plugin PhysXVehicles
LogPluginManager: Mounting plugin ProceduralMeshComponent
LogPluginManager: Mounting plugin RuntimePhysXCooking
LogPluginManager: Mounting plugin SteamVR
LogPluginManager: Mounting plugin WindowsMoviePlayer
LogStreaming: Display: Took  0.081s to configure plugins.
LogInit: Using libcurl 7.55.1-DEV
LogInit:  - built for x86_64-pc-win32
LogInit:  - supports SSL with OpenSSL/1.0.2h
LogInit:  - supports HTTP deflate (compression) using libz 1.2.8
LogInit:  - other features:
LogInit:      CURL_VERSION_SSL
LogInit:      CURL_VERSION_LIBZ
LogInit:      CURL_VERSION_IPV6
LogInit:      CURL_VERSION_ASYNCHDNS
LogInit:      CURL_VERSION_LARGEFILE
LogInit:      CURL_VERSION_IDN
LogInit:  CurlRequestOptions (configurable via config and command line):
LogInit:  - bVerifyPeer = false  - Libcurl will NOT verify peer certificate
LogInit:  - bUseHttpProxy = false  - Libcurl will NOT use HTTP proxy
LogInit:  - bDontReuseConnections = false  - Libcurl will reuse connections
LogInit:  - CertBundlePath = nullptr  - Libcurl will use whatever was configured at build time.
LogInit:  - MaxHostConnections = 16  - Libcurl will limit the number of connections to a host
LogInit:  - LocalHostAddr = Default
LogInit:  - BufferSize = 65536
LogInit: WinSock: version 1.1 (2.2), MaxSocks=32767, MaxUdp=65467
LogInit: Build: ++UE4+Release-4.20-CL-4369336
LogInit: Engine Version: 4.20.3-4369336+++UE4+Release-4.20
LogInit: Compatible Engine Version: 4.20.0-4212847+++UE4+Release-4.20
LogInit: Net CL: 4212847
LogInit: OS: Windows 10 (), CPU: Intel(R) Core(TM) i7-8086K CPU @ 4.00GHz, GPU: NVIDIA GeForce GTX 1080 Ti
LogInit: Compiled (64-bit): Sep 17 2018 12:26:19
LogInit: Compiled with Visual C++: 19.13.26129.00
LogInit: Build Configuration: Development
LogInit: Branch Name: ++UE4+Release-4.20
LogInit: Command Line: 
LogInit: Base Directory: C:/Program Files/Epic Games/UE_4.20/Engine/Binaries/Win64/
LogInit: Installed Engine Build: 1
LogDevObjectVersion: Number of dev versions registered: 20
LogDevObjectVersion:   Dev-Blueprints (B0D832E4-1F89-4F0D-ACCF-7EB736FD4AA2): 10
LogDevObjectVersion:   Dev-Build (E1C64328-A22C-4D53-A36C-8E866417BD8C): 0
LogDevObjectVersion:   Dev-Core (375EC13C-06E4-48FB-B500-84F0262A717E): 2
LogDevObjectVersion:   Dev-Editor (E4B068ED-F494-42E9-A231-DA0B2E46BB41): 24
LogDevObjectVersion:   Dev-Framework (CFFC743F-43B0-4480-9391-14DF171D2073): 34
LogDevObjectVersion:   Dev-Mobile (B02B49B5-BB20-44E9-A304-32B752E40360): 2
LogDevObjectVersion:   Dev-Networking (A4E4105C-59A1-49B5-A7C5-40C4547EDFEE): 0
LogDevObjectVersion:   Dev-Online (39C831C9-5AE6-47DC-9A44-9C173E1C8E7C): 0
LogDevObjectVersion:   Dev-Physics (78F01B33-EBEA-4F98-B9B4-84EACCB95AA2): 0
LogDevObjectVersion:   Dev-Platform (6631380F-2D4D-43E0-8009-CF276956A95A): 0
LogDevObjectVersion:   Dev-Rendering (12F88B9F-8875-4AFC-A67C-D90C383ABD29): 26
LogDevObjectVersion:   Dev-Sequencer (7B5AE74C-D270-4C10-A958-57980B212A5A): 9
LogDevObjectVersion:   Dev-VR (D7296918-1DD6-4BDD-9DE2-64A83CC13884): 2
LogDevObjectVersion:   Dev-LoadTimes (C2A15278-BFE7-4AFE-6C17-90FF531DF755): 1
LogDevObjectVersion:   Private-Geometry (6EACA3D4-40EC-4CC1-B786-8BED09428FC5): 3
LogDevObjectVersion:   Dev-AnimPhys (29E575DD-E0A3-4627-9D10-D276232CDCEA): 17
LogDevObjectVersion:   Dev-ReflectionCapture (6B266CEC-1EC7-4B8F-A30B-E4D90942FC07): 1
LogDevObjectVersion:   Dev-Automation (0DF73D61-A23F-47EA-B727-89E90C41499A): 1
LogDevObjectVersion:   FortniteMain (601D1886-AC64-4F84-AA16-D3DE0DEAC7D6): 12
LogDevObjectVersion:   Dev-Enterprise (9DFFBCD6-494F-0158-E221-12823C92A888): 1
LogStreaming: Display: Took  0.001s to delete old logs.
LogInit: Presizing for max 8388607 objects, including 0 objects not considered by GC, pre-allocating 0 bytes for permanent pool.
LogInit: Object subsystem initialized
[2018.12.03-04.43.46:198][  0]LogInit: Selected Device Profile: [Windows]
[2018.12.03-04.43.46:198][  0]LogInit: Applying CVar settings loaded from the selected device profile: [Windows]
[2018.12.03-04.43.46:209][  0]LogHAL: Display: Platform has ~ 32 GB [34291802112 / 34359738368 / 32], which maps to Largest [LargestMinGB=32, LargerMinGB=12, DefaultMinGB=8, SmallerMinGB=6, SmallestMinGB=0)
[2018.12.03-04.43.46:209][  0]LogInit: Setting Device Profile CVar: [[r.Vulkan.UseRealUBs:1]]
[2018.12.03-04.43.46:209][  0]LogInit: Going up to parent DeviceProfile []
[2018.12.03-04.43.46:210][  0]LogInit: Computer: WINDOWS-SA1OMO4
[2018.12.03-04.43.46:210][  0]LogInit: User: maxc
[2018.12.03-04.43.46:210][  0]LogInit: CPU Page size=4096, Cores=6
[2018.12.03-04.43.46:210][  0]LogInit: High frequency timer resolution =3.914057 MHz
[2018.12.03-04.43.46:210][  0]LogMemory: Memory total: Physical=31.9GB (32GB approx)
[2018.12.03-04.43.46:210][  0]LogMemory: Platform Memory Stats for Windows
[2018.12.03-04.43.46:210][  0]LogMemory: Process Physical Memory: 101.68 MB used, 101.68 MB peak
[2018.12.03-04.43.46:210][  0]LogMemory: Process Virtual Memory: 94.00 MB used, 94.00 MB peak
[2018.12.03-04.43.46:210][  0]LogMemory: Physical Memory: 9073.73 MB used,  23629.48 MB free, 32703.21 MB total
[2018.12.03-04.43.46:210][  0]LogMemory: Virtual Memory: 4665.16 MB used,  23629.48 MB free, 134217728.00 MB total
[2018.12.03-04.43.46:224][  0]LogInit: Using OS detected language (en-US).
[2018.12.03-04.43.46:225][  0]LogInit: Using OS detected locale (en-GB).
[2018.12.03-04.43.46:225][  0]LogTextLocalizationManager: No specific localization for 'en-US' exists, so the 'en' localization will be used.
[2018.12.03-04.43.46:497][  0]LogStreaming: Display: Took  0.273s to InitEngineTextLocalization.
[2018.12.03-04.43.46:497][  0]LogInit: Setting process to per monitor DPI aware
[2018.12.03-04.43.46:537][  0]LogSlate: New Slate User Created.  User Index 0, Is Virtual User: 0
[2018.12.03-04.43.46:537][  0]LogSlate: Slate User Registered.  User Index 0, Is Virtual User: 0
[2018.12.03-04.43.46:691][  0]LogHMD: Failed to initialize OpenVR with code 110
[2018.12.03-04.43.46:691][  0]LogD3D11RHI: D3D11 adapters:
[2018.12.03-04.43.46:740][  0]LogD3D11RHI:    0. 'NVIDIA GeForce GTX 1080 Ti' (Feature Level 11_0)
[2018.12.03-04.43.46:740][  0]LogD3D11RHI:       11127/0/16351 MB DedicatedVideo/DedicatedSystem/SharedSystem, Outputs:2, VendorId:0x10de
[2018.12.03-04.43.46:741][  0]LogD3D11RHI:    1. 'Microsoft Basic Render Driver' (Feature Level 11_0)
[2018.12.03-04.43.46:741][  0]LogD3D11RHI:       0/0/16351 MB DedicatedVideo/DedicatedSystem/SharedSystem, Outputs:0, VendorId:0x1414
[2018.12.03-04.43.46:741][  0]LogD3D11RHI: Chosen D3D11 Adapter: 0
[2018.12.03-04.43.46:746][  0]LogD3D11RHI: Creating new Direct3DDevice
[2018.12.03-04.43.46:746][  0]LogD3D11RHI:     GPU DeviceId: 0x1b06 (for the marketing name, search the web for "GPU Device Id")
[2018.12.03-04.43.46:746][  0]LogWindows: EnumDisplayDevices:
[2018.12.03-04.43.46:746][  0]LogWindows:    0. 'NVIDIA GeForce GTX 1080 Ti' (P:0 D:1)
[2018.12.03-04.43.46:747][  0]LogWindows:    1. 'NVIDIA GeForce GTX 1080 Ti' (P:1 D:1)
[2018.12.03-04.43.46:747][  0]LogWindows:    2. 'NVIDIA GeForce GTX 1080 Ti' (P:0 D:0)
[2018.12.03-04.43.46:747][  0]LogWindows:    3. 'NVIDIA GeForce GTX 1080 Ti' (P:0 D:0)
[2018.12.03-04.43.46:747][  0]LogWindows: DebugString: FoundDriverCount:4 
[2018.12.03-04.43.46:747][  0]LogD3D11RHI:     Adapter Name: NVIDIA GeForce GTX 1080 Ti
[2018.12.03-04.43.46:747][  0]LogD3D11RHI:   Driver Version: 416.81 (internal:25.21.14.1681, unified:416.81)
[2018.12.03-04.43.46:747][  0]LogD3D11RHI:      Driver Date: 11-2-2018
[2018.12.03-04.43.46:747][  0]LogRHI: Texture pool is 7788 MB (70% of 11127 MB)
[2018.12.03-04.43.46:777][  0]LogD3D11RHI: Async texture creation enabled
[2018.12.03-04.43.46:804][  0]LogD3D11RHI: GPU Timing Frequency: 1000.000000 (Debug: 2 2)
[2018.12.03-04.43.46:895][  0]LogShaderCompilers: Guid format shader working directory is -34 characters bigger than the processId version (../../../../../../Users/max-c/Documents/GitHub/Violence_Project/Violence_Project/Intermediate/Shaders/WorkingDirectory/2140/).
[2018.12.03-04.43.46:895][  0]LogShaderCompilers: Cleaned the shader compiler working directory 'C:/Users/max-c/AppData/Local/Temp/UnrealShaderWorkingDir/7A9BB1A249B39F36CEA479B98509CBC6/'.
[2018.12.03-04.43.47:098][  0]LogTemp: Display: Loaded TP AllDesktopTargetPlatform
[2018.12.03-04.43.47:109][  0]LogTemp: Display: Loaded TP MacClientTargetPlatform
[2018.12.03-04.43.47:119][  0]LogTemp: Display: Loaded TP MacNoEditorTargetPlatform
[2018.12.03-04.43.47:129][  0]LogTemp: Display: Loaded TP MacServerTargetPlatform
[2018.12.03-04.43.47:140][  0]LogTemp: Display: Loaded TP MacTargetPlatform
[2018.12.03-04.43.47:150][  0]LogTemp: Display: Loaded TP WindowsClientTargetPlatform
[2018.12.03-04.43.47:160][  0]LogTemp: Display: Loaded TP WindowsNoEditorTargetPlatform
[2018.12.03-04.43.47:171][  0]LogTemp: Display: Loaded TP WindowsServerTargetPlatform
[2018.12.03-04.43.47:176][  0]LogTemp: Display: Loaded TP WindowsTargetPlatform
[2018.12.03-04.43.47:238][  0]LogTemp: Display: Loaded TP AndroidTargetPlatform
[2018.12.03-04.43.47:238][  0]LogTemp: Display: Loaded TP AndroidTargetPlatform
[2018.12.03-04.43.47:238][  0]LogTemp: Display: Loaded TP AndroidTargetPlatform
[2018.12.03-04.43.47:238][  0]LogTemp: Display: Loaded TP AndroidTargetPlatform
[2018.12.03-04.43.47:238][  0]LogTemp: Display: Loaded TP AndroidTargetPlatform
[2018.12.03-04.43.47:238][  0]LogTemp: Display: Loaded TP AndroidTargetPlatform
[2018.12.03-04.43.47:238][  0]LogTemp: Display: Loaded TP AndroidTargetPlatform
[2018.12.03-04.43.47:238][  0]LogTemp: Display: Loaded TP AndroidTargetPlatform
[2018.12.03-04.43.47:238][  0]LogTemp: Display: Loaded TP AndroidTargetPlatform
[2018.12.03-04.43.47:238][  0]LogTemp: Display: Loaded TP AndroidTargetPlatform
[2018.12.03-04.43.47:238][  0]LogTemp: Display: Loaded TP AndroidTargetPlatform
[2018.12.03-04.43.47:238][  0]LogTemp: Display: Loaded TP AndroidTargetPlatform
[2018.12.03-04.43.47:238][  0]LogTemp: Display: Loaded TP AndroidTargetPlatform
[2018.12.03-04.43.47:238][  0]LogTemp: Display: Loaded TP AndroidTargetPlatform
[2018.12.03-04.43.47:238][  0]LogTemp: Display: Loaded TP AndroidTargetPlatform
[2018.12.03-04.43.47:238][  0]LogTemp: Display: Loaded TP AndroidTargetPlatform
[2018.12.03-04.43.47:238][  0]LogTemp: Display: Loaded TP AndroidTargetPlatform
[2018.12.03-04.43.47:238][  0]LogTemp: Display: Loaded TP AndroidTargetPlatform
[2018.12.03-04.43.47:239][  0]LogTemp: Display: Loaded TP HTML5TargetPlatform
[2018.12.03-04.43.47:300][  0]LogTemp: Display: Loaded TP IOSTargetPlatform
[2018.12.03-04.43.47:300][  0]LogTemp: Display: Loaded TP IOSTargetPlatform
[2018.12.03-04.43.47:318][  0]LogTemp: Display: Loaded TP TVOSTargetPlatform
[2018.12.03-04.43.47:318][  0]LogTemp: Display: Loaded TP TVOSTargetPlatform
[2018.12.03-04.43.47:327][  0]LogTemp: Display: Loaded TP LinuxClientTargetPlatform
[2018.12.03-04.43.47:336][  0]LogTemp: Display: Loaded TP LinuxNoEditorTargetPlatform
[2018.12.03-04.43.47:346][  0]LogTemp: Display: Loaded TP LinuxServerTargetPlatform
[2018.12.03-04.43.47:355][  0]LogTemp: Display: Loaded TP LinuxTargetPlatform
[2018.12.03-04.43.47:363][  0]LogTemp: Display: Loaded TP LuminTargetPlatform
[2018.12.03-04.43.47:363][  0]LogTargetPlatformManager: Display: Building Assets For Windows
[2018.12.03-04.43.47:415][  0]LogXGEController: Cleaning working directory: C:/Users/max-c/AppData/Local/Temp/UnrealXGEWorkingDir/
[2018.12.03-04.43.47:415][  0]LogXGEController: Cannot use XGE Controller as Incredibuild is not installed on this machine.
[2018.12.03-04.43.47:415][  0]LogShaderCompilers: Cannot use XGE Shader Compiler as Incredibuild is not installed on this machine.
[2018.12.03-04.43.47:415][  0]LogShaderCompilers: Display: Using Local Shader Compiler.
[2018.12.03-04.43.47:972][  0]LogDerivedDataCache: Display: Max Cache Size: 512 MB
[2018.12.03-04.43.48:011][  0]LogDerivedDataCache: Loaded boot cache 0.04s 71MB C:/Users/max-c/AppData/Local/UnrealEngine/4.20/DerivedDataCache/Boot.ddc.
[2018.12.03-04.43.48:012][  0]LogDerivedDataCache: Display: Loaded Boot cache: C:/Users/max-c/AppData/Local/UnrealEngine/4.20/DerivedDataCache/Boot.ddc
[2018.12.03-04.43.48:012][  0]LogDerivedDataCache: FDerivedDataBackendGraph:  Pak pak cache file ../../../../../../Users/max-c/Documents/GitHub/Violence_Project/Violence_Project/DerivedDataCache/DDC.ddp not found, will not use a pak cache.
[2018.12.03-04.43.48:012][  0]LogDerivedDataCache: Unable to find inner node Pak for hierarchical cache Hierarchy.
[2018.12.03-04.43.48:012][  0]LogDerivedDataCache: FDerivedDataBackendGraph:  CompressedPak pak cache file ../../../../../../Users/max-c/Documents/GitHub/Violence_Project/Violence_Project/DerivedDataCache/Compressed.ddp not found, will not use a pak cache.
[2018.12.03-04.43.48:012][  0]LogDerivedDataCache: Unable to find inner node CompressedPak for hierarchical cache Hierarchy.
[2018.12.03-04.43.48:022][  0]LogDerivedDataCache: Display: Pak cache opened for reading ../../../Engine/DerivedDataCache/Compressed.ddp.
[2018.12.03-04.43.48:034][  0]LogDerivedDataCache: Using Local data cache path C:/Users/max-c/AppData/Local/UnrealEngine/Common/DerivedDataCache: Writable
[2018.12.03-04.43.48:034][  0]LogDerivedDataCache: Shared data cache path not found in *engine.ini, will not use an Shared cache.
[2018.12.03-04.43.48:034][  0]LogDerivedDataCache: Unable to find inner node Shared for hierarchical cache Hierarchy.
[2018.12.03-04.43.48:052][  0]LogMaterial: Verifying Global Shaders for PCD3D_SM5
[2018.12.03-04.43.48:053][  0]LogSlate: Using FreeType 2.6.0
[2018.12.03-04.43.48:053][  0]LogSlate: SlateFontServices - WITH_FREETYPE: 1, WITH_HARFBUZZ: 1
[2018.12.03-04.43.48:114][  0]LogAssetRegistry: FAssetRegistry took 0.0247 seconds to start up
[2018.12.03-04.43.48:374][  0]LogInit: Selected Device Profile: [Windows]
[2018.12.03-04.43.48:473][  0]LogSimplygon: Simplygon DLL not present - disabling.
[2018.12.03-04.43.48:476][  0]LogMeshReduction: Using SimplygonSwarm for distributed automatic mesh merging
[2018.12.03-04.43.48:476][  0]LogMeshReduction: Using ProxyLODMeshReduction for automatic mesh merging
[2018.12.03-04.43.48:476][  0]LogMeshReduction: Using QuadricMeshReduction for automatic static mesh reduction
[2018.12.03-04.43.48:476][  0]LogMeshReduction: No automatic skeletal mesh reduction module available
[2018.12.03-04.43.48:494][  0]LogNetVersion: Violence_Project 1.0.0, NetCL: 4212847, EngineNetVer: 5, GameNetVer: 0 (Checksum: 168441638)
[2018.12.03-04.43.48:874][  0]LogPackageLocalizationCache: Processed 11 localized package path(s) for 2 prioritized culture(s) in 0.078048 seconds
[2018.12.03-04.43.48:878][  0]LogUObjectArray: 38425 objects as part of root set at end of initial load.
[2018.12.03-04.43.48:878][  0]LogUObjectAllocator: 6690864 out of 0 bytes used by permanent object pool.
[2018.12.03-04.43.48:878][  0]LogUObjectArray: CloseDisregardForGC: 0/0 objects in disregard for GC pool
[2018.12.03-04.43.49:513][  0]LogTcpMessaging: Initializing TcpMessaging bridge
[2018.12.03-04.43.49:525][  0]LogUdpMessaging: Initializing bridge on interface 0.0.0.0:0 to multicast group 230.0.0.1:6666.
[2018.12.03-04.43.49:641][  0]SourceControl: Source control is disabled
[2018.12.03-04.43.49:642][  0]SourceControl: Source control is disabled
[2018.12.03-04.43.49:643][  0]SourceControl: Source control is disabled
[2018.12.03-04.43.49:643][  0]SourceControl: Source control is disabled
[2018.12.03-04.43.49:803][  0]LogAndroidPermission: UAndroidPermissionCallbackProxy::GetInstance
[2018.12.03-04.43.49:870][  0]LogOcInput: OculusInput pre-init called
[2018.12.03-04.43.49:915][  0]LogEngine: Initializing Engine...
[2018.12.03-04.43.49:915][  0]LogHMD: Failed to initialize OpenVR with code 110
[2018.12.03-04.43.49:916][  0]LogStats: UGameplayTagsManager::ConstructGameplayTagTree: ImportINI prefixes -  0.000 s
[2018.12.03-04.43.49:916][  0]LogStats: UGameplayTagsManager::ConstructGameplayTagTree: Construct from data asset -  0.000 s
[2018.12.03-04.43.49:916][  0]LogStats: UGameplayTagsManager::ConstructGameplayTagTree: ImportINI -  0.000 s
[2018.12.03-04.43.49:916][  0]LogStats: UGameplayTagsManager::ConstructGameplayTagTree: GameplayTagTreeChangedEvent.Broadcast -  0.000 s
[2018.12.03-04.43.50:072][  0]LogInit: Initializing FReadOnlyCVARCache
[2018.12.03-04.43.50:082][  0]LogAIModule: Creating AISystem for world Untitled
[2018.12.03-04.43.50:099][  0]LogInit: XAudio2 using 'Speakers (2- USB Audio Device)' : 2 channels at 48 kHz using 16 bits per sample (channel mask 0x3)
[2018.12.03-04.43.50:115][  0]LogInit: FAudioDevice initialized.
[2018.12.03-04.43.50:115][  0]LogNetVersion: Set ProjectVersion to 1.0.0.0. Version Checksum will be recalculated on next use.
[2018.12.03-04.43.50:147][  0]LogDerivedDataCache: Saved boot cache 0.03s 71MB C:/Users/max-c/AppData/Local/UnrealEngine/4.20/DerivedDataCache/Boot.ddc.
[2018.12.03-04.43.50:158][  0]LogInit: Texture streaming: Enabled
[2018.12.03-04.43.50:171][  0]LogEngineSessionManager: EngineSessionManager initialized
[2018.12.03-04.43.50:171][  0]LogEngineSessionManager: EngineSessionManager sent abnormal shutdown report. Type=Crashed, SessionId={A0F541F2-4B61-1096-D8C7-9B8BE4EB8B8F}
[2018.12.03-04.43.50:182][  0]LogInit: Transaction tracking system initialized
[2018.12.03-04.43.50:201][  0]BlueprintLog: New page: Editor Load
[2018.12.03-04.43.50:260][  0]LocalizationService: Localization service is disabled
[2018.12.03-04.43.50:457][  0]LogCook: Display: Max memory allowance for cook 16384mb min free memory 0mb
[2018.12.03-04.43.50:457][  0]LogCook: Display: Mobile HDR setting 1
[2018.12.03-04.43.50:457][  0]LogGameplayTags: Display: UGameplayTagsManager::DoneAddingNativeTags. DelegateIsBound: 0
[2018.12.03-04.43.50:457][  0]LogStats: UGameplayTagsManager::ConstructGameplayTagTree: ImportINI prefixes -  0.000 s
[2018.12.03-04.43.50:457][  0]LogStats: UGameplayTagsManager::ConstructGameplayTagTree: Construct from data asset -  0.000 s
[2018.12.03-04.43.50:457][  0]LogStats: UGameplayTagsManager::ConstructGameplayTagTree: ImportINI -  0.000 s
[2018.12.03-04.43.50:457][  0]LogStats: UGameplayTagsManager::ConstructGameplayTagTree: GameplayTagTreeChangedEvent.Broadcast -  0.000 s
[2018.12.03-04.43.50:543][  0]LogFileCache: Scanning file cache for directory 'C:/Users/max-c/Documents/GitHub/Violence_Project/Violence_Project/Content/' took 0.02s
[2018.12.03-04.43.50:543][  0]SourceControl: Source control is disabled
[2018.12.03-04.43.50:654][  0]LogWindowsTextInputMethodSystem: Display: IME system now deactivated.
[2018.12.03-04.43.50:655][  0]LogSlate: Took 0.000133 seconds to synchronously load lazily loaded font '../../../Engine/Content/Slate/Fonts/Roboto-Regular.ttf' (155K)
[2018.12.03-04.43.53:866][  0]LogSlate: Window 'Restore Packages' being destroyed
[2018.12.03-04.43.53:866][  0]LogWindowsTextInputMethodSystem: Display: IME system now deactivated.
[2018.12.03-04.43.53:869][  0]LogWindowsTextInputMethodSystem: Display: IME system now deactivated.
[2018.12.03-04.43.56:089][  0]LogSlate: Window 'Unable to Check Out From Source Control!' being destroyed
[2018.12.03-04.43.56:089][  0]LogWindowsTextInputMethodSystem: Display: IME system now deactivated.
[2018.12.03-04.43.56:092][  0]LogWindowsTextInputMethodSystem: Display: IME system now deactivated.
[2018.12.03-04.43.56:106][  0]Cmd: MAP LOAD FILE="../../../../../../Users/max-c/Documents/GitHub/Violence_Project/Violence_Project/Content/ThirdPersonBP/Maps/ThirdPersonExampleMap.umap" TEMPLATE=0 SHOWPROGRESS=1 FEATURELEVEL=3
[2018.12.03-04.43.56:107][  0]LightingResults: New page: Lighting Build
[2018.12.03-04.43.56:110][  0]MapCheck: New page: Map Check
[2018.12.03-04.43.56:110][  0]LightingResults: New page: Lighting Build
[2018.12.03-04.43.56:483][  0]LogAIModule: Creating AISystem for world ThirdPersonExampleMap
[2018.12.03-04.43.56:490][  0]LogEditorServer: Finished looking for orphan Actors (0.000 secs)
[2018.12.03-04.43.56:514][  0]Cmd: MAP CHECKDEP NOCLEARLOG
[2018.12.03-04.43.56:576][  0]MapCheck: Map check complete: 0 Error(s), 0 Warning(s), took 61.994ms to complete.
[2018.12.03-04.43.56:576][  0]LogFileHelpers: Loading map 'ThirdPersonExampleMap' took 0.469
[2018.12.03-04.43.57:329][  0]LogSlate: Only BGRA pngs, bmps or icos are supported in by External Image Picker
[2018.12.03-04.43.57:363][  0]LogTemp: Executing iPhonePackager certificates Engine -bundlename com.YourCompany.ViolenceProject
[2018.12.03-04.43.57:363][  0]LogTemp: CWD: C:\Program Files\Epic Games\UE_4.20\Engine\Binaries\DotNET\IOS
[2018.12.03-04.43.57:363][  0]LogTemp: Initial Dir: C:\Program Files\Epic Games\UE_4.20
[2018.12.03-04.43.57:363][  0]LogTemp: Env CWD: C:\Program Files\Epic Games\UE_4.20\Engine\Binaries\DotNET\IOS
[2018.12.03-04.43.57:363][  0]LogTemp: BranchPath = WINDOWS-SA1OMO4/C/Program Files/Epic Games/UE_4.20/Engine/Binaries --- GameBranchPath = WINDOWS-SA1OMO4/C/Program Files/Epic Games/UE_4.20/Engine/Binaries
[2018.12.03-04.43.57:363][  0]LogSlate: Updating window title bar state: overlay mode, drag disabled, window buttons hidden, title bar hidden
[2018.12.03-04.43.57:368][  0]LogSlate: Updating window title bar state: overlay mode, drag disabled, window buttons hidden, title bar hidden
[2018.12.03-04.43.57:375][  0]LogTemp: IPP ERROR: Could not find provision directory 'C:\Users\max-c\AppData\Local/Apple Computer/MobileDevice/Provisioning Profiles/'.
[2018.12.03-04.43.57:375][  0]LogSlate: Updating window title bar state: overlay mode, drag disabled, window buttons hidden, title bar hidden
[2018.12.03-04.43.57:382][  0]LogSlate: Updating window title bar state: overlay mode, drag disabled, window buttons hidden, title bar hidden
[2018.12.03-04.43.57:387][  0]LogCollectionManager: Loaded 0 collections in 0.002016 seconds
[2018.12.03-04.43.57:436][  0]LogFileCache: Scanning file cache for directory 'C:/Users/max-c/Documents/GitHub/Violence_Project/Violence_Project/Saved/Collections/' took 0.01s
[2018.12.03-04.43.57:436][  0]LogFileCache: Scanning file cache for directory 'C:/Users/max-c/Documents/GitHub/Violence_Project/Violence_Project/Content/Developers/maxc/Collections/' took 0.01s
[2018.12.03-04.43.57:436][  0]LogFileCache: Scanning file cache for directory 'C:/Users/max-c/Documents/GitHub/Violence_Project/Violence_Project/Content/Collections/' took 0.02s
[2018.12.03-04.43.57:436][  0]LogCollectionManager: Rebuilt the GUID cache for 0 collections in 0.000000 seconds
[2018.12.03-04.43.57:443][  0]LogContentBrowser: Native class hierarchy populated in 0.0074 seconds. Added 2573 classes and 606 folders.
[2018.12.03-04.43.57:449][  0]LogContentBrowser: Native class hierarchy updated for 'WidgetCarousel' in 0.0004 seconds. Added 0 classes and 0 folders.
[2018.12.03-04.43.57:486][  0]LogContentBrowser: Native class hierarchy updated for 'AddContentDialog' in 0.0004 seconds. Added 0 classes and 0 folders.
[2018.12.03-04.43.57:490][  0]LogContentBrowser: Native class hierarchy updated for 'SceneOutliner' in 0.0004 seconds. Added 1 classes and 2 folders.
[2018.12.03-04.43.57:500][  0]LogSlate: Took 0.000141 seconds to synchronously load lazily loaded font '../../../Engine/Content/Slate/Fonts/Roboto-Bold.ttf' (160K)
[2018.12.03-04.43.57:503][  0]LogSlate: Took 0.000160 seconds to synchronously load lazily loaded font '../../../Engine/Content/Editor/Slate/Fonts/FontAwesome.ttf' (139K)
[2018.12.03-04.43.57:540][  0]LogRenderer: Reallocating scene render targets to support 1616x808 Format 10 NumSamples 1 (Frame:1).
[2018.12.03-04.43.57:622][  0]LogContentBrowser: Native class hierarchy updated for 'HierarchicalLODOutliner' in 0.0004 seconds. Added 0 classes and 0 folders.
[2018.12.03-04.43.57:623][  0]LogLoad: (Engine Initialization) Total time: 13.14 seconds
[2018.12.03-04.43.57:623][  0]LogLoad: (Engine Initialization) Total Blueprint compile time: 0.00 seconds
[2018.12.03-04.43.57:655][  0]LogContentStreaming: Texture pool size now 1000 MB
[2018.12.03-04.43.57:680][  1]LogAssetRegistry: Asset discovery search completed in 9.5874 seconds
[2018.12.03-04.43.57:681][  1]LogCollectionManager: Rebuilt the object cache for 0 collections in 0.000001 seconds (found 0 objects)
[2018.12.03-04.43.57:681][  1]LogCollectionManager: Fixed up redirectors for 0 collections in 0.000043 seconds (updated 0 objects)
[2018.12.03-04.43.58:654][ 69]LogSlate: Took 0.000157 seconds to synchronously load lazily loaded font '../../../Engine/Content/Slate/Fonts/Roboto-Light.ttf' (167K)
[2018.12.03-04.44.01:013][185]LogSlate: FSceneViewport::OnFocusLost() reason 0
[2018.12.03-04.44.01:097][189]LogTemp: Repeating last play command: Selected Viewport
[2018.12.03-04.44.01:110][189]LogBlueprintUserMessages: Early PlayInEditor Detection: Level '/Game/ThirdPersonBP/Maps/ThirdPersonExampleMap.ThirdPersonExampleMap:PersistentLevel' has LevelScriptBlueprint '/Game/ThirdPersonBP/Maps/ThirdPersonExampleMap.ThirdPersonExampleMap:PersistentLevel.ThirdPersonExampleMap' with GeneratedClass '/Game/ThirdPersonBP/Maps/ThirdPersonExampleMap.ThirdPersonExampleMap_C' with ClassGeneratedBy '/Game/ThirdPersonBP/Maps/ThirdPersonExampleMap.ThirdPersonExampleMap:PersistentLevel.ThirdPersonExampleMap'
[2018.12.03-04.44.01:110][189]LogPlayLevel: PlayLevel: No blueprints needed recompiling
[2018.12.03-04.44.01:122][189]PIE: New page: PIE session: ThirdPersonExampleMap (3 Dec 2018 04:44:01)
[2018.12.03-04.44.01:122][189]LogPlayLevel: Creating play world package: /Game/ThirdPersonBP/Maps/UEDPIE_0_ThirdPersonExampleMap
[2018.12.03-04.44.01:138][189]LogPlayLevel: PIE: StaticDuplicateObject took: (0.016354s)
[2018.12.03-04.44.01:139][189]LogAIModule: Creating AISystem for world ThirdPersonExampleMap
[2018.12.03-04.44.01:139][189]LogPlayLevel: PIE: World Init took: (0.000492s)
[2018.12.03-04.44.01:139][189]LogPlayLevel: PIE: Created PIE world by copying editor world from /Game/ThirdPersonBP/Maps/ThirdPersonExampleMap.ThirdPersonExampleMap to /Game/ThirdPersonBP/Maps/UEDPIE_0_ThirdPersonExampleMap.ThirdPersonExampleMap (0.016955s)
[2018.12.03-04.44.01:172][189]LogInit: XAudio2 using 'Speakers (2- USB Audio Device)' : 2 channels at 48 kHz using 16 bits per sample (channel mask 0x3)
[2018.12.03-04.44.01:179][189]LogInit: FAudioDevice initialized.
[2018.12.03-04.44.01:225][189]LogLoad: Game class is 'ThirdPersonGameMode_C'
[2018.12.03-04.44.01:227][189]LogWorld: Bringing World /Game/ThirdPersonBP/Maps/UEDPIE_0_ThirdPersonExampleMap.ThirdPersonExampleMap up for play (max tick rate 0) at 2018.12.03-04.44.01
[2018.12.03-04.44.01:227][189]LogWorld: Bringing up level for play took: 0.001158
[2018.12.03-04.44.01:244][189]LogContentBrowser: Native class hierarchy updated for 'MovieSceneCapture' in 0.0005 seconds. Added 10 classes and 0 folders.
[2018.12.03-04.44.01:245][189]PIE: Play in editor start time for /Game/ThirdPersonBP/Maps/UEDPIE_0_ThirdPersonExampleMap 0.117
[2018.12.03-04.44.01:245][189]LogBlueprintUserMessages: Late PlayInEditor Detection: Level '/Game/ThirdPersonBP/Maps/ThirdPersonExampleMap.ThirdPersonExampleMap:PersistentLevel' has LevelScriptBlueprint '/Game/ThirdPersonBP/Maps/ThirdPersonExampleMap.ThirdPersonExampleMap:PersistentLevel.ThirdPersonExampleMap' with GeneratedClass '/Game/ThirdPersonBP/Maps/ThirdPersonExampleMap.ThirdPersonExampleMap_C' with ClassGeneratedBy '/Game/ThirdPersonBP/Maps/ThirdPersonExampleMap.ThirdPersonExampleMap:PersistentLevel.ThirdPersonExampleMap'
[2018.12.03-04.44.02:725][226]LogWindows: Error: === Critical error: ===
[2018.12.03-04.44.02:725][226]LogWindows: Error: 
[2018.12.03-04.44.02:725][226]LogWindows: Error: Fatal error!
[2018.12.03-04.44.02:725][226]LogWindows: Error: 
[2018.12.03-04.44.02:725][226]LogWindows: Error: Unhandled Exception: EXCEPTION_ACCESS_VIOLATION reading address 0x00000028
[2018.12.03-04.44.02:725][226]LogWindows: Error: 
[2018.12.03-04.44.02:725][226]LogWindows: Error: [Callstack] 0x00007ffca408eb71 UE4Editor-Engine.dll!UnknownFunction []
[2018.12.03-04.44.02:725][226]LogWindows: Error: [Callstack] 0x00007ffca407f8fa UE4Editor-Engine.dll!UnknownFunction []
[2018.12.03-04.44.02:725][226]LogWindows: Error: [Callstack] 0x00007ffc76cb2603 UE4Editor-Violence_Project-6921.dll!APlayerCharacter::Shoot() [c:\users\max-c\documents\github\violence_project\violence_project\source\violence_project\public\playercharacter.cpp:43]
[2018.12.03-04.44.02:725][226]LogWindows: Error: [Callstack] 0x00007ffca4fa2469 UE4Editor-Engine.dll!UnknownFunction []
[2018.12.03-04.44.02:725][226]LogWindows: Error: [Callstack] 0x00007ffca4fd3f52 UE4Editor-Engine.dll!UnknownFunction []
[2018.12.03-04.44.02:725][226]LogWindows: Error: [Callstack] 0x00007ffca4aa017c UE4Editor-Engine.dll!UnknownFunction []
[2018.12.03-04.44.02:725][226]LogWindows: Error: [Callstack] 0x00007ffca4ab4608 UE4Editor-Engine.dll!UnknownFunction []
[2018.12.03-04.44.02:725][226]LogWindows: Error: [Callstack] 0x00007ffca4a9dbcb UE4Editor-Engine.dll!UnknownFunction []
[2018.12.03-04.44.02:725][226]LogWindows: Error: [Callstack] 0x00007ffca4ab34c3 UE4Editor-Engine.dll!UnknownFunction []
[2018.12.03-04.44.02:725][226]LogWindows: Error: [Callstack] 0x00007ffca3cd5630 UE4Editor-Engine.dll!UnknownFunction []
[2018.12.03-04.44.02:725][226]LogWindows: Error: [Callstack] 0x00007ffca4ed16bd UE4Editor-Engine.dll!UnknownFunction []
[2018.12.03-04.44.02:725][226]LogWindows: Error: [Callstack] 0x00007ffca6e81f92 UE4Editor-Core.dll!UnknownFunction []
[2018.12.03-04.44.02:725][226]LogWindows: Error: [Callstack] 0x00007ffca6e82456 UE4Editor-Core.dll!UnknownFunction []
[2018.12.03-04.44.02:725][226]LogWindows: Error: [Callstack] 0x00007ffca6e96d25 UE4Editor-Core.dll!UnknownFunction []
[2018.12.03-04.44.02:725][226]LogWindows: Error: [Callstack] 0x00007ffca4f25b04 UE4Editor-Engine.dll!UnknownFunction []
[2018.12.03-04.44.02:726][226]LogWindows: Error: [Callstack] 0x00007ffca4f34d92 UE4Editor-Engine.dll!UnknownFunction []
[2018.12.03-04.44.02:726][226]LogWindows: Error: [Callstack] 0x00007ffca46387e4 UE4Editor-Engine.dll!UnknownFunction []
[2018.12.03-04.44.02:726][226]LogWindows: Error: [Callstack] 0x00007ffca4644003 UE4Editor-Engine.dll!UnknownFunction []
[2018.12.03-04.44.02:726][226]LogWindows: Error: [Callstack] 0x00007ffca1f97335 UE4Editor-UnrealEd.dll!UnknownFunction []
[2018.12.03-04.44.02:726][226]LogWindows: Error: [Callstack] 0x00007ffca288f666 UE4Editor-UnrealEd.dll!UnknownFunction []
[2018.12.03-04.44.02:726][226]LogWindows: Error: [Callstack] 0x00007ff717815cbd UE4Editor.exe!UnknownFunction []
[2018.12.03-04.44.02:726][226]LogWindows: Error: [Callstack] 0x00007ff717825b3c UE4Editor.exe!UnknownFunction []
[2018.12.03-04.44.02:726][226]LogWindows: Error: [Callstack] 0x00007ff717825bba UE4Editor.exe!UnknownFunction []
[2018.12.03-04.44.02:726][226]LogWindows: Error: [Callstack] 0x00007ff717833dac UE4Editor.exe!UnknownFunction []
[2018.12.03-04.44.02:726][226]LogWindows: Error: [Callstack] 0x00007ff717835aaa UE4Editor.exe!UnknownFunction []
[2018.12.03-04.44.02:726][226]LogWindows: Error: [Callstack] 0x00007ffce5713034 KERNEL32.DLL!UnknownFunction []
[2018.12.03-04.44.02:726][226]LogWindows: Error: [Callstack] 0x00007ffce81d1471 ntdll.dll!UnknownFunction []
[2018.12.03-04.44.02:726][226]LogWindows: Error: 
[2018.12.03-04.44.02:743][226]LogExit: Executing StaticShutdownAfterError
[2018.12.03-04.44.02:745][226]LogWindows: FPlatformMisc::RequestExit(1)
[2018.12.03-04.44.02:748][226]Log file closed, 12/03/18 04:44:02
